<?xml version="1.0" encoding="utf-8" standalone="no"?>
<test-run id="2" testcasecount="105" result="Failed" total="105" passed="46" failed="59" inconclusive="0" skipped="0" asserts="381" engine-version="3.6.1.0" clr-version="4.0.30319.42000" start-time="2017-06-08 22:18:31Z" end-time="2017-06-08 22:19:29Z" duration="57.721351">
  <command-line><![CDATA[c:\tools\nunit-console\nunit3-console.exe  "C:\Projetos\Acesso\Core\PRODUTOS.Acesso.Lineu2\AcessoCadun\Acesso.ServiceLayer.IS2B.IntegrationTests\bin\Debug\Acesso.ServiceLayer.IS2B.IntegrationTests.dll"]]></command-line>
  <test-suite type="Assembly" id="0-1111" name="Acesso.ServiceLayer.IS2B.IntegrationTests.dll" fullname="C:\Projetos\Acesso\Core\PRODUTOS.Acesso.Lineu2\AcessoCadun\Acesso.ServiceLayer.IS2B.IntegrationTests\bin\Debug\Acesso.ServiceLayer.IS2B.IntegrationTests.dll" runstate="Runnable" testcasecount="105" result="Failed" site="Child" start-time="2017-06-08 22:18:32Z" end-time="2017-06-08 22:19:29Z" duration="56.858256" total="105" passed="46" failed="59" warnings="0" inconclusive="0" skipped="0" asserts="381">
    <environment framework-version="3.7.0.0" clr-version="4.0.30319.42000" os-version="Microsoft Windows NT 10.0.14393.0" platform="Win32NT" cwd="C:\Projetos\Acesso\Core\PRODUTOS.Acesso.Lineu2\AcessoCadun\packages\ReportUnit.1.5.0-beta1\tools" machine-name="ACDESENV05" user="lrsilva" user-domain="ACESSO" culture="pt-BR" uiculture="pt-BR" os-architecture="x64" />
    <settings>
      <setting name="DisposeRunners" value="True" />
      <setting name="WorkDirectory" value="C:\Projetos\Acesso\Core\PRODUTOS.Acesso.Lineu2\AcessoCadun\packages\ReportUnit.1.5.0-beta1\tools" />
      <setting name="ImageRuntimeVersion" value="4.0.30319" />
      <setting name="ImageTargetFrameworkName" value=".NETFramework,Version=v4.6.2" />
      <setting name="ImageRequiresX86" value="False" />
      <setting name="ImageRequiresDefaultAppDomainAssemblyResolver" value="False" />
      <setting name="NumberOfTestWorkers" value="8" />
    </settings>
    <properties>
      <property name="_PID" value="28024" />
      <property name="_APPDOMAIN" value="domain-" />
    </properties>
    <failure>
      <message><![CDATA[One or more child tests had errors]]></message>
    </failure>
    <test-suite type="TestSuite" id="0-1112" name="Acesso" fullname="Acesso" runstate="Runnable" testcasecount="105" result="Failed" site="Child" start-time="2017-06-08 22:18:32Z" end-time="2017-06-08 22:19:29Z" duration="56.836270" total="105" passed="46" failed="59" warnings="0" inconclusive="0" skipped="0" asserts="381">
      <failure>
        <message><![CDATA[One or more child tests had errors]]></message>
      </failure>
      <test-suite type="TestSuite" id="0-1113" name="ServiceLayer" fullname="Acesso.ServiceLayer" runstate="Runnable" testcasecount="105" result="Failed" site="Child" start-time="2017-06-08 22:18:32Z" end-time="2017-06-08 22:19:29Z" duration="56.831765" total="105" passed="46" failed="59" warnings="0" inconclusive="0" skipped="0" asserts="381">
        <failure>
          <message><![CDATA[One or more child tests had errors]]></message>
        </failure>
        <test-suite type="TestSuite" id="0-1114" name="IS2B" fullname="Acesso.ServiceLayer.IS2B" runstate="Runnable" testcasecount="105" result="Failed" site="Child" start-time="2017-06-08 22:18:32Z" end-time="2017-06-08 22:19:29Z" duration="56.827739" total="105" passed="46" failed="59" warnings="0" inconclusive="0" skipped="0" asserts="381">
          <failure>
            <message><![CDATA[One or more child tests had errors]]></message>
          </failure>
          <test-suite type="TestSuite" id="0-1115" name="IntegrationTests" fullname="Acesso.ServiceLayer.IS2B.IntegrationTests" runstate="Runnable" testcasecount="105" result="Failed" site="Child" start-time="2017-06-08 22:18:32Z" end-time="2017-06-08 22:19:29Z" duration="56.824748" total="105" passed="46" failed="59" warnings="0" inconclusive="0" skipped="0" asserts="381">
            <failure>
              <message><![CDATA[One or more child tests had errors]]></message>
            </failure>
            <test-suite type="TestSuite" id="0-1116" name="Fixtures" fullname="Acesso.ServiceLayer.IS2B.IntegrationTests.Fixtures" runstate="Runnable" testcasecount="105" result="Failed" site="Child" start-time="2017-06-08 22:18:32Z" end-time="2017-06-08 22:19:29Z" duration="56.820779" total="105" passed="46" failed="59" warnings="0" inconclusive="0" skipped="0" asserts="381">
              <failure>
                <message><![CDATA[One or more child tests had errors]]></message>
              </failure>
              <test-suite type="TestFixture" id="0-1000" name="FichaDeCompensacaoTestFixture" fullname="Acesso.ServiceLayer.IS2B.IntegrationTests.Fixtures.FichaDeCompensacaoTestFixture" classname="Acesso.ServiceLayer.IS2B.IntegrationTests.Fixtures.FichaDeCompensacaoTestFixture" runstate="Runnable" testcasecount="105" result="Failed" site="Child" start-time="2017-06-08 22:18:32Z" end-time="2017-06-08 22:19:29Z" duration="56.817222" total="105" passed="46" failed="59" warnings="0" inconclusive="0" skipped="0" asserts="381">
                <failure>
                  <message><![CDATA[One or more child tests had errors]]></message>
                </failure>
                <test-suite type="ParameterizedMethod" id="0-1044" name="Acatar_Pagamento_Com_Desconto_E_Com_ValorBruto" fullname="Acesso.ServiceLayer.IS2B.IntegrationTests.Fixtures.FichaDeCompensacaoTestFixture.Acatar_Pagamento_Com_Desconto_E_Com_ValorBruto" classname="Acesso.ServiceLayer.IS2B.IntegrationTests.Fixtures.FichaDeCompensacaoTestFixture" runstate="Runnable" testcasecount="21" result="Failed" site="Child" start-time="2017-06-08 22:18:32Z" end-time="2017-06-08 22:18:48Z" duration="16.010642" total="21" passed="2" failed="19" warnings="0" inconclusive="0" skipped="0" asserts="47">
                  <properties>
                    <property name="Category" value="ComDesconto" />
                  </properties>
                  <failure>
                    <message><![CDATA[One or more child tests had errors]]></message>
                  </failure>
                  <test-case id="0-1023" name="Acatar_Pagamento_Com_Desconto_E_Com_ValorBruto(&quot;10492.99116 52000.100041 00030.197800 3 71820000023575&quot;,&quot;10493718200000235752991152000100040003019780&quot;,&quot;Ficha Compensacao&quot;,&quot;Caixa Econ Federal&quot;,&quot;235,75&quot;,&quot;06/06/2017 00:00&quot;)" fullname="Acesso.ServiceLayer.IS2B.IntegrationTests.Fixtures.FichaDeCompensacaoTestFixture.Acatar_Pagamento_Com_Desconto_E_Com_ValorBruto(&quot;10492.99116 52000.100041 00030.197800 3 71820000023575&quot;,&quot;10493718200000235752991152000100040003019780&quot;,&quot;Ficha Compensacao&quot;,&quot;Caixa Econ Federal&quot;,&quot;235,75&quot;,&quot;06/06/2017 00:00&quot;)" methodname="Acatar_Pagamento_Com_Desconto_E_Com_ValorBruto" classname="Acesso.ServiceLayer.IS2B.IntegrationTests.Fixtures.FichaDeCompensacaoTestFixture" runstate="Runnable" seed="85577161" result="Failed" start-time="2017-06-08 22:18:32Z" end-time="2017-06-08 22:18:34Z" duration="2.004145" asserts="1">
                    <failure>
                      <message><![CDATA[Valores divergentes: Valor ou desconto/acrescimo inconsistente]]></message>
                      <stack-trace><![CDATA[em Acesso.ServiceLayer.IS2B.IntegrationTests.Fixtures.FichaDeCompensacaoTestFixture.Acatar_Pagamento_Com_Desconto_E_Com_ValorBruto(String linhaDigitavel, String codigoDeBarras, String tipoDoServico, String cedente, String valor, String dataVencimento) na C:\Projetos\Acesso\Core\PRODUTOS.Acesso.Lineu2\AcessoCadun\Acesso.ServiceLayer.IS2B.IntegrationTests\Fixtures\FichaDeCompensacaoTestFixture.cs:linha 145
]]></stack-trace>
                    </failure>
                    <output><![CDATA[<Conta>
  <CpfCnpj>11161058702</CpfCnpj>
  <EnderecoIP>127.0.0.1</EnderecoIP>
  <NSU>0</NSU>
  <NSUExterno>1961337608</NSUExterno>
  <PontoAtendimento>
    <Login>teste</Login>
    <PosId>0</PosId>
    <Senha>teste</Senha>
  </PontoAtendimento>
  <SiteIntegracaoId>0</SiteIntegracaoId>
  <TerminalExterno>123</TerminalExterno>
  <TipoTransacao>RECEBERCONTA</TipoTransacao>
  <Token>0</Token>
  <Versao>2.0</Versao>
  <DadosPagamento p2:type="PagamentoDinheiro" xmlns:p2="http://www.w3.org/2001/XMLSchema-instance">
    <FormaPagamento>DINHEIRO</FormaPagamento>
    <QtdParcelas>0</QtdParcelas>
    <pontos>0</pontos>
    <valor>235.75</valor>
    <valorBruto>321.26</valorBruto>
    <valorDesconto>85.51</valorDesconto>
  </DadosPagamento>
  <Cedente>Caixa Econ Federal</Cedente>
  <CodBarras>
    <TipoServico>FichaCompensacao</TipoServico>
    <codBarras>10493718200000235752991152000100040003019780</codBarras>
    <linhaDigitavel>10492991165200010004100030197800371820000023575</linhaDigitavel>
  </CodBarras>
  <DataVencimento>2017-06-06T00:00:00</DataVencimento>
</Conta>
------------------------------------------------------
CodigoErro: 999
MensagemErro: Valores divergentes: Valor ou desconto/acrescimo inconsistente
StatusTransacao: ERRODESCONHECIDO
------------------------------------------------------
<Resposta>
  <ExtensionData />
  <CodigoErro>999</CodigoErro>
  <MensagemErro>Valores divergentes: Valor ou desconto/acrescimo inconsistente</MensagemErro>
  <StatusTransacao>ERRODESCONHECIDO</StatusTransacao>
</Resposta>
]]></output>
                    <assertions>
                      <assertion result="Failed">
                        <message><![CDATA[Valores divergentes: Valor ou desconto/acrescimo inconsistente]]></message>
                        <stack-trace><![CDATA[em Acesso.ServiceLayer.IS2B.IntegrationTests.Fixtures.FichaDeCompensacaoTestFixture.Acatar_Pagamento_Com_Desconto_E_Com_ValorBruto(String linhaDigitavel, String codigoDeBarras, String tipoDoServico, String cedente, String valor, String dataVencimento) na C:\Projetos\Acesso\Core\PRODUTOS.Acesso.Lineu2\AcessoCadun\Acesso.ServiceLayer.IS2B.IntegrationTests\Fixtures\FichaDeCompensacaoTestFixture.cs:linha 145
]]></stack-trace>
                      </assertion>
                    </assertions>
                  </test-case>
                  <test-case id="0-1024" name="Acatar_Pagamento_Com_Desconto_E_Com_ValorBruto(&quot;75691.45936 01000.315802 07875.370012 1 71860000006990&quot;,&quot;75691718600000069901459301000315800787537001&quot;,&quot;Ficha Compensacao&quot;,&quot;BANCO COOPERATIVO&quot;,&quot;69,90&quot;,&quot;10/06/2017 00:00&quot;)" fullname="Acesso.ServiceLayer.IS2B.IntegrationTests.Fixtures.FichaDeCompensacaoTestFixture.Acatar_Pagamento_Com_Desconto_E_Com_ValorBruto(&quot;75691.45936 01000.315802 07875.370012 1 71860000006990&quot;,&quot;75691718600000069901459301000315800787537001&quot;,&quot;Ficha Compensacao&quot;,&quot;BANCO COOPERATIVO&quot;,&quot;69,90&quot;,&quot;10/06/2017 00:00&quot;)" methodname="Acatar_Pagamento_Com_Desconto_E_Com_ValorBruto" classname="Acesso.ServiceLayer.IS2B.IntegrationTests.Fixtures.FichaDeCompensacaoTestFixture" runstate="Runnable" seed="561558204" result="Failed" start-time="2017-06-08 22:18:34Z" end-time="2017-06-08 22:18:34Z" duration="0.315125" asserts="1">
                    <failure>
                      <message><![CDATA[Valores divergentes: Valor ou desconto/acrescimo inconsistente]]></message>
                      <stack-trace><![CDATA[em Acesso.ServiceLayer.IS2B.IntegrationTests.Fixtures.FichaDeCompensacaoTestFixture.Acatar_Pagamento_Com_Desconto_E_Com_ValorBruto(String linhaDigitavel, String codigoDeBarras, String tipoDoServico, String cedente, String valor, String dataVencimento) na C:\Projetos\Acesso\Core\PRODUTOS.Acesso.Lineu2\AcessoCadun\Acesso.ServiceLayer.IS2B.IntegrationTests\Fixtures\FichaDeCompensacaoTestFixture.cs:linha 145
]]></stack-trace>
                    </failure>
                    <output><![CDATA[<Conta>
  <CpfCnpj>11161058702</CpfCnpj>
  <EnderecoIP>127.0.0.1</EnderecoIP>
  <NSU>0</NSU>
  <NSUExterno>1415519802</NSUExterno>
  <PontoAtendimento>
    <Login>teste</Login>
    <PosId>0</PosId>
    <Senha>teste</Senha>
  </PontoAtendimento>
  <SiteIntegracaoId>0</SiteIntegracaoId>
  <TerminalExterno>123</TerminalExterno>
  <TipoTransacao>RECEBERCONTA</TipoTransacao>
  <Token>0</Token>
  <Versao>2.0</Versao>
  <DadosPagamento p2:type="PagamentoDinheiro" xmlns:p2="http://www.w3.org/2001/XMLSchema-instance">
    <FormaPagamento>DINHEIRO</FormaPagamento>
    <QtdParcelas>0</QtdParcelas>
    <pontos>0</pontos>
    <valor>69.9</valor>
    <valorBruto>155.41</valorBruto>
    <valorDesconto>85.51</valorDesconto>
  </DadosPagamento>
  <Cedente>BANCO COOPERATIVO</Cedente>
  <CodBarras>
    <TipoServico>FichaCompensacao</TipoServico>
    <codBarras>75691718600000069901459301000315800787537001</codBarras>
    <linhaDigitavel>75691459360100031580207875370012171860000006990</linhaDigitavel>
  </CodBarras>
  <DataVencimento>2017-06-10T00:00:00</DataVencimento>
</Conta>
------------------------------------------------------
CodigoErro: 999
MensagemErro: Valores divergentes: Valor ou desconto/acrescimo inconsistente
StatusTransacao: ERRODESCONHECIDO
------------------------------------------------------
<Resposta>
  <ExtensionData />
  <CodigoErro>999</CodigoErro>
  <MensagemErro>Valores divergentes: Valor ou desconto/acrescimo inconsistente</MensagemErro>
  <StatusTransacao>ERRODESCONHECIDO</StatusTransacao>
</Resposta>
]]></output>
                    <assertions>
                      <assertion result="Failed">
                        <message><![CDATA[Valores divergentes: Valor ou desconto/acrescimo inconsistente]]></message>
                        <stack-trace><![CDATA[em Acesso.ServiceLayer.IS2B.IntegrationTests.Fixtures.FichaDeCompensacaoTestFixture.Acatar_Pagamento_Com_Desconto_E_Com_ValorBruto(String linhaDigitavel, String codigoDeBarras, String tipoDoServico, String cedente, String valor, String dataVencimento) na C:\Projetos\Acesso\Core\PRODUTOS.Acesso.Lineu2\AcessoCadun\Acesso.ServiceLayer.IS2B.IntegrationTests\Fixtures\FichaDeCompensacaoTestFixture.cs:linha 145
]]></stack-trace>
                      </assertion>
                    </assertions>
                  </test-case>
                  <test-case id="0-1025" name="Acatar_Pagamento_Com_Desconto_E_Com_ValorBruto(&quot;03399.49281 36981.713708 20376.701023 1 00000000000000&quot;,&quot;03391000000000000009492836981713702037670102&quot;,&quot;Ficha Compensacao&quot;,&quot;BANCO DO ESTADO DE&quot;,&quot;346,53&quot;,&quot;28/06/2017 00:00&quot;)" fullname="Acesso.ServiceLayer.IS2B.IntegrationTests.Fixtures.FichaDeCompensacaoTestFixture.Acatar_Pagamento_Com_Desconto_E_Com_ValorBruto(&quot;03399.49281 36981.713708 20376.701023 1 00000000000000&quot;,&quot;03391000000000000009492836981713702037670102&quot;,&quot;Ficha Compensacao&quot;,&quot;BANCO DO ESTADO DE&quot;,&quot;346,53&quot;,&quot;28/06/2017 00:00&quot;)" methodname="Acatar_Pagamento_Com_Desconto_E_Com_ValorBruto" classname="Acesso.ServiceLayer.IS2B.IntegrationTests.Fixtures.FichaDeCompensacaoTestFixture" runstate="Runnable" seed="1253586020" result="Passed" start-time="2017-06-08 22:18:34Z" end-time="2017-06-08 22:18:38Z" duration="4.119128" asserts="8">
                    <output><![CDATA[<Conta>
  <CpfCnpj>11161058702</CpfCnpj>
  <EnderecoIP>127.0.0.1</EnderecoIP>
  <NSU>0</NSU>
  <NSUExterno>2130815677</NSUExterno>
  <PontoAtendimento>
    <Login>teste</Login>
    <PosId>0</PosId>
    <Senha>teste</Senha>
  </PontoAtendimento>
  <SiteIntegracaoId>0</SiteIntegracaoId>
  <TerminalExterno>123</TerminalExterno>
  <TipoTransacao>RECEBERCONTA</TipoTransacao>
  <Token>0</Token>
  <Versao>2.0</Versao>
  <DadosPagamento p2:type="PagamentoDinheiro" xmlns:p2="http://www.w3.org/2001/XMLSchema-instance">
    <FormaPagamento>DINHEIRO</FormaPagamento>
    <QtdParcelas>0</QtdParcelas>
    <pontos>0</pontos>
    <valor>346.53</valor>
    <valorBruto>432.04</valorBruto>
    <valorDesconto>85.51</valorDesconto>
  </DadosPagamento>
  <Cedente>BANCO DO ESTADO DE</Cedente>
  <CodBarras>
    <TipoServico>FichaCompensacao</TipoServico>
    <codBarras>03391000000000000009492836981713702037670102</codBarras>
    <linhaDigitavel>03399492813698171370820376701023100000000000000</linhaDigitavel>
  </CodBarras>
  <DataVencimento>2017-06-28T00:00:00</DataVencimento>
</Conta>
<RespostaConta>
  <ExtensionData />
  <CodigoErro>000</CodigoErro>
  <StatusTransacao>SUCESSO</StatusTransacao>
  <Autenticacao>5956</Autenticacao>
  <Comprovante>
    <ExtensionData />
    <CamposComprovante />
    <ComprovanteFormatado>          PROTOCOLO 0002078116

1          08/06/2017        19:18
TERM 228005 AGENTE 228005 AUTE 05956
----------------------------------------
AUTO 023388           RECEBIMENTO CONTA
                    
          BANCO SANTANDER S.A
                    
              VALOR 346,53

        03399.49281  36981.713708      
       20376.701023  1 00000000000000


    VALIDO COMO RECIBO DE PAGAMENTO
----------------------------------------

</ComprovanteFormatado>
  </Comprovante>
  <DataLiquidacao>2017-05-09T00:00:00</DataLiquidacao>
  <DataOperacao>2017-06-08T19:18:31</DataOperacao>
  <ProtocoloId>2078116</ProtocoloId>
  <indVencido>false</indVencido>
</RespostaConta>
]]></output>
                  </test-case>
                  <test-case id="0-1026" name="Acatar_Pagamento_Com_Desconto_E_Com_ValorBruto(&quot;00190.00009 02978.334007 00000.038174 4 71810000004997&quot;,&quot;00194718100000049970000002978334000000003817&quot;,&quot;Ficha Compensacao&quot;,&quot;BANCO DO BRASIL S.&quot;,&quot;49,97   &quot;,&quot;05/06/2017 00:00&quot;)" fullname="Acesso.ServiceLayer.IS2B.IntegrationTests.Fixtures.FichaDeCompensacaoTestFixture.Acatar_Pagamento_Com_Desconto_E_Com_ValorBruto(&quot;00190.00009 02978.334007 00000.038174 4 71810000004997&quot;,&quot;00194718100000049970000002978334000000003817&quot;,&quot;Ficha Compensacao&quot;,&quot;BANCO DO BRASIL S.&quot;,&quot;49,97   &quot;,&quot;05/06/2017 00:00&quot;)" methodname="Acatar_Pagamento_Com_Desconto_E_Com_ValorBruto" classname="Acesso.ServiceLayer.IS2B.IntegrationTests.Fixtures.FichaDeCompensacaoTestFixture" runstate="Runnable" seed="507504743" result="Failed" start-time="2017-06-08 22:18:38Z" end-time="2017-06-08 22:18:39Z" duration="0.299164" asserts="1">
                    <failure>
                      <message><![CDATA[Valores divergentes: Valor ou desconto/acrescimo inconsistente]]></message>
                      <stack-trace><![CDATA[em Acesso.ServiceLayer.IS2B.IntegrationTests.Fixtures.FichaDeCompensacaoTestFixture.Acatar_Pagamento_Com_Desconto_E_Com_ValorBruto(String linhaDigitavel, String codigoDeBarras, String tipoDoServico, String cedente, String valor, String dataVencimento) na C:\Projetos\Acesso\Core\PRODUTOS.Acesso.Lineu2\AcessoCadun\Acesso.ServiceLayer.IS2B.IntegrationTests\Fixtures\FichaDeCompensacaoTestFixture.cs:linha 145
]]></stack-trace>
                    </failure>
                    <output><![CDATA[<Conta>
  <CpfCnpj>11161058702</CpfCnpj>
  <EnderecoIP>127.0.0.1</EnderecoIP>
  <NSU>0</NSU>
  <NSUExterno>1689923665</NSUExterno>
  <PontoAtendimento>
    <Login>teste</Login>
    <PosId>0</PosId>
    <Senha>teste</Senha>
  </PontoAtendimento>
  <SiteIntegracaoId>0</SiteIntegracaoId>
  <TerminalExterno>123</TerminalExterno>
  <TipoTransacao>RECEBERCONTA</TipoTransacao>
  <Token>0</Token>
  <Versao>2.0</Versao>
  <DadosPagamento p2:type="PagamentoDinheiro" xmlns:p2="http://www.w3.org/2001/XMLSchema-instance">
    <FormaPagamento>DINHEIRO</FormaPagamento>
    <QtdParcelas>0</QtdParcelas>
    <pontos>0</pontos>
    <valor>49.97</valor>
    <valorBruto>135.48</valorBruto>
    <valorDesconto>85.51</valorDesconto>
  </DadosPagamento>
  <Cedente>BANCO DO BRASIL S.</Cedente>
  <CodBarras>
    <TipoServico>FichaCompensacao</TipoServico>
    <codBarras>00194718100000049970000002978334000000003817</codBarras>
    <linhaDigitavel>00190000090297833400700000038174471810000004997</linhaDigitavel>
  </CodBarras>
  <DataVencimento>2017-06-05T00:00:00</DataVencimento>
</Conta>
------------------------------------------------------
CodigoErro: 999
MensagemErro: Valores divergentes: Valor ou desconto/acrescimo inconsistente
StatusTransacao: ERRODESCONHECIDO
------------------------------------------------------
<Resposta>
  <ExtensionData />
  <CodigoErro>999</CodigoErro>
  <MensagemErro>Valores divergentes: Valor ou desconto/acrescimo inconsistente</MensagemErro>
  <StatusTransacao>ERRODESCONHECIDO</StatusTransacao>
</Resposta>
]]></output>
                    <assertions>
                      <assertion result="Failed">
                        <message><![CDATA[Valores divergentes: Valor ou desconto/acrescimo inconsistente]]></message>
                        <stack-trace><![CDATA[em Acesso.ServiceLayer.IS2B.IntegrationTests.Fixtures.FichaDeCompensacaoTestFixture.Acatar_Pagamento_Com_Desconto_E_Com_ValorBruto(String linhaDigitavel, String codigoDeBarras, String tipoDoServico, String cedente, String valor, String dataVencimento) na C:\Projetos\Acesso\Core\PRODUTOS.Acesso.Lineu2\AcessoCadun\Acesso.ServiceLayer.IS2B.IntegrationTests\Fixtures\FichaDeCompensacaoTestFixture.cs:linha 145
]]></stack-trace>
                      </assertion>
                    </assertions>
                  </test-case>
                  <test-case id="0-1027" name="Acatar_Pagamento_Com_Desconto_E_Com_ValorBruto(&quot;00491.89202 16249.870060 00000.000117 5 71840000040500&quot;,&quot;00495718400000405001892016249870060000000011&quot;,&quot;Ficha Compensacao&quot;,&quot;BANCO DO NORDESTE &quot;,&quot;405,00  &quot;,&quot;08/06/2017 00:00&quot;)" fullname="Acesso.ServiceLayer.IS2B.IntegrationTests.Fixtures.FichaDeCompensacaoTestFixture.Acatar_Pagamento_Com_Desconto_E_Com_ValorBruto(&quot;00491.89202 16249.870060 00000.000117 5 71840000040500&quot;,&quot;00495718400000405001892016249870060000000011&quot;,&quot;Ficha Compensacao&quot;,&quot;BANCO DO NORDESTE &quot;,&quot;405,00  &quot;,&quot;08/06/2017 00:00&quot;)" methodname="Acatar_Pagamento_Com_Desconto_E_Com_ValorBruto" classname="Acesso.ServiceLayer.IS2B.IntegrationTests.Fixtures.FichaDeCompensacaoTestFixture" runstate="Runnable" seed="1878467493" result="Failed" start-time="2017-06-08 22:18:39Z" end-time="2017-06-08 22:18:39Z" duration="0.305870" asserts="1">
                    <failure>
                      <message><![CDATA[Valores divergentes: Valor ou desconto/acrescimo inconsistente]]></message>
                      <stack-trace><![CDATA[em Acesso.ServiceLayer.IS2B.IntegrationTests.Fixtures.FichaDeCompensacaoTestFixture.Acatar_Pagamento_Com_Desconto_E_Com_ValorBruto(String linhaDigitavel, String codigoDeBarras, String tipoDoServico, String cedente, String valor, String dataVencimento) na C:\Projetos\Acesso\Core\PRODUTOS.Acesso.Lineu2\AcessoCadun\Acesso.ServiceLayer.IS2B.IntegrationTests\Fixtures\FichaDeCompensacaoTestFixture.cs:linha 145
]]></stack-trace>
                    </failure>
                    <output><![CDATA[<Conta>
  <CpfCnpj>11161058702</CpfCnpj>
  <EnderecoIP>127.0.0.1</EnderecoIP>
  <NSU>0</NSU>
  <NSUExterno>1287008247</NSUExterno>
  <PontoAtendimento>
    <Login>teste</Login>
    <PosId>0</PosId>
    <Senha>teste</Senha>
  </PontoAtendimento>
  <SiteIntegracaoId>0</SiteIntegracaoId>
  <TerminalExterno>123</TerminalExterno>
  <TipoTransacao>RECEBERCONTA</TipoTransacao>
  <Token>0</Token>
  <Versao>2.0</Versao>
  <DadosPagamento p2:type="PagamentoDinheiro" xmlns:p2="http://www.w3.org/2001/XMLSchema-instance">
    <FormaPagamento>DINHEIRO</FormaPagamento>
    <QtdParcelas>0</QtdParcelas>
    <pontos>0</pontos>
    <valor>405</valor>
    <valorBruto>490.51</valorBruto>
    <valorDesconto>85.51</valorDesconto>
  </DadosPagamento>
  <Cedente>BANCO DO NORDESTE </Cedente>
  <CodBarras>
    <TipoServico>FichaCompensacao</TipoServico>
    <codBarras>00495718400000405001892016249870060000000011</codBarras>
    <linhaDigitavel>00491892021624987006000000000117571840000040500</linhaDigitavel>
  </CodBarras>
  <DataVencimento>2017-06-08T00:00:00</DataVencimento>
</Conta>
------------------------------------------------------
CodigoErro: 999
MensagemErro: Valores divergentes: Valor ou desconto/acrescimo inconsistente
StatusTransacao: ERRODESCONHECIDO
------------------------------------------------------
<Resposta>
  <ExtensionData />
  <CodigoErro>999</CodigoErro>
  <MensagemErro>Valores divergentes: Valor ou desconto/acrescimo inconsistente</MensagemErro>
  <StatusTransacao>ERRODESCONHECIDO</StatusTransacao>
</Resposta>
]]></output>
                    <assertions>
                      <assertion result="Failed">
                        <message><![CDATA[Valores divergentes: Valor ou desconto/acrescimo inconsistente]]></message>
                        <stack-trace><![CDATA[em Acesso.ServiceLayer.IS2B.IntegrationTests.Fixtures.FichaDeCompensacaoTestFixture.Acatar_Pagamento_Com_Desconto_E_Com_ValorBruto(String linhaDigitavel, String codigoDeBarras, String tipoDoServico, String cedente, String valor, String dataVencimento) na C:\Projetos\Acesso\Core\PRODUTOS.Acesso.Lineu2\AcessoCadun\Acesso.ServiceLayer.IS2B.IntegrationTests\Fixtures\FichaDeCompensacaoTestFixture.cs:linha 145
]]></stack-trace>
                      </assertion>
                    </assertions>
                  </test-case>
                  <test-case id="0-1028" name="Acatar_Pagamento_Com_Desconto_E_Com_ValorBruto(&quot;00190.00009 02790.799064 00008.794174 1 71910000002000&quot;,&quot;00191719100000020000000002790799060000879417&quot;,&quot;Ficha Compensacao&quot;,&quot;BANCO DO BRASIL S.&quot;,&quot;20,00   &quot;,&quot;15/06/2017 00:00&quot;)" fullname="Acesso.ServiceLayer.IS2B.IntegrationTests.Fixtures.FichaDeCompensacaoTestFixture.Acatar_Pagamento_Com_Desconto_E_Com_ValorBruto(&quot;00190.00009 02790.799064 00008.794174 1 71910000002000&quot;,&quot;00191719100000020000000002790799060000879417&quot;,&quot;Ficha Compensacao&quot;,&quot;BANCO DO BRASIL S.&quot;,&quot;20,00   &quot;,&quot;15/06/2017 00:00&quot;)" methodname="Acatar_Pagamento_Com_Desconto_E_Com_ValorBruto" classname="Acesso.ServiceLayer.IS2B.IntegrationTests.Fixtures.FichaDeCompensacaoTestFixture" runstate="Runnable" seed="1529827762" result="Failed" start-time="2017-06-08 22:18:39Z" end-time="2017-06-08 22:18:39Z" duration="0.298507" asserts="1">
                    <failure>
                      <message><![CDATA[Valores divergentes: Valor ou desconto/acrescimo inconsistente]]></message>
                      <stack-trace><![CDATA[em Acesso.ServiceLayer.IS2B.IntegrationTests.Fixtures.FichaDeCompensacaoTestFixture.Acatar_Pagamento_Com_Desconto_E_Com_ValorBruto(String linhaDigitavel, String codigoDeBarras, String tipoDoServico, String cedente, String valor, String dataVencimento) na C:\Projetos\Acesso\Core\PRODUTOS.Acesso.Lineu2\AcessoCadun\Acesso.ServiceLayer.IS2B.IntegrationTests\Fixtures\FichaDeCompensacaoTestFixture.cs:linha 145
]]></stack-trace>
                    </failure>
                    <output><![CDATA[<Conta>
  <CpfCnpj>11161058702</CpfCnpj>
  <EnderecoIP>127.0.0.1</EnderecoIP>
  <NSU>0</NSU>
  <NSUExterno>859969115</NSUExterno>
  <PontoAtendimento>
    <Login>teste</Login>
    <PosId>0</PosId>
    <Senha>teste</Senha>
  </PontoAtendimento>
  <SiteIntegracaoId>0</SiteIntegracaoId>
  <TerminalExterno>123</TerminalExterno>
  <TipoTransacao>RECEBERCONTA</TipoTransacao>
  <Token>0</Token>
  <Versao>2.0</Versao>
  <DadosPagamento p2:type="PagamentoDinheiro" xmlns:p2="http://www.w3.org/2001/XMLSchema-instance">
    <FormaPagamento>DINHEIRO</FormaPagamento>
    <QtdParcelas>0</QtdParcelas>
    <pontos>0</pontos>
    <valor>20</valor>
    <valorBruto>105.51</valorBruto>
    <valorDesconto>85.51</valorDesconto>
  </DadosPagamento>
  <Cedente>BANCO DO BRASIL S.</Cedente>
  <CodBarras>
    <TipoServico>FichaCompensacao</TipoServico>
    <codBarras>00191719100000020000000002790799060000879417</codBarras>
    <linhaDigitavel>00190000090279079906400008794174171910000002000</linhaDigitavel>
  </CodBarras>
  <DataVencimento>2017-06-15T00:00:00</DataVencimento>
</Conta>
------------------------------------------------------
CodigoErro: 999
MensagemErro: Valores divergentes: Valor ou desconto/acrescimo inconsistente
StatusTransacao: ERRODESCONHECIDO
------------------------------------------------------
<Resposta>
  <ExtensionData />
  <CodigoErro>999</CodigoErro>
  <MensagemErro>Valores divergentes: Valor ou desconto/acrescimo inconsistente</MensagemErro>
  <StatusTransacao>ERRODESCONHECIDO</StatusTransacao>
</Resposta>
]]></output>
                    <assertions>
                      <assertion result="Failed">
                        <message><![CDATA[Valores divergentes: Valor ou desconto/acrescimo inconsistente]]></message>
                        <stack-trace><![CDATA[em Acesso.ServiceLayer.IS2B.IntegrationTests.Fixtures.FichaDeCompensacaoTestFixture.Acatar_Pagamento_Com_Desconto_E_Com_ValorBruto(String linhaDigitavel, String codigoDeBarras, String tipoDoServico, String cedente, String valor, String dataVencimento) na C:\Projetos\Acesso\Core\PRODUTOS.Acesso.Lineu2\AcessoCadun\Acesso.ServiceLayer.IS2B.IntegrationTests\Fixtures\FichaDeCompensacaoTestFixture.cs:linha 145
]]></stack-trace>
                      </assertion>
                    </assertions>
                  </test-case>
                  <test-case id="0-1029" name="Acatar_Pagamento_Com_Desconto_E_Com_ValorBruto(&quot;03399.20159 51000.246440 99001.401027 5 71840000084891&quot;,&quot;03395718400000848919201551000246449900140102&quot;,&quot;Ficha Compensacao&quot;,&quot;BANCO DO ESTADO DE&quot;,&quot;848,91  &quot;,&quot;08/06/2017 00:00&quot;)" fullname="Acesso.ServiceLayer.IS2B.IntegrationTests.Fixtures.FichaDeCompensacaoTestFixture.Acatar_Pagamento_Com_Desconto_E_Com_ValorBruto(&quot;03399.20159 51000.246440 99001.401027 5 71840000084891&quot;,&quot;03395718400000848919201551000246449900140102&quot;,&quot;Ficha Compensacao&quot;,&quot;BANCO DO ESTADO DE&quot;,&quot;848,91  &quot;,&quot;08/06/2017 00:00&quot;)" methodname="Acatar_Pagamento_Com_Desconto_E_Com_ValorBruto" classname="Acesso.ServiceLayer.IS2B.IntegrationTests.Fixtures.FichaDeCompensacaoTestFixture" runstate="Runnable" seed="1238974931" result="Failed" start-time="2017-06-08 22:18:39Z" end-time="2017-06-08 22:18:40Z" duration="0.310273" asserts="3">
                    <failure>
                      <message><![CDATA[  Pagamento ja efetuado.
  Expected: SUCESSO
  But was:  ERROTRATADO
]]></message>
                      <stack-trace><![CDATA[em Acesso.ServiceLayer.IS2B.IntegrationTests.Fixtures.FichaDeCompensacaoTestFixture.Acatar_Pagamento_Com_Desconto_E_Com_ValorBruto(String linhaDigitavel, String codigoDeBarras, String tipoDoServico, String cedente, String valor, String dataVencimento) na C:\Projetos\Acesso\Core\PRODUTOS.Acesso.Lineu2\AcessoCadun\Acesso.ServiceLayer.IS2B.IntegrationTests\Fixtures\FichaDeCompensacaoTestFixture.cs:linha 120
]]></stack-trace>
                    </failure>
                    <output><![CDATA[<Conta>
  <CpfCnpj>11161058702</CpfCnpj>
  <EnderecoIP>127.0.0.1</EnderecoIP>
  <NSU>0</NSU>
  <NSUExterno>1559789047</NSUExterno>
  <PontoAtendimento>
    <Login>teste</Login>
    <PosId>0</PosId>
    <Senha>teste</Senha>
  </PontoAtendimento>
  <SiteIntegracaoId>0</SiteIntegracaoId>
  <TerminalExterno>123</TerminalExterno>
  <TipoTransacao>RECEBERCONTA</TipoTransacao>
  <Token>0</Token>
  <Versao>2.0</Versao>
  <DadosPagamento p2:type="PagamentoDinheiro" xmlns:p2="http://www.w3.org/2001/XMLSchema-instance">
    <FormaPagamento>DINHEIRO</FormaPagamento>
    <QtdParcelas>0</QtdParcelas>
    <pontos>0</pontos>
    <valor>848.91</valor>
    <valorBruto>934.42</valorBruto>
    <valorDesconto>85.51</valorDesconto>
  </DadosPagamento>
  <Cedente>BANCO DO ESTADO DE</Cedente>
  <CodBarras>
    <TipoServico>FichaCompensacao</TipoServico>
    <codBarras>03395718400000848919201551000246449900140102</codBarras>
    <linhaDigitavel>03399201595100024644099001401027571840000084891</linhaDigitavel>
  </CodBarras>
  <DataVencimento>2017-06-08T00:00:00</DataVencimento>
</Conta>
------------------------------------------------------
CodigoErro: 000
MensagemErro: Pagamento ja efetuado.
StatusTransacao: ERROTRATADO
------------------------------------------------------
<RespostaConta>
  <ExtensionData />
  <CodigoErro>000</CodigoErro>
  <MensagemErro>Pagamento ja efetuado.</MensagemErro>
  <StatusTransacao>ERROTRATADO</StatusTransacao>
  <Autenticacao>0</Autenticacao>
  <Comprovante>
    <ExtensionData />
  </Comprovante>
  <DataLiquidacao>0001-01-01T00:00:00</DataLiquidacao>
  <DataOperacao>0001-01-01T00:00:00</DataOperacao>
  <ProtocoloId>0</ProtocoloId>
  <indVencido>false</indVencido>
</RespostaConta>
]]></output>
                    <assertions>
                      <assertion result="Failed">
                        <message><![CDATA[  Pagamento ja efetuado.
  Expected: SUCESSO
  But was:  ERROTRATADO
]]></message>
                        <stack-trace><![CDATA[em Acesso.ServiceLayer.IS2B.IntegrationTests.Fixtures.FichaDeCompensacaoTestFixture.Acatar_Pagamento_Com_Desconto_E_Com_ValorBruto(String linhaDigitavel, String codigoDeBarras, String tipoDoServico, String cedente, String valor, String dataVencimento) na C:\Projetos\Acesso\Core\PRODUTOS.Acesso.Lineu2\AcessoCadun\Acesso.ServiceLayer.IS2B.IntegrationTests\Fixtures\FichaDeCompensacaoTestFixture.cs:linha 120
]]></stack-trace>
                      </assertion>
                    </assertions>
                  </test-case>
                  <test-case id="0-1030" name="Acatar_Pagamento_Com_Desconto_E_Com_ValorBruto(&quot;10492.33925 42000.200040 00099.366890 8 71960000006500&quot;,&quot;10498719600000065002339242000200040009936689&quot;,&quot;Ficha Compensacao&quot;,&quot;Caixa Econ Federal&quot;,&quot;60,00   &quot;,&quot;20/06/2017 00:00&quot;)" fullname="Acesso.ServiceLayer.IS2B.IntegrationTests.Fixtures.FichaDeCompensacaoTestFixture.Acatar_Pagamento_Com_Desconto_E_Com_ValorBruto(&quot;10492.33925 42000.200040 00099.366890 8 71960000006500&quot;,&quot;10498719600000065002339242000200040009936689&quot;,&quot;Ficha Compensacao&quot;,&quot;Caixa Econ Federal&quot;,&quot;60,00   &quot;,&quot;20/06/2017 00:00&quot;)" methodname="Acatar_Pagamento_Com_Desconto_E_Com_ValorBruto" classname="Acesso.ServiceLayer.IS2B.IntegrationTests.Fixtures.FichaDeCompensacaoTestFixture" runstate="Runnable" seed="318261040" result="Failed" start-time="2017-06-08 22:18:40Z" end-time="2017-06-08 22:18:40Z" duration="0.313853" asserts="1">
                    <failure>
                      <message><![CDATA[Valores divergentes: Valor ou desconto/acrescimo inconsistente]]></message>
                      <stack-trace><![CDATA[em Acesso.ServiceLayer.IS2B.IntegrationTests.Fixtures.FichaDeCompensacaoTestFixture.Acatar_Pagamento_Com_Desconto_E_Com_ValorBruto(String linhaDigitavel, String codigoDeBarras, String tipoDoServico, String cedente, String valor, String dataVencimento) na C:\Projetos\Acesso\Core\PRODUTOS.Acesso.Lineu2\AcessoCadun\Acesso.ServiceLayer.IS2B.IntegrationTests\Fixtures\FichaDeCompensacaoTestFixture.cs:linha 145
]]></stack-trace>
                    </failure>
                    <output><![CDATA[<Conta>
  <CpfCnpj>11161058702</CpfCnpj>
  <EnderecoIP>127.0.0.1</EnderecoIP>
  <NSU>0</NSU>
  <NSUExterno>2134135298</NSUExterno>
  <PontoAtendimento>
    <Login>teste</Login>
    <PosId>0</PosId>
    <Senha>teste</Senha>
  </PontoAtendimento>
  <SiteIntegracaoId>0</SiteIntegracaoId>
  <TerminalExterno>123</TerminalExterno>
  <TipoTransacao>RECEBERCONTA</TipoTransacao>
  <Token>0</Token>
  <Versao>2.0</Versao>
  <DadosPagamento p2:type="PagamentoDinheiro" xmlns:p2="http://www.w3.org/2001/XMLSchema-instance">
    <FormaPagamento>DINHEIRO</FormaPagamento>
    <QtdParcelas>0</QtdParcelas>
    <pontos>0</pontos>
    <valor>60</valor>
    <valorBruto>145.51</valorBruto>
    <valorDesconto>85.51</valorDesconto>
  </DadosPagamento>
  <Cedente>Caixa Econ Federal</Cedente>
  <CodBarras>
    <TipoServico>FichaCompensacao</TipoServico>
    <codBarras>10498719600000065002339242000200040009936689</codBarras>
    <linhaDigitavel>10492339254200020004000099366890871960000006500</linhaDigitavel>
  </CodBarras>
  <DataVencimento>2017-06-20T00:00:00</DataVencimento>
</Conta>
------------------------------------------------------
CodigoErro: 999
MensagemErro: Valores divergentes: Valor ou desconto/acrescimo inconsistente
StatusTransacao: ERRODESCONHECIDO
------------------------------------------------------
<Resposta>
  <ExtensionData />
  <CodigoErro>999</CodigoErro>
  <MensagemErro>Valores divergentes: Valor ou desconto/acrescimo inconsistente</MensagemErro>
  <StatusTransacao>ERRODESCONHECIDO</StatusTransacao>
</Resposta>
]]></output>
                    <assertions>
                      <assertion result="Failed">
                        <message><![CDATA[Valores divergentes: Valor ou desconto/acrescimo inconsistente]]></message>
                        <stack-trace><![CDATA[em Acesso.ServiceLayer.IS2B.IntegrationTests.Fixtures.FichaDeCompensacaoTestFixture.Acatar_Pagamento_Com_Desconto_E_Com_ValorBruto(String linhaDigitavel, String codigoDeBarras, String tipoDoServico, String cedente, String valor, String dataVencimento) na C:\Projetos\Acesso\Core\PRODUTOS.Acesso.Lineu2\AcessoCadun\Acesso.ServiceLayer.IS2B.IntegrationTests\Fixtures\FichaDeCompensacaoTestFixture.cs:linha 145
]]></stack-trace>
                      </assertion>
                    </assertions>
                  </test-case>
                  <test-case id="0-1031" name="Acatar_Pagamento_Com_Desconto_E_Com_ValorBruto(&quot;03399.47624 73800.000009 00696.301043 7 71810000073552&quot;,&quot;03397718100000735529476273800000000069630104&quot;,&quot;Ficha Compensacao&quot;,&quot;BANCO DO ESTADO DE&quot;,&quot;735,52  &quot;,&quot;05/06/2017 00:00&quot;)" fullname="Acesso.ServiceLayer.IS2B.IntegrationTests.Fixtures.FichaDeCompensacaoTestFixture.Acatar_Pagamento_Com_Desconto_E_Com_ValorBruto(&quot;03399.47624 73800.000009 00696.301043 7 71810000073552&quot;,&quot;03397718100000735529476273800000000069630104&quot;,&quot;Ficha Compensacao&quot;,&quot;BANCO DO ESTADO DE&quot;,&quot;735,52  &quot;,&quot;05/06/2017 00:00&quot;)" methodname="Acatar_Pagamento_Com_Desconto_E_Com_ValorBruto" classname="Acesso.ServiceLayer.IS2B.IntegrationTests.Fixtures.FichaDeCompensacaoTestFixture" runstate="Runnable" seed="1695854776" result="Failed" start-time="2017-06-08 22:18:40Z" end-time="2017-06-08 22:18:40Z" duration="0.595448" asserts="3">
                    <failure>
                      <message><![CDATA[  Pagamento ja efetuado.
  Expected: SUCESSO
  But was:  ERROTRATADO
]]></message>
                      <stack-trace><![CDATA[em Acesso.ServiceLayer.IS2B.IntegrationTests.Fixtures.FichaDeCompensacaoTestFixture.Acatar_Pagamento_Com_Desconto_E_Com_ValorBruto(String linhaDigitavel, String codigoDeBarras, String tipoDoServico, String cedente, String valor, String dataVencimento) na C:\Projetos\Acesso\Core\PRODUTOS.Acesso.Lineu2\AcessoCadun\Acesso.ServiceLayer.IS2B.IntegrationTests\Fixtures\FichaDeCompensacaoTestFixture.cs:linha 120
]]></stack-trace>
                    </failure>
                    <output><![CDATA[<Conta>
  <CpfCnpj>11161058702</CpfCnpj>
  <EnderecoIP>127.0.0.1</EnderecoIP>
  <NSU>0</NSU>
  <NSUExterno>2043599142</NSUExterno>
  <PontoAtendimento>
    <Login>teste</Login>
    <PosId>0</PosId>
    <Senha>teste</Senha>
  </PontoAtendimento>
  <SiteIntegracaoId>0</SiteIntegracaoId>
  <TerminalExterno>123</TerminalExterno>
  <TipoTransacao>RECEBERCONTA</TipoTransacao>
  <Token>0</Token>
  <Versao>2.0</Versao>
  <DadosPagamento p2:type="PagamentoDinheiro" xmlns:p2="http://www.w3.org/2001/XMLSchema-instance">
    <FormaPagamento>DINHEIRO</FormaPagamento>
    <QtdParcelas>0</QtdParcelas>
    <pontos>0</pontos>
    <valor>735.52</valor>
    <valorBruto>821.03</valorBruto>
    <valorDesconto>85.51</valorDesconto>
  </DadosPagamento>
  <Cedente>BANCO DO ESTADO DE</Cedente>
  <CodBarras>
    <TipoServico>FichaCompensacao</TipoServico>
    <codBarras>03397718100000735529476273800000000069630104</codBarras>
    <linhaDigitavel>03399476247380000000900696301043771810000073552</linhaDigitavel>
  </CodBarras>
  <DataVencimento>2017-06-05T00:00:00</DataVencimento>
</Conta>
------------------------------------------------------
CodigoErro: 000
MensagemErro: Pagamento ja efetuado.
StatusTransacao: ERROTRATADO
------------------------------------------------------
<RespostaConta>
  <ExtensionData />
  <CodigoErro>000</CodigoErro>
  <MensagemErro>Pagamento ja efetuado.</MensagemErro>
  <StatusTransacao>ERROTRATADO</StatusTransacao>
  <Autenticacao>0</Autenticacao>
  <Comprovante>
    <ExtensionData />
  </Comprovante>
  <DataLiquidacao>0001-01-01T00:00:00</DataLiquidacao>
  <DataOperacao>0001-01-01T00:00:00</DataOperacao>
  <ProtocoloId>0</ProtocoloId>
  <indVencido>false</indVencido>
</RespostaConta>
]]></output>
                    <assertions>
                      <assertion result="Failed">
                        <message><![CDATA[  Pagamento ja efetuado.
  Expected: SUCESSO
  But was:  ERROTRATADO
]]></message>
                        <stack-trace><![CDATA[em Acesso.ServiceLayer.IS2B.IntegrationTests.Fixtures.FichaDeCompensacaoTestFixture.Acatar_Pagamento_Com_Desconto_E_Com_ValorBruto(String linhaDigitavel, String codigoDeBarras, String tipoDoServico, String cedente, String valor, String dataVencimento) na C:\Projetos\Acesso\Core\PRODUTOS.Acesso.Lineu2\AcessoCadun\Acesso.ServiceLayer.IS2B.IntegrationTests\Fixtures\FichaDeCompensacaoTestFixture.cs:linha 120
]]></stack-trace>
                      </assertion>
                    </assertions>
                  </test-case>
                  <test-case id="0-1032" name="Acatar_Pagamento_Com_Desconto_E_Com_ValorBruto(&quot;23792.37205 68616.489644 05000.088608 1 71890000007750&quot;,&quot;23791718900000077502372068616489640500008860&quot;,&quot;Ficha Compensacao&quot;,&quot;HSBC FINANCE BRASI&quot;,&quot;77,50   &quot;,&quot;13/06/2017 00:00&quot;)" fullname="Acesso.ServiceLayer.IS2B.IntegrationTests.Fixtures.FichaDeCompensacaoTestFixture.Acatar_Pagamento_Com_Desconto_E_Com_ValorBruto(&quot;23792.37205 68616.489644 05000.088608 1 71890000007750&quot;,&quot;23791718900000077502372068616489640500008860&quot;,&quot;Ficha Compensacao&quot;,&quot;HSBC FINANCE BRASI&quot;,&quot;77,50   &quot;,&quot;13/06/2017 00:00&quot;)" methodname="Acatar_Pagamento_Com_Desconto_E_Com_ValorBruto" classname="Acesso.ServiceLayer.IS2B.IntegrationTests.Fixtures.FichaDeCompensacaoTestFixture" runstate="Runnable" seed="1528393476" result="Failed" start-time="2017-06-08 22:18:40Z" end-time="2017-06-08 22:18:41Z" duration="0.314793" asserts="3">
                    <failure>
                      <message><![CDATA[  Pagamento ja efetuado.
  Expected: SUCESSO
  But was:  ERROTRATADO
]]></message>
                      <stack-trace><![CDATA[em Acesso.ServiceLayer.IS2B.IntegrationTests.Fixtures.FichaDeCompensacaoTestFixture.Acatar_Pagamento_Com_Desconto_E_Com_ValorBruto(String linhaDigitavel, String codigoDeBarras, String tipoDoServico, String cedente, String valor, String dataVencimento) na C:\Projetos\Acesso\Core\PRODUTOS.Acesso.Lineu2\AcessoCadun\Acesso.ServiceLayer.IS2B.IntegrationTests\Fixtures\FichaDeCompensacaoTestFixture.cs:linha 120
]]></stack-trace>
                    </failure>
                    <output><![CDATA[<Conta>
  <CpfCnpj>11161058702</CpfCnpj>
  <EnderecoIP>127.0.0.1</EnderecoIP>
  <NSU>0</NSU>
  <NSUExterno>2087292492</NSUExterno>
  <PontoAtendimento>
    <Login>teste</Login>
    <PosId>0</PosId>
    <Senha>teste</Senha>
  </PontoAtendimento>
  <SiteIntegracaoId>0</SiteIntegracaoId>
  <TerminalExterno>123</TerminalExterno>
  <TipoTransacao>RECEBERCONTA</TipoTransacao>
  <Token>0</Token>
  <Versao>2.0</Versao>
  <DadosPagamento p2:type="PagamentoDinheiro" xmlns:p2="http://www.w3.org/2001/XMLSchema-instance">
    <FormaPagamento>DINHEIRO</FormaPagamento>
    <QtdParcelas>0</QtdParcelas>
    <pontos>0</pontos>
    <valor>77.5</valor>
    <valorBruto>163.01</valorBruto>
    <valorDesconto>85.51</valorDesconto>
  </DadosPagamento>
  <Cedente>HSBC FINANCE BRASI</Cedente>
  <CodBarras>
    <TipoServico>FichaCompensacao</TipoServico>
    <codBarras>23791718900000077502372068616489640500008860</codBarras>
    <linhaDigitavel>23792372056861648964405000088608171890000007750</linhaDigitavel>
  </CodBarras>
  <DataVencimento>2017-06-13T00:00:00</DataVencimento>
</Conta>
------------------------------------------------------
CodigoErro: 000
MensagemErro: Pagamento ja efetuado.
StatusTransacao: ERROTRATADO
------------------------------------------------------
<RespostaConta>
  <ExtensionData />
  <CodigoErro>000</CodigoErro>
  <MensagemErro>Pagamento ja efetuado.</MensagemErro>
  <StatusTransacao>ERROTRATADO</StatusTransacao>
  <Autenticacao>0</Autenticacao>
  <Comprovante>
    <ExtensionData />
  </Comprovante>
  <DataLiquidacao>0001-01-01T00:00:00</DataLiquidacao>
  <DataOperacao>0001-01-01T00:00:00</DataOperacao>
  <ProtocoloId>0</ProtocoloId>
  <indVencido>false</indVencido>
</RespostaConta>
]]></output>
                    <assertions>
                      <assertion result="Failed">
                        <message><![CDATA[  Pagamento ja efetuado.
  Expected: SUCESSO
  But was:  ERROTRATADO
]]></message>
                        <stack-trace><![CDATA[em Acesso.ServiceLayer.IS2B.IntegrationTests.Fixtures.FichaDeCompensacaoTestFixture.Acatar_Pagamento_Com_Desconto_E_Com_ValorBruto(String linhaDigitavel, String codigoDeBarras, String tipoDoServico, String cedente, String valor, String dataVencimento) na C:\Projetos\Acesso\Core\PRODUTOS.Acesso.Lineu2\AcessoCadun\Acesso.ServiceLayer.IS2B.IntegrationTests\Fixtures\FichaDeCompensacaoTestFixture.cs:linha 120
]]></stack-trace>
                      </assertion>
                    </assertions>
                  </test-case>
                  <test-case id="0-1033" name="Acatar_Pagamento_Com_Desconto_E_Com_ValorBruto(&quot;10494.27766 51000.100043 00004.800314 1 71790000003500&quot;,&quot;10491717900000035004277651000100040000480031&quot;,&quot;Ficha Compensacao&quot;,&quot;Caixa Econ Federal&quot;,&quot;35,00   &quot;,&quot;03/06/2017 00:00&quot;)" fullname="Acesso.ServiceLayer.IS2B.IntegrationTests.Fixtures.FichaDeCompensacaoTestFixture.Acatar_Pagamento_Com_Desconto_E_Com_ValorBruto(&quot;10494.27766 51000.100043 00004.800314 1 71790000003500&quot;,&quot;10491717900000035004277651000100040000480031&quot;,&quot;Ficha Compensacao&quot;,&quot;Caixa Econ Federal&quot;,&quot;35,00   &quot;,&quot;03/06/2017 00:00&quot;)" methodname="Acatar_Pagamento_Com_Desconto_E_Com_ValorBruto" classname="Acesso.ServiceLayer.IS2B.IntegrationTests.Fixtures.FichaDeCompensacaoTestFixture" runstate="Runnable" seed="170080608" result="Failed" start-time="2017-06-08 22:18:41Z" end-time="2017-06-08 22:18:41Z" duration="0.292039" asserts="1">
                    <failure>
                      <message><![CDATA[Valores divergentes: Valor ou desconto/acrescimo inconsistente]]></message>
                      <stack-trace><![CDATA[em Acesso.ServiceLayer.IS2B.IntegrationTests.Fixtures.FichaDeCompensacaoTestFixture.Acatar_Pagamento_Com_Desconto_E_Com_ValorBruto(String linhaDigitavel, String codigoDeBarras, String tipoDoServico, String cedente, String valor, String dataVencimento) na C:\Projetos\Acesso\Core\PRODUTOS.Acesso.Lineu2\AcessoCadun\Acesso.ServiceLayer.IS2B.IntegrationTests\Fixtures\FichaDeCompensacaoTestFixture.cs:linha 145
]]></stack-trace>
                    </failure>
                    <output><![CDATA[<Conta>
  <CpfCnpj>11161058702</CpfCnpj>
  <EnderecoIP>127.0.0.1</EnderecoIP>
  <NSU>0</NSU>
  <NSUExterno>1608338919</NSUExterno>
  <PontoAtendimento>
    <Login>teste</Login>
    <PosId>0</PosId>
    <Senha>teste</Senha>
  </PontoAtendimento>
  <SiteIntegracaoId>0</SiteIntegracaoId>
  <TerminalExterno>123</TerminalExterno>
  <TipoTransacao>RECEBERCONTA</TipoTransacao>
  <Token>0</Token>
  <Versao>2.0</Versao>
  <DadosPagamento p2:type="PagamentoDinheiro" xmlns:p2="http://www.w3.org/2001/XMLSchema-instance">
    <FormaPagamento>DINHEIRO</FormaPagamento>
    <QtdParcelas>0</QtdParcelas>
    <pontos>0</pontos>
    <valor>35</valor>
    <valorBruto>120.51</valorBruto>
    <valorDesconto>85.51</valorDesconto>
  </DadosPagamento>
  <Cedente>Caixa Econ Federal</Cedente>
  <CodBarras>
    <TipoServico>FichaCompensacao</TipoServico>
    <codBarras>10491717900000035004277651000100040000480031</codBarras>
    <linhaDigitavel>10494277665100010004300004800314171790000003500</linhaDigitavel>
  </CodBarras>
  <DataVencimento>2017-06-03T00:00:00</DataVencimento>
</Conta>
------------------------------------------------------
CodigoErro: 999
MensagemErro: Valores divergentes: Valor ou desconto/acrescimo inconsistente
StatusTransacao: ERRODESCONHECIDO
------------------------------------------------------
<Resposta>
  <ExtensionData />
  <CodigoErro>999</CodigoErro>
  <MensagemErro>Valores divergentes: Valor ou desconto/acrescimo inconsistente</MensagemErro>
  <StatusTransacao>ERRODESCONHECIDO</StatusTransacao>
</Resposta>
]]></output>
                    <assertions>
                      <assertion result="Failed">
                        <message><![CDATA[Valores divergentes: Valor ou desconto/acrescimo inconsistente]]></message>
                        <stack-trace><![CDATA[em Acesso.ServiceLayer.IS2B.IntegrationTests.Fixtures.FichaDeCompensacaoTestFixture.Acatar_Pagamento_Com_Desconto_E_Com_ValorBruto(String linhaDigitavel, String codigoDeBarras, String tipoDoServico, String cedente, String valor, String dataVencimento) na C:\Projetos\Acesso\Core\PRODUTOS.Acesso.Lineu2\AcessoCadun\Acesso.ServiceLayer.IS2B.IntegrationTests\Fixtures\FichaDeCompensacaoTestFixture.cs:linha 145
]]></stack-trace>
                      </assertion>
                    </assertions>
                  </test-case>
                  <test-case id="0-1034" name="Acatar_Pagamento_Com_Desconto_E_Com_ValorBruto(&quot;34191.09008 01477.013179 52407.240002 3 71860000015000&quot;,&quot;34193718600000150001090001477013175240724000&quot;,&quot;Ficha Compensacao&quot;,&quot;BANCO ITAU S.A.   &quot;,&quot;150,00  &quot;,&quot;10/06/2017 00:00&quot;)" fullname="Acesso.ServiceLayer.IS2B.IntegrationTests.Fixtures.FichaDeCompensacaoTestFixture.Acatar_Pagamento_Com_Desconto_E_Com_ValorBruto(&quot;34191.09008 01477.013179 52407.240002 3 71860000015000&quot;,&quot;34193718600000150001090001477013175240724000&quot;,&quot;Ficha Compensacao&quot;,&quot;BANCO ITAU S.A.   &quot;,&quot;150,00  &quot;,&quot;10/06/2017 00:00&quot;)" methodname="Acatar_Pagamento_Com_Desconto_E_Com_ValorBruto" classname="Acesso.ServiceLayer.IS2B.IntegrationTests.Fixtures.FichaDeCompensacaoTestFixture" runstate="Runnable" seed="1413886416" result="Failed" start-time="2017-06-08 22:18:41Z" end-time="2017-06-08 22:18:41Z" duration="0.303072" asserts="3">
                    <failure>
                      <message><![CDATA[  Pagamento ja efetuado.
  Expected: SUCESSO
  But was:  ERROTRATADO
]]></message>
                      <stack-trace><![CDATA[em Acesso.ServiceLayer.IS2B.IntegrationTests.Fixtures.FichaDeCompensacaoTestFixture.Acatar_Pagamento_Com_Desconto_E_Com_ValorBruto(String linhaDigitavel, String codigoDeBarras, String tipoDoServico, String cedente, String valor, String dataVencimento) na C:\Projetos\Acesso\Core\PRODUTOS.Acesso.Lineu2\AcessoCadun\Acesso.ServiceLayer.IS2B.IntegrationTests\Fixtures\FichaDeCompensacaoTestFixture.cs:linha 120
]]></stack-trace>
                    </failure>
                    <output><![CDATA[<Conta>
  <CpfCnpj>11161058702</CpfCnpj>
  <EnderecoIP>127.0.0.1</EnderecoIP>
  <NSU>0</NSU>
  <NSUExterno>1695885386</NSUExterno>
  <PontoAtendimento>
    <Login>teste</Login>
    <PosId>0</PosId>
    <Senha>teste</Senha>
  </PontoAtendimento>
  <SiteIntegracaoId>0</SiteIntegracaoId>
  <TerminalExterno>123</TerminalExterno>
  <TipoTransacao>RECEBERCONTA</TipoTransacao>
  <Token>0</Token>
  <Versao>2.0</Versao>
  <DadosPagamento p2:type="PagamentoDinheiro" xmlns:p2="http://www.w3.org/2001/XMLSchema-instance">
    <FormaPagamento>DINHEIRO</FormaPagamento>
    <QtdParcelas>0</QtdParcelas>
    <pontos>0</pontos>
    <valor>150</valor>
    <valorBruto>235.51</valorBruto>
    <valorDesconto>85.51</valorDesconto>
  </DadosPagamento>
  <Cedente>BANCO ITAU S.A.   </Cedente>
  <CodBarras>
    <TipoServico>FichaCompensacao</TipoServico>
    <codBarras>34193718600000150001090001477013175240724000</codBarras>
    <linhaDigitavel>34191090080147701317952407240002371860000015000</linhaDigitavel>
  </CodBarras>
  <DataVencimento>2017-06-10T00:00:00</DataVencimento>
</Conta>
------------------------------------------------------
CodigoErro: 000
MensagemErro: Pagamento ja efetuado.
StatusTransacao: ERROTRATADO
------------------------------------------------------
<RespostaConta>
  <ExtensionData />
  <CodigoErro>000</CodigoErro>
  <MensagemErro>Pagamento ja efetuado.</MensagemErro>
  <StatusTransacao>ERROTRATADO</StatusTransacao>
  <Autenticacao>0</Autenticacao>
  <Comprovante>
    <ExtensionData />
  </Comprovante>
  <DataLiquidacao>0001-01-01T00:00:00</DataLiquidacao>
  <DataOperacao>0001-01-01T00:00:00</DataOperacao>
  <ProtocoloId>0</ProtocoloId>
  <indVencido>false</indVencido>
</RespostaConta>
]]></output>
                    <assertions>
                      <assertion result="Failed">
                        <message><![CDATA[  Pagamento ja efetuado.
  Expected: SUCESSO
  But was:  ERROTRATADO
]]></message>
                        <stack-trace><![CDATA[em Acesso.ServiceLayer.IS2B.IntegrationTests.Fixtures.FichaDeCompensacaoTestFixture.Acatar_Pagamento_Com_Desconto_E_Com_ValorBruto(String linhaDigitavel, String codigoDeBarras, String tipoDoServico, String cedente, String valor, String dataVencimento) na C:\Projetos\Acesso\Core\PRODUTOS.Acesso.Lineu2\AcessoCadun\Acesso.ServiceLayer.IS2B.IntegrationTests\Fixtures\FichaDeCompensacaoTestFixture.cs:linha 120
]]></stack-trace>
                      </assertion>
                    </assertions>
                  </test-case>
                  <test-case id="0-1035" name="Acatar_Pagamento_Com_Desconto_E_Com_ValorBruto(&quot;00190.00009 01674.845001 00131.016172 2 71860000005500&quot;,&quot;00192718600000055000000001674845000013101617&quot;,&quot;Ficha Compensacao&quot;,&quot;BANCO DO BRASIL S.&quot;,&quot;55,00   &quot;,&quot;10/06/2017 00:00&quot;)" fullname="Acesso.ServiceLayer.IS2B.IntegrationTests.Fixtures.FichaDeCompensacaoTestFixture.Acatar_Pagamento_Com_Desconto_E_Com_ValorBruto(&quot;00190.00009 01674.845001 00131.016172 2 71860000005500&quot;,&quot;00192718600000055000000001674845000013101617&quot;,&quot;Ficha Compensacao&quot;,&quot;BANCO DO BRASIL S.&quot;,&quot;55,00   &quot;,&quot;10/06/2017 00:00&quot;)" methodname="Acatar_Pagamento_Com_Desconto_E_Com_ValorBruto" classname="Acesso.ServiceLayer.IS2B.IntegrationTests.Fixtures.FichaDeCompensacaoTestFixture" runstate="Runnable" seed="559992978" result="Failed" start-time="2017-06-08 22:18:41Z" end-time="2017-06-08 22:18:42Z" duration="0.315611" asserts="1">
                    <failure>
                      <message><![CDATA[Valores divergentes: Valor ou desconto/acrescimo inconsistente]]></message>
                      <stack-trace><![CDATA[em Acesso.ServiceLayer.IS2B.IntegrationTests.Fixtures.FichaDeCompensacaoTestFixture.Acatar_Pagamento_Com_Desconto_E_Com_ValorBruto(String linhaDigitavel, String codigoDeBarras, String tipoDoServico, String cedente, String valor, String dataVencimento) na C:\Projetos\Acesso\Core\PRODUTOS.Acesso.Lineu2\AcessoCadun\Acesso.ServiceLayer.IS2B.IntegrationTests\Fixtures\FichaDeCompensacaoTestFixture.cs:linha 145
]]></stack-trace>
                    </failure>
                    <output><![CDATA[<Conta>
  <CpfCnpj>11161058702</CpfCnpj>
  <EnderecoIP>127.0.0.1</EnderecoIP>
  <NSU>0</NSU>
  <NSUExterno>79597713</NSUExterno>
  <PontoAtendimento>
    <Login>teste</Login>
    <PosId>0</PosId>
    <Senha>teste</Senha>
  </PontoAtendimento>
  <SiteIntegracaoId>0</SiteIntegracaoId>
  <TerminalExterno>123</TerminalExterno>
  <TipoTransacao>RECEBERCONTA</TipoTransacao>
  <Token>0</Token>
  <Versao>2.0</Versao>
  <DadosPagamento p2:type="PagamentoDinheiro" xmlns:p2="http://www.w3.org/2001/XMLSchema-instance">
    <FormaPagamento>DINHEIRO</FormaPagamento>
    <QtdParcelas>0</QtdParcelas>
    <pontos>0</pontos>
    <valor>55</valor>
    <valorBruto>140.51</valorBruto>
    <valorDesconto>85.51</valorDesconto>
  </DadosPagamento>
  <Cedente>BANCO DO BRASIL S.</Cedente>
  <CodBarras>
    <TipoServico>FichaCompensacao</TipoServico>
    <codBarras>00192718600000055000000001674845000013101617</codBarras>
    <linhaDigitavel>00190000090167484500100131016172271860000005500</linhaDigitavel>
  </CodBarras>
  <DataVencimento>2017-06-10T00:00:00</DataVencimento>
</Conta>
------------------------------------------------------
CodigoErro: 999
MensagemErro: Valores divergentes: Valor ou desconto/acrescimo inconsistente
StatusTransacao: ERRODESCONHECIDO
------------------------------------------------------
<Resposta>
  <ExtensionData />
  <CodigoErro>999</CodigoErro>
  <MensagemErro>Valores divergentes: Valor ou desconto/acrescimo inconsistente</MensagemErro>
  <StatusTransacao>ERRODESCONHECIDO</StatusTransacao>
</Resposta>
]]></output>
                    <assertions>
                      <assertion result="Failed">
                        <message><![CDATA[Valores divergentes: Valor ou desconto/acrescimo inconsistente]]></message>
                        <stack-trace><![CDATA[em Acesso.ServiceLayer.IS2B.IntegrationTests.Fixtures.FichaDeCompensacaoTestFixture.Acatar_Pagamento_Com_Desconto_E_Com_ValorBruto(String linhaDigitavel, String codigoDeBarras, String tipoDoServico, String cedente, String valor, String dataVencimento) na C:\Projetos\Acesso\Core\PRODUTOS.Acesso.Lineu2\AcessoCadun\Acesso.ServiceLayer.IS2B.IntegrationTests\Fixtures\FichaDeCompensacaoTestFixture.cs:linha 145
]]></stack-trace>
                      </assertion>
                    </assertions>
                  </test-case>
                  <test-case id="0-1036" name="Acatar_Pagamento_Com_Desconto_E_Com_ValorBruto(&quot;03399.67093 96600.000002 08012.801018 6 71810000015000&quot;,&quot;03396718100000150009670996600000000801280101&quot;,&quot;Ficha Compensacao&quot;,&quot;BANCO DO ESTADO DE&quot;,&quot;135,00  &quot;,&quot;05/06/2017 00:00&quot;)" fullname="Acesso.ServiceLayer.IS2B.IntegrationTests.Fixtures.FichaDeCompensacaoTestFixture.Acatar_Pagamento_Com_Desconto_E_Com_ValorBruto(&quot;03399.67093 96600.000002 08012.801018 6 71810000015000&quot;,&quot;03396718100000150009670996600000000801280101&quot;,&quot;Ficha Compensacao&quot;,&quot;BANCO DO ESTADO DE&quot;,&quot;135,00  &quot;,&quot;05/06/2017 00:00&quot;)" methodname="Acatar_Pagamento_Com_Desconto_E_Com_ValorBruto" classname="Acesso.ServiceLayer.IS2B.IntegrationTests.Fixtures.FichaDeCompensacaoTestFixture" runstate="Runnable" seed="1173223123" result="Failed" start-time="2017-06-08 22:18:42Z" end-time="2017-06-08 22:18:42Z" duration="0.314734" asserts="1">
                    <failure>
                      <message><![CDATA[Valores divergentes: Valor ou desconto/acrescimo inconsistente]]></message>
                      <stack-trace><![CDATA[em Acesso.ServiceLayer.IS2B.IntegrationTests.Fixtures.FichaDeCompensacaoTestFixture.Acatar_Pagamento_Com_Desconto_E_Com_ValorBruto(String linhaDigitavel, String codigoDeBarras, String tipoDoServico, String cedente, String valor, String dataVencimento) na C:\Projetos\Acesso\Core\PRODUTOS.Acesso.Lineu2\AcessoCadun\Acesso.ServiceLayer.IS2B.IntegrationTests\Fixtures\FichaDeCompensacaoTestFixture.cs:linha 145
]]></stack-trace>
                    </failure>
                    <output><![CDATA[<Conta>
  <CpfCnpj>11161058702</CpfCnpj>
  <EnderecoIP>127.0.0.1</EnderecoIP>
  <NSU>0</NSU>
  <NSUExterno>1850250044</NSUExterno>
  <PontoAtendimento>
    <Login>teste</Login>
    <PosId>0</PosId>
    <Senha>teste</Senha>
  </PontoAtendimento>
  <SiteIntegracaoId>0</SiteIntegracaoId>
  <TerminalExterno>123</TerminalExterno>
  <TipoTransacao>RECEBERCONTA</TipoTransacao>
  <Token>0</Token>
  <Versao>2.0</Versao>
  <DadosPagamento p2:type="PagamentoDinheiro" xmlns:p2="http://www.w3.org/2001/XMLSchema-instance">
    <FormaPagamento>DINHEIRO</FormaPagamento>
    <QtdParcelas>0</QtdParcelas>
    <pontos>0</pontos>
    <valor>135</valor>
    <valorBruto>220.51</valorBruto>
    <valorDesconto>85.51</valorDesconto>
  </DadosPagamento>
  <Cedente>BANCO DO ESTADO DE</Cedente>
  <CodBarras>
    <TipoServico>FichaCompensacao</TipoServico>
    <codBarras>03396718100000150009670996600000000801280101</codBarras>
    <linhaDigitavel>03399670939660000000208012801018671810000015000</linhaDigitavel>
  </CodBarras>
  <DataVencimento>2017-06-05T00:00:00</DataVencimento>
</Conta>
------------------------------------------------------
CodigoErro: 999
MensagemErro: Valores divergentes: Valor ou desconto/acrescimo inconsistente
StatusTransacao: ERRODESCONHECIDO
------------------------------------------------------
<Resposta>
  <ExtensionData />
  <CodigoErro>999</CodigoErro>
  <MensagemErro>Valores divergentes: Valor ou desconto/acrescimo inconsistente</MensagemErro>
  <StatusTransacao>ERRODESCONHECIDO</StatusTransacao>
</Resposta>
]]></output>
                    <assertions>
                      <assertion result="Failed">
                        <message><![CDATA[Valores divergentes: Valor ou desconto/acrescimo inconsistente]]></message>
                        <stack-trace><![CDATA[em Acesso.ServiceLayer.IS2B.IntegrationTests.Fixtures.FichaDeCompensacaoTestFixture.Acatar_Pagamento_Com_Desconto_E_Com_ValorBruto(String linhaDigitavel, String codigoDeBarras, String tipoDoServico, String cedente, String valor, String dataVencimento) na C:\Projetos\Acesso\Core\PRODUTOS.Acesso.Lineu2\AcessoCadun\Acesso.ServiceLayer.IS2B.IntegrationTests\Fixtures\FichaDeCompensacaoTestFixture.cs:linha 145
]]></stack-trace>
                      </assertion>
                    </assertions>
                  </test-case>
                  <test-case id="0-1037" name="Acatar_Pagamento_Com_Desconto_E_Com_ValorBruto(&quot;34191.75439 24367.672524 50451.630003 1 00000000000000&quot;,&quot;34191000000000000001754324367672525045163000&quot;,&quot;Ficha Compensacao&quot;,&quot;BANCO ITAU S.A.   &quot;,&quot;637,30  &quot;,&quot;03/06/2017 00:00&quot;)" fullname="Acesso.ServiceLayer.IS2B.IntegrationTests.Fixtures.FichaDeCompensacaoTestFixture.Acatar_Pagamento_Com_Desconto_E_Com_ValorBruto(&quot;34191.75439 24367.672524 50451.630003 1 00000000000000&quot;,&quot;34191000000000000001754324367672525045163000&quot;,&quot;Ficha Compensacao&quot;,&quot;BANCO ITAU S.A.   &quot;,&quot;637,30  &quot;,&quot;03/06/2017 00:00&quot;)" methodname="Acatar_Pagamento_Com_Desconto_E_Com_ValorBruto" classname="Acesso.ServiceLayer.IS2B.IntegrationTests.Fixtures.FichaDeCompensacaoTestFixture" runstate="Runnable" seed="760020124" result="Passed" start-time="2017-06-08 22:18:42Z" end-time="2017-06-08 22:18:46Z" duration="3.968276" asserts="8">
                    <output><![CDATA[<Conta>
  <CpfCnpj>11161058702</CpfCnpj>
  <EnderecoIP>127.0.0.1</EnderecoIP>
  <NSU>0</NSU>
  <NSUExterno>1856783342</NSUExterno>
  <PontoAtendimento>
    <Login>teste</Login>
    <PosId>0</PosId>
    <Senha>teste</Senha>
  </PontoAtendimento>
  <SiteIntegracaoId>0</SiteIntegracaoId>
  <TerminalExterno>123</TerminalExterno>
  <TipoTransacao>RECEBERCONTA</TipoTransacao>
  <Token>0</Token>
  <Versao>2.0</Versao>
  <DadosPagamento p2:type="PagamentoDinheiro" xmlns:p2="http://www.w3.org/2001/XMLSchema-instance">
    <FormaPagamento>DINHEIRO</FormaPagamento>
    <QtdParcelas>0</QtdParcelas>
    <pontos>0</pontos>
    <valor>637.3</valor>
    <valorBruto>722.81</valorBruto>
    <valorDesconto>85.51</valorDesconto>
  </DadosPagamento>
  <Cedente>BANCO ITAU S.A.   </Cedente>
  <CodBarras>
    <TipoServico>FichaCompensacao</TipoServico>
    <codBarras>34191000000000000001754324367672525045163000</codBarras>
    <linhaDigitavel>34191754392436767252450451630003100000000000000</linhaDigitavel>
  </CodBarras>
  <DataVencimento>2017-06-03T00:00:00</DataVencimento>
</Conta>
<RespostaConta>
  <ExtensionData />
  <CodigoErro>000</CodigoErro>
  <StatusTransacao>SUCESSO</StatusTransacao>
  <Autenticacao>5959</Autenticacao>
  <Comprovante>
    <ExtensionData />
    <CamposComprovante />
    <ComprovanteFormatado>          PROTOCOLO 0002078118

1          08/06/2017        19:18
TERM 228005 AGENTE 228005 AUTE 05959
----------------------------------------
AUTO 023391           RECEBIMENTO CONTA
                    
            BANCO ITAU S.A.
                    
              VALOR 637,30

        34191.75439  24367.672524      
       50451.630003  1 00000000000000


    VALIDO COMO RECIBO DE PAGAMENTO
----------------------------------------

</ComprovanteFormatado>
  </Comprovante>
  <DataLiquidacao>2017-05-09T00:00:00</DataLiquidacao>
  <DataOperacao>2017-06-08T19:18:39</DataOperacao>
  <ProtocoloId>2078118</ProtocoloId>
  <indVencido>false</indVencido>
</RespostaConta>
]]></output>
                  </test-case>
                  <test-case id="0-1038" name="Acatar_Pagamento_Com_Desconto_E_Com_ValorBruto(&quot;00190.00009 02927.998027 85521.574179 9 71810000038000&quot;,&quot;00199718100000380000000002927998028552157417&quot;,&quot;Ficha Compensacao&quot;,&quot;BANCO DO BRASIL S.&quot;,&quot;380,00  &quot;,&quot;05/06/2017 00:00&quot;)" fullname="Acesso.ServiceLayer.IS2B.IntegrationTests.Fixtures.FichaDeCompensacaoTestFixture.Acatar_Pagamento_Com_Desconto_E_Com_ValorBruto(&quot;00190.00009 02927.998027 85521.574179 9 71810000038000&quot;,&quot;00199718100000380000000002927998028552157417&quot;,&quot;Ficha Compensacao&quot;,&quot;BANCO DO BRASIL S.&quot;,&quot;380,00  &quot;,&quot;05/06/2017 00:00&quot;)" methodname="Acatar_Pagamento_Com_Desconto_E_Com_ValorBruto" classname="Acesso.ServiceLayer.IS2B.IntegrationTests.Fixtures.FichaDeCompensacaoTestFixture" runstate="Runnable" seed="373045362" result="Failed" start-time="2017-06-08 22:18:46Z" end-time="2017-06-08 22:18:46Z" duration="0.311591" asserts="1">
                    <failure>
                      <message><![CDATA[Valores divergentes: Valor ou desconto/acrescimo inconsistente]]></message>
                      <stack-trace><![CDATA[em Acesso.ServiceLayer.IS2B.IntegrationTests.Fixtures.FichaDeCompensacaoTestFixture.Acatar_Pagamento_Com_Desconto_E_Com_ValorBruto(String linhaDigitavel, String codigoDeBarras, String tipoDoServico, String cedente, String valor, String dataVencimento) na C:\Projetos\Acesso\Core\PRODUTOS.Acesso.Lineu2\AcessoCadun\Acesso.ServiceLayer.IS2B.IntegrationTests\Fixtures\FichaDeCompensacaoTestFixture.cs:linha 145
]]></stack-trace>
                    </failure>
                    <output><![CDATA[<Conta>
  <CpfCnpj>11161058702</CpfCnpj>
  <EnderecoIP>127.0.0.1</EnderecoIP>
  <NSU>0</NSU>
  <NSUExterno>248133039</NSUExterno>
  <PontoAtendimento>
    <Login>teste</Login>
    <PosId>0</PosId>
    <Senha>teste</Senha>
  </PontoAtendimento>
  <SiteIntegracaoId>0</SiteIntegracaoId>
  <TerminalExterno>123</TerminalExterno>
  <TipoTransacao>RECEBERCONTA</TipoTransacao>
  <Token>0</Token>
  <Versao>2.0</Versao>
  <DadosPagamento p2:type="PagamentoDinheiro" xmlns:p2="http://www.w3.org/2001/XMLSchema-instance">
    <FormaPagamento>DINHEIRO</FormaPagamento>
    <QtdParcelas>0</QtdParcelas>
    <pontos>0</pontos>
    <valor>380</valor>
    <valorBruto>465.51</valorBruto>
    <valorDesconto>85.51</valorDesconto>
  </DadosPagamento>
  <Cedente>BANCO DO BRASIL S.</Cedente>
  <CodBarras>
    <TipoServico>FichaCompensacao</TipoServico>
    <codBarras>00199718100000380000000002927998028552157417</codBarras>
    <linhaDigitavel>00190000090292799802785521574179971810000038000</linhaDigitavel>
  </CodBarras>
  <DataVencimento>2017-06-05T00:00:00</DataVencimento>
</Conta>
------------------------------------------------------
CodigoErro: 999
MensagemErro: Valores divergentes: Valor ou desconto/acrescimo inconsistente
StatusTransacao: ERRODESCONHECIDO
------------------------------------------------------
<Resposta>
  <ExtensionData />
  <CodigoErro>999</CodigoErro>
  <MensagemErro>Valores divergentes: Valor ou desconto/acrescimo inconsistente</MensagemErro>
  <StatusTransacao>ERRODESCONHECIDO</StatusTransacao>
</Resposta>
]]></output>
                    <assertions>
                      <assertion result="Failed">
                        <message><![CDATA[Valores divergentes: Valor ou desconto/acrescimo inconsistente]]></message>
                        <stack-trace><![CDATA[em Acesso.ServiceLayer.IS2B.IntegrationTests.Fixtures.FichaDeCompensacaoTestFixture.Acatar_Pagamento_Com_Desconto_E_Com_ValorBruto(String linhaDigitavel, String codigoDeBarras, String tipoDoServico, String cedente, String valor, String dataVencimento) na C:\Projetos\Acesso\Core\PRODUTOS.Acesso.Lineu2\AcessoCadun\Acesso.ServiceLayer.IS2B.IntegrationTests\Fixtures\FichaDeCompensacaoTestFixture.cs:linha 145
]]></stack-trace>
                      </assertion>
                    </assertions>
                  </test-case>
                  <test-case id="0-1039" name="Acatar_Pagamento_Com_Desconto_E_Com_ValorBruto(&quot;75691.42933 01032.199000 34392.600010 2 71860000004000&quot;,&quot;75692718600000040001429301032199003439260001&quot;,&quot;Ficha Compensacao&quot;,&quot;BANCO COOPERATIVO &quot;,&quot;40,00   &quot;,&quot;10/06/2017 00:00&quot;)" fullname="Acesso.ServiceLayer.IS2B.IntegrationTests.Fixtures.FichaDeCompensacaoTestFixture.Acatar_Pagamento_Com_Desconto_E_Com_ValorBruto(&quot;75691.42933 01032.199000 34392.600010 2 71860000004000&quot;,&quot;75692718600000040001429301032199003439260001&quot;,&quot;Ficha Compensacao&quot;,&quot;BANCO COOPERATIVO &quot;,&quot;40,00   &quot;,&quot;10/06/2017 00:00&quot;)" methodname="Acatar_Pagamento_Com_Desconto_E_Com_ValorBruto" classname="Acesso.ServiceLayer.IS2B.IntegrationTests.Fixtures.FichaDeCompensacaoTestFixture" runstate="Runnable" seed="927463640" result="Failed" start-time="2017-06-08 22:18:46Z" end-time="2017-06-08 22:18:47Z" duration="0.357067" asserts="1">
                    <failure>
                      <message><![CDATA[Valores divergentes: Valor ou desconto/acrescimo inconsistente]]></message>
                      <stack-trace><![CDATA[em Acesso.ServiceLayer.IS2B.IntegrationTests.Fixtures.FichaDeCompensacaoTestFixture.Acatar_Pagamento_Com_Desconto_E_Com_ValorBruto(String linhaDigitavel, String codigoDeBarras, String tipoDoServico, String cedente, String valor, String dataVencimento) na C:\Projetos\Acesso\Core\PRODUTOS.Acesso.Lineu2\AcessoCadun\Acesso.ServiceLayer.IS2B.IntegrationTests\Fixtures\FichaDeCompensacaoTestFixture.cs:linha 145
]]></stack-trace>
                    </failure>
                    <output><![CDATA[<Conta>
  <CpfCnpj>11161058702</CpfCnpj>
  <EnderecoIP>127.0.0.1</EnderecoIP>
  <NSU>0</NSU>
  <NSUExterno>784229152</NSUExterno>
  <PontoAtendimento>
    <Login>teste</Login>
    <PosId>0</PosId>
    <Senha>teste</Senha>
  </PontoAtendimento>
  <SiteIntegracaoId>0</SiteIntegracaoId>
  <TerminalExterno>123</TerminalExterno>
  <TipoTransacao>RECEBERCONTA</TipoTransacao>
  <Token>0</Token>
  <Versao>2.0</Versao>
  <DadosPagamento p2:type="PagamentoDinheiro" xmlns:p2="http://www.w3.org/2001/XMLSchema-instance">
    <FormaPagamento>DINHEIRO</FormaPagamento>
    <QtdParcelas>0</QtdParcelas>
    <pontos>0</pontos>
    <valor>40</valor>
    <valorBruto>125.51</valorBruto>
    <valorDesconto>85.51</valorDesconto>
  </DadosPagamento>
  <Cedente>BANCO COOPERATIVO </Cedente>
  <CodBarras>
    <TipoServico>FichaCompensacao</TipoServico>
    <codBarras>75692718600000040001429301032199003439260001</codBarras>
    <linhaDigitavel>75691429330103219900034392600010271860000004000</linhaDigitavel>
  </CodBarras>
  <DataVencimento>2017-06-10T00:00:00</DataVencimento>
</Conta>
------------------------------------------------------
CodigoErro: 999
MensagemErro: Valores divergentes: Valor ou desconto/acrescimo inconsistente
StatusTransacao: ERRODESCONHECIDO
------------------------------------------------------
<Resposta>
  <ExtensionData />
  <CodigoErro>999</CodigoErro>
  <MensagemErro>Valores divergentes: Valor ou desconto/acrescimo inconsistente</MensagemErro>
  <StatusTransacao>ERRODESCONHECIDO</StatusTransacao>
</Resposta>
]]></output>
                    <assertions>
                      <assertion result="Failed">
                        <message><![CDATA[Valores divergentes: Valor ou desconto/acrescimo inconsistente]]></message>
                        <stack-trace><![CDATA[em Acesso.ServiceLayer.IS2B.IntegrationTests.Fixtures.FichaDeCompensacaoTestFixture.Acatar_Pagamento_Com_Desconto_E_Com_ValorBruto(String linhaDigitavel, String codigoDeBarras, String tipoDoServico, String cedente, String valor, String dataVencimento) na C:\Projetos\Acesso\Core\PRODUTOS.Acesso.Lineu2\AcessoCadun\Acesso.ServiceLayer.IS2B.IntegrationTests\Fixtures\FichaDeCompensacaoTestFixture.cs:linha 145
]]></stack-trace>
                      </assertion>
                    </assertions>
                  </test-case>
                  <test-case id="0-1040" name="Acatar_Pagamento_Com_Desconto_E_Com_ValorBruto(&quot;03399.45024 62000.000596 66181.001018 9 71910000012824&quot;,&quot;03399719100000128249450262000000596618100101&quot;,&quot;Ficha Compensacao&quot;,&quot;BANCO DO ESTADO DE&quot;,&quot;128,24  &quot;,&quot;15/06/2017 00:00&quot;)" fullname="Acesso.ServiceLayer.IS2B.IntegrationTests.Fixtures.FichaDeCompensacaoTestFixture.Acatar_Pagamento_Com_Desconto_E_Com_ValorBruto(&quot;03399.45024 62000.000596 66181.001018 9 71910000012824&quot;,&quot;03399719100000128249450262000000596618100101&quot;,&quot;Ficha Compensacao&quot;,&quot;BANCO DO ESTADO DE&quot;,&quot;128,24  &quot;,&quot;15/06/2017 00:00&quot;)" methodname="Acatar_Pagamento_Com_Desconto_E_Com_ValorBruto" classname="Acesso.ServiceLayer.IS2B.IntegrationTests.Fixtures.FichaDeCompensacaoTestFixture" runstate="Runnable" seed="2127824591" result="Failed" start-time="2017-06-08 22:18:47Z" end-time="2017-06-08 22:18:47Z" duration="0.294497" asserts="3">
                    <failure>
                      <message><![CDATA[  Pagamento ja efetuado.
  Expected: SUCESSO
  But was:  ERROTRATADO
]]></message>
                      <stack-trace><![CDATA[em Acesso.ServiceLayer.IS2B.IntegrationTests.Fixtures.FichaDeCompensacaoTestFixture.Acatar_Pagamento_Com_Desconto_E_Com_ValorBruto(String linhaDigitavel, String codigoDeBarras, String tipoDoServico, String cedente, String valor, String dataVencimento) na C:\Projetos\Acesso\Core\PRODUTOS.Acesso.Lineu2\AcessoCadun\Acesso.ServiceLayer.IS2B.IntegrationTests\Fixtures\FichaDeCompensacaoTestFixture.cs:linha 120
]]></stack-trace>
                    </failure>
                    <output><![CDATA[<Conta>
  <CpfCnpj>11161058702</CpfCnpj>
  <EnderecoIP>127.0.0.1</EnderecoIP>
  <NSU>0</NSU>
  <NSUExterno>873904631</NSUExterno>
  <PontoAtendimento>
    <Login>teste</Login>
    <PosId>0</PosId>
    <Senha>teste</Senha>
  </PontoAtendimento>
  <SiteIntegracaoId>0</SiteIntegracaoId>
  <TerminalExterno>123</TerminalExterno>
  <TipoTransacao>RECEBERCONTA</TipoTransacao>
  <Token>0</Token>
  <Versao>2.0</Versao>
  <DadosPagamento p2:type="PagamentoDinheiro" xmlns:p2="http://www.w3.org/2001/XMLSchema-instance">
    <FormaPagamento>DINHEIRO</FormaPagamento>
    <QtdParcelas>0</QtdParcelas>
    <pontos>0</pontos>
    <valor>128.24</valor>
    <valorBruto>213.75</valorBruto>
    <valorDesconto>85.51</valorDesconto>
  </DadosPagamento>
  <Cedente>BANCO DO ESTADO DE</Cedente>
  <CodBarras>
    <TipoServico>FichaCompensacao</TipoServico>
    <codBarras>03399719100000128249450262000000596618100101</codBarras>
    <linhaDigitavel>03399450246200000059666181001018971910000012824</linhaDigitavel>
  </CodBarras>
  <DataVencimento>2017-06-15T00:00:00</DataVencimento>
</Conta>
------------------------------------------------------
CodigoErro: 000
MensagemErro: Pagamento ja efetuado.
StatusTransacao: ERROTRATADO
------------------------------------------------------
<RespostaConta>
  <ExtensionData />
  <CodigoErro>000</CodigoErro>
  <MensagemErro>Pagamento ja efetuado.</MensagemErro>
  <StatusTransacao>ERROTRATADO</StatusTransacao>
  <Autenticacao>0</Autenticacao>
  <Comprovante>
    <ExtensionData />
  </Comprovante>
  <DataLiquidacao>0001-01-01T00:00:00</DataLiquidacao>
  <DataOperacao>0001-01-01T00:00:00</DataOperacao>
  <ProtocoloId>0</ProtocoloId>
  <indVencido>false</indVencido>
</RespostaConta>
]]></output>
                    <assertions>
                      <assertion result="Failed">
                        <message><![CDATA[  Pagamento ja efetuado.
  Expected: SUCESSO
  But was:  ERROTRATADO
]]></message>
                        <stack-trace><![CDATA[em Acesso.ServiceLayer.IS2B.IntegrationTests.Fixtures.FichaDeCompensacaoTestFixture.Acatar_Pagamento_Com_Desconto_E_Com_ValorBruto(String linhaDigitavel, String codigoDeBarras, String tipoDoServico, String cedente, String valor, String dataVencimento) na C:\Projetos\Acesso\Core\PRODUTOS.Acesso.Lineu2\AcessoCadun\Acesso.ServiceLayer.IS2B.IntegrationTests\Fixtures\FichaDeCompensacaoTestFixture.cs:linha 120
]]></stack-trace>
                      </assertion>
                    </assertions>
                  </test-case>
                  <test-case id="0-1041" name="Acatar_Pagamento_Com_Desconto_E_Com_ValorBruto(&quot;00198.41592 90120.170007 00573.319217 6 71790000002794&quot;,&quot;00196717900000027948415990120170000057331921&quot;,&quot;Ficha Compensacao&quot;,&quot;BANCO DO BRASIL S.&quot;,&quot;27,94   &quot;,&quot;03/06/2017 00:00&quot;)" fullname="Acesso.ServiceLayer.IS2B.IntegrationTests.Fixtures.FichaDeCompensacaoTestFixture.Acatar_Pagamento_Com_Desconto_E_Com_ValorBruto(&quot;00198.41592 90120.170007 00573.319217 6 71790000002794&quot;,&quot;00196717900000027948415990120170000057331921&quot;,&quot;Ficha Compensacao&quot;,&quot;BANCO DO BRASIL S.&quot;,&quot;27,94   &quot;,&quot;03/06/2017 00:00&quot;)" methodname="Acatar_Pagamento_Com_Desconto_E_Com_ValorBruto" classname="Acesso.ServiceLayer.IS2B.IntegrationTests.Fixtures.FichaDeCompensacaoTestFixture" runstate="Runnable" seed="38262544" result="Failed" start-time="2017-06-08 22:18:47Z" end-time="2017-06-08 22:18:47Z" duration="0.303544" asserts="1">
                    <failure>
                      <message><![CDATA[Valores divergentes: Valor ou desconto/acrescimo inconsistente]]></message>
                      <stack-trace><![CDATA[em Acesso.ServiceLayer.IS2B.IntegrationTests.Fixtures.FichaDeCompensacaoTestFixture.Acatar_Pagamento_Com_Desconto_E_Com_ValorBruto(String linhaDigitavel, String codigoDeBarras, String tipoDoServico, String cedente, String valor, String dataVencimento) na C:\Projetos\Acesso\Core\PRODUTOS.Acesso.Lineu2\AcessoCadun\Acesso.ServiceLayer.IS2B.IntegrationTests\Fixtures\FichaDeCompensacaoTestFixture.cs:linha 145
]]></stack-trace>
                    </failure>
                    <output><![CDATA[<Conta>
  <CpfCnpj>11161058702</CpfCnpj>
  <EnderecoIP>127.0.0.1</EnderecoIP>
  <NSU>0</NSU>
  <NSUExterno>670256886</NSUExterno>
  <PontoAtendimento>
    <Login>teste</Login>
    <PosId>0</PosId>
    <Senha>teste</Senha>
  </PontoAtendimento>
  <SiteIntegracaoId>0</SiteIntegracaoId>
  <TerminalExterno>123</TerminalExterno>
  <TipoTransacao>RECEBERCONTA</TipoTransacao>
  <Token>0</Token>
  <Versao>2.0</Versao>
  <DadosPagamento p2:type="PagamentoDinheiro" xmlns:p2="http://www.w3.org/2001/XMLSchema-instance">
    <FormaPagamento>DINHEIRO</FormaPagamento>
    <QtdParcelas>0</QtdParcelas>
    <pontos>0</pontos>
    <valor>27.94</valor>
    <valorBruto>113.45</valorBruto>
    <valorDesconto>85.51</valorDesconto>
  </DadosPagamento>
  <Cedente>BANCO DO BRASIL S.</Cedente>
  <CodBarras>
    <TipoServico>FichaCompensacao</TipoServico>
    <codBarras>00196717900000027948415990120170000057331921</codBarras>
    <linhaDigitavel>00198415929012017000700573319217671790000002794</linhaDigitavel>
  </CodBarras>
  <DataVencimento>2017-06-03T00:00:00</DataVencimento>
</Conta>
------------------------------------------------------
CodigoErro: 999
MensagemErro: Valores divergentes: Valor ou desconto/acrescimo inconsistente
StatusTransacao: ERRODESCONHECIDO
------------------------------------------------------
<Resposta>
  <ExtensionData />
  <CodigoErro>999</CodigoErro>
  <MensagemErro>Valores divergentes: Valor ou desconto/acrescimo inconsistente</MensagemErro>
  <StatusTransacao>ERRODESCONHECIDO</StatusTransacao>
</Resposta>
]]></output>
                    <assertions>
                      <assertion result="Failed">
                        <message><![CDATA[Valores divergentes: Valor ou desconto/acrescimo inconsistente]]></message>
                        <stack-trace><![CDATA[em Acesso.ServiceLayer.IS2B.IntegrationTests.Fixtures.FichaDeCompensacaoTestFixture.Acatar_Pagamento_Com_Desconto_E_Com_ValorBruto(String linhaDigitavel, String codigoDeBarras, String tipoDoServico, String cedente, String valor, String dataVencimento) na C:\Projetos\Acesso\Core\PRODUTOS.Acesso.Lineu2\AcessoCadun\Acesso.ServiceLayer.IS2B.IntegrationTests\Fixtures\FichaDeCompensacaoTestFixture.cs:linha 145
]]></stack-trace>
                      </assertion>
                    </assertions>
                  </test-case>
                  <test-case id="0-1042" name="Acatar_Pagamento_Com_Desconto_E_Com_ValorBruto(&quot;42297.04707 00000.888420 01130.050725 1 71810000227859&quot;,&quot;42291718100002278597047000000888420113005072&quot;,&quot;Ficha Compensacao&quot;,&quot;BANCO SAFRA S.A.  &quot;,&quot;2.278,59&quot;,&quot;05/06/2017 00:00&quot;)" fullname="Acesso.ServiceLayer.IS2B.IntegrationTests.Fixtures.FichaDeCompensacaoTestFixture.Acatar_Pagamento_Com_Desconto_E_Com_ValorBruto(&quot;42297.04707 00000.888420 01130.050725 1 71810000227859&quot;,&quot;42291718100002278597047000000888420113005072&quot;,&quot;Ficha Compensacao&quot;,&quot;BANCO SAFRA S.A.  &quot;,&quot;2.278,59&quot;,&quot;05/06/2017 00:00&quot;)" methodname="Acatar_Pagamento_Com_Desconto_E_Com_ValorBruto" classname="Acesso.ServiceLayer.IS2B.IntegrationTests.Fixtures.FichaDeCompensacaoTestFixture" runstate="Runnable" seed="1016557587" result="Failed" start-time="2017-06-08 22:18:47Z" end-time="2017-06-08 22:18:48Z" duration="0.302275" asserts="1">
                    <failure>
                      <message><![CDATA[Valores divergentes: Valor ou desconto/acrescimo inconsistente]]></message>
                      <stack-trace><![CDATA[em Acesso.ServiceLayer.IS2B.IntegrationTests.Fixtures.FichaDeCompensacaoTestFixture.Acatar_Pagamento_Com_Desconto_E_Com_ValorBruto(String linhaDigitavel, String codigoDeBarras, String tipoDoServico, String cedente, String valor, String dataVencimento) na C:\Projetos\Acesso\Core\PRODUTOS.Acesso.Lineu2\AcessoCadun\Acesso.ServiceLayer.IS2B.IntegrationTests\Fixtures\FichaDeCompensacaoTestFixture.cs:linha 145
]]></stack-trace>
                    </failure>
                    <output><![CDATA[<Conta>
  <CpfCnpj>11161058702</CpfCnpj>
  <EnderecoIP>127.0.0.1</EnderecoIP>
  <NSU>0</NSU>
  <NSUExterno>904257905</NSUExterno>
  <PontoAtendimento>
    <Login>teste</Login>
    <PosId>0</PosId>
    <Senha>teste</Senha>
  </PontoAtendimento>
  <SiteIntegracaoId>0</SiteIntegracaoId>
  <TerminalExterno>123</TerminalExterno>
  <TipoTransacao>RECEBERCONTA</TipoTransacao>
  <Token>0</Token>
  <Versao>2.0</Versao>
  <DadosPagamento p2:type="PagamentoDinheiro" xmlns:p2="http://www.w3.org/2001/XMLSchema-instance">
    <FormaPagamento>DINHEIRO</FormaPagamento>
    <QtdParcelas>0</QtdParcelas>
    <pontos>0</pontos>
    <valor>2278.59</valor>
    <valorBruto>2364.1</valorBruto>
    <valorDesconto>85.51</valorDesconto>
  </DadosPagamento>
  <Cedente>BANCO SAFRA S.A.  </Cedente>
  <CodBarras>
    <TipoServico>FichaCompensacao</TipoServico>
    <codBarras>42291718100002278597047000000888420113005072</codBarras>
    <linhaDigitavel>42297047070000088842001130050725171810000227859</linhaDigitavel>
  </CodBarras>
  <DataVencimento>2017-06-05T00:00:00</DataVencimento>
</Conta>
------------------------------------------------------
CodigoErro: 999
MensagemErro: Valores divergentes: Valor ou desconto/acrescimo inconsistente
StatusTransacao: ERRODESCONHECIDO
------------------------------------------------------
<Resposta>
  <ExtensionData />
  <CodigoErro>999</CodigoErro>
  <MensagemErro>Valores divergentes: Valor ou desconto/acrescimo inconsistente</MensagemErro>
  <StatusTransacao>ERRODESCONHECIDO</StatusTransacao>
</Resposta>
]]></output>
                    <assertions>
                      <assertion result="Failed">
                        <message><![CDATA[Valores divergentes: Valor ou desconto/acrescimo inconsistente]]></message>
                        <stack-trace><![CDATA[em Acesso.ServiceLayer.IS2B.IntegrationTests.Fixtures.FichaDeCompensacaoTestFixture.Acatar_Pagamento_Com_Desconto_E_Com_ValorBruto(String linhaDigitavel, String codigoDeBarras, String tipoDoServico, String cedente, String valor, String dataVencimento) na C:\Projetos\Acesso\Core\PRODUTOS.Acesso.Lineu2\AcessoCadun\Acesso.ServiceLayer.IS2B.IntegrationTests\Fixtures\FichaDeCompensacaoTestFixture.cs:linha 145
]]></stack-trace>
                      </assertion>
                    </assertions>
                  </test-case>
                  <test-case id="0-1043" name="Acatar_Pagamento_Com_Desconto_E_Com_ValorBruto(&quot;23792.37403 95010.810984 18008.790000 6 71840000032612&quot;,&quot;23796718400000326122374095010810981800879000&quot;,&quot;Ficha Compensacao&quot;,&quot;BANCO BRADESCO S.A&quot;,&quot;326,12  &quot;,&quot;08/06/2017 00:00&quot;)" fullname="Acesso.ServiceLayer.IS2B.IntegrationTests.Fixtures.FichaDeCompensacaoTestFixture.Acatar_Pagamento_Com_Desconto_E_Com_ValorBruto(&quot;23792.37403 95010.810984 18008.790000 6 71840000032612&quot;,&quot;23796718400000326122374095010810981800879000&quot;,&quot;Ficha Compensacao&quot;,&quot;BANCO BRADESCO S.A&quot;,&quot;326,12  &quot;,&quot;08/06/2017 00:00&quot;)" methodname="Acatar_Pagamento_Com_Desconto_E_Com_ValorBruto" classname="Acesso.ServiceLayer.IS2B.IntegrationTests.Fixtures.FichaDeCompensacaoTestFixture" runstate="Runnable" seed="1336627370" result="Failed" start-time="2017-06-08 22:18:48Z" end-time="2017-06-08 22:18:48Z" duration="0.291314" asserts="3">
                    <failure>
                      <message><![CDATA[  Pagamento ja efetuado.
  Expected: SUCESSO
  But was:  ERROTRATADO
]]></message>
                      <stack-trace><![CDATA[em Acesso.ServiceLayer.IS2B.IntegrationTests.Fixtures.FichaDeCompensacaoTestFixture.Acatar_Pagamento_Com_Desconto_E_Com_ValorBruto(String linhaDigitavel, String codigoDeBarras, String tipoDoServico, String cedente, String valor, String dataVencimento) na C:\Projetos\Acesso\Core\PRODUTOS.Acesso.Lineu2\AcessoCadun\Acesso.ServiceLayer.IS2B.IntegrationTests\Fixtures\FichaDeCompensacaoTestFixture.cs:linha 120
]]></stack-trace>
                    </failure>
                    <output><![CDATA[<Conta>
  <CpfCnpj>11161058702</CpfCnpj>
  <EnderecoIP>127.0.0.1</EnderecoIP>
  <NSU>0</NSU>
  <NSUExterno>1651116330</NSUExterno>
  <PontoAtendimento>
    <Login>teste</Login>
    <PosId>0</PosId>
    <Senha>teste</Senha>
  </PontoAtendimento>
  <SiteIntegracaoId>0</SiteIntegracaoId>
  <TerminalExterno>123</TerminalExterno>
  <TipoTransacao>RECEBERCONTA</TipoTransacao>
  <Token>0</Token>
  <Versao>2.0</Versao>
  <DadosPagamento p2:type="PagamentoDinheiro" xmlns:p2="http://www.w3.org/2001/XMLSchema-instance">
    <FormaPagamento>DINHEIRO</FormaPagamento>
    <QtdParcelas>0</QtdParcelas>
    <pontos>0</pontos>
    <valor>326.12</valor>
    <valorBruto>411.63</valorBruto>
    <valorDesconto>85.51</valorDesconto>
  </DadosPagamento>
  <Cedente>BANCO BRADESCO S.A</Cedente>
  <CodBarras>
    <TipoServico>FichaCompensacao</TipoServico>
    <codBarras>23796718400000326122374095010810981800879000</codBarras>
    <linhaDigitavel>23792374039501081098418008790000671840000032612</linhaDigitavel>
  </CodBarras>
  <DataVencimento>2017-06-08T00:00:00</DataVencimento>
</Conta>
------------------------------------------------------
CodigoErro: 000
MensagemErro: Pagamento ja efetuado.
StatusTransacao: ERROTRATADO
------------------------------------------------------
<RespostaConta>
  <ExtensionData />
  <CodigoErro>000</CodigoErro>
  <MensagemErro>Pagamento ja efetuado.</MensagemErro>
  <StatusTransacao>ERROTRATADO</StatusTransacao>
  <Autenticacao>0</Autenticacao>
  <Comprovante>
    <ExtensionData />
  </Comprovante>
  <DataLiquidacao>0001-01-01T00:00:00</DataLiquidacao>
  <DataOperacao>0001-01-01T00:00:00</DataOperacao>
  <ProtocoloId>0</ProtocoloId>
  <indVencido>false</indVencido>
</RespostaConta>
]]></output>
                    <assertions>
                      <assertion result="Failed">
                        <message><![CDATA[  Pagamento ja efetuado.
  Expected: SUCESSO
  But was:  ERROTRATADO
]]></message>
                        <stack-trace><![CDATA[em Acesso.ServiceLayer.IS2B.IntegrationTests.Fixtures.FichaDeCompensacaoTestFixture.Acatar_Pagamento_Com_Desconto_E_Com_ValorBruto(String linhaDigitavel, String codigoDeBarras, String tipoDoServico, String cedente, String valor, String dataVencimento) na C:\Projetos\Acesso\Core\PRODUTOS.Acesso.Lineu2\AcessoCadun\Acesso.ServiceLayer.IS2B.IntegrationTests\Fixtures\FichaDeCompensacaoTestFixture.cs:linha 120
]]></stack-trace>
                      </assertion>
                    </assertions>
                  </test-case>
                </test-suite>
                <test-suite type="ParameterizedMethod" id="0-1022" name="Acatar_Pagamento_SemDesconto_Sem_ValorBruto" fullname="Acesso.ServiceLayer.IS2B.IntegrationTests.Fixtures.FichaDeCompensacaoTestFixture.Acatar_Pagamento_SemDesconto_Sem_ValorBruto" classname="Acesso.ServiceLayer.IS2B.IntegrationTests.Fixtures.FichaDeCompensacaoTestFixture" runstate="Runnable" testcasecount="21" result="Failed" site="Child" start-time="2017-06-08 22:18:48Z" end-time="2017-06-08 22:19:25Z" duration="36.628119" total="21" passed="2" failed="19" warnings="0" inconclusive="0" skipped="0" asserts="61">
                  <properties>
                    <property name="Category" value="SemDesconto" />
                  </properties>
                  <failure>
                    <message><![CDATA[One or more child tests had errors]]></message>
                  </failure>
                  <test-case id="0-1001" name="Acatar_Pagamento_SemDesconto_Sem_ValorBruto(&quot;10492.99116 52000.100041 00030.197800 3 71820000023575&quot;,&quot;10493718200000235752991152000100040003019780&quot;,&quot;Ficha Compensacao&quot;,&quot;Caixa Econ Federal&quot;,&quot;235,75&quot;,&quot;06/06/2017 00:00&quot;)" fullname="Acesso.ServiceLayer.IS2B.IntegrationTests.Fixtures.FichaDeCompensacaoTestFixture.Acatar_Pagamento_SemDesconto_Sem_ValorBruto(&quot;10492.99116 52000.100041 00030.197800 3 71820000023575&quot;,&quot;10493718200000235752991152000100040003019780&quot;,&quot;Ficha Compensacao&quot;,&quot;Caixa Econ Federal&quot;,&quot;235,75&quot;,&quot;06/06/2017 00:00&quot;)" methodname="Acatar_Pagamento_SemDesconto_Sem_ValorBruto" classname="Acesso.ServiceLayer.IS2B.IntegrationTests.Fixtures.FichaDeCompensacaoTestFixture" runstate="Runnable" seed="413284378" result="Failed" start-time="2017-06-08 22:18:48Z" end-time="2017-06-08 22:18:49Z" duration="1.414294" asserts="3">
                    <failure>
                      <message><![CDATA[  RECEBIMENTO NAO AUTORIZADO. DOCUMENTO VENCIDO
  Expected: SUCESSO
  But was:  ERROTRATADO
]]></message>
                      <stack-trace><![CDATA[em Acesso.ServiceLayer.IS2B.IntegrationTests.Fixtures.FichaDeCompensacaoTestFixture.Acatar_Pagamento_SemDesconto_Sem_ValorBruto(String linhaDigitavel, String codigoDeBarras, String tipoDoServico, String cedente, String valor, String dataVencimento) na C:\Projetos\Acesso\Core\PRODUTOS.Acesso.Lineu2\AcessoCadun\Acesso.ServiceLayer.IS2B.IntegrationTests\Fixtures\FichaDeCompensacaoTestFixture.cs:linha 58
]]></stack-trace>
                    </failure>
                    <output><![CDATA[<Conta>
  <CpfCnpj>11161058702</CpfCnpj>
  <EnderecoIP>127.0.0.1</EnderecoIP>
  <NSU>0</NSU>
  <NSUExterno>1961337608</NSUExterno>
  <PontoAtendimento>
    <Login>teste</Login>
    <PosId>0</PosId>
    <Senha>teste</Senha>
  </PontoAtendimento>
  <SiteIntegracaoId>0</SiteIntegracaoId>
  <TerminalExterno>123</TerminalExterno>
  <TipoTransacao>RECEBERCONTA</TipoTransacao>
  <Token>0</Token>
  <Versao>2.0</Versao>
  <DadosPagamento p2:type="PagamentoDinheiro" xmlns:p2="http://www.w3.org/2001/XMLSchema-instance">
    <FormaPagamento>DINHEIRO</FormaPagamento>
    <QtdParcelas>0</QtdParcelas>
    <pontos>0</pontos>
    <valor>235.75</valor>
    <valorBruto>0</valorBruto>
    <valorDesconto>0</valorDesconto>
  </DadosPagamento>
  <Cedente>Caixa Econ Federal</Cedente>
  <CodBarras>
    <TipoServico>FichaCompensacao</TipoServico>
    <codBarras>10493718200000235752991152000100040003019780</codBarras>
    <linhaDigitavel>10492991165200010004100030197800371820000023575</linhaDigitavel>
  </CodBarras>
  <DataVencimento>2017-06-06T00:00:00</DataVencimento>
</Conta>
------------------------------------------------------
CodigoErro: 000
MensagemErro: RECEBIMENTO NAO AUTORIZADO. DOCUMENTO VENCIDO
StatusTransacao: ERROTRATADO
------------------------------------------------------
<RespostaConta>
  <ExtensionData />
  <CodigoErro>000</CodigoErro>
  <MensagemErro>RECEBIMENTO NAO AUTORIZADO. DOCUMENTO VENCIDO</MensagemErro>
  <StatusTransacao>ERROTRATADO</StatusTransacao>
  <Autenticacao>0</Autenticacao>
  <Comprovante>
    <ExtensionData />
  </Comprovante>
  <DataLiquidacao>0001-01-01T00:00:00</DataLiquidacao>
  <DataOperacao>0001-01-01T00:00:00</DataOperacao>
  <ProtocoloId>0</ProtocoloId>
  <indVencido>false</indVencido>
</RespostaConta>
]]></output>
                    <assertions>
                      <assertion result="Failed">
                        <message><![CDATA[  RECEBIMENTO NAO AUTORIZADO. DOCUMENTO VENCIDO
  Expected: SUCESSO
  But was:  ERROTRATADO
]]></message>
                        <stack-trace><![CDATA[em Acesso.ServiceLayer.IS2B.IntegrationTests.Fixtures.FichaDeCompensacaoTestFixture.Acatar_Pagamento_SemDesconto_Sem_ValorBruto(String linhaDigitavel, String codigoDeBarras, String tipoDoServico, String cedente, String valor, String dataVencimento) na C:\Projetos\Acesso\Core\PRODUTOS.Acesso.Lineu2\AcessoCadun\Acesso.ServiceLayer.IS2B.IntegrationTests\Fixtures\FichaDeCompensacaoTestFixture.cs:linha 58
]]></stack-trace>
                      </assertion>
                    </assertions>
                  </test-case>
                  <test-case id="0-1002" name="Acatar_Pagamento_SemDesconto_Sem_ValorBruto(&quot;75691.45936 01000.315802 07875.370012 1 71860000006990&quot;,&quot;75691718600000069901459301000315800787537001&quot;,&quot;Ficha Compensacao&quot;,&quot;BANCO COOPERATIVO&quot;,&quot;69,90&quot;,&quot;10/06/2017 00:00&quot;)" fullname="Acesso.ServiceLayer.IS2B.IntegrationTests.Fixtures.FichaDeCompensacaoTestFixture.Acatar_Pagamento_SemDesconto_Sem_ValorBruto(&quot;75691.45936 01000.315802 07875.370012 1 71860000006990&quot;,&quot;75691718600000069901459301000315800787537001&quot;,&quot;Ficha Compensacao&quot;,&quot;BANCO COOPERATIVO&quot;,&quot;69,90&quot;,&quot;10/06/2017 00:00&quot;)" methodname="Acatar_Pagamento_SemDesconto_Sem_ValorBruto" classname="Acesso.ServiceLayer.IS2B.IntegrationTests.Fixtures.FichaDeCompensacaoTestFixture" runstate="Runnable" seed="558403737" result="Failed" start-time="2017-06-08 22:18:49Z" end-time="2017-06-08 22:18:52Z" duration="2.997268" asserts="2">
                    <failure>
                      <message><![CDATA[  EXCEDE LIMITE
  String lengths are both 3. Strings differ at index 1.
  Expected: "000"
  But was:  "050"
  ------------^
]]></message>
                      <stack-trace><![CDATA[em Acesso.ServiceLayer.IS2B.IntegrationTests.Fixtures.FichaDeCompensacaoTestFixture.Acatar_Pagamento_SemDesconto_Sem_ValorBruto(String linhaDigitavel, String codigoDeBarras, String tipoDoServico, String cedente, String valor, String dataVencimento) na C:\Projetos\Acesso\Core\PRODUTOS.Acesso.Lineu2\AcessoCadun\Acesso.ServiceLayer.IS2B.IntegrationTests\Fixtures\FichaDeCompensacaoTestFixture.cs:linha 57
]]></stack-trace>
                    </failure>
                    <output><![CDATA[<Conta>
  <CpfCnpj>11161058702</CpfCnpj>
  <EnderecoIP>127.0.0.1</EnderecoIP>
  <NSU>0</NSU>
  <NSUExterno>1415519802</NSUExterno>
  <PontoAtendimento>
    <Login>teste</Login>
    <PosId>0</PosId>
    <Senha>teste</Senha>
  </PontoAtendimento>
  <SiteIntegracaoId>0</SiteIntegracaoId>
  <TerminalExterno>123</TerminalExterno>
  <TipoTransacao>RECEBERCONTA</TipoTransacao>
  <Token>0</Token>
  <Versao>2.0</Versao>
  <DadosPagamento p2:type="PagamentoDinheiro" xmlns:p2="http://www.w3.org/2001/XMLSchema-instance">
    <FormaPagamento>DINHEIRO</FormaPagamento>
    <QtdParcelas>0</QtdParcelas>
    <pontos>0</pontos>
    <valor>69.9</valor>
    <valorBruto>0</valorBruto>
    <valorDesconto>0</valorDesconto>
  </DadosPagamento>
  <Cedente>BANCO COOPERATIVO</Cedente>
  <CodBarras>
    <TipoServico>FichaCompensacao</TipoServico>
    <codBarras>75691718600000069901459301000315800787537001</codBarras>
    <linhaDigitavel>75691459360100031580207875370012171860000006990</linhaDigitavel>
  </CodBarras>
  <DataVencimento>2017-06-10T00:00:00</DataVencimento>
</Conta>
------------------------------------------------------
CodigoErro: 050
MensagemErro: EXCEDE LIMITE
StatusTransacao: ERROTRATADO
------------------------------------------------------
<RespostaConta>
  <ExtensionData />
  <CodigoErro>050</CodigoErro>
  <MensagemErro>EXCEDE LIMITE</MensagemErro>
  <StatusTransacao>ERROTRATADO</StatusTransacao>
  <Autenticacao>5963</Autenticacao>
  <Comprovante>
    <ExtensionData />
  </Comprovante>
  <DataLiquidacao>0001-01-01T00:00:00</DataLiquidacao>
  <DataOperacao>2017-06-08T19:18:47</DataOperacao>
  <ProtocoloId>2078121</ProtocoloId>
  <indVencido>false</indVencido>
</RespostaConta>
]]></output>
                    <assertions>
                      <assertion result="Failed">
                        <message><![CDATA[  EXCEDE LIMITE
  String lengths are both 3. Strings differ at index 1.
  Expected: "000"
  But was:  "050"
  ------------^
]]></message>
                        <stack-trace><![CDATA[em Acesso.ServiceLayer.IS2B.IntegrationTests.Fixtures.FichaDeCompensacaoTestFixture.Acatar_Pagamento_SemDesconto_Sem_ValorBruto(String linhaDigitavel, String codigoDeBarras, String tipoDoServico, String cedente, String valor, String dataVencimento) na C:\Projetos\Acesso\Core\PRODUTOS.Acesso.Lineu2\AcessoCadun\Acesso.ServiceLayer.IS2B.IntegrationTests\Fixtures\FichaDeCompensacaoTestFixture.cs:linha 57
]]></stack-trace>
                      </assertion>
                    </assertions>
                  </test-case>
                  <test-case id="0-1003" name="Acatar_Pagamento_SemDesconto_Sem_ValorBruto(&quot;03399.49281 36981.713708 20376.701023 1 00000000000000&quot;,&quot;03391000000000000009492836981713702037670102&quot;,&quot;Ficha Compensacao&quot;,&quot;BANCO DO ESTADO DE&quot;,&quot;346,53&quot;,&quot;28/06/2017 00:00&quot;)" fullname="Acesso.ServiceLayer.IS2B.IntegrationTests.Fixtures.FichaDeCompensacaoTestFixture.Acatar_Pagamento_SemDesconto_Sem_ValorBruto(&quot;03399.49281 36981.713708 20376.701023 1 00000000000000&quot;,&quot;03391000000000000009492836981713702037670102&quot;,&quot;Ficha Compensacao&quot;,&quot;BANCO DO ESTADO DE&quot;,&quot;346,53&quot;,&quot;28/06/2017 00:00&quot;)" methodname="Acatar_Pagamento_SemDesconto_Sem_ValorBruto" classname="Acesso.ServiceLayer.IS2B.IntegrationTests.Fixtures.FichaDeCompensacaoTestFixture" runstate="Runnable" seed="3789710" result="Passed" start-time="2017-06-08 22:18:52Z" end-time="2017-06-08 22:18:56Z" duration="3.826479" asserts="8">
                    <output><![CDATA[<Conta>
  <CpfCnpj>11161058702</CpfCnpj>
  <EnderecoIP>127.0.0.1</EnderecoIP>
  <NSU>0</NSU>
  <NSUExterno>2130815677</NSUExterno>
  <PontoAtendimento>
    <Login>teste</Login>
    <PosId>0</PosId>
    <Senha>teste</Senha>
  </PontoAtendimento>
  <SiteIntegracaoId>0</SiteIntegracaoId>
  <TerminalExterno>123</TerminalExterno>
  <TipoTransacao>RECEBERCONTA</TipoTransacao>
  <Token>0</Token>
  <Versao>2.0</Versao>
  <DadosPagamento p2:type="PagamentoDinheiro" xmlns:p2="http://www.w3.org/2001/XMLSchema-instance">
    <FormaPagamento>DINHEIRO</FormaPagamento>
    <QtdParcelas>0</QtdParcelas>
    <pontos>0</pontos>
    <valor>346.53</valor>
    <valorBruto>0</valorBruto>
    <valorDesconto>0</valorDesconto>
  </DadosPagamento>
  <Cedente>BANCO DO ESTADO DE</Cedente>
  <CodBarras>
    <TipoServico>FichaCompensacao</TipoServico>
    <codBarras>03391000000000000009492836981713702037670102</codBarras>
    <linhaDigitavel>03399492813698171370820376701023100000000000000</linhaDigitavel>
  </CodBarras>
  <DataVencimento>2017-06-28T00:00:00</DataVencimento>
</Conta>
<RespostaConta>
  <ExtensionData />
  <CodigoErro>000</CodigoErro>
  <StatusTransacao>SUCESSO</StatusTransacao>
  <Autenticacao>5965</Autenticacao>
  <Comprovante>
    <ExtensionData />
    <CamposComprovante />
    <ComprovanteFormatado>          PROTOCOLO 0002078123

1          08/06/2017        19:18
TERM 228005 AGENTE 228005 AUTE 05965
----------------------------------------
AUTO 023397           RECEBIMENTO CONTA
                    
          BANCO SANTANDER S.A
                    
              VALOR 346,53

        03399.49281  36981.713708      
       20376.701023  1 00000000000000


    VALIDO COMO RECIBO DE PAGAMENTO
----------------------------------------

</ComprovanteFormatado>
  </Comprovante>
  <DataLiquidacao>2017-05-09T00:00:00</DataLiquidacao>
  <DataOperacao>2017-06-08T19:18:49</DataOperacao>
  <ProtocoloId>2078123</ProtocoloId>
  <indVencido>false</indVencido>
</RespostaConta>
]]></output>
                  </test-case>
                  <test-case id="0-1004" name="Acatar_Pagamento_SemDesconto_Sem_ValorBruto(&quot;00190.00009 02978.334007 00000.038174 4 71810000004997&quot;,&quot;00194718100000049970000002978334000000003817&quot;,&quot;Ficha Compensacao&quot;,&quot;BANCO DO BRASIL S.&quot;,&quot;49,97   &quot;,&quot;05/06/2017 00:00&quot;)" fullname="Acesso.ServiceLayer.IS2B.IntegrationTests.Fixtures.FichaDeCompensacaoTestFixture.Acatar_Pagamento_SemDesconto_Sem_ValorBruto(&quot;00190.00009 02978.334007 00000.038174 4 71810000004997&quot;,&quot;00194718100000049970000002978334000000003817&quot;,&quot;Ficha Compensacao&quot;,&quot;BANCO DO BRASIL S.&quot;,&quot;49,97   &quot;,&quot;05/06/2017 00:00&quot;)" methodname="Acatar_Pagamento_SemDesconto_Sem_ValorBruto" classname="Acesso.ServiceLayer.IS2B.IntegrationTests.Fixtures.FichaDeCompensacaoTestFixture" runstate="Runnable" seed="1955898665" result="Failed" start-time="2017-06-08 22:18:56Z" end-time="2017-06-08 22:18:59Z" duration="3.136757" asserts="2">
                    <failure>
                      <message><![CDATA[  EXCEDE LIMITE
  String lengths are both 3. Strings differ at index 1.
  Expected: "000"
  But was:  "050"
  ------------^
]]></message>
                      <stack-trace><![CDATA[em Acesso.ServiceLayer.IS2B.IntegrationTests.Fixtures.FichaDeCompensacaoTestFixture.Acatar_Pagamento_SemDesconto_Sem_ValorBruto(String linhaDigitavel, String codigoDeBarras, String tipoDoServico, String cedente, String valor, String dataVencimento) na C:\Projetos\Acesso\Core\PRODUTOS.Acesso.Lineu2\AcessoCadun\Acesso.ServiceLayer.IS2B.IntegrationTests\Fixtures\FichaDeCompensacaoTestFixture.cs:linha 57
]]></stack-trace>
                    </failure>
                    <output><![CDATA[<Conta>
  <CpfCnpj>11161058702</CpfCnpj>
  <EnderecoIP>127.0.0.1</EnderecoIP>
  <NSU>0</NSU>
  <NSUExterno>1689923665</NSUExterno>
  <PontoAtendimento>
    <Login>teste</Login>
    <PosId>0</PosId>
    <Senha>teste</Senha>
  </PontoAtendimento>
  <SiteIntegracaoId>0</SiteIntegracaoId>
  <TerminalExterno>123</TerminalExterno>
  <TipoTransacao>RECEBERCONTA</TipoTransacao>
  <Token>0</Token>
  <Versao>2.0</Versao>
  <DadosPagamento p2:type="PagamentoDinheiro" xmlns:p2="http://www.w3.org/2001/XMLSchema-instance">
    <FormaPagamento>DINHEIRO</FormaPagamento>
    <QtdParcelas>0</QtdParcelas>
    <pontos>0</pontos>
    <valor>49.97</valor>
    <valorBruto>0</valorBruto>
    <valorDesconto>0</valorDesconto>
  </DadosPagamento>
  <Cedente>BANCO DO BRASIL S.</Cedente>
  <CodBarras>
    <TipoServico>FichaCompensacao</TipoServico>
    <codBarras>00194718100000049970000002978334000000003817</codBarras>
    <linhaDigitavel>00190000090297833400700000038174471810000004997</linhaDigitavel>
  </CodBarras>
  <DataVencimento>2017-06-05T00:00:00</DataVencimento>
</Conta>
------------------------------------------------------
CodigoErro: 050
MensagemErro: EXCEDE LIMITE
StatusTransacao: ERROTRATADO
------------------------------------------------------
<RespostaConta>
  <ExtensionData />
  <CodigoErro>050</CodigoErro>
  <MensagemErro>EXCEDE LIMITE</MensagemErro>
  <StatusTransacao>ERROTRATADO</StatusTransacao>
  <Autenticacao>5968</Autenticacao>
  <Comprovante>
    <ExtensionData />
  </Comprovante>
  <DataLiquidacao>0001-01-01T00:00:00</DataLiquidacao>
  <DataOperacao>2017-06-08T19:18:54</DataOperacao>
  <ProtocoloId>2078125</ProtocoloId>
  <indVencido>false</indVencido>
</RespostaConta>
]]></output>
                    <assertions>
                      <assertion result="Failed">
                        <message><![CDATA[  EXCEDE LIMITE
  String lengths are both 3. Strings differ at index 1.
  Expected: "000"
  But was:  "050"
  ------------^
]]></message>
                        <stack-trace><![CDATA[em Acesso.ServiceLayer.IS2B.IntegrationTests.Fixtures.FichaDeCompensacaoTestFixture.Acatar_Pagamento_SemDesconto_Sem_ValorBruto(String linhaDigitavel, String codigoDeBarras, String tipoDoServico, String cedente, String valor, String dataVencimento) na C:\Projetos\Acesso\Core\PRODUTOS.Acesso.Lineu2\AcessoCadun\Acesso.ServiceLayer.IS2B.IntegrationTests\Fixtures\FichaDeCompensacaoTestFixture.cs:linha 57
]]></stack-trace>
                      </assertion>
                    </assertions>
                  </test-case>
                  <test-case id="0-1005" name="Acatar_Pagamento_SemDesconto_Sem_ValorBruto(&quot;00491.89202 16249.870060 00000.000117 5 71840000040500&quot;,&quot;00495718400000405001892016249870060000000011&quot;,&quot;Ficha Compensacao&quot;,&quot;BANCO DO NORDESTE &quot;,&quot;405,00  &quot;,&quot;08/06/2017 00:00&quot;)" fullname="Acesso.ServiceLayer.IS2B.IntegrationTests.Fixtures.FichaDeCompensacaoTestFixture.Acatar_Pagamento_SemDesconto_Sem_ValorBruto(&quot;00491.89202 16249.870060 00000.000117 5 71840000040500&quot;,&quot;00495718400000405001892016249870060000000011&quot;,&quot;Ficha Compensacao&quot;,&quot;BANCO DO NORDESTE &quot;,&quot;405,00  &quot;,&quot;08/06/2017 00:00&quot;)" methodname="Acatar_Pagamento_SemDesconto_Sem_ValorBruto" classname="Acesso.ServiceLayer.IS2B.IntegrationTests.Fixtures.FichaDeCompensacaoTestFixture" runstate="Runnable" seed="444614262" result="Failed" start-time="2017-06-08 22:18:59Z" end-time="2017-06-08 22:19:02Z" duration="2.866564" asserts="2">
                    <failure>
                      <message><![CDATA[  EXCEDE LIMITE
  String lengths are both 3. Strings differ at index 1.
  Expected: "000"
  But was:  "050"
  ------------^
]]></message>
                      <stack-trace><![CDATA[em Acesso.ServiceLayer.IS2B.IntegrationTests.Fixtures.FichaDeCompensacaoTestFixture.Acatar_Pagamento_SemDesconto_Sem_ValorBruto(String linhaDigitavel, String codigoDeBarras, String tipoDoServico, String cedente, String valor, String dataVencimento) na C:\Projetos\Acesso\Core\PRODUTOS.Acesso.Lineu2\AcessoCadun\Acesso.ServiceLayer.IS2B.IntegrationTests\Fixtures\FichaDeCompensacaoTestFixture.cs:linha 57
]]></stack-trace>
                    </failure>
                    <output><![CDATA[<Conta>
  <CpfCnpj>11161058702</CpfCnpj>
  <EnderecoIP>127.0.0.1</EnderecoIP>
  <NSU>0</NSU>
  <NSUExterno>1287008247</NSUExterno>
  <PontoAtendimento>
    <Login>teste</Login>
    <PosId>0</PosId>
    <Senha>teste</Senha>
  </PontoAtendimento>
  <SiteIntegracaoId>0</SiteIntegracaoId>
  <TerminalExterno>123</TerminalExterno>
  <TipoTransacao>RECEBERCONTA</TipoTransacao>
  <Token>0</Token>
  <Versao>2.0</Versao>
  <DadosPagamento p2:type="PagamentoDinheiro" xmlns:p2="http://www.w3.org/2001/XMLSchema-instance">
    <FormaPagamento>DINHEIRO</FormaPagamento>
    <QtdParcelas>0</QtdParcelas>
    <pontos>0</pontos>
    <valor>405</valor>
    <valorBruto>0</valorBruto>
    <valorDesconto>0</valorDesconto>
  </DadosPagamento>
  <Cedente>BANCO DO NORDESTE </Cedente>
  <CodBarras>
    <TipoServico>FichaCompensacao</TipoServico>
    <codBarras>00495718400000405001892016249870060000000011</codBarras>
    <linhaDigitavel>00491892021624987006000000000117571840000040500</linhaDigitavel>
  </CodBarras>
  <DataVencimento>2017-06-08T00:00:00</DataVencimento>
</Conta>
------------------------------------------------------
CodigoErro: 050
MensagemErro: EXCEDE LIMITE
StatusTransacao: ERROTRATADO
------------------------------------------------------
<RespostaConta>
  <ExtensionData />
  <CodigoErro>050</CodigoErro>
  <MensagemErro>EXCEDE LIMITE</MensagemErro>
  <StatusTransacao>ERROTRATADO</StatusTransacao>
  <Autenticacao>5970</Autenticacao>
  <Comprovante>
    <ExtensionData />
  </Comprovante>
  <DataLiquidacao>0001-01-01T00:00:00</DataLiquidacao>
  <DataOperacao>2017-06-08T19:18:57</DataOperacao>
  <ProtocoloId>2078127</ProtocoloId>
  <indVencido>false</indVencido>
</RespostaConta>
]]></output>
                    <assertions>
                      <assertion result="Failed">
                        <message><![CDATA[  EXCEDE LIMITE
  String lengths are both 3. Strings differ at index 1.
  Expected: "000"
  But was:  "050"
  ------------^
]]></message>
                        <stack-trace><![CDATA[em Acesso.ServiceLayer.IS2B.IntegrationTests.Fixtures.FichaDeCompensacaoTestFixture.Acatar_Pagamento_SemDesconto_Sem_ValorBruto(String linhaDigitavel, String codigoDeBarras, String tipoDoServico, String cedente, String valor, String dataVencimento) na C:\Projetos\Acesso\Core\PRODUTOS.Acesso.Lineu2\AcessoCadun\Acesso.ServiceLayer.IS2B.IntegrationTests\Fixtures\FichaDeCompensacaoTestFixture.cs:linha 57
]]></stack-trace>
                      </assertion>
                    </assertions>
                  </test-case>
                  <test-case id="0-1006" name="Acatar_Pagamento_SemDesconto_Sem_ValorBruto(&quot;00190.00009 02790.799064 00008.794174 1 71910000002000&quot;,&quot;00191719100000020000000002790799060000879417&quot;,&quot;Ficha Compensacao&quot;,&quot;BANCO DO BRASIL S.&quot;,&quot;20,00   &quot;,&quot;15/06/2017 00:00&quot;)" fullname="Acesso.ServiceLayer.IS2B.IntegrationTests.Fixtures.FichaDeCompensacaoTestFixture.Acatar_Pagamento_SemDesconto_Sem_ValorBruto(&quot;00190.00009 02790.799064 00008.794174 1 71910000002000&quot;,&quot;00191719100000020000000002790799060000879417&quot;,&quot;Ficha Compensacao&quot;,&quot;BANCO DO BRASIL S.&quot;,&quot;20,00   &quot;,&quot;15/06/2017 00:00&quot;)" methodname="Acatar_Pagamento_SemDesconto_Sem_ValorBruto" classname="Acesso.ServiceLayer.IS2B.IntegrationTests.Fixtures.FichaDeCompensacaoTestFixture" runstate="Runnable" seed="1483625342" result="Failed" start-time="2017-06-08 22:19:02Z" end-time="2017-06-08 22:19:05Z" duration="2.820191" asserts="2">
                    <failure>
                      <message><![CDATA[  EXCEDE LIMITE
  String lengths are both 3. Strings differ at index 1.
  Expected: "000"
  But was:  "050"
  ------------^
]]></message>
                      <stack-trace><![CDATA[em Acesso.ServiceLayer.IS2B.IntegrationTests.Fixtures.FichaDeCompensacaoTestFixture.Acatar_Pagamento_SemDesconto_Sem_ValorBruto(String linhaDigitavel, String codigoDeBarras, String tipoDoServico, String cedente, String valor, String dataVencimento) na C:\Projetos\Acesso\Core\PRODUTOS.Acesso.Lineu2\AcessoCadun\Acesso.ServiceLayer.IS2B.IntegrationTests\Fixtures\FichaDeCompensacaoTestFixture.cs:linha 57
]]></stack-trace>
                    </failure>
                    <output><![CDATA[<Conta>
  <CpfCnpj>11161058702</CpfCnpj>
  <EnderecoIP>127.0.0.1</EnderecoIP>
  <NSU>0</NSU>
  <NSUExterno>859969115</NSUExterno>
  <PontoAtendimento>
    <Login>teste</Login>
    <PosId>0</PosId>
    <Senha>teste</Senha>
  </PontoAtendimento>
  <SiteIntegracaoId>0</SiteIntegracaoId>
  <TerminalExterno>123</TerminalExterno>
  <TipoTransacao>RECEBERCONTA</TipoTransacao>
  <Token>0</Token>
  <Versao>2.0</Versao>
  <DadosPagamento p2:type="PagamentoDinheiro" xmlns:p2="http://www.w3.org/2001/XMLSchema-instance">
    <FormaPagamento>DINHEIRO</FormaPagamento>
    <QtdParcelas>0</QtdParcelas>
    <pontos>0</pontos>
    <valor>20</valor>
    <valorBruto>0</valorBruto>
    <valorDesconto>0</valorDesconto>
  </DadosPagamento>
  <Cedente>BANCO DO BRASIL S.</Cedente>
  <CodBarras>
    <TipoServico>FichaCompensacao</TipoServico>
    <codBarras>00191719100000020000000002790799060000879417</codBarras>
    <linhaDigitavel>00190000090279079906400008794174171910000002000</linhaDigitavel>
  </CodBarras>
  <DataVencimento>2017-06-15T00:00:00</DataVencimento>
</Conta>
------------------------------------------------------
CodigoErro: 050
MensagemErro: EXCEDE LIMITE
StatusTransacao: ERROTRATADO
------------------------------------------------------
<RespostaConta>
  <ExtensionData />
  <CodigoErro>050</CodigoErro>
  <MensagemErro>EXCEDE LIMITE</MensagemErro>
  <StatusTransacao>ERROTRATADO</StatusTransacao>
  <Autenticacao>5972</Autenticacao>
  <Comprovante>
    <ExtensionData />
  </Comprovante>
  <DataLiquidacao>0001-01-01T00:00:00</DataLiquidacao>
  <DataOperacao>2017-06-08T19:19:00</DataOperacao>
  <ProtocoloId>2078129</ProtocoloId>
  <indVencido>false</indVencido>
</RespostaConta>
]]></output>
                    <assertions>
                      <assertion result="Failed">
                        <message><![CDATA[  EXCEDE LIMITE
  String lengths are both 3. Strings differ at index 1.
  Expected: "000"
  But was:  "050"
  ------------^
]]></message>
                        <stack-trace><![CDATA[em Acesso.ServiceLayer.IS2B.IntegrationTests.Fixtures.FichaDeCompensacaoTestFixture.Acatar_Pagamento_SemDesconto_Sem_ValorBruto(String linhaDigitavel, String codigoDeBarras, String tipoDoServico, String cedente, String valor, String dataVencimento) na C:\Projetos\Acesso\Core\PRODUTOS.Acesso.Lineu2\AcessoCadun\Acesso.ServiceLayer.IS2B.IntegrationTests\Fixtures\FichaDeCompensacaoTestFixture.cs:linha 57
]]></stack-trace>
                      </assertion>
                    </assertions>
                  </test-case>
                  <test-case id="0-1007" name="Acatar_Pagamento_SemDesconto_Sem_ValorBruto(&quot;03399.20159 51000.246440 99001.401027 5 71840000084891&quot;,&quot;03395718400000848919201551000246449900140102&quot;,&quot;Ficha Compensacao&quot;,&quot;BANCO DO ESTADO DE&quot;,&quot;848,91  &quot;,&quot;08/06/2017 00:00&quot;)" fullname="Acesso.ServiceLayer.IS2B.IntegrationTests.Fixtures.FichaDeCompensacaoTestFixture.Acatar_Pagamento_SemDesconto_Sem_ValorBruto(&quot;03399.20159 51000.246440 99001.401027 5 71840000084891&quot;,&quot;03395718400000848919201551000246449900140102&quot;,&quot;Ficha Compensacao&quot;,&quot;BANCO DO ESTADO DE&quot;,&quot;848,91  &quot;,&quot;08/06/2017 00:00&quot;)" methodname="Acatar_Pagamento_SemDesconto_Sem_ValorBruto" classname="Acesso.ServiceLayer.IS2B.IntegrationTests.Fixtures.FichaDeCompensacaoTestFixture" runstate="Runnable" seed="1293336195" result="Failed" start-time="2017-06-08 22:19:05Z" end-time="2017-06-08 22:19:05Z" duration="0.290885" asserts="3">
                    <failure>
                      <message><![CDATA[  Pagamento ja efetuado.
  Expected: SUCESSO
  But was:  ERROTRATADO
]]></message>
                      <stack-trace><![CDATA[em Acesso.ServiceLayer.IS2B.IntegrationTests.Fixtures.FichaDeCompensacaoTestFixture.Acatar_Pagamento_SemDesconto_Sem_ValorBruto(String linhaDigitavel, String codigoDeBarras, String tipoDoServico, String cedente, String valor, String dataVencimento) na C:\Projetos\Acesso\Core\PRODUTOS.Acesso.Lineu2\AcessoCadun\Acesso.ServiceLayer.IS2B.IntegrationTests\Fixtures\FichaDeCompensacaoTestFixture.cs:linha 58
]]></stack-trace>
                    </failure>
                    <output><![CDATA[<Conta>
  <CpfCnpj>11161058702</CpfCnpj>
  <EnderecoIP>127.0.0.1</EnderecoIP>
  <NSU>0</NSU>
  <NSUExterno>1559789047</NSUExterno>
  <PontoAtendimento>
    <Login>teste</Login>
    <PosId>0</PosId>
    <Senha>teste</Senha>
  </PontoAtendimento>
  <SiteIntegracaoId>0</SiteIntegracaoId>
  <TerminalExterno>123</TerminalExterno>
  <TipoTransacao>RECEBERCONTA</TipoTransacao>
  <Token>0</Token>
  <Versao>2.0</Versao>
  <DadosPagamento p2:type="PagamentoDinheiro" xmlns:p2="http://www.w3.org/2001/XMLSchema-instance">
    <FormaPagamento>DINHEIRO</FormaPagamento>
    <QtdParcelas>0</QtdParcelas>
    <pontos>0</pontos>
    <valor>848.91</valor>
    <valorBruto>0</valorBruto>
    <valorDesconto>0</valorDesconto>
  </DadosPagamento>
  <Cedente>BANCO DO ESTADO DE</Cedente>
  <CodBarras>
    <TipoServico>FichaCompensacao</TipoServico>
    <codBarras>03395718400000848919201551000246449900140102</codBarras>
    <linhaDigitavel>03399201595100024644099001401027571840000084891</linhaDigitavel>
  </CodBarras>
  <DataVencimento>2017-06-08T00:00:00</DataVencimento>
</Conta>
------------------------------------------------------
CodigoErro: 000
MensagemErro: Pagamento ja efetuado.
StatusTransacao: ERROTRATADO
------------------------------------------------------
<RespostaConta>
  <ExtensionData />
  <CodigoErro>000</CodigoErro>
  <MensagemErro>Pagamento ja efetuado.</MensagemErro>
  <StatusTransacao>ERROTRATADO</StatusTransacao>
  <Autenticacao>0</Autenticacao>
  <Comprovante>
    <ExtensionData />
  </Comprovante>
  <DataLiquidacao>0001-01-01T00:00:00</DataLiquidacao>
  <DataOperacao>0001-01-01T00:00:00</DataOperacao>
  <ProtocoloId>0</ProtocoloId>
  <indVencido>false</indVencido>
</RespostaConta>
]]></output>
                    <assertions>
                      <assertion result="Failed">
                        <message><![CDATA[  Pagamento ja efetuado.
  Expected: SUCESSO
  But was:  ERROTRATADO
]]></message>
                        <stack-trace><![CDATA[em Acesso.ServiceLayer.IS2B.IntegrationTests.Fixtures.FichaDeCompensacaoTestFixture.Acatar_Pagamento_SemDesconto_Sem_ValorBruto(String linhaDigitavel, String codigoDeBarras, String tipoDoServico, String cedente, String valor, String dataVencimento) na C:\Projetos\Acesso\Core\PRODUTOS.Acesso.Lineu2\AcessoCadun\Acesso.ServiceLayer.IS2B.IntegrationTests\Fixtures\FichaDeCompensacaoTestFixture.cs:linha 58
]]></stack-trace>
                      </assertion>
                    </assertions>
                  </test-case>
                  <test-case id="0-1008" name="Acatar_Pagamento_SemDesconto_Sem_ValorBruto(&quot;10492.33925 42000.200040 00099.366890 8 71960000006500&quot;,&quot;10498719600000065002339242000200040009936689&quot;,&quot;Ficha Compensacao&quot;,&quot;Caixa Econ Federal&quot;,&quot;60,00   &quot;,&quot;20/06/2017 00:00&quot;)" fullname="Acesso.ServiceLayer.IS2B.IntegrationTests.Fixtures.FichaDeCompensacaoTestFixture.Acatar_Pagamento_SemDesconto_Sem_ValorBruto(&quot;10492.33925 42000.200040 00099.366890 8 71960000006500&quot;,&quot;10498719600000065002339242000200040009936689&quot;,&quot;Ficha Compensacao&quot;,&quot;Caixa Econ Federal&quot;,&quot;60,00   &quot;,&quot;20/06/2017 00:00&quot;)" methodname="Acatar_Pagamento_SemDesconto_Sem_ValorBruto" classname="Acesso.ServiceLayer.IS2B.IntegrationTests.Fixtures.FichaDeCompensacaoTestFixture" runstate="Runnable" seed="1245495717" result="Failed" start-time="2017-06-08 22:19:05Z" end-time="2017-06-08 22:19:06Z" duration="0.303738" asserts="1">
                    <failure>
                      <message><![CDATA[Valores divergentes: Valor ou desconto/acrescimo inconsistente]]></message>
                      <stack-trace><![CDATA[em Acesso.ServiceLayer.IS2B.IntegrationTests.Fixtures.FichaDeCompensacaoTestFixture.Acatar_Pagamento_SemDesconto_Sem_ValorBruto(String linhaDigitavel, String codigoDeBarras, String tipoDoServico, String cedente, String valor, String dataVencimento) na C:\Projetos\Acesso\Core\PRODUTOS.Acesso.Lineu2\AcessoCadun\Acesso.ServiceLayer.IS2B.IntegrationTests\Fixtures\FichaDeCompensacaoTestFixture.cs:linha 85
]]></stack-trace>
                    </failure>
                    <output><![CDATA[<Conta>
  <CpfCnpj>11161058702</CpfCnpj>
  <EnderecoIP>127.0.0.1</EnderecoIP>
  <NSU>0</NSU>
  <NSUExterno>2134135298</NSUExterno>
  <PontoAtendimento>
    <Login>teste</Login>
    <PosId>0</PosId>
    <Senha>teste</Senha>
  </PontoAtendimento>
  <SiteIntegracaoId>0</SiteIntegracaoId>
  <TerminalExterno>123</TerminalExterno>
  <TipoTransacao>RECEBERCONTA</TipoTransacao>
  <Token>0</Token>
  <Versao>2.0</Versao>
  <DadosPagamento p2:type="PagamentoDinheiro" xmlns:p2="http://www.w3.org/2001/XMLSchema-instance">
    <FormaPagamento>DINHEIRO</FormaPagamento>
    <QtdParcelas>0</QtdParcelas>
    <pontos>0</pontos>
    <valor>60</valor>
    <valorBruto>0</valorBruto>
    <valorDesconto>0</valorDesconto>
  </DadosPagamento>
  <Cedente>Caixa Econ Federal</Cedente>
  <CodBarras>
    <TipoServico>FichaCompensacao</TipoServico>
    <codBarras>10498719600000065002339242000200040009936689</codBarras>
    <linhaDigitavel>10492339254200020004000099366890871960000006500</linhaDigitavel>
  </CodBarras>
  <DataVencimento>2017-06-20T00:00:00</DataVencimento>
</Conta>
------------------------------------------------------
CodigoErro: 999
MensagemErro: Valores divergentes: Valor ou desconto/acrescimo inconsistente
StatusTransacao: ERRODESCONHECIDO
------------------------------------------------------
<Resposta>
  <ExtensionData />
  <CodigoErro>999</CodigoErro>
  <MensagemErro>Valores divergentes: Valor ou desconto/acrescimo inconsistente</MensagemErro>
  <StatusTransacao>ERRODESCONHECIDO</StatusTransacao>
</Resposta>
]]></output>
                    <assertions>
                      <assertion result="Failed">
                        <message><![CDATA[Valores divergentes: Valor ou desconto/acrescimo inconsistente]]></message>
                        <stack-trace><![CDATA[em Acesso.ServiceLayer.IS2B.IntegrationTests.Fixtures.FichaDeCompensacaoTestFixture.Acatar_Pagamento_SemDesconto_Sem_ValorBruto(String linhaDigitavel, String codigoDeBarras, String tipoDoServico, String cedente, String valor, String dataVencimento) na C:\Projetos\Acesso\Core\PRODUTOS.Acesso.Lineu2\AcessoCadun\Acesso.ServiceLayer.IS2B.IntegrationTests\Fixtures\FichaDeCompensacaoTestFixture.cs:linha 85
]]></stack-trace>
                      </assertion>
                    </assertions>
                  </test-case>
                  <test-case id="0-1009" name="Acatar_Pagamento_SemDesconto_Sem_ValorBruto(&quot;03399.47624 73800.000009 00696.301043 7 71810000073552&quot;,&quot;03397718100000735529476273800000000069630104&quot;,&quot;Ficha Compensacao&quot;,&quot;BANCO DO ESTADO DE&quot;,&quot;735,52  &quot;,&quot;05/06/2017 00:00&quot;)" fullname="Acesso.ServiceLayer.IS2B.IntegrationTests.Fixtures.FichaDeCompensacaoTestFixture.Acatar_Pagamento_SemDesconto_Sem_ValorBruto(&quot;03399.47624 73800.000009 00696.301043 7 71810000073552&quot;,&quot;03397718100000735529476273800000000069630104&quot;,&quot;Ficha Compensacao&quot;,&quot;BANCO DO ESTADO DE&quot;,&quot;735,52  &quot;,&quot;05/06/2017 00:00&quot;)" methodname="Acatar_Pagamento_SemDesconto_Sem_ValorBruto" classname="Acesso.ServiceLayer.IS2B.IntegrationTests.Fixtures.FichaDeCompensacaoTestFixture" runstate="Runnable" seed="1623634075" result="Failed" start-time="2017-06-08 22:19:06Z" end-time="2017-06-08 22:19:06Z" duration="0.312672" asserts="3">
                    <failure>
                      <message><![CDATA[  Pagamento ja efetuado.
  Expected: SUCESSO
  But was:  ERROTRATADO
]]></message>
                      <stack-trace><![CDATA[em Acesso.ServiceLayer.IS2B.IntegrationTests.Fixtures.FichaDeCompensacaoTestFixture.Acatar_Pagamento_SemDesconto_Sem_ValorBruto(String linhaDigitavel, String codigoDeBarras, String tipoDoServico, String cedente, String valor, String dataVencimento) na C:\Projetos\Acesso\Core\PRODUTOS.Acesso.Lineu2\AcessoCadun\Acesso.ServiceLayer.IS2B.IntegrationTests\Fixtures\FichaDeCompensacaoTestFixture.cs:linha 58
]]></stack-trace>
                    </failure>
                    <output><![CDATA[<Conta>
  <CpfCnpj>11161058702</CpfCnpj>
  <EnderecoIP>127.0.0.1</EnderecoIP>
  <NSU>0</NSU>
  <NSUExterno>2043599142</NSUExterno>
  <PontoAtendimento>
    <Login>teste</Login>
    <PosId>0</PosId>
    <Senha>teste</Senha>
  </PontoAtendimento>
  <SiteIntegracaoId>0</SiteIntegracaoId>
  <TerminalExterno>123</TerminalExterno>
  <TipoTransacao>RECEBERCONTA</TipoTransacao>
  <Token>0</Token>
  <Versao>2.0</Versao>
  <DadosPagamento p2:type="PagamentoDinheiro" xmlns:p2="http://www.w3.org/2001/XMLSchema-instance">
    <FormaPagamento>DINHEIRO</FormaPagamento>
    <QtdParcelas>0</QtdParcelas>
    <pontos>0</pontos>
    <valor>735.52</valor>
    <valorBruto>0</valorBruto>
    <valorDesconto>0</valorDesconto>
  </DadosPagamento>
  <Cedente>BANCO DO ESTADO DE</Cedente>
  <CodBarras>
    <TipoServico>FichaCompensacao</TipoServico>
    <codBarras>03397718100000735529476273800000000069630104</codBarras>
    <linhaDigitavel>03399476247380000000900696301043771810000073552</linhaDigitavel>
  </CodBarras>
  <DataVencimento>2017-06-05T00:00:00</DataVencimento>
</Conta>
------------------------------------------------------
CodigoErro: 000
MensagemErro: Pagamento ja efetuado.
StatusTransacao: ERROTRATADO
------------------------------------------------------
<RespostaConta>
  <ExtensionData />
  <CodigoErro>000</CodigoErro>
  <MensagemErro>Pagamento ja efetuado.</MensagemErro>
  <StatusTransacao>ERROTRATADO</StatusTransacao>
  <Autenticacao>0</Autenticacao>
  <Comprovante>
    <ExtensionData />
  </Comprovante>
  <DataLiquidacao>0001-01-01T00:00:00</DataLiquidacao>
  <DataOperacao>0001-01-01T00:00:00</DataOperacao>
  <ProtocoloId>0</ProtocoloId>
  <indVencido>false</indVencido>
</RespostaConta>
]]></output>
                    <assertions>
                      <assertion result="Failed">
                        <message><![CDATA[  Pagamento ja efetuado.
  Expected: SUCESSO
  But was:  ERROTRATADO
]]></message>
                        <stack-trace><![CDATA[em Acesso.ServiceLayer.IS2B.IntegrationTests.Fixtures.FichaDeCompensacaoTestFixture.Acatar_Pagamento_SemDesconto_Sem_ValorBruto(String linhaDigitavel, String codigoDeBarras, String tipoDoServico, String cedente, String valor, String dataVencimento) na C:\Projetos\Acesso\Core\PRODUTOS.Acesso.Lineu2\AcessoCadun\Acesso.ServiceLayer.IS2B.IntegrationTests\Fixtures\FichaDeCompensacaoTestFixture.cs:linha 58
]]></stack-trace>
                      </assertion>
                    </assertions>
                  </test-case>
                  <test-case id="0-1010" name="Acatar_Pagamento_SemDesconto_Sem_ValorBruto(&quot;23792.37205 68616.489644 05000.088608 1 71890000007750&quot;,&quot;23791718900000077502372068616489640500008860&quot;,&quot;Ficha Compensacao&quot;,&quot;HSBC FINANCE BRASI&quot;,&quot;77,50   &quot;,&quot;13/06/2017 00:00&quot;)" fullname="Acesso.ServiceLayer.IS2B.IntegrationTests.Fixtures.FichaDeCompensacaoTestFixture.Acatar_Pagamento_SemDesconto_Sem_ValorBruto(&quot;23792.37205 68616.489644 05000.088608 1 71890000007750&quot;,&quot;23791718900000077502372068616489640500008860&quot;,&quot;Ficha Compensacao&quot;,&quot;HSBC FINANCE BRASI&quot;,&quot;77,50   &quot;,&quot;13/06/2017 00:00&quot;)" methodname="Acatar_Pagamento_SemDesconto_Sem_ValorBruto" classname="Acesso.ServiceLayer.IS2B.IntegrationTests.Fixtures.FichaDeCompensacaoTestFixture" runstate="Runnable" seed="602105504" result="Failed" start-time="2017-06-08 22:19:06Z" end-time="2017-06-08 22:19:06Z" duration="0.293866" asserts="3">
                    <failure>
                      <message><![CDATA[  Pagamento ja efetuado.
  Expected: SUCESSO
  But was:  ERROTRATADO
]]></message>
                      <stack-trace><![CDATA[em Acesso.ServiceLayer.IS2B.IntegrationTests.Fixtures.FichaDeCompensacaoTestFixture.Acatar_Pagamento_SemDesconto_Sem_ValorBruto(String linhaDigitavel, String codigoDeBarras, String tipoDoServico, String cedente, String valor, String dataVencimento) na C:\Projetos\Acesso\Core\PRODUTOS.Acesso.Lineu2\AcessoCadun\Acesso.ServiceLayer.IS2B.IntegrationTests\Fixtures\FichaDeCompensacaoTestFixture.cs:linha 58
]]></stack-trace>
                    </failure>
                    <output><![CDATA[<Conta>
  <CpfCnpj>11161058702</CpfCnpj>
  <EnderecoIP>127.0.0.1</EnderecoIP>
  <NSU>0</NSU>
  <NSUExterno>2087292492</NSUExterno>
  <PontoAtendimento>
    <Login>teste</Login>
    <PosId>0</PosId>
    <Senha>teste</Senha>
  </PontoAtendimento>
  <SiteIntegracaoId>0</SiteIntegracaoId>
  <TerminalExterno>123</TerminalExterno>
  <TipoTransacao>RECEBERCONTA</TipoTransacao>
  <Token>0</Token>
  <Versao>2.0</Versao>
  <DadosPagamento p2:type="PagamentoDinheiro" xmlns:p2="http://www.w3.org/2001/XMLSchema-instance">
    <FormaPagamento>DINHEIRO</FormaPagamento>
    <QtdParcelas>0</QtdParcelas>
    <pontos>0</pontos>
    <valor>77.5</valor>
    <valorBruto>0</valorBruto>
    <valorDesconto>0</valorDesconto>
  </DadosPagamento>
  <Cedente>HSBC FINANCE BRASI</Cedente>
  <CodBarras>
    <TipoServico>FichaCompensacao</TipoServico>
    <codBarras>23791718900000077502372068616489640500008860</codBarras>
    <linhaDigitavel>23792372056861648964405000088608171890000007750</linhaDigitavel>
  </CodBarras>
  <DataVencimento>2017-06-13T00:00:00</DataVencimento>
</Conta>
------------------------------------------------------
CodigoErro: 000
MensagemErro: Pagamento ja efetuado.
StatusTransacao: ERROTRATADO
------------------------------------------------------
<RespostaConta>
  <ExtensionData />
  <CodigoErro>000</CodigoErro>
  <MensagemErro>Pagamento ja efetuado.</MensagemErro>
  <StatusTransacao>ERROTRATADO</StatusTransacao>
  <Autenticacao>0</Autenticacao>
  <Comprovante>
    <ExtensionData />
  </Comprovante>
  <DataLiquidacao>0001-01-01T00:00:00</DataLiquidacao>
  <DataOperacao>0001-01-01T00:00:00</DataOperacao>
  <ProtocoloId>0</ProtocoloId>
  <indVencido>false</indVencido>
</RespostaConta>
]]></output>
                    <assertions>
                      <assertion result="Failed">
                        <message><![CDATA[  Pagamento ja efetuado.
  Expected: SUCESSO
  But was:  ERROTRATADO
]]></message>
                        <stack-trace><![CDATA[em Acesso.ServiceLayer.IS2B.IntegrationTests.Fixtures.FichaDeCompensacaoTestFixture.Acatar_Pagamento_SemDesconto_Sem_ValorBruto(String linhaDigitavel, String codigoDeBarras, String tipoDoServico, String cedente, String valor, String dataVencimento) na C:\Projetos\Acesso\Core\PRODUTOS.Acesso.Lineu2\AcessoCadun\Acesso.ServiceLayer.IS2B.IntegrationTests\Fixtures\FichaDeCompensacaoTestFixture.cs:linha 58
]]></stack-trace>
                      </assertion>
                    </assertions>
                  </test-case>
                  <test-case id="0-1011" name="Acatar_Pagamento_SemDesconto_Sem_ValorBruto(&quot;10494.27766 51000.100043 00004.800314 1 71790000003500&quot;,&quot;10491717900000035004277651000100040000480031&quot;,&quot;Ficha Compensacao&quot;,&quot;Caixa Econ Federal&quot;,&quot;35,00   &quot;,&quot;03/06/2017 00:00&quot;)" fullname="Acesso.ServiceLayer.IS2B.IntegrationTests.Fixtures.FichaDeCompensacaoTestFixture.Acatar_Pagamento_SemDesconto_Sem_ValorBruto(&quot;10494.27766 51000.100043 00004.800314 1 71790000003500&quot;,&quot;10491717900000035004277651000100040000480031&quot;,&quot;Ficha Compensacao&quot;,&quot;Caixa Econ Federal&quot;,&quot;35,00   &quot;,&quot;03/06/2017 00:00&quot;)" methodname="Acatar_Pagamento_SemDesconto_Sem_ValorBruto" classname="Acesso.ServiceLayer.IS2B.IntegrationTests.Fixtures.FichaDeCompensacaoTestFixture" runstate="Runnable" seed="346870037" result="Failed" start-time="2017-06-08 22:19:06Z" end-time="2017-06-08 22:19:08Z" duration="1.406019" asserts="3">
                    <failure>
                      <message><![CDATA[  RECEBIMENTO NAO AUTORIZADO. DOCUMENTO VENCIDO
  Expected: SUCESSO
  But was:  ERROTRATADO
]]></message>
                      <stack-trace><![CDATA[em Acesso.ServiceLayer.IS2B.IntegrationTests.Fixtures.FichaDeCompensacaoTestFixture.Acatar_Pagamento_SemDesconto_Sem_ValorBruto(String linhaDigitavel, String codigoDeBarras, String tipoDoServico, String cedente, String valor, String dataVencimento) na C:\Projetos\Acesso\Core\PRODUTOS.Acesso.Lineu2\AcessoCadun\Acesso.ServiceLayer.IS2B.IntegrationTests\Fixtures\FichaDeCompensacaoTestFixture.cs:linha 58
]]></stack-trace>
                    </failure>
                    <output><![CDATA[<Conta>
  <CpfCnpj>11161058702</CpfCnpj>
  <EnderecoIP>127.0.0.1</EnderecoIP>
  <NSU>0</NSU>
  <NSUExterno>1608338919</NSUExterno>
  <PontoAtendimento>
    <Login>teste</Login>
    <PosId>0</PosId>
    <Senha>teste</Senha>
  </PontoAtendimento>
  <SiteIntegracaoId>0</SiteIntegracaoId>
  <TerminalExterno>123</TerminalExterno>
  <TipoTransacao>RECEBERCONTA</TipoTransacao>
  <Token>0</Token>
  <Versao>2.0</Versao>
  <DadosPagamento p2:type="PagamentoDinheiro" xmlns:p2="http://www.w3.org/2001/XMLSchema-instance">
    <FormaPagamento>DINHEIRO</FormaPagamento>
    <QtdParcelas>0</QtdParcelas>
    <pontos>0</pontos>
    <valor>35</valor>
    <valorBruto>0</valorBruto>
    <valorDesconto>0</valorDesconto>
  </DadosPagamento>
  <Cedente>Caixa Econ Federal</Cedente>
  <CodBarras>
    <TipoServico>FichaCompensacao</TipoServico>
    <codBarras>10491717900000035004277651000100040000480031</codBarras>
    <linhaDigitavel>10494277665100010004300004800314171790000003500</linhaDigitavel>
  </CodBarras>
  <DataVencimento>2017-06-03T00:00:00</DataVencimento>
</Conta>
------------------------------------------------------
CodigoErro: 000
MensagemErro: RECEBIMENTO NAO AUTORIZADO. DOCUMENTO VENCIDO
StatusTransacao: ERROTRATADO
------------------------------------------------------
<RespostaConta>
  <ExtensionData />
  <CodigoErro>000</CodigoErro>
  <MensagemErro>RECEBIMENTO NAO AUTORIZADO. DOCUMENTO VENCIDO</MensagemErro>
  <StatusTransacao>ERROTRATADO</StatusTransacao>
  <Autenticacao>0</Autenticacao>
  <Comprovante>
    <ExtensionData />
  </Comprovante>
  <DataLiquidacao>0001-01-01T00:00:00</DataLiquidacao>
  <DataOperacao>0001-01-01T00:00:00</DataOperacao>
  <ProtocoloId>0</ProtocoloId>
  <indVencido>false</indVencido>
</RespostaConta>
]]></output>
                    <assertions>
                      <assertion result="Failed">
                        <message><![CDATA[  RECEBIMENTO NAO AUTORIZADO. DOCUMENTO VENCIDO
  Expected: SUCESSO
  But was:  ERROTRATADO
]]></message>
                        <stack-trace><![CDATA[em Acesso.ServiceLayer.IS2B.IntegrationTests.Fixtures.FichaDeCompensacaoTestFixture.Acatar_Pagamento_SemDesconto_Sem_ValorBruto(String linhaDigitavel, String codigoDeBarras, String tipoDoServico, String cedente, String valor, String dataVencimento) na C:\Projetos\Acesso\Core\PRODUTOS.Acesso.Lineu2\AcessoCadun\Acesso.ServiceLayer.IS2B.IntegrationTests\Fixtures\FichaDeCompensacaoTestFixture.cs:linha 58
]]></stack-trace>
                      </assertion>
                    </assertions>
                  </test-case>
                  <test-case id="0-1012" name="Acatar_Pagamento_SemDesconto_Sem_ValorBruto(&quot;34191.09008 01477.013179 52407.240002 3 71860000015000&quot;,&quot;34193718600000150001090001477013175240724000&quot;,&quot;Ficha Compensacao&quot;,&quot;BANCO ITAU S.A.   &quot;,&quot;150,00  &quot;,&quot;10/06/2017 00:00&quot;)" fullname="Acesso.ServiceLayer.IS2B.IntegrationTests.Fixtures.FichaDeCompensacaoTestFixture.Acatar_Pagamento_SemDesconto_Sem_ValorBruto(&quot;34191.09008 01477.013179 52407.240002 3 71860000015000&quot;,&quot;34193718600000150001090001477013175240724000&quot;,&quot;Ficha Compensacao&quot;,&quot;BANCO ITAU S.A.   &quot;,&quot;150,00  &quot;,&quot;10/06/2017 00:00&quot;)" methodname="Acatar_Pagamento_SemDesconto_Sem_ValorBruto" classname="Acesso.ServiceLayer.IS2B.IntegrationTests.Fixtures.FichaDeCompensacaoTestFixture" runstate="Runnable" seed="1493944407" result="Failed" start-time="2017-06-08 22:19:08Z" end-time="2017-06-08 22:19:08Z" duration="0.288946" asserts="3">
                    <failure>
                      <message><![CDATA[  Pagamento ja efetuado.
  Expected: SUCESSO
  But was:  ERROTRATADO
]]></message>
                      <stack-trace><![CDATA[em Acesso.ServiceLayer.IS2B.IntegrationTests.Fixtures.FichaDeCompensacaoTestFixture.Acatar_Pagamento_SemDesconto_Sem_ValorBruto(String linhaDigitavel, String codigoDeBarras, String tipoDoServico, String cedente, String valor, String dataVencimento) na C:\Projetos\Acesso\Core\PRODUTOS.Acesso.Lineu2\AcessoCadun\Acesso.ServiceLayer.IS2B.IntegrationTests\Fixtures\FichaDeCompensacaoTestFixture.cs:linha 58
]]></stack-trace>
                    </failure>
                    <output><![CDATA[<Conta>
  <CpfCnpj>11161058702</CpfCnpj>
  <EnderecoIP>127.0.0.1</EnderecoIP>
  <NSU>0</NSU>
  <NSUExterno>1695885386</NSUExterno>
  <PontoAtendimento>
    <Login>teste</Login>
    <PosId>0</PosId>
    <Senha>teste</Senha>
  </PontoAtendimento>
  <SiteIntegracaoId>0</SiteIntegracaoId>
  <TerminalExterno>123</TerminalExterno>
  <TipoTransacao>RECEBERCONTA</TipoTransacao>
  <Token>0</Token>
  <Versao>2.0</Versao>
  <DadosPagamento p2:type="PagamentoDinheiro" xmlns:p2="http://www.w3.org/2001/XMLSchema-instance">
    <FormaPagamento>DINHEIRO</FormaPagamento>
    <QtdParcelas>0</QtdParcelas>
    <pontos>0</pontos>
    <valor>150</valor>
    <valorBruto>0</valorBruto>
    <valorDesconto>0</valorDesconto>
  </DadosPagamento>
  <Cedente>BANCO ITAU S.A.   </Cedente>
  <CodBarras>
    <TipoServico>FichaCompensacao</TipoServico>
    <codBarras>34193718600000150001090001477013175240724000</codBarras>
    <linhaDigitavel>34191090080147701317952407240002371860000015000</linhaDigitavel>
  </CodBarras>
  <DataVencimento>2017-06-10T00:00:00</DataVencimento>
</Conta>
------------------------------------------------------
CodigoErro: 000
MensagemErro: Pagamento ja efetuado.
StatusTransacao: ERROTRATADO
------------------------------------------------------
<RespostaConta>
  <ExtensionData />
  <CodigoErro>000</CodigoErro>
  <MensagemErro>Pagamento ja efetuado.</MensagemErro>
  <StatusTransacao>ERROTRATADO</StatusTransacao>
  <Autenticacao>0</Autenticacao>
  <Comprovante>
    <ExtensionData />
  </Comprovante>
  <DataLiquidacao>0001-01-01T00:00:00</DataLiquidacao>
  <DataOperacao>0001-01-01T00:00:00</DataOperacao>
  <ProtocoloId>0</ProtocoloId>
  <indVencido>false</indVencido>
</RespostaConta>
]]></output>
                    <assertions>
                      <assertion result="Failed">
                        <message><![CDATA[  Pagamento ja efetuado.
  Expected: SUCESSO
  But was:  ERROTRATADO
]]></message>
                        <stack-trace><![CDATA[em Acesso.ServiceLayer.IS2B.IntegrationTests.Fixtures.FichaDeCompensacaoTestFixture.Acatar_Pagamento_SemDesconto_Sem_ValorBruto(String linhaDigitavel, String codigoDeBarras, String tipoDoServico, String cedente, String valor, String dataVencimento) na C:\Projetos\Acesso\Core\PRODUTOS.Acesso.Lineu2\AcessoCadun\Acesso.ServiceLayer.IS2B.IntegrationTests\Fixtures\FichaDeCompensacaoTestFixture.cs:linha 58
]]></stack-trace>
                      </assertion>
                    </assertions>
                  </test-case>
                  <test-case id="0-1013" name="Acatar_Pagamento_SemDesconto_Sem_ValorBruto(&quot;00190.00009 01674.845001 00131.016172 2 71860000005500&quot;,&quot;00192718600000055000000001674845000013101617&quot;,&quot;Ficha Compensacao&quot;,&quot;BANCO DO BRASIL S.&quot;,&quot;55,00   &quot;,&quot;10/06/2017 00:00&quot;)" fullname="Acesso.ServiceLayer.IS2B.IntegrationTests.Fixtures.FichaDeCompensacaoTestFixture.Acatar_Pagamento_SemDesconto_Sem_ValorBruto(&quot;00190.00009 01674.845001 00131.016172 2 71860000005500&quot;,&quot;00192718600000055000000001674845000013101617&quot;,&quot;Ficha Compensacao&quot;,&quot;BANCO DO BRASIL S.&quot;,&quot;55,00   &quot;,&quot;10/06/2017 00:00&quot;)" methodname="Acatar_Pagamento_SemDesconto_Sem_ValorBruto" classname="Acesso.ServiceLayer.IS2B.IntegrationTests.Fixtures.FichaDeCompensacaoTestFixture" runstate="Runnable" seed="1758643925" result="Failed" start-time="2017-06-08 22:19:08Z" end-time="2017-06-08 22:19:11Z" duration="2.729826" asserts="2">
                    <failure>
                      <message><![CDATA[  EXCEDE LIMITE
  String lengths are both 3. Strings differ at index 1.
  Expected: "000"
  But was:  "050"
  ------------^
]]></message>
                      <stack-trace><![CDATA[em Acesso.ServiceLayer.IS2B.IntegrationTests.Fixtures.FichaDeCompensacaoTestFixture.Acatar_Pagamento_SemDesconto_Sem_ValorBruto(String linhaDigitavel, String codigoDeBarras, String tipoDoServico, String cedente, String valor, String dataVencimento) na C:\Projetos\Acesso\Core\PRODUTOS.Acesso.Lineu2\AcessoCadun\Acesso.ServiceLayer.IS2B.IntegrationTests\Fixtures\FichaDeCompensacaoTestFixture.cs:linha 57
]]></stack-trace>
                    </failure>
                    <output><![CDATA[<Conta>
  <CpfCnpj>11161058702</CpfCnpj>
  <EnderecoIP>127.0.0.1</EnderecoIP>
  <NSU>0</NSU>
  <NSUExterno>79597713</NSUExterno>
  <PontoAtendimento>
    <Login>teste</Login>
    <PosId>0</PosId>
    <Senha>teste</Senha>
  </PontoAtendimento>
  <SiteIntegracaoId>0</SiteIntegracaoId>
  <TerminalExterno>123</TerminalExterno>
  <TipoTransacao>RECEBERCONTA</TipoTransacao>
  <Token>0</Token>
  <Versao>2.0</Versao>
  <DadosPagamento p2:type="PagamentoDinheiro" xmlns:p2="http://www.w3.org/2001/XMLSchema-instance">
    <FormaPagamento>DINHEIRO</FormaPagamento>
    <QtdParcelas>0</QtdParcelas>
    <pontos>0</pontos>
    <valor>55</valor>
    <valorBruto>0</valorBruto>
    <valorDesconto>0</valorDesconto>
  </DadosPagamento>
  <Cedente>BANCO DO BRASIL S.</Cedente>
  <CodBarras>
    <TipoServico>FichaCompensacao</TipoServico>
    <codBarras>00192718600000055000000001674845000013101617</codBarras>
    <linhaDigitavel>00190000090167484500100131016172271860000005500</linhaDigitavel>
  </CodBarras>
  <DataVencimento>2017-06-10T00:00:00</DataVencimento>
</Conta>
------------------------------------------------------
CodigoErro: 050
MensagemErro: EXCEDE LIMITE
StatusTransacao: ERROTRATADO
------------------------------------------------------
<RespostaConta>
  <ExtensionData />
  <CodigoErro>050</CodigoErro>
  <MensagemErro>EXCEDE LIMITE</MensagemErro>
  <StatusTransacao>ERROTRATADO</StatusTransacao>
  <Autenticacao>5975</Autenticacao>
  <Comprovante>
    <ExtensionData />
  </Comprovante>
  <DataLiquidacao>0001-01-01T00:00:00</DataLiquidacao>
  <DataOperacao>2017-06-08T19:19:05</DataOperacao>
  <ProtocoloId>2078132</ProtocoloId>
  <indVencido>false</indVencido>
</RespostaConta>
]]></output>
                    <assertions>
                      <assertion result="Failed">
                        <message><![CDATA[  EXCEDE LIMITE
  String lengths are both 3. Strings differ at index 1.
  Expected: "000"
  But was:  "050"
  ------------^
]]></message>
                        <stack-trace><![CDATA[em Acesso.ServiceLayer.IS2B.IntegrationTests.Fixtures.FichaDeCompensacaoTestFixture.Acatar_Pagamento_SemDesconto_Sem_ValorBruto(String linhaDigitavel, String codigoDeBarras, String tipoDoServico, String cedente, String valor, String dataVencimento) na C:\Projetos\Acesso\Core\PRODUTOS.Acesso.Lineu2\AcessoCadun\Acesso.ServiceLayer.IS2B.IntegrationTests\Fixtures\FichaDeCompensacaoTestFixture.cs:linha 57
]]></stack-trace>
                      </assertion>
                    </assertions>
                  </test-case>
                  <test-case id="0-1014" name="Acatar_Pagamento_SemDesconto_Sem_ValorBruto(&quot;03399.67093 96600.000002 08012.801018 6 71810000015000&quot;,&quot;03396718100000150009670996600000000801280101&quot;,&quot;Ficha Compensacao&quot;,&quot;BANCO DO ESTADO DE&quot;,&quot;135,00  &quot;,&quot;05/06/2017 00:00&quot;)" fullname="Acesso.ServiceLayer.IS2B.IntegrationTests.Fixtures.FichaDeCompensacaoTestFixture.Acatar_Pagamento_SemDesconto_Sem_ValorBruto(&quot;03399.67093 96600.000002 08012.801018 6 71810000015000&quot;,&quot;03396718100000150009670996600000000801280101&quot;,&quot;Ficha Compensacao&quot;,&quot;BANCO DO ESTADO DE&quot;,&quot;135,00  &quot;,&quot;05/06/2017 00:00&quot;)" methodname="Acatar_Pagamento_SemDesconto_Sem_ValorBruto" classname="Acesso.ServiceLayer.IS2B.IntegrationTests.Fixtures.FichaDeCompensacaoTestFixture" runstate="Runnable" seed="1361000979" result="Failed" start-time="2017-06-08 22:19:11Z" end-time="2017-06-08 22:19:11Z" duration="0.302446" asserts="1">
                    <failure>
                      <message><![CDATA[Valores divergentes: Valor ou desconto/acrescimo inconsistente]]></message>
                      <stack-trace><![CDATA[em Acesso.ServiceLayer.IS2B.IntegrationTests.Fixtures.FichaDeCompensacaoTestFixture.Acatar_Pagamento_SemDesconto_Sem_ValorBruto(String linhaDigitavel, String codigoDeBarras, String tipoDoServico, String cedente, String valor, String dataVencimento) na C:\Projetos\Acesso\Core\PRODUTOS.Acesso.Lineu2\AcessoCadun\Acesso.ServiceLayer.IS2B.IntegrationTests\Fixtures\FichaDeCompensacaoTestFixture.cs:linha 85
]]></stack-trace>
                    </failure>
                    <output><![CDATA[<Conta>
  <CpfCnpj>11161058702</CpfCnpj>
  <EnderecoIP>127.0.0.1</EnderecoIP>
  <NSU>0</NSU>
  <NSUExterno>1850250044</NSUExterno>
  <PontoAtendimento>
    <Login>teste</Login>
    <PosId>0</PosId>
    <Senha>teste</Senha>
  </PontoAtendimento>
  <SiteIntegracaoId>0</SiteIntegracaoId>
  <TerminalExterno>123</TerminalExterno>
  <TipoTransacao>RECEBERCONTA</TipoTransacao>
  <Token>0</Token>
  <Versao>2.0</Versao>
  <DadosPagamento p2:type="PagamentoDinheiro" xmlns:p2="http://www.w3.org/2001/XMLSchema-instance">
    <FormaPagamento>DINHEIRO</FormaPagamento>
    <QtdParcelas>0</QtdParcelas>
    <pontos>0</pontos>
    <valor>135</valor>
    <valorBruto>0</valorBruto>
    <valorDesconto>0</valorDesconto>
  </DadosPagamento>
  <Cedente>BANCO DO ESTADO DE</Cedente>
  <CodBarras>
    <TipoServico>FichaCompensacao</TipoServico>
    <codBarras>03396718100000150009670996600000000801280101</codBarras>
    <linhaDigitavel>03399670939660000000208012801018671810000015000</linhaDigitavel>
  </CodBarras>
  <DataVencimento>2017-06-05T00:00:00</DataVencimento>
</Conta>
------------------------------------------------------
CodigoErro: 999
MensagemErro: Valores divergentes: Valor ou desconto/acrescimo inconsistente
StatusTransacao: ERRODESCONHECIDO
------------------------------------------------------
<Resposta>
  <ExtensionData />
  <CodigoErro>999</CodigoErro>
  <MensagemErro>Valores divergentes: Valor ou desconto/acrescimo inconsistente</MensagemErro>
  <StatusTransacao>ERRODESCONHECIDO</StatusTransacao>
</Resposta>
]]></output>
                    <assertions>
                      <assertion result="Failed">
                        <message><![CDATA[Valores divergentes: Valor ou desconto/acrescimo inconsistente]]></message>
                        <stack-trace><![CDATA[em Acesso.ServiceLayer.IS2B.IntegrationTests.Fixtures.FichaDeCompensacaoTestFixture.Acatar_Pagamento_SemDesconto_Sem_ValorBruto(String linhaDigitavel, String codigoDeBarras, String tipoDoServico, String cedente, String valor, String dataVencimento) na C:\Projetos\Acesso\Core\PRODUTOS.Acesso.Lineu2\AcessoCadun\Acesso.ServiceLayer.IS2B.IntegrationTests\Fixtures\FichaDeCompensacaoTestFixture.cs:linha 85
]]></stack-trace>
                      </assertion>
                    </assertions>
                  </test-case>
                  <test-case id="0-1015" name="Acatar_Pagamento_SemDesconto_Sem_ValorBruto(&quot;34191.75439 24367.672524 50451.630003 1 00000000000000&quot;,&quot;34191000000000000001754324367672525045163000&quot;,&quot;Ficha Compensacao&quot;,&quot;BANCO ITAU S.A.   &quot;,&quot;637,30  &quot;,&quot;03/06/2017 00:00&quot;)" fullname="Acesso.ServiceLayer.IS2B.IntegrationTests.Fixtures.FichaDeCompensacaoTestFixture.Acatar_Pagamento_SemDesconto_Sem_ValorBruto(&quot;34191.75439 24367.672524 50451.630003 1 00000000000000&quot;,&quot;34191000000000000001754324367672525045163000&quot;,&quot;Ficha Compensacao&quot;,&quot;BANCO ITAU S.A.   &quot;,&quot;637,30  &quot;,&quot;03/06/2017 00:00&quot;)" methodname="Acatar_Pagamento_SemDesconto_Sem_ValorBruto" classname="Acesso.ServiceLayer.IS2B.IntegrationTests.Fixtures.FichaDeCompensacaoTestFixture" runstate="Runnable" seed="1247792001" result="Passed" start-time="2017-06-08 22:19:11Z" end-time="2017-06-08 22:19:14Z" duration="3.008498" asserts="8">
                    <output><![CDATA[<Conta>
  <CpfCnpj>11161058702</CpfCnpj>
  <EnderecoIP>127.0.0.1</EnderecoIP>
  <NSU>0</NSU>
  <NSUExterno>1856783342</NSUExterno>
  <PontoAtendimento>
    <Login>teste</Login>
    <PosId>0</PosId>
    <Senha>teste</Senha>
  </PontoAtendimento>
  <SiteIntegracaoId>0</SiteIntegracaoId>
  <TerminalExterno>123</TerminalExterno>
  <TipoTransacao>RECEBERCONTA</TipoTransacao>
  <Token>0</Token>
  <Versao>2.0</Versao>
  <DadosPagamento p2:type="PagamentoDinheiro" xmlns:p2="http://www.w3.org/2001/XMLSchema-instance">
    <FormaPagamento>DINHEIRO</FormaPagamento>
    <QtdParcelas>0</QtdParcelas>
    <pontos>0</pontos>
    <valor>637.3</valor>
    <valorBruto>0</valorBruto>
    <valorDesconto>0</valorDesconto>
  </DadosPagamento>
  <Cedente>BANCO ITAU S.A.   </Cedente>
  <CodBarras>
    <TipoServico>FichaCompensacao</TipoServico>
    <codBarras>34191000000000000001754324367672525045163000</codBarras>
    <linhaDigitavel>34191754392436767252450451630003100000000000000</linhaDigitavel>
  </CodBarras>
  <DataVencimento>2017-06-03T00:00:00</DataVencimento>
</Conta>
<RespostaConta>
  <ExtensionData />
  <CodigoErro>000</CodigoErro>
  <StatusTransacao>SUCESSO</StatusTransacao>
  <Autenticacao>5977</Autenticacao>
  <Comprovante>
    <ExtensionData />
    <CamposComprovante />
    <ComprovanteFormatado>          PROTOCOLO 0002078134

1          08/06/2017        19:19
TERM 228005 AGENTE 228005 AUTE 05977
----------------------------------------
AUTO 023409           RECEBIMENTO CONTA
                    
            BANCO ITAU S.A.
                    
              VALOR 637,30

        34191.75439  24367.672524      
       50451.630003  1 00000000000000


    VALIDO COMO RECIBO DE PAGAMENTO
----------------------------------------

</ComprovanteFormatado>
  </Comprovante>
  <DataLiquidacao>2017-05-09T00:00:00</DataLiquidacao>
  <DataOperacao>2017-06-08T19:19:08</DataOperacao>
  <ProtocoloId>2078134</ProtocoloId>
  <indVencido>false</indVencido>
</RespostaConta>
]]></output>
                  </test-case>
                  <test-case id="0-1016" name="Acatar_Pagamento_SemDesconto_Sem_ValorBruto(&quot;00190.00009 02927.998027 85521.574179 9 71810000038000&quot;,&quot;00199718100000380000000002927998028552157417&quot;,&quot;Ficha Compensacao&quot;,&quot;BANCO DO BRASIL S.&quot;,&quot;380,00  &quot;,&quot;05/06/2017 00:00&quot;)" fullname="Acesso.ServiceLayer.IS2B.IntegrationTests.Fixtures.FichaDeCompensacaoTestFixture.Acatar_Pagamento_SemDesconto_Sem_ValorBruto(&quot;00190.00009 02927.998027 85521.574179 9 71810000038000&quot;,&quot;00199718100000380000000002927998028552157417&quot;,&quot;Ficha Compensacao&quot;,&quot;BANCO DO BRASIL S.&quot;,&quot;380,00  &quot;,&quot;05/06/2017 00:00&quot;)" methodname="Acatar_Pagamento_SemDesconto_Sem_ValorBruto" classname="Acesso.ServiceLayer.IS2B.IntegrationTests.Fixtures.FichaDeCompensacaoTestFixture" runstate="Runnable" seed="496286105" result="Failed" start-time="2017-06-08 22:19:14Z" end-time="2017-06-08 22:19:17Z" duration="2.853935" asserts="2">
                    <failure>
                      <message><![CDATA[  EXCEDE LIMITE
  String lengths are both 3. Strings differ at index 1.
  Expected: "000"
  But was:  "050"
  ------------^
]]></message>
                      <stack-trace><![CDATA[em Acesso.ServiceLayer.IS2B.IntegrationTests.Fixtures.FichaDeCompensacaoTestFixture.Acatar_Pagamento_SemDesconto_Sem_ValorBruto(String linhaDigitavel, String codigoDeBarras, String tipoDoServico, String cedente, String valor, String dataVencimento) na C:\Projetos\Acesso\Core\PRODUTOS.Acesso.Lineu2\AcessoCadun\Acesso.ServiceLayer.IS2B.IntegrationTests\Fixtures\FichaDeCompensacaoTestFixture.cs:linha 57
]]></stack-trace>
                    </failure>
                    <output><![CDATA[<Conta>
  <CpfCnpj>11161058702</CpfCnpj>
  <EnderecoIP>127.0.0.1</EnderecoIP>
  <NSU>0</NSU>
  <NSUExterno>248133039</NSUExterno>
  <PontoAtendimento>
    <Login>teste</Login>
    <PosId>0</PosId>
    <Senha>teste</Senha>
  </PontoAtendimento>
  <SiteIntegracaoId>0</SiteIntegracaoId>
  <TerminalExterno>123</TerminalExterno>
  <TipoTransacao>RECEBERCONTA</TipoTransacao>
  <Token>0</Token>
  <Versao>2.0</Versao>
  <DadosPagamento p2:type="PagamentoDinheiro" xmlns:p2="http://www.w3.org/2001/XMLSchema-instance">
    <FormaPagamento>DINHEIRO</FormaPagamento>
    <QtdParcelas>0</QtdParcelas>
    <pontos>0</pontos>
    <valor>380</valor>
    <valorBruto>0</valorBruto>
    <valorDesconto>0</valorDesconto>
  </DadosPagamento>
  <Cedente>BANCO DO BRASIL S.</Cedente>
  <CodBarras>
    <TipoServico>FichaCompensacao</TipoServico>
    <codBarras>00199718100000380000000002927998028552157417</codBarras>
    <linhaDigitavel>00190000090292799802785521574179971810000038000</linhaDigitavel>
  </CodBarras>
  <DataVencimento>2017-06-05T00:00:00</DataVencimento>
</Conta>
------------------------------------------------------
CodigoErro: 050
MensagemErro: EXCEDE LIMITE
StatusTransacao: ERROTRATADO
------------------------------------------------------
<RespostaConta>
  <ExtensionData />
  <CodigoErro>050</CodigoErro>
  <MensagemErro>EXCEDE LIMITE</MensagemErro>
  <StatusTransacao>ERROTRATADO</StatusTransacao>
  <Autenticacao>5980</Autenticacao>
  <Comprovante>
    <ExtensionData />
  </Comprovante>
  <DataLiquidacao>0001-01-01T00:00:00</DataLiquidacao>
  <DataOperacao>2017-06-08T19:19:11</DataOperacao>
  <ProtocoloId>2078136</ProtocoloId>
  <indVencido>false</indVencido>
</RespostaConta>
]]></output>
                    <assertions>
                      <assertion result="Failed">
                        <message><![CDATA[  EXCEDE LIMITE
  String lengths are both 3. Strings differ at index 1.
  Expected: "000"
  But was:  "050"
  ------------^
]]></message>
                        <stack-trace><![CDATA[em Acesso.ServiceLayer.IS2B.IntegrationTests.Fixtures.FichaDeCompensacaoTestFixture.Acatar_Pagamento_SemDesconto_Sem_ValorBruto(String linhaDigitavel, String codigoDeBarras, String tipoDoServico, String cedente, String valor, String dataVencimento) na C:\Projetos\Acesso\Core\PRODUTOS.Acesso.Lineu2\AcessoCadun\Acesso.ServiceLayer.IS2B.IntegrationTests\Fixtures\FichaDeCompensacaoTestFixture.cs:linha 57
]]></stack-trace>
                      </assertion>
                    </assertions>
                  </test-case>
                  <test-case id="0-1017" name="Acatar_Pagamento_SemDesconto_Sem_ValorBruto(&quot;75691.42933 01032.199000 34392.600010 2 71860000004000&quot;,&quot;75692718600000040001429301032199003439260001&quot;,&quot;Ficha Compensacao&quot;,&quot;BANCO COOPERATIVO &quot;,&quot;40,00   &quot;,&quot;10/06/2017 00:00&quot;)" fullname="Acesso.ServiceLayer.IS2B.IntegrationTests.Fixtures.FichaDeCompensacaoTestFixture.Acatar_Pagamento_SemDesconto_Sem_ValorBruto(&quot;75691.42933 01032.199000 34392.600010 2 71860000004000&quot;,&quot;75692718600000040001429301032199003439260001&quot;,&quot;Ficha Compensacao&quot;,&quot;BANCO COOPERATIVO &quot;,&quot;40,00   &quot;,&quot;10/06/2017 00:00&quot;)" methodname="Acatar_Pagamento_SemDesconto_Sem_ValorBruto" classname="Acesso.ServiceLayer.IS2B.IntegrationTests.Fixtures.FichaDeCompensacaoTestFixture" runstate="Runnable" seed="1958556163" result="Failed" start-time="2017-06-08 22:19:17Z" end-time="2017-06-08 22:19:20Z" duration="2.770601" asserts="2">
                    <failure>
                      <message><![CDATA[  EXCEDE LIMITE
  String lengths are both 3. Strings differ at index 1.
  Expected: "000"
  But was:  "050"
  ------------^
]]></message>
                      <stack-trace><![CDATA[em Acesso.ServiceLayer.IS2B.IntegrationTests.Fixtures.FichaDeCompensacaoTestFixture.Acatar_Pagamento_SemDesconto_Sem_ValorBruto(String linhaDigitavel, String codigoDeBarras, String tipoDoServico, String cedente, String valor, String dataVencimento) na C:\Projetos\Acesso\Core\PRODUTOS.Acesso.Lineu2\AcessoCadun\Acesso.ServiceLayer.IS2B.IntegrationTests\Fixtures\FichaDeCompensacaoTestFixture.cs:linha 57
]]></stack-trace>
                    </failure>
                    <output><![CDATA[<Conta>
  <CpfCnpj>11161058702</CpfCnpj>
  <EnderecoIP>127.0.0.1</EnderecoIP>
  <NSU>0</NSU>
  <NSUExterno>784229152</NSUExterno>
  <PontoAtendimento>
    <Login>teste</Login>
    <PosId>0</PosId>
    <Senha>teste</Senha>
  </PontoAtendimento>
  <SiteIntegracaoId>0</SiteIntegracaoId>
  <TerminalExterno>123</TerminalExterno>
  <TipoTransacao>RECEBERCONTA</TipoTransacao>
  <Token>0</Token>
  <Versao>2.0</Versao>
  <DadosPagamento p2:type="PagamentoDinheiro" xmlns:p2="http://www.w3.org/2001/XMLSchema-instance">
    <FormaPagamento>DINHEIRO</FormaPagamento>
    <QtdParcelas>0</QtdParcelas>
    <pontos>0</pontos>
    <valor>40</valor>
    <valorBruto>0</valorBruto>
    <valorDesconto>0</valorDesconto>
  </DadosPagamento>
  <Cedente>BANCO COOPERATIVO </Cedente>
  <CodBarras>
    <TipoServico>FichaCompensacao</TipoServico>
    <codBarras>75692718600000040001429301032199003439260001</codBarras>
    <linhaDigitavel>75691429330103219900034392600010271860000004000</linhaDigitavel>
  </CodBarras>
  <DataVencimento>2017-06-10T00:00:00</DataVencimento>
</Conta>
------------------------------------------------------
CodigoErro: 050
MensagemErro: EXCEDE LIMITE
StatusTransacao: ERROTRATADO
------------------------------------------------------
<RespostaConta>
  <ExtensionData />
  <CodigoErro>050</CodigoErro>
  <MensagemErro>EXCEDE LIMITE</MensagemErro>
  <StatusTransacao>ERROTRATADO</StatusTransacao>
  <Autenticacao>5982</Autenticacao>
  <Comprovante>
    <ExtensionData />
  </Comprovante>
  <DataLiquidacao>0001-01-01T00:00:00</DataLiquidacao>
  <DataOperacao>2017-06-08T19:19:14</DataOperacao>
  <ProtocoloId>2078138</ProtocoloId>
  <indVencido>false</indVencido>
</RespostaConta>
]]></output>
                    <assertions>
                      <assertion result="Failed">
                        <message><![CDATA[  EXCEDE LIMITE
  String lengths are both 3. Strings differ at index 1.
  Expected: "000"
  But was:  "050"
  ------------^
]]></message>
                        <stack-trace><![CDATA[em Acesso.ServiceLayer.IS2B.IntegrationTests.Fixtures.FichaDeCompensacaoTestFixture.Acatar_Pagamento_SemDesconto_Sem_ValorBruto(String linhaDigitavel, String codigoDeBarras, String tipoDoServico, String cedente, String valor, String dataVencimento) na C:\Projetos\Acesso\Core\PRODUTOS.Acesso.Lineu2\AcessoCadun\Acesso.ServiceLayer.IS2B.IntegrationTests\Fixtures\FichaDeCompensacaoTestFixture.cs:linha 57
]]></stack-trace>
                      </assertion>
                    </assertions>
                  </test-case>
                  <test-case id="0-1018" name="Acatar_Pagamento_SemDesconto_Sem_ValorBruto(&quot;03399.45024 62000.000596 66181.001018 9 71910000012824&quot;,&quot;03399719100000128249450262000000596618100101&quot;,&quot;Ficha Compensacao&quot;,&quot;BANCO DO ESTADO DE&quot;,&quot;128,24  &quot;,&quot;15/06/2017 00:00&quot;)" fullname="Acesso.ServiceLayer.IS2B.IntegrationTests.Fixtures.FichaDeCompensacaoTestFixture.Acatar_Pagamento_SemDesconto_Sem_ValorBruto(&quot;03399.45024 62000.000596 66181.001018 9 71910000012824&quot;,&quot;03399719100000128249450262000000596618100101&quot;,&quot;Ficha Compensacao&quot;,&quot;BANCO DO ESTADO DE&quot;,&quot;128,24  &quot;,&quot;15/06/2017 00:00&quot;)" methodname="Acatar_Pagamento_SemDesconto_Sem_ValorBruto" classname="Acesso.ServiceLayer.IS2B.IntegrationTests.Fixtures.FichaDeCompensacaoTestFixture" runstate="Runnable" seed="1949511995" result="Failed" start-time="2017-06-08 22:19:20Z" end-time="2017-06-08 22:19:20Z" duration="0.309620" asserts="3">
                    <failure>
                      <message><![CDATA[  Pagamento ja efetuado.
  Expected: SUCESSO
  But was:  ERROTRATADO
]]></message>
                      <stack-trace><![CDATA[em Acesso.ServiceLayer.IS2B.IntegrationTests.Fixtures.FichaDeCompensacaoTestFixture.Acatar_Pagamento_SemDesconto_Sem_ValorBruto(String linhaDigitavel, String codigoDeBarras, String tipoDoServico, String cedente, String valor, String dataVencimento) na C:\Projetos\Acesso\Core\PRODUTOS.Acesso.Lineu2\AcessoCadun\Acesso.ServiceLayer.IS2B.IntegrationTests\Fixtures\FichaDeCompensacaoTestFixture.cs:linha 58
]]></stack-trace>
                    </failure>
                    <output><![CDATA[<Conta>
  <CpfCnpj>11161058702</CpfCnpj>
  <EnderecoIP>127.0.0.1</EnderecoIP>
  <NSU>0</NSU>
  <NSUExterno>873904631</NSUExterno>
  <PontoAtendimento>
    <Login>teste</Login>
    <PosId>0</PosId>
    <Senha>teste</Senha>
  </PontoAtendimento>
  <SiteIntegracaoId>0</SiteIntegracaoId>
  <TerminalExterno>123</TerminalExterno>
  <TipoTransacao>RECEBERCONTA</TipoTransacao>
  <Token>0</Token>
  <Versao>2.0</Versao>
  <DadosPagamento p2:type="PagamentoDinheiro" xmlns:p2="http://www.w3.org/2001/XMLSchema-instance">
    <FormaPagamento>DINHEIRO</FormaPagamento>
    <QtdParcelas>0</QtdParcelas>
    <pontos>0</pontos>
    <valor>128.24</valor>
    <valorBruto>0</valorBruto>
    <valorDesconto>0</valorDesconto>
  </DadosPagamento>
  <Cedente>BANCO DO ESTADO DE</Cedente>
  <CodBarras>
    <TipoServico>FichaCompensacao</TipoServico>
    <codBarras>03399719100000128249450262000000596618100101</codBarras>
    <linhaDigitavel>03399450246200000059666181001018971910000012824</linhaDigitavel>
  </CodBarras>
  <DataVencimento>2017-06-15T00:00:00</DataVencimento>
</Conta>
------------------------------------------------------
CodigoErro: 000
MensagemErro: Pagamento ja efetuado.
StatusTransacao: ERROTRATADO
------------------------------------------------------
<RespostaConta>
  <ExtensionData />
  <CodigoErro>000</CodigoErro>
  <MensagemErro>Pagamento ja efetuado.</MensagemErro>
  <StatusTransacao>ERROTRATADO</StatusTransacao>
  <Autenticacao>0</Autenticacao>
  <Comprovante>
    <ExtensionData />
  </Comprovante>
  <DataLiquidacao>0001-01-01T00:00:00</DataLiquidacao>
  <DataOperacao>0001-01-01T00:00:00</DataOperacao>
  <ProtocoloId>0</ProtocoloId>
  <indVencido>false</indVencido>
</RespostaConta>
]]></output>
                    <assertions>
                      <assertion result="Failed">
                        <message><![CDATA[  Pagamento ja efetuado.
  Expected: SUCESSO
  But was:  ERROTRATADO
]]></message>
                        <stack-trace><![CDATA[em Acesso.ServiceLayer.IS2B.IntegrationTests.Fixtures.FichaDeCompensacaoTestFixture.Acatar_Pagamento_SemDesconto_Sem_ValorBruto(String linhaDigitavel, String codigoDeBarras, String tipoDoServico, String cedente, String valor, String dataVencimento) na C:\Projetos\Acesso\Core\PRODUTOS.Acesso.Lineu2\AcessoCadun\Acesso.ServiceLayer.IS2B.IntegrationTests\Fixtures\FichaDeCompensacaoTestFixture.cs:linha 58
]]></stack-trace>
                      </assertion>
                    </assertions>
                  </test-case>
                  <test-case id="0-1019" name="Acatar_Pagamento_SemDesconto_Sem_ValorBruto(&quot;00198.41592 90120.170007 00573.319217 6 71790000002794&quot;,&quot;00196717900000027948415990120170000057331921&quot;,&quot;Ficha Compensacao&quot;,&quot;BANCO DO BRASIL S.&quot;,&quot;27,94   &quot;,&quot;03/06/2017 00:00&quot;)" fullname="Acesso.ServiceLayer.IS2B.IntegrationTests.Fixtures.FichaDeCompensacaoTestFixture.Acatar_Pagamento_SemDesconto_Sem_ValorBruto(&quot;00198.41592 90120.170007 00573.319217 6 71790000002794&quot;,&quot;00196717900000027948415990120170000057331921&quot;,&quot;Ficha Compensacao&quot;,&quot;BANCO DO BRASIL S.&quot;,&quot;27,94   &quot;,&quot;03/06/2017 00:00&quot;)" methodname="Acatar_Pagamento_SemDesconto_Sem_ValorBruto" classname="Acesso.ServiceLayer.IS2B.IntegrationTests.Fixtures.FichaDeCompensacaoTestFixture" runstate="Runnable" seed="1261220570" result="Failed" start-time="2017-06-08 22:19:20Z" end-time="2017-06-08 22:19:23Z" duration="2.963907" asserts="2">
                    <failure>
                      <message><![CDATA[  EXCEDE LIMITE
  String lengths are both 3. Strings differ at index 1.
  Expected: "000"
  But was:  "050"
  ------------^
]]></message>
                      <stack-trace><![CDATA[em Acesso.ServiceLayer.IS2B.IntegrationTests.Fixtures.FichaDeCompensacaoTestFixture.Acatar_Pagamento_SemDesconto_Sem_ValorBruto(String linhaDigitavel, String codigoDeBarras, String tipoDoServico, String cedente, String valor, String dataVencimento) na C:\Projetos\Acesso\Core\PRODUTOS.Acesso.Lineu2\AcessoCadun\Acesso.ServiceLayer.IS2B.IntegrationTests\Fixtures\FichaDeCompensacaoTestFixture.cs:linha 57
]]></stack-trace>
                    </failure>
                    <output><![CDATA[<Conta>
  <CpfCnpj>11161058702</CpfCnpj>
  <EnderecoIP>127.0.0.1</EnderecoIP>
  <NSU>0</NSU>
  <NSUExterno>670256886</NSUExterno>
  <PontoAtendimento>
    <Login>teste</Login>
    <PosId>0</PosId>
    <Senha>teste</Senha>
  </PontoAtendimento>
  <SiteIntegracaoId>0</SiteIntegracaoId>
  <TerminalExterno>123</TerminalExterno>
  <TipoTransacao>RECEBERCONTA</TipoTransacao>
  <Token>0</Token>
  <Versao>2.0</Versao>
  <DadosPagamento p2:type="PagamentoDinheiro" xmlns:p2="http://www.w3.org/2001/XMLSchema-instance">
    <FormaPagamento>DINHEIRO</FormaPagamento>
    <QtdParcelas>0</QtdParcelas>
    <pontos>0</pontos>
    <valor>27.94</valor>
    <valorBruto>0</valorBruto>
    <valorDesconto>0</valorDesconto>
  </DadosPagamento>
  <Cedente>BANCO DO BRASIL S.</Cedente>
  <CodBarras>
    <TipoServico>FichaCompensacao</TipoServico>
    <codBarras>00196717900000027948415990120170000057331921</codBarras>
    <linhaDigitavel>00198415929012017000700573319217671790000002794</linhaDigitavel>
  </CodBarras>
  <DataVencimento>2017-06-03T00:00:00</DataVencimento>
</Conta>
------------------------------------------------------
CodigoErro: 050
MensagemErro: EXCEDE LIMITE
StatusTransacao: ERROTRATADO
------------------------------------------------------
<RespostaConta>
  <ExtensionData />
  <CodigoErro>050</CodigoErro>
  <MensagemErro>EXCEDE LIMITE</MensagemErro>
  <StatusTransacao>ERROTRATADO</StatusTransacao>
  <Autenticacao>5984</Autenticacao>
  <Comprovante>
    <ExtensionData />
  </Comprovante>
  <DataLiquidacao>0001-01-01T00:00:00</DataLiquidacao>
  <DataOperacao>2017-06-08T19:19:17</DataOperacao>
  <ProtocoloId>2078140</ProtocoloId>
  <indVencido>false</indVencido>
</RespostaConta>
]]></output>
                    <assertions>
                      <assertion result="Failed">
                        <message><![CDATA[  EXCEDE LIMITE
  String lengths are both 3. Strings differ at index 1.
  Expected: "000"
  But was:  "050"
  ------------^
]]></message>
                        <stack-trace><![CDATA[em Acesso.ServiceLayer.IS2B.IntegrationTests.Fixtures.FichaDeCompensacaoTestFixture.Acatar_Pagamento_SemDesconto_Sem_ValorBruto(String linhaDigitavel, String codigoDeBarras, String tipoDoServico, String cedente, String valor, String dataVencimento) na C:\Projetos\Acesso\Core\PRODUTOS.Acesso.Lineu2\AcessoCadun\Acesso.ServiceLayer.IS2B.IntegrationTests\Fixtures\FichaDeCompensacaoTestFixture.cs:linha 57
]]></stack-trace>
                      </assertion>
                    </assertions>
                  </test-case>
                  <test-case id="0-1020" name="Acatar_Pagamento_SemDesconto_Sem_ValorBruto(&quot;42297.04707 00000.888420 01130.050725 1 71810000227859&quot;,&quot;42291718100002278597047000000888420113005072&quot;,&quot;Ficha Compensacao&quot;,&quot;BANCO SAFRA S.A.  &quot;,&quot;2.278,59&quot;,&quot;05/06/2017 00:00&quot;)" fullname="Acesso.ServiceLayer.IS2B.IntegrationTests.Fixtures.FichaDeCompensacaoTestFixture.Acatar_Pagamento_SemDesconto_Sem_ValorBruto(&quot;42297.04707 00000.888420 01130.050725 1 71810000227859&quot;,&quot;42291718100002278597047000000888420113005072&quot;,&quot;Ficha Compensacao&quot;,&quot;BANCO SAFRA S.A.  &quot;,&quot;2.278,59&quot;,&quot;05/06/2017 00:00&quot;)" methodname="Acatar_Pagamento_SemDesconto_Sem_ValorBruto" classname="Acesso.ServiceLayer.IS2B.IntegrationTests.Fixtures.FichaDeCompensacaoTestFixture" runstate="Runnable" seed="875751661" result="Failed" start-time="2017-06-08 22:19:23Z" end-time="2017-06-08 22:19:24Z" duration="1.365786" asserts="3">
                    <failure>
                      <message><![CDATA[  RECEBIMENTO NAO AUTORIZADO. DOCUMENTO VENCIDO
  Expected: SUCESSO
  But was:  ERROTRATADO
]]></message>
                      <stack-trace><![CDATA[em Acesso.ServiceLayer.IS2B.IntegrationTests.Fixtures.FichaDeCompensacaoTestFixture.Acatar_Pagamento_SemDesconto_Sem_ValorBruto(String linhaDigitavel, String codigoDeBarras, String tipoDoServico, String cedente, String valor, String dataVencimento) na C:\Projetos\Acesso\Core\PRODUTOS.Acesso.Lineu2\AcessoCadun\Acesso.ServiceLayer.IS2B.IntegrationTests\Fixtures\FichaDeCompensacaoTestFixture.cs:linha 58
]]></stack-trace>
                    </failure>
                    <output><![CDATA[<Conta>
  <CpfCnpj>11161058702</CpfCnpj>
  <EnderecoIP>127.0.0.1</EnderecoIP>
  <NSU>0</NSU>
  <NSUExterno>904257905</NSUExterno>
  <PontoAtendimento>
    <Login>teste</Login>
    <PosId>0</PosId>
    <Senha>teste</Senha>
  </PontoAtendimento>
  <SiteIntegracaoId>0</SiteIntegracaoId>
  <TerminalExterno>123</TerminalExterno>
  <TipoTransacao>RECEBERCONTA</TipoTransacao>
  <Token>0</Token>
  <Versao>2.0</Versao>
  <DadosPagamento p2:type="PagamentoDinheiro" xmlns:p2="http://www.w3.org/2001/XMLSchema-instance">
    <FormaPagamento>DINHEIRO</FormaPagamento>
    <QtdParcelas>0</QtdParcelas>
    <pontos>0</pontos>
    <valor>2278.59</valor>
    <valorBruto>0</valorBruto>
    <valorDesconto>0</valorDesconto>
  </DadosPagamento>
  <Cedente>BANCO SAFRA S.A.  </Cedente>
  <CodBarras>
    <TipoServico>FichaCompensacao</TipoServico>
    <codBarras>42291718100002278597047000000888420113005072</codBarras>
    <linhaDigitavel>42297047070000088842001130050725171810000227859</linhaDigitavel>
  </CodBarras>
  <DataVencimento>2017-06-05T00:00:00</DataVencimento>
</Conta>
------------------------------------------------------
CodigoErro: 000
MensagemErro: RECEBIMENTO NAO AUTORIZADO. DOCUMENTO VENCIDO
StatusTransacao: ERROTRATADO
------------------------------------------------------
<RespostaConta>
  <ExtensionData />
  <CodigoErro>000</CodigoErro>
  <MensagemErro>RECEBIMENTO NAO AUTORIZADO. DOCUMENTO VENCIDO</MensagemErro>
  <StatusTransacao>ERROTRATADO</StatusTransacao>
  <Autenticacao>0</Autenticacao>
  <Comprovante>
    <ExtensionData />
  </Comprovante>
  <DataLiquidacao>0001-01-01T00:00:00</DataLiquidacao>
  <DataOperacao>0001-01-01T00:00:00</DataOperacao>
  <ProtocoloId>0</ProtocoloId>
  <indVencido>false</indVencido>
</RespostaConta>
]]></output>
                    <assertions>
                      <assertion result="Failed">
                        <message><![CDATA[  RECEBIMENTO NAO AUTORIZADO. DOCUMENTO VENCIDO
  Expected: SUCESSO
  But was:  ERROTRATADO
]]></message>
                        <stack-trace><![CDATA[em Acesso.ServiceLayer.IS2B.IntegrationTests.Fixtures.FichaDeCompensacaoTestFixture.Acatar_Pagamento_SemDesconto_Sem_ValorBruto(String linhaDigitavel, String codigoDeBarras, String tipoDoServico, String cedente, String valor, String dataVencimento) na C:\Projetos\Acesso\Core\PRODUTOS.Acesso.Lineu2\AcessoCadun\Acesso.ServiceLayer.IS2B.IntegrationTests\Fixtures\FichaDeCompensacaoTestFixture.cs:linha 58
]]></stack-trace>
                      </assertion>
                    </assertions>
                  </test-case>
                  <test-case id="0-1021" name="Acatar_Pagamento_SemDesconto_Sem_ValorBruto(&quot;23792.37403 95010.810984 18008.790000 6 71840000032612&quot;,&quot;23796718400000326122374095010810981800879000&quot;,&quot;Ficha Compensacao&quot;,&quot;BANCO BRADESCO S.A&quot;,&quot;326,12  &quot;,&quot;08/06/2017 00:00&quot;)" fullname="Acesso.ServiceLayer.IS2B.IntegrationTests.Fixtures.FichaDeCompensacaoTestFixture.Acatar_Pagamento_SemDesconto_Sem_ValorBruto(&quot;23792.37403 95010.810984 18008.790000 6 71840000032612&quot;,&quot;23796718400000326122374095010810981800879000&quot;,&quot;Ficha Compensacao&quot;,&quot;BANCO BRADESCO S.A&quot;,&quot;326,12  &quot;,&quot;08/06/2017 00:00&quot;)" methodname="Acatar_Pagamento_SemDesconto_Sem_ValorBruto" classname="Acesso.ServiceLayer.IS2B.IntegrationTests.Fixtures.FichaDeCompensacaoTestFixture" runstate="Runnable" seed="524410781" result="Failed" start-time="2017-06-08 22:19:24Z" end-time="2017-06-08 22:19:25Z" duration="0.293942" asserts="3">
                    <failure>
                      <message><![CDATA[  Pagamento ja efetuado.
  Expected: SUCESSO
  But was:  ERROTRATADO
]]></message>
                      <stack-trace><![CDATA[em Acesso.ServiceLayer.IS2B.IntegrationTests.Fixtures.FichaDeCompensacaoTestFixture.Acatar_Pagamento_SemDesconto_Sem_ValorBruto(String linhaDigitavel, String codigoDeBarras, String tipoDoServico, String cedente, String valor, String dataVencimento) na C:\Projetos\Acesso\Core\PRODUTOS.Acesso.Lineu2\AcessoCadun\Acesso.ServiceLayer.IS2B.IntegrationTests\Fixtures\FichaDeCompensacaoTestFixture.cs:linha 58
]]></stack-trace>
                    </failure>
                    <output><![CDATA[<Conta>
  <CpfCnpj>11161058702</CpfCnpj>
  <EnderecoIP>127.0.0.1</EnderecoIP>
  <NSU>0</NSU>
  <NSUExterno>1651116330</NSUExterno>
  <PontoAtendimento>
    <Login>teste</Login>
    <PosId>0</PosId>
    <Senha>teste</Senha>
  </PontoAtendimento>
  <SiteIntegracaoId>0</SiteIntegracaoId>
  <TerminalExterno>123</TerminalExterno>
  <TipoTransacao>RECEBERCONTA</TipoTransacao>
  <Token>0</Token>
  <Versao>2.0</Versao>
  <DadosPagamento p2:type="PagamentoDinheiro" xmlns:p2="http://www.w3.org/2001/XMLSchema-instance">
    <FormaPagamento>DINHEIRO</FormaPagamento>
    <QtdParcelas>0</QtdParcelas>
    <pontos>0</pontos>
    <valor>326.12</valor>
    <valorBruto>0</valorBruto>
    <valorDesconto>0</valorDesconto>
  </DadosPagamento>
  <Cedente>BANCO BRADESCO S.A</Cedente>
  <CodBarras>
    <TipoServico>FichaCompensacao</TipoServico>
    <codBarras>23796718400000326122374095010810981800879000</codBarras>
    <linhaDigitavel>23792374039501081098418008790000671840000032612</linhaDigitavel>
  </CodBarras>
  <DataVencimento>2017-06-08T00:00:00</DataVencimento>
</Conta>
------------------------------------------------------
CodigoErro: 000
MensagemErro: Pagamento ja efetuado.
StatusTransacao: ERROTRATADO
------------------------------------------------------
<RespostaConta>
  <ExtensionData />
  <CodigoErro>000</CodigoErro>
  <MensagemErro>Pagamento ja efetuado.</MensagemErro>
  <StatusTransacao>ERROTRATADO</StatusTransacao>
  <Autenticacao>0</Autenticacao>
  <Comprovante>
    <ExtensionData />
  </Comprovante>
  <DataLiquidacao>0001-01-01T00:00:00</DataLiquidacao>
  <DataOperacao>0001-01-01T00:00:00</DataOperacao>
  <ProtocoloId>0</ProtocoloId>
  <indVencido>false</indVencido>
</RespostaConta>
]]></output>
                    <assertions>
                      <assertion result="Failed">
                        <message><![CDATA[  Pagamento ja efetuado.
  Expected: SUCESSO
  But was:  ERROTRATADO
]]></message>
                        <stack-trace><![CDATA[em Acesso.ServiceLayer.IS2B.IntegrationTests.Fixtures.FichaDeCompensacaoTestFixture.Acatar_Pagamento_SemDesconto_Sem_ValorBruto(String linhaDigitavel, String codigoDeBarras, String tipoDoServico, String cedente, String valor, String dataVencimento) na C:\Projetos\Acesso\Core\PRODUTOS.Acesso.Lineu2\AcessoCadun\Acesso.ServiceLayer.IS2B.IntegrationTests\Fixtures\FichaDeCompensacaoTestFixture.cs:linha 58
]]></stack-trace>
                      </assertion>
                    </assertions>
                  </test-case>
                </test-suite>
                <test-suite type="ParameterizedMethod" id="0-1066" name="Falha_Ao_Tentar_Efetuar_Pagamento_Com_Desconto_E_ValorBruto_Zerado" fullname="Acesso.ServiceLayer.IS2B.IntegrationTests.Fixtures.FichaDeCompensacaoTestFixture.Falha_Ao_Tentar_Efetuar_Pagamento_Com_Desconto_E_ValorBruto_Zerado" classname="Acesso.ServiceLayer.IS2B.IntegrationTests.Fixtures.FichaDeCompensacaoTestFixture" runstate="Runnable" testcasecount="21" result="Failed" site="Child" start-time="2017-06-08 22:19:25Z" end-time="2017-06-08 22:19:26Z" duration="1.362827" total="21" passed="0" failed="21" warnings="0" inconclusive="0" skipped="0" asserts="21">
                  <properties>
                    <property name="Category" value="ComDesconto" />
                  </properties>
                  <failure>
                    <message><![CDATA[One or more child tests had errors]]></message>
                  </failure>
                  <test-case id="0-1045" name="Falha_Ao_Tentar_Efetuar_Pagamento_Com_Desconto_E_ValorBruto_Zerado(&quot;10492.99116 52000.100041 00030.197800 3 71820000023575&quot;,&quot;10493718200000235752991152000100040003019780&quot;,&quot;Ficha Compensacao&quot;,&quot;Caixa Econ Federal&quot;,&quot;235,75&quot;,&quot;06/06/2017 00:00&quot;)" fullname="Acesso.ServiceLayer.IS2B.IntegrationTests.Fixtures.FichaDeCompensacaoTestFixture.Falha_Ao_Tentar_Efetuar_Pagamento_Com_Desconto_E_ValorBruto_Zerado(&quot;10492.99116 52000.100041 00030.197800 3 71820000023575&quot;,&quot;10493718200000235752991152000100040003019780&quot;,&quot;Ficha Compensacao&quot;,&quot;Caixa Econ Federal&quot;,&quot;235,75&quot;,&quot;06/06/2017 00:00&quot;)" methodname="Falha_Ao_Tentar_Efetuar_Pagamento_Com_Desconto_E_ValorBruto_Zerado" classname="Acesso.ServiceLayer.IS2B.IntegrationTests.Fixtures.FichaDeCompensacaoTestFixture" runstate="Runnable" seed="1263152423" result="Failed" start-time="2017-06-08 22:19:25Z" end-time="2017-06-08 22:19:25Z" duration="0.066303" asserts="1">
                    <failure>
                      <message><![CDATA[Valores divergentes: Valor ou desconto/acrescimo inconsistente]]></message>
                      <stack-trace><![CDATA[em Acesso.ServiceLayer.IS2B.IntegrationTests.Fixtures.FichaDeCompensacaoTestFixture.Falha_Ao_Tentar_Efetuar_Pagamento_Com_Desconto_E_ValorBruto_Zerado(String linhaDigitavel, String codigoDeBarras, String tipoDoServico, String cedente, String valor, String dataVencimento) na C:\Projetos\Acesso\Core\PRODUTOS.Acesso.Lineu2\AcessoCadun\Acesso.ServiceLayer.IS2B.IntegrationTests\Fixtures\FichaDeCompensacaoTestFixture.cs:linha 190
]]></stack-trace>
                    </failure>
                    <output><![CDATA[<Conta>
  <CpfCnpj>11161058702</CpfCnpj>
  <EnderecoIP>127.0.0.1</EnderecoIP>
  <NSU>0</NSU>
  <NSUExterno>1961337608</NSUExterno>
  <PontoAtendimento>
    <Login>teste</Login>
    <PosId>0</PosId>
    <Senha>teste</Senha>
  </PontoAtendimento>
  <SiteIntegracaoId>0</SiteIntegracaoId>
  <TerminalExterno>123</TerminalExterno>
  <TipoTransacao>RECEBERCONTA</TipoTransacao>
  <Token>0</Token>
  <Versao>2.0</Versao>
  <DadosPagamento p2:type="PagamentoDinheiro" xmlns:p2="http://www.w3.org/2001/XMLSchema-instance">
    <FormaPagamento>DINHEIRO</FormaPagamento>
    <QtdParcelas>0</QtdParcelas>
    <pontos>0</pontos>
    <valor>235.75</valor>
    <valorBruto>0</valorBruto>
    <valorDesconto>85.51</valorDesconto>
  </DadosPagamento>
  <CodBarras>
    <TipoServico>FichaCompensacao</TipoServico>
    <linhaDigitavel>10492991165200010004100030197800371820000023575</linhaDigitavel>
  </CodBarras>
  <DataVencimento>2017-06-06T00:00:00</DataVencimento>
</Conta>
------------------------------------------------------
CodigoErro: 999
MensagemErro: Valores divergentes: Valor ou desconto/acrescimo inconsistente
StatusTransacao: ERRODESCONHECIDO
------------------------------------------------------
<Resposta>
  <ExtensionData />
  <CodigoErro>999</CodigoErro>
  <MensagemErro>Valores divergentes: Valor ou desconto/acrescimo inconsistente</MensagemErro>
  <StatusTransacao>ERRODESCONHECIDO</StatusTransacao>
</Resposta>
]]></output>
                    <assertions>
                      <assertion result="Failed">
                        <message><![CDATA[Valores divergentes: Valor ou desconto/acrescimo inconsistente]]></message>
                        <stack-trace><![CDATA[em Acesso.ServiceLayer.IS2B.IntegrationTests.Fixtures.FichaDeCompensacaoTestFixture.Falha_Ao_Tentar_Efetuar_Pagamento_Com_Desconto_E_ValorBruto_Zerado(String linhaDigitavel, String codigoDeBarras, String tipoDoServico, String cedente, String valor, String dataVencimento) na C:\Projetos\Acesso\Core\PRODUTOS.Acesso.Lineu2\AcessoCadun\Acesso.ServiceLayer.IS2B.IntegrationTests\Fixtures\FichaDeCompensacaoTestFixture.cs:linha 190
]]></stack-trace>
                      </assertion>
                    </assertions>
                  </test-case>
                  <test-case id="0-1046" name="Falha_Ao_Tentar_Efetuar_Pagamento_Com_Desconto_E_ValorBruto_Zerado(&quot;75691.45936 01000.315802 07875.370012 1 71860000006990&quot;,&quot;75691718600000069901459301000315800787537001&quot;,&quot;Ficha Compensacao&quot;,&quot;BANCO COOPERATIVO&quot;,&quot;69,90&quot;,&quot;10/06/2017 00:00&quot;)" fullname="Acesso.ServiceLayer.IS2B.IntegrationTests.Fixtures.FichaDeCompensacaoTestFixture.Falha_Ao_Tentar_Efetuar_Pagamento_Com_Desconto_E_ValorBruto_Zerado(&quot;75691.45936 01000.315802 07875.370012 1 71860000006990&quot;,&quot;75691718600000069901459301000315800787537001&quot;,&quot;Ficha Compensacao&quot;,&quot;BANCO COOPERATIVO&quot;,&quot;69,90&quot;,&quot;10/06/2017 00:00&quot;)" methodname="Falha_Ao_Tentar_Efetuar_Pagamento_Com_Desconto_E_ValorBruto_Zerado" classname="Acesso.ServiceLayer.IS2B.IntegrationTests.Fixtures.FichaDeCompensacaoTestFixture" runstate="Runnable" seed="1687067986" result="Failed" start-time="2017-06-08 22:19:25Z" end-time="2017-06-08 22:19:25Z" duration="0.063328" asserts="1">
                    <failure>
                      <message><![CDATA[Valores divergentes: Valor ou desconto/acrescimo inconsistente]]></message>
                      <stack-trace><![CDATA[em Acesso.ServiceLayer.IS2B.IntegrationTests.Fixtures.FichaDeCompensacaoTestFixture.Falha_Ao_Tentar_Efetuar_Pagamento_Com_Desconto_E_ValorBruto_Zerado(String linhaDigitavel, String codigoDeBarras, String tipoDoServico, String cedente, String valor, String dataVencimento) na C:\Projetos\Acesso\Core\PRODUTOS.Acesso.Lineu2\AcessoCadun\Acesso.ServiceLayer.IS2B.IntegrationTests\Fixtures\FichaDeCompensacaoTestFixture.cs:linha 190
]]></stack-trace>
                    </failure>
                    <output><![CDATA[<Conta>
  <CpfCnpj>11161058702</CpfCnpj>
  <EnderecoIP>127.0.0.1</EnderecoIP>
  <NSU>0</NSU>
  <NSUExterno>1415519802</NSUExterno>
  <PontoAtendimento>
    <Login>teste</Login>
    <PosId>0</PosId>
    <Senha>teste</Senha>
  </PontoAtendimento>
  <SiteIntegracaoId>0</SiteIntegracaoId>
  <TerminalExterno>123</TerminalExterno>
  <TipoTransacao>RECEBERCONTA</TipoTransacao>
  <Token>0</Token>
  <Versao>2.0</Versao>
  <DadosPagamento p2:type="PagamentoDinheiro" xmlns:p2="http://www.w3.org/2001/XMLSchema-instance">
    <FormaPagamento>DINHEIRO</FormaPagamento>
    <QtdParcelas>0</QtdParcelas>
    <pontos>0</pontos>
    <valor>69.9</valor>
    <valorBruto>0</valorBruto>
    <valorDesconto>85.51</valorDesconto>
  </DadosPagamento>
  <CodBarras>
    <TipoServico>FichaCompensacao</TipoServico>
    <linhaDigitavel>75691459360100031580207875370012171860000006990</linhaDigitavel>
  </CodBarras>
  <DataVencimento>2017-06-10T00:00:00</DataVencimento>
</Conta>
------------------------------------------------------
CodigoErro: 999
MensagemErro: Valores divergentes: Valor ou desconto/acrescimo inconsistente
StatusTransacao: ERRODESCONHECIDO
------------------------------------------------------
<Resposta>
  <ExtensionData />
  <CodigoErro>999</CodigoErro>
  <MensagemErro>Valores divergentes: Valor ou desconto/acrescimo inconsistente</MensagemErro>
  <StatusTransacao>ERRODESCONHECIDO</StatusTransacao>
</Resposta>
]]></output>
                    <assertions>
                      <assertion result="Failed">
                        <message><![CDATA[Valores divergentes: Valor ou desconto/acrescimo inconsistente]]></message>
                        <stack-trace><![CDATA[em Acesso.ServiceLayer.IS2B.IntegrationTests.Fixtures.FichaDeCompensacaoTestFixture.Falha_Ao_Tentar_Efetuar_Pagamento_Com_Desconto_E_ValorBruto_Zerado(String linhaDigitavel, String codigoDeBarras, String tipoDoServico, String cedente, String valor, String dataVencimento) na C:\Projetos\Acesso\Core\PRODUTOS.Acesso.Lineu2\AcessoCadun\Acesso.ServiceLayer.IS2B.IntegrationTests\Fixtures\FichaDeCompensacaoTestFixture.cs:linha 190
]]></stack-trace>
                      </assertion>
                    </assertions>
                  </test-case>
                  <test-case id="0-1047" name="Falha_Ao_Tentar_Efetuar_Pagamento_Com_Desconto_E_ValorBruto_Zerado(&quot;03399.49281 36981.713708 20376.701023 1 00000000000000&quot;,&quot;03391000000000000009492836981713702037670102&quot;,&quot;Ficha Compensacao&quot;,&quot;BANCO DO ESTADO DE&quot;,&quot;346,53&quot;,&quot;28/06/2017 00:00&quot;)" fullname="Acesso.ServiceLayer.IS2B.IntegrationTests.Fixtures.FichaDeCompensacaoTestFixture.Falha_Ao_Tentar_Efetuar_Pagamento_Com_Desconto_E_ValorBruto_Zerado(&quot;03399.49281 36981.713708 20376.701023 1 00000000000000&quot;,&quot;03391000000000000009492836981713702037670102&quot;,&quot;Ficha Compensacao&quot;,&quot;BANCO DO ESTADO DE&quot;,&quot;346,53&quot;,&quot;28/06/2017 00:00&quot;)" methodname="Falha_Ao_Tentar_Efetuar_Pagamento_Com_Desconto_E_ValorBruto_Zerado" classname="Acesso.ServiceLayer.IS2B.IntegrationTests.Fixtures.FichaDeCompensacaoTestFixture" runstate="Runnable" seed="1367299032" result="Failed" start-time="2017-06-08 22:19:25Z" end-time="2017-06-08 22:19:25Z" duration="0.063048" asserts="1">
                    <failure>
                      <message><![CDATA[Valores divergentes: Valor ou desconto/acrescimo inconsistente]]></message>
                      <stack-trace><![CDATA[em Acesso.ServiceLayer.IS2B.IntegrationTests.Fixtures.FichaDeCompensacaoTestFixture.Falha_Ao_Tentar_Efetuar_Pagamento_Com_Desconto_E_ValorBruto_Zerado(String linhaDigitavel, String codigoDeBarras, String tipoDoServico, String cedente, String valor, String dataVencimento) na C:\Projetos\Acesso\Core\PRODUTOS.Acesso.Lineu2\AcessoCadun\Acesso.ServiceLayer.IS2B.IntegrationTests\Fixtures\FichaDeCompensacaoTestFixture.cs:linha 190
]]></stack-trace>
                    </failure>
                    <output><![CDATA[<Conta>
  <CpfCnpj>11161058702</CpfCnpj>
  <EnderecoIP>127.0.0.1</EnderecoIP>
  <NSU>0</NSU>
  <NSUExterno>2130815677</NSUExterno>
  <PontoAtendimento>
    <Login>teste</Login>
    <PosId>0</PosId>
    <Senha>teste</Senha>
  </PontoAtendimento>
  <SiteIntegracaoId>0</SiteIntegracaoId>
  <TerminalExterno>123</TerminalExterno>
  <TipoTransacao>RECEBERCONTA</TipoTransacao>
  <Token>0</Token>
  <Versao>2.0</Versao>
  <DadosPagamento p2:type="PagamentoDinheiro" xmlns:p2="http://www.w3.org/2001/XMLSchema-instance">
    <FormaPagamento>DINHEIRO</FormaPagamento>
    <QtdParcelas>0</QtdParcelas>
    <pontos>0</pontos>
    <valor>346.53</valor>
    <valorBruto>0</valorBruto>
    <valorDesconto>85.51</valorDesconto>
  </DadosPagamento>
  <CodBarras>
    <TipoServico>FichaCompensacao</TipoServico>
    <linhaDigitavel>03399492813698171370820376701023100000000000000</linhaDigitavel>
  </CodBarras>
  <DataVencimento>2017-06-28T00:00:00</DataVencimento>
</Conta>
------------------------------------------------------
CodigoErro: 999
MensagemErro: Valores divergentes: Valor ou desconto/acrescimo inconsistente
StatusTransacao: ERRODESCONHECIDO
------------------------------------------------------
<Resposta>
  <ExtensionData />
  <CodigoErro>999</CodigoErro>
  <MensagemErro>Valores divergentes: Valor ou desconto/acrescimo inconsistente</MensagemErro>
  <StatusTransacao>ERRODESCONHECIDO</StatusTransacao>
</Resposta>
]]></output>
                    <assertions>
                      <assertion result="Failed">
                        <message><![CDATA[Valores divergentes: Valor ou desconto/acrescimo inconsistente]]></message>
                        <stack-trace><![CDATA[em Acesso.ServiceLayer.IS2B.IntegrationTests.Fixtures.FichaDeCompensacaoTestFixture.Falha_Ao_Tentar_Efetuar_Pagamento_Com_Desconto_E_ValorBruto_Zerado(String linhaDigitavel, String codigoDeBarras, String tipoDoServico, String cedente, String valor, String dataVencimento) na C:\Projetos\Acesso\Core\PRODUTOS.Acesso.Lineu2\AcessoCadun\Acesso.ServiceLayer.IS2B.IntegrationTests\Fixtures\FichaDeCompensacaoTestFixture.cs:linha 190
]]></stack-trace>
                      </assertion>
                    </assertions>
                  </test-case>
                  <test-case id="0-1048" name="Falha_Ao_Tentar_Efetuar_Pagamento_Com_Desconto_E_ValorBruto_Zerado(&quot;00190.00009 02978.334007 00000.038174 4 71810000004997&quot;,&quot;00194718100000049970000002978334000000003817&quot;,&quot;Ficha Compensacao&quot;,&quot;BANCO DO BRASIL S.&quot;,&quot;49,97   &quot;,&quot;05/06/2017 00:00&quot;)" fullname="Acesso.ServiceLayer.IS2B.IntegrationTests.Fixtures.FichaDeCompensacaoTestFixture.Falha_Ao_Tentar_Efetuar_Pagamento_Com_Desconto_E_ValorBruto_Zerado(&quot;00190.00009 02978.334007 00000.038174 4 71810000004997&quot;,&quot;00194718100000049970000002978334000000003817&quot;,&quot;Ficha Compensacao&quot;,&quot;BANCO DO BRASIL S.&quot;,&quot;49,97   &quot;,&quot;05/06/2017 00:00&quot;)" methodname="Falha_Ao_Tentar_Efetuar_Pagamento_Com_Desconto_E_ValorBruto_Zerado" classname="Acesso.ServiceLayer.IS2B.IntegrationTests.Fixtures.FichaDeCompensacaoTestFixture" runstate="Runnable" seed="698183851" result="Failed" start-time="2017-06-08 22:19:25Z" end-time="2017-06-08 22:19:25Z" duration="0.057226" asserts="1">
                    <failure>
                      <message><![CDATA[Valores divergentes: Valor ou desconto/acrescimo inconsistente]]></message>
                      <stack-trace><![CDATA[em Acesso.ServiceLayer.IS2B.IntegrationTests.Fixtures.FichaDeCompensacaoTestFixture.Falha_Ao_Tentar_Efetuar_Pagamento_Com_Desconto_E_ValorBruto_Zerado(String linhaDigitavel, String codigoDeBarras, String tipoDoServico, String cedente, String valor, String dataVencimento) na C:\Projetos\Acesso\Core\PRODUTOS.Acesso.Lineu2\AcessoCadun\Acesso.ServiceLayer.IS2B.IntegrationTests\Fixtures\FichaDeCompensacaoTestFixture.cs:linha 190
]]></stack-trace>
                    </failure>
                    <output><![CDATA[<Conta>
  <CpfCnpj>11161058702</CpfCnpj>
  <EnderecoIP>127.0.0.1</EnderecoIP>
  <NSU>0</NSU>
  <NSUExterno>1689923665</NSUExterno>
  <PontoAtendimento>
    <Login>teste</Login>
    <PosId>0</PosId>
    <Senha>teste</Senha>
  </PontoAtendimento>
  <SiteIntegracaoId>0</SiteIntegracaoId>
  <TerminalExterno>123</TerminalExterno>
  <TipoTransacao>RECEBERCONTA</TipoTransacao>
  <Token>0</Token>
  <Versao>2.0</Versao>
  <DadosPagamento p2:type="PagamentoDinheiro" xmlns:p2="http://www.w3.org/2001/XMLSchema-instance">
    <FormaPagamento>DINHEIRO</FormaPagamento>
    <QtdParcelas>0</QtdParcelas>
    <pontos>0</pontos>
    <valor>49.97</valor>
    <valorBruto>0</valorBruto>
    <valorDesconto>85.51</valorDesconto>
  </DadosPagamento>
  <CodBarras>
    <TipoServico>FichaCompensacao</TipoServico>
    <linhaDigitavel>00190000090297833400700000038174471810000004997</linhaDigitavel>
  </CodBarras>
  <DataVencimento>2017-06-05T00:00:00</DataVencimento>
</Conta>
------------------------------------------------------
CodigoErro: 999
MensagemErro: Valores divergentes: Valor ou desconto/acrescimo inconsistente
StatusTransacao: ERRODESCONHECIDO
------------------------------------------------------
<Resposta>
  <ExtensionData />
  <CodigoErro>999</CodigoErro>
  <MensagemErro>Valores divergentes: Valor ou desconto/acrescimo inconsistente</MensagemErro>
  <StatusTransacao>ERRODESCONHECIDO</StatusTransacao>
</Resposta>
]]></output>
                    <assertions>
                      <assertion result="Failed">
                        <message><![CDATA[Valores divergentes: Valor ou desconto/acrescimo inconsistente]]></message>
                        <stack-trace><![CDATA[em Acesso.ServiceLayer.IS2B.IntegrationTests.Fixtures.FichaDeCompensacaoTestFixture.Falha_Ao_Tentar_Efetuar_Pagamento_Com_Desconto_E_ValorBruto_Zerado(String linhaDigitavel, String codigoDeBarras, String tipoDoServico, String cedente, String valor, String dataVencimento) na C:\Projetos\Acesso\Core\PRODUTOS.Acesso.Lineu2\AcessoCadun\Acesso.ServiceLayer.IS2B.IntegrationTests\Fixtures\FichaDeCompensacaoTestFixture.cs:linha 190
]]></stack-trace>
                      </assertion>
                    </assertions>
                  </test-case>
                  <test-case id="0-1049" name="Falha_Ao_Tentar_Efetuar_Pagamento_Com_Desconto_E_ValorBruto_Zerado(&quot;00491.89202 16249.870060 00000.000117 5 71840000040500&quot;,&quot;00495718400000405001892016249870060000000011&quot;,&quot;Ficha Compensacao&quot;,&quot;BANCO DO NORDESTE &quot;,&quot;405,00  &quot;,&quot;08/06/2017 00:00&quot;)" fullname="Acesso.ServiceLayer.IS2B.IntegrationTests.Fixtures.FichaDeCompensacaoTestFixture.Falha_Ao_Tentar_Efetuar_Pagamento_Com_Desconto_E_ValorBruto_Zerado(&quot;00491.89202 16249.870060 00000.000117 5 71840000040500&quot;,&quot;00495718400000405001892016249870060000000011&quot;,&quot;Ficha Compensacao&quot;,&quot;BANCO DO NORDESTE &quot;,&quot;405,00  &quot;,&quot;08/06/2017 00:00&quot;)" methodname="Falha_Ao_Tentar_Efetuar_Pagamento_Com_Desconto_E_ValorBruto_Zerado" classname="Acesso.ServiceLayer.IS2B.IntegrationTests.Fixtures.FichaDeCompensacaoTestFixture" runstate="Runnable" seed="746322075" result="Failed" start-time="2017-06-08 22:19:25Z" end-time="2017-06-08 22:19:25Z" duration="0.057471" asserts="1">
                    <failure>
                      <message><![CDATA[Valores divergentes: Valor ou desconto/acrescimo inconsistente]]></message>
                      <stack-trace><![CDATA[em Acesso.ServiceLayer.IS2B.IntegrationTests.Fixtures.FichaDeCompensacaoTestFixture.Falha_Ao_Tentar_Efetuar_Pagamento_Com_Desconto_E_ValorBruto_Zerado(String linhaDigitavel, String codigoDeBarras, String tipoDoServico, String cedente, String valor, String dataVencimento) na C:\Projetos\Acesso\Core\PRODUTOS.Acesso.Lineu2\AcessoCadun\Acesso.ServiceLayer.IS2B.IntegrationTests\Fixtures\FichaDeCompensacaoTestFixture.cs:linha 190
]]></stack-trace>
                    </failure>
                    <output><![CDATA[<Conta>
  <CpfCnpj>11161058702</CpfCnpj>
  <EnderecoIP>127.0.0.1</EnderecoIP>
  <NSU>0</NSU>
  <NSUExterno>1287008247</NSUExterno>
  <PontoAtendimento>
    <Login>teste</Login>
    <PosId>0</PosId>
    <Senha>teste</Senha>
  </PontoAtendimento>
  <SiteIntegracaoId>0</SiteIntegracaoId>
  <TerminalExterno>123</TerminalExterno>
  <TipoTransacao>RECEBERCONTA</TipoTransacao>
  <Token>0</Token>
  <Versao>2.0</Versao>
  <DadosPagamento p2:type="PagamentoDinheiro" xmlns:p2="http://www.w3.org/2001/XMLSchema-instance">
    <FormaPagamento>DINHEIRO</FormaPagamento>
    <QtdParcelas>0</QtdParcelas>
    <pontos>0</pontos>
    <valor>405</valor>
    <valorBruto>0</valorBruto>
    <valorDesconto>85.51</valorDesconto>
  </DadosPagamento>
  <CodBarras>
    <TipoServico>FichaCompensacao</TipoServico>
    <linhaDigitavel>00491892021624987006000000000117571840000040500</linhaDigitavel>
  </CodBarras>
  <DataVencimento>2017-06-08T00:00:00</DataVencimento>
</Conta>
------------------------------------------------------
CodigoErro: 999
MensagemErro: Valores divergentes: Valor ou desconto/acrescimo inconsistente
StatusTransacao: ERRODESCONHECIDO
------------------------------------------------------
<Resposta>
  <ExtensionData />
  <CodigoErro>999</CodigoErro>
  <MensagemErro>Valores divergentes: Valor ou desconto/acrescimo inconsistente</MensagemErro>
  <StatusTransacao>ERRODESCONHECIDO</StatusTransacao>
</Resposta>
]]></output>
                    <assertions>
                      <assertion result="Failed">
                        <message><![CDATA[Valores divergentes: Valor ou desconto/acrescimo inconsistente]]></message>
                        <stack-trace><![CDATA[em Acesso.ServiceLayer.IS2B.IntegrationTests.Fixtures.FichaDeCompensacaoTestFixture.Falha_Ao_Tentar_Efetuar_Pagamento_Com_Desconto_E_ValorBruto_Zerado(String linhaDigitavel, String codigoDeBarras, String tipoDoServico, String cedente, String valor, String dataVencimento) na C:\Projetos\Acesso\Core\PRODUTOS.Acesso.Lineu2\AcessoCadun\Acesso.ServiceLayer.IS2B.IntegrationTests\Fixtures\FichaDeCompensacaoTestFixture.cs:linha 190
]]></stack-trace>
                      </assertion>
                    </assertions>
                  </test-case>
                  <test-case id="0-1050" name="Falha_Ao_Tentar_Efetuar_Pagamento_Com_Desconto_E_ValorBruto_Zerado(&quot;00190.00009 02790.799064 00008.794174 1 71910000002000&quot;,&quot;00191719100000020000000002790799060000879417&quot;,&quot;Ficha Compensacao&quot;,&quot;BANCO DO BRASIL S.&quot;,&quot;20,00   &quot;,&quot;15/06/2017 00:00&quot;)" fullname="Acesso.ServiceLayer.IS2B.IntegrationTests.Fixtures.FichaDeCompensacaoTestFixture.Falha_Ao_Tentar_Efetuar_Pagamento_Com_Desconto_E_ValorBruto_Zerado(&quot;00190.00009 02790.799064 00008.794174 1 71910000002000&quot;,&quot;00191719100000020000000002790799060000879417&quot;,&quot;Ficha Compensacao&quot;,&quot;BANCO DO BRASIL S.&quot;,&quot;20,00   &quot;,&quot;15/06/2017 00:00&quot;)" methodname="Falha_Ao_Tentar_Efetuar_Pagamento_Com_Desconto_E_ValorBruto_Zerado" classname="Acesso.ServiceLayer.IS2B.IntegrationTests.Fixtures.FichaDeCompensacaoTestFixture" runstate="Runnable" seed="2101175374" result="Failed" start-time="2017-06-08 22:19:25Z" end-time="2017-06-08 22:19:25Z" duration="0.057638" asserts="1">
                    <failure>
                      <message><![CDATA[Valores divergentes: Valor ou desconto/acrescimo inconsistente]]></message>
                      <stack-trace><![CDATA[em Acesso.ServiceLayer.IS2B.IntegrationTests.Fixtures.FichaDeCompensacaoTestFixture.Falha_Ao_Tentar_Efetuar_Pagamento_Com_Desconto_E_ValorBruto_Zerado(String linhaDigitavel, String codigoDeBarras, String tipoDoServico, String cedente, String valor, String dataVencimento) na C:\Projetos\Acesso\Core\PRODUTOS.Acesso.Lineu2\AcessoCadun\Acesso.ServiceLayer.IS2B.IntegrationTests\Fixtures\FichaDeCompensacaoTestFixture.cs:linha 190
]]></stack-trace>
                    </failure>
                    <output><![CDATA[<Conta>
  <CpfCnpj>11161058702</CpfCnpj>
  <EnderecoIP>127.0.0.1</EnderecoIP>
  <NSU>0</NSU>
  <NSUExterno>859969115</NSUExterno>
  <PontoAtendimento>
    <Login>teste</Login>
    <PosId>0</PosId>
    <Senha>teste</Senha>
  </PontoAtendimento>
  <SiteIntegracaoId>0</SiteIntegracaoId>
  <TerminalExterno>123</TerminalExterno>
  <TipoTransacao>RECEBERCONTA</TipoTransacao>
  <Token>0</Token>
  <Versao>2.0</Versao>
  <DadosPagamento p2:type="PagamentoDinheiro" xmlns:p2="http://www.w3.org/2001/XMLSchema-instance">
    <FormaPagamento>DINHEIRO</FormaPagamento>
    <QtdParcelas>0</QtdParcelas>
    <pontos>0</pontos>
    <valor>20</valor>
    <valorBruto>0</valorBruto>
    <valorDesconto>85.51</valorDesconto>
  </DadosPagamento>
  <CodBarras>
    <TipoServico>FichaCompensacao</TipoServico>
    <linhaDigitavel>00190000090279079906400008794174171910000002000</linhaDigitavel>
  </CodBarras>
  <DataVencimento>2017-06-15T00:00:00</DataVencimento>
</Conta>
------------------------------------------------------
CodigoErro: 999
MensagemErro: Valores divergentes: Valor ou desconto/acrescimo inconsistente
StatusTransacao: ERRODESCONHECIDO
------------------------------------------------------
<Resposta>
  <ExtensionData />
  <CodigoErro>999</CodigoErro>
  <MensagemErro>Valores divergentes: Valor ou desconto/acrescimo inconsistente</MensagemErro>
  <StatusTransacao>ERRODESCONHECIDO</StatusTransacao>
</Resposta>
]]></output>
                    <assertions>
                      <assertion result="Failed">
                        <message><![CDATA[Valores divergentes: Valor ou desconto/acrescimo inconsistente]]></message>
                        <stack-trace><![CDATA[em Acesso.ServiceLayer.IS2B.IntegrationTests.Fixtures.FichaDeCompensacaoTestFixture.Falha_Ao_Tentar_Efetuar_Pagamento_Com_Desconto_E_ValorBruto_Zerado(String linhaDigitavel, String codigoDeBarras, String tipoDoServico, String cedente, String valor, String dataVencimento) na C:\Projetos\Acesso\Core\PRODUTOS.Acesso.Lineu2\AcessoCadun\Acesso.ServiceLayer.IS2B.IntegrationTests\Fixtures\FichaDeCompensacaoTestFixture.cs:linha 190
]]></stack-trace>
                      </assertion>
                    </assertions>
                  </test-case>
                  <test-case id="0-1051" name="Falha_Ao_Tentar_Efetuar_Pagamento_Com_Desconto_E_ValorBruto_Zerado(&quot;03399.20159 51000.246440 99001.401027 5 71840000084891&quot;,&quot;03395718400000848919201551000246449900140102&quot;,&quot;Ficha Compensacao&quot;,&quot;BANCO DO ESTADO DE&quot;,&quot;848,91  &quot;,&quot;08/06/2017 00:00&quot;)" fullname="Acesso.ServiceLayer.IS2B.IntegrationTests.Fixtures.FichaDeCompensacaoTestFixture.Falha_Ao_Tentar_Efetuar_Pagamento_Com_Desconto_E_ValorBruto_Zerado(&quot;03399.20159 51000.246440 99001.401027 5 71840000084891&quot;,&quot;03395718400000848919201551000246449900140102&quot;,&quot;Ficha Compensacao&quot;,&quot;BANCO DO ESTADO DE&quot;,&quot;848,91  &quot;,&quot;08/06/2017 00:00&quot;)" methodname="Falha_Ao_Tentar_Efetuar_Pagamento_Com_Desconto_E_ValorBruto_Zerado" classname="Acesso.ServiceLayer.IS2B.IntegrationTests.Fixtures.FichaDeCompensacaoTestFixture" runstate="Runnable" seed="664008474" result="Failed" start-time="2017-06-08 22:19:25Z" end-time="2017-06-08 22:19:25Z" duration="0.069575" asserts="1">
                    <failure>
                      <message><![CDATA[Valores divergentes: Valor ou desconto/acrescimo inconsistente]]></message>
                      <stack-trace><![CDATA[em Acesso.ServiceLayer.IS2B.IntegrationTests.Fixtures.FichaDeCompensacaoTestFixture.Falha_Ao_Tentar_Efetuar_Pagamento_Com_Desconto_E_ValorBruto_Zerado(String linhaDigitavel, String codigoDeBarras, String tipoDoServico, String cedente, String valor, String dataVencimento) na C:\Projetos\Acesso\Core\PRODUTOS.Acesso.Lineu2\AcessoCadun\Acesso.ServiceLayer.IS2B.IntegrationTests\Fixtures\FichaDeCompensacaoTestFixture.cs:linha 190
]]></stack-trace>
                    </failure>
                    <output><![CDATA[<Conta>
  <CpfCnpj>11161058702</CpfCnpj>
  <EnderecoIP>127.0.0.1</EnderecoIP>
  <NSU>0</NSU>
  <NSUExterno>1559789047</NSUExterno>
  <PontoAtendimento>
    <Login>teste</Login>
    <PosId>0</PosId>
    <Senha>teste</Senha>
  </PontoAtendimento>
  <SiteIntegracaoId>0</SiteIntegracaoId>
  <TerminalExterno>123</TerminalExterno>
  <TipoTransacao>RECEBERCONTA</TipoTransacao>
  <Token>0</Token>
  <Versao>2.0</Versao>
  <DadosPagamento p2:type="PagamentoDinheiro" xmlns:p2="http://www.w3.org/2001/XMLSchema-instance">
    <FormaPagamento>DINHEIRO</FormaPagamento>
    <QtdParcelas>0</QtdParcelas>
    <pontos>0</pontos>
    <valor>848.91</valor>
    <valorBruto>0</valorBruto>
    <valorDesconto>85.51</valorDesconto>
  </DadosPagamento>
  <CodBarras>
    <TipoServico>FichaCompensacao</TipoServico>
    <linhaDigitavel>03399201595100024644099001401027571840000084891</linhaDigitavel>
  </CodBarras>
  <DataVencimento>2017-06-08T00:00:00</DataVencimento>
</Conta>
------------------------------------------------------
CodigoErro: 999
MensagemErro: Valores divergentes: Valor ou desconto/acrescimo inconsistente
StatusTransacao: ERRODESCONHECIDO
------------------------------------------------------
<Resposta>
  <ExtensionData />
  <CodigoErro>999</CodigoErro>
  <MensagemErro>Valores divergentes: Valor ou desconto/acrescimo inconsistente</MensagemErro>
  <StatusTransacao>ERRODESCONHECIDO</StatusTransacao>
</Resposta>
]]></output>
                    <assertions>
                      <assertion result="Failed">
                        <message><![CDATA[Valores divergentes: Valor ou desconto/acrescimo inconsistente]]></message>
                        <stack-trace><![CDATA[em Acesso.ServiceLayer.IS2B.IntegrationTests.Fixtures.FichaDeCompensacaoTestFixture.Falha_Ao_Tentar_Efetuar_Pagamento_Com_Desconto_E_ValorBruto_Zerado(String linhaDigitavel, String codigoDeBarras, String tipoDoServico, String cedente, String valor, String dataVencimento) na C:\Projetos\Acesso\Core\PRODUTOS.Acesso.Lineu2\AcessoCadun\Acesso.ServiceLayer.IS2B.IntegrationTests\Fixtures\FichaDeCompensacaoTestFixture.cs:linha 190
]]></stack-trace>
                      </assertion>
                    </assertions>
                  </test-case>
                  <test-case id="0-1052" name="Falha_Ao_Tentar_Efetuar_Pagamento_Com_Desconto_E_ValorBruto_Zerado(&quot;10492.33925 42000.200040 00099.366890 8 71960000006500&quot;,&quot;10498719600000065002339242000200040009936689&quot;,&quot;Ficha Compensacao&quot;,&quot;Caixa Econ Federal&quot;,&quot;60,00   &quot;,&quot;20/06/2017 00:00&quot;)" fullname="Acesso.ServiceLayer.IS2B.IntegrationTests.Fixtures.FichaDeCompensacaoTestFixture.Falha_Ao_Tentar_Efetuar_Pagamento_Com_Desconto_E_ValorBruto_Zerado(&quot;10492.33925 42000.200040 00099.366890 8 71960000006500&quot;,&quot;10498719600000065002339242000200040009936689&quot;,&quot;Ficha Compensacao&quot;,&quot;Caixa Econ Federal&quot;,&quot;60,00   &quot;,&quot;20/06/2017 00:00&quot;)" methodname="Falha_Ao_Tentar_Efetuar_Pagamento_Com_Desconto_E_ValorBruto_Zerado" classname="Acesso.ServiceLayer.IS2B.IntegrationTests.Fixtures.FichaDeCompensacaoTestFixture" runstate="Runnable" seed="908762581" result="Failed" start-time="2017-06-08 22:19:25Z" end-time="2017-06-08 22:19:25Z" duration="0.063229" asserts="1">
                    <failure>
                      <message><![CDATA[Valores divergentes: Valor ou desconto/acrescimo inconsistente]]></message>
                      <stack-trace><![CDATA[em Acesso.ServiceLayer.IS2B.IntegrationTests.Fixtures.FichaDeCompensacaoTestFixture.Falha_Ao_Tentar_Efetuar_Pagamento_Com_Desconto_E_ValorBruto_Zerado(String linhaDigitavel, String codigoDeBarras, String tipoDoServico, String cedente, String valor, String dataVencimento) na C:\Projetos\Acesso\Core\PRODUTOS.Acesso.Lineu2\AcessoCadun\Acesso.ServiceLayer.IS2B.IntegrationTests\Fixtures\FichaDeCompensacaoTestFixture.cs:linha 190
]]></stack-trace>
                    </failure>
                    <output><![CDATA[<Conta>
  <CpfCnpj>11161058702</CpfCnpj>
  <EnderecoIP>127.0.0.1</EnderecoIP>
  <NSU>0</NSU>
  <NSUExterno>2134135298</NSUExterno>
  <PontoAtendimento>
    <Login>teste</Login>
    <PosId>0</PosId>
    <Senha>teste</Senha>
  </PontoAtendimento>
  <SiteIntegracaoId>0</SiteIntegracaoId>
  <TerminalExterno>123</TerminalExterno>
  <TipoTransacao>RECEBERCONTA</TipoTransacao>
  <Token>0</Token>
  <Versao>2.0</Versao>
  <DadosPagamento p2:type="PagamentoDinheiro" xmlns:p2="http://www.w3.org/2001/XMLSchema-instance">
    <FormaPagamento>DINHEIRO</FormaPagamento>
    <QtdParcelas>0</QtdParcelas>
    <pontos>0</pontos>
    <valor>60</valor>
    <valorBruto>0</valorBruto>
    <valorDesconto>85.51</valorDesconto>
  </DadosPagamento>
  <CodBarras>
    <TipoServico>FichaCompensacao</TipoServico>
    <linhaDigitavel>10492339254200020004000099366890871960000006500</linhaDigitavel>
  </CodBarras>
  <DataVencimento>2017-06-20T00:00:00</DataVencimento>
</Conta>
------------------------------------------------------
CodigoErro: 999
MensagemErro: Valores divergentes: Valor ou desconto/acrescimo inconsistente
StatusTransacao: ERRODESCONHECIDO
------------------------------------------------------
<Resposta>
  <ExtensionData />
  <CodigoErro>999</CodigoErro>
  <MensagemErro>Valores divergentes: Valor ou desconto/acrescimo inconsistente</MensagemErro>
  <StatusTransacao>ERRODESCONHECIDO</StatusTransacao>
</Resposta>
]]></output>
                    <assertions>
                      <assertion result="Failed">
                        <message><![CDATA[Valores divergentes: Valor ou desconto/acrescimo inconsistente]]></message>
                        <stack-trace><![CDATA[em Acesso.ServiceLayer.IS2B.IntegrationTests.Fixtures.FichaDeCompensacaoTestFixture.Falha_Ao_Tentar_Efetuar_Pagamento_Com_Desconto_E_ValorBruto_Zerado(String linhaDigitavel, String codigoDeBarras, String tipoDoServico, String cedente, String valor, String dataVencimento) na C:\Projetos\Acesso\Core\PRODUTOS.Acesso.Lineu2\AcessoCadun\Acesso.ServiceLayer.IS2B.IntegrationTests\Fixtures\FichaDeCompensacaoTestFixture.cs:linha 190
]]></stack-trace>
                      </assertion>
                    </assertions>
                  </test-case>
                  <test-case id="0-1053" name="Falha_Ao_Tentar_Efetuar_Pagamento_Com_Desconto_E_ValorBruto_Zerado(&quot;03399.47624 73800.000009 00696.301043 7 71810000073552&quot;,&quot;03397718100000735529476273800000000069630104&quot;,&quot;Ficha Compensacao&quot;,&quot;BANCO DO ESTADO DE&quot;,&quot;735,52  &quot;,&quot;05/06/2017 00:00&quot;)" fullname="Acesso.ServiceLayer.IS2B.IntegrationTests.Fixtures.FichaDeCompensacaoTestFixture.Falha_Ao_Tentar_Efetuar_Pagamento_Com_Desconto_E_ValorBruto_Zerado(&quot;03399.47624 73800.000009 00696.301043 7 71810000073552&quot;,&quot;03397718100000735529476273800000000069630104&quot;,&quot;Ficha Compensacao&quot;,&quot;BANCO DO ESTADO DE&quot;,&quot;735,52  &quot;,&quot;05/06/2017 00:00&quot;)" methodname="Falha_Ao_Tentar_Efetuar_Pagamento_Com_Desconto_E_ValorBruto_Zerado" classname="Acesso.ServiceLayer.IS2B.IntegrationTests.Fixtures.FichaDeCompensacaoTestFixture" runstate="Runnable" seed="932761918" result="Failed" start-time="2017-06-08 22:19:25Z" end-time="2017-06-08 22:19:25Z" duration="0.058895" asserts="1">
                    <failure>
                      <message><![CDATA[Valores divergentes: Valor ou desconto/acrescimo inconsistente]]></message>
                      <stack-trace><![CDATA[em Acesso.ServiceLayer.IS2B.IntegrationTests.Fixtures.FichaDeCompensacaoTestFixture.Falha_Ao_Tentar_Efetuar_Pagamento_Com_Desconto_E_ValorBruto_Zerado(String linhaDigitavel, String codigoDeBarras, String tipoDoServico, String cedente, String valor, String dataVencimento) na C:\Projetos\Acesso\Core\PRODUTOS.Acesso.Lineu2\AcessoCadun\Acesso.ServiceLayer.IS2B.IntegrationTests\Fixtures\FichaDeCompensacaoTestFixture.cs:linha 190
]]></stack-trace>
                    </failure>
                    <output><![CDATA[<Conta>
  <CpfCnpj>11161058702</CpfCnpj>
  <EnderecoIP>127.0.0.1</EnderecoIP>
  <NSU>0</NSU>
  <NSUExterno>2043599142</NSUExterno>
  <PontoAtendimento>
    <Login>teste</Login>
    <PosId>0</PosId>
    <Senha>teste</Senha>
  </PontoAtendimento>
  <SiteIntegracaoId>0</SiteIntegracaoId>
  <TerminalExterno>123</TerminalExterno>
  <TipoTransacao>RECEBERCONTA</TipoTransacao>
  <Token>0</Token>
  <Versao>2.0</Versao>
  <DadosPagamento p2:type="PagamentoDinheiro" xmlns:p2="http://www.w3.org/2001/XMLSchema-instance">
    <FormaPagamento>DINHEIRO</FormaPagamento>
    <QtdParcelas>0</QtdParcelas>
    <pontos>0</pontos>
    <valor>735.52</valor>
    <valorBruto>0</valorBruto>
    <valorDesconto>85.51</valorDesconto>
  </DadosPagamento>
  <CodBarras>
    <TipoServico>FichaCompensacao</TipoServico>
    <linhaDigitavel>03399476247380000000900696301043771810000073552</linhaDigitavel>
  </CodBarras>
  <DataVencimento>2017-06-05T00:00:00</DataVencimento>
</Conta>
------------------------------------------------------
CodigoErro: 999
MensagemErro: Valores divergentes: Valor ou desconto/acrescimo inconsistente
StatusTransacao: ERRODESCONHECIDO
------------------------------------------------------
<Resposta>
  <ExtensionData />
  <CodigoErro>999</CodigoErro>
  <MensagemErro>Valores divergentes: Valor ou desconto/acrescimo inconsistente</MensagemErro>
  <StatusTransacao>ERRODESCONHECIDO</StatusTransacao>
</Resposta>
]]></output>
                    <assertions>
                      <assertion result="Failed">
                        <message><![CDATA[Valores divergentes: Valor ou desconto/acrescimo inconsistente]]></message>
                        <stack-trace><![CDATA[em Acesso.ServiceLayer.IS2B.IntegrationTests.Fixtures.FichaDeCompensacaoTestFixture.Falha_Ao_Tentar_Efetuar_Pagamento_Com_Desconto_E_ValorBruto_Zerado(String linhaDigitavel, String codigoDeBarras, String tipoDoServico, String cedente, String valor, String dataVencimento) na C:\Projetos\Acesso\Core\PRODUTOS.Acesso.Lineu2\AcessoCadun\Acesso.ServiceLayer.IS2B.IntegrationTests\Fixtures\FichaDeCompensacaoTestFixture.cs:linha 190
]]></stack-trace>
                      </assertion>
                    </assertions>
                  </test-case>
                  <test-case id="0-1054" name="Falha_Ao_Tentar_Efetuar_Pagamento_Com_Desconto_E_ValorBruto_Zerado(&quot;23792.37205 68616.489644 05000.088608 1 71890000007750&quot;,&quot;23791718900000077502372068616489640500008860&quot;,&quot;Ficha Compensacao&quot;,&quot;HSBC FINANCE BRASI&quot;,&quot;77,50   &quot;,&quot;13/06/2017 00:00&quot;)" fullname="Acesso.ServiceLayer.IS2B.IntegrationTests.Fixtures.FichaDeCompensacaoTestFixture.Falha_Ao_Tentar_Efetuar_Pagamento_Com_Desconto_E_ValorBruto_Zerado(&quot;23792.37205 68616.489644 05000.088608 1 71890000007750&quot;,&quot;23791718900000077502372068616489640500008860&quot;,&quot;Ficha Compensacao&quot;,&quot;HSBC FINANCE BRASI&quot;,&quot;77,50   &quot;,&quot;13/06/2017 00:00&quot;)" methodname="Falha_Ao_Tentar_Efetuar_Pagamento_Com_Desconto_E_ValorBruto_Zerado" classname="Acesso.ServiceLayer.IS2B.IntegrationTests.Fixtures.FichaDeCompensacaoTestFixture" runstate="Runnable" seed="418000188" result="Failed" start-time="2017-06-08 22:19:25Z" end-time="2017-06-08 22:19:25Z" duration="0.056894" asserts="1">
                    <failure>
                      <message><![CDATA[Valores divergentes: Valor ou desconto/acrescimo inconsistente]]></message>
                      <stack-trace><![CDATA[em Acesso.ServiceLayer.IS2B.IntegrationTests.Fixtures.FichaDeCompensacaoTestFixture.Falha_Ao_Tentar_Efetuar_Pagamento_Com_Desconto_E_ValorBruto_Zerado(String linhaDigitavel, String codigoDeBarras, String tipoDoServico, String cedente, String valor, String dataVencimento) na C:\Projetos\Acesso\Core\PRODUTOS.Acesso.Lineu2\AcessoCadun\Acesso.ServiceLayer.IS2B.IntegrationTests\Fixtures\FichaDeCompensacaoTestFixture.cs:linha 190
]]></stack-trace>
                    </failure>
                    <output><![CDATA[<Conta>
  <CpfCnpj>11161058702</CpfCnpj>
  <EnderecoIP>127.0.0.1</EnderecoIP>
  <NSU>0</NSU>
  <NSUExterno>2087292492</NSUExterno>
  <PontoAtendimento>
    <Login>teste</Login>
    <PosId>0</PosId>
    <Senha>teste</Senha>
  </PontoAtendimento>
  <SiteIntegracaoId>0</SiteIntegracaoId>
  <TerminalExterno>123</TerminalExterno>
  <TipoTransacao>RECEBERCONTA</TipoTransacao>
  <Token>0</Token>
  <Versao>2.0</Versao>
  <DadosPagamento p2:type="PagamentoDinheiro" xmlns:p2="http://www.w3.org/2001/XMLSchema-instance">
    <FormaPagamento>DINHEIRO</FormaPagamento>
    <QtdParcelas>0</QtdParcelas>
    <pontos>0</pontos>
    <valor>77.5</valor>
    <valorBruto>0</valorBruto>
    <valorDesconto>85.51</valorDesconto>
  </DadosPagamento>
  <CodBarras>
    <TipoServico>FichaCompensacao</TipoServico>
    <linhaDigitavel>23792372056861648964405000088608171890000007750</linhaDigitavel>
  </CodBarras>
  <DataVencimento>2017-06-13T00:00:00</DataVencimento>
</Conta>
------------------------------------------------------
CodigoErro: 999
MensagemErro: Valores divergentes: Valor ou desconto/acrescimo inconsistente
StatusTransacao: ERRODESCONHECIDO
------------------------------------------------------
<Resposta>
  <ExtensionData />
  <CodigoErro>999</CodigoErro>
  <MensagemErro>Valores divergentes: Valor ou desconto/acrescimo inconsistente</MensagemErro>
  <StatusTransacao>ERRODESCONHECIDO</StatusTransacao>
</Resposta>
]]></output>
                    <assertions>
                      <assertion result="Failed">
                        <message><![CDATA[Valores divergentes: Valor ou desconto/acrescimo inconsistente]]></message>
                        <stack-trace><![CDATA[em Acesso.ServiceLayer.IS2B.IntegrationTests.Fixtures.FichaDeCompensacaoTestFixture.Falha_Ao_Tentar_Efetuar_Pagamento_Com_Desconto_E_ValorBruto_Zerado(String linhaDigitavel, String codigoDeBarras, String tipoDoServico, String cedente, String valor, String dataVencimento) na C:\Projetos\Acesso\Core\PRODUTOS.Acesso.Lineu2\AcessoCadun\Acesso.ServiceLayer.IS2B.IntegrationTests\Fixtures\FichaDeCompensacaoTestFixture.cs:linha 190
]]></stack-trace>
                      </assertion>
                    </assertions>
                  </test-case>
                  <test-case id="0-1055" name="Falha_Ao_Tentar_Efetuar_Pagamento_Com_Desconto_E_ValorBruto_Zerado(&quot;10494.27766 51000.100043 00004.800314 1 71790000003500&quot;,&quot;10491717900000035004277651000100040000480031&quot;,&quot;Ficha Compensacao&quot;,&quot;Caixa Econ Federal&quot;,&quot;35,00   &quot;,&quot;03/06/2017 00:00&quot;)" fullname="Acesso.ServiceLayer.IS2B.IntegrationTests.Fixtures.FichaDeCompensacaoTestFixture.Falha_Ao_Tentar_Efetuar_Pagamento_Com_Desconto_E_ValorBruto_Zerado(&quot;10494.27766 51000.100043 00004.800314 1 71790000003500&quot;,&quot;10491717900000035004277651000100040000480031&quot;,&quot;Ficha Compensacao&quot;,&quot;Caixa Econ Federal&quot;,&quot;35,00   &quot;,&quot;03/06/2017 00:00&quot;)" methodname="Falha_Ao_Tentar_Efetuar_Pagamento_Com_Desconto_E_ValorBruto_Zerado" classname="Acesso.ServiceLayer.IS2B.IntegrationTests.Fixtures.FichaDeCompensacaoTestFixture" runstate="Runnable" seed="2136259079" result="Failed" start-time="2017-06-08 22:19:25Z" end-time="2017-06-08 22:19:25Z" duration="0.056196" asserts="1">
                    <failure>
                      <message><![CDATA[Valores divergentes: Valor ou desconto/acrescimo inconsistente]]></message>
                      <stack-trace><![CDATA[em Acesso.ServiceLayer.IS2B.IntegrationTests.Fixtures.FichaDeCompensacaoTestFixture.Falha_Ao_Tentar_Efetuar_Pagamento_Com_Desconto_E_ValorBruto_Zerado(String linhaDigitavel, String codigoDeBarras, String tipoDoServico, String cedente, String valor, String dataVencimento) na C:\Projetos\Acesso\Core\PRODUTOS.Acesso.Lineu2\AcessoCadun\Acesso.ServiceLayer.IS2B.IntegrationTests\Fixtures\FichaDeCompensacaoTestFixture.cs:linha 190
]]></stack-trace>
                    </failure>
                    <output><![CDATA[<Conta>
  <CpfCnpj>11161058702</CpfCnpj>
  <EnderecoIP>127.0.0.1</EnderecoIP>
  <NSU>0</NSU>
  <NSUExterno>1608338919</NSUExterno>
  <PontoAtendimento>
    <Login>teste</Login>
    <PosId>0</PosId>
    <Senha>teste</Senha>
  </PontoAtendimento>
  <SiteIntegracaoId>0</SiteIntegracaoId>
  <TerminalExterno>123</TerminalExterno>
  <TipoTransacao>RECEBERCONTA</TipoTransacao>
  <Token>0</Token>
  <Versao>2.0</Versao>
  <DadosPagamento p2:type="PagamentoDinheiro" xmlns:p2="http://www.w3.org/2001/XMLSchema-instance">
    <FormaPagamento>DINHEIRO</FormaPagamento>
    <QtdParcelas>0</QtdParcelas>
    <pontos>0</pontos>
    <valor>35</valor>
    <valorBruto>0</valorBruto>
    <valorDesconto>85.51</valorDesconto>
  </DadosPagamento>
  <CodBarras>
    <TipoServico>FichaCompensacao</TipoServico>
    <linhaDigitavel>10494277665100010004300004800314171790000003500</linhaDigitavel>
  </CodBarras>
  <DataVencimento>2017-06-03T00:00:00</DataVencimento>
</Conta>
------------------------------------------------------
CodigoErro: 999
MensagemErro: Valores divergentes: Valor ou desconto/acrescimo inconsistente
StatusTransacao: ERRODESCONHECIDO
------------------------------------------------------
<Resposta>
  <ExtensionData />
  <CodigoErro>999</CodigoErro>
  <MensagemErro>Valores divergentes: Valor ou desconto/acrescimo inconsistente</MensagemErro>
  <StatusTransacao>ERRODESCONHECIDO</StatusTransacao>
</Resposta>
]]></output>
                    <assertions>
                      <assertion result="Failed">
                        <message><![CDATA[Valores divergentes: Valor ou desconto/acrescimo inconsistente]]></message>
                        <stack-trace><![CDATA[em Acesso.ServiceLayer.IS2B.IntegrationTests.Fixtures.FichaDeCompensacaoTestFixture.Falha_Ao_Tentar_Efetuar_Pagamento_Com_Desconto_E_ValorBruto_Zerado(String linhaDigitavel, String codigoDeBarras, String tipoDoServico, String cedente, String valor, String dataVencimento) na C:\Projetos\Acesso\Core\PRODUTOS.Acesso.Lineu2\AcessoCadun\Acesso.ServiceLayer.IS2B.IntegrationTests\Fixtures\FichaDeCompensacaoTestFixture.cs:linha 190
]]></stack-trace>
                      </assertion>
                    </assertions>
                  </test-case>
                  <test-case id="0-1056" name="Falha_Ao_Tentar_Efetuar_Pagamento_Com_Desconto_E_ValorBruto_Zerado(&quot;34191.09008 01477.013179 52407.240002 3 71860000015000&quot;,&quot;34193718600000150001090001477013175240724000&quot;,&quot;Ficha Compensacao&quot;,&quot;BANCO ITAU S.A.   &quot;,&quot;150,00  &quot;,&quot;10/06/2017 00:00&quot;)" fullname="Acesso.ServiceLayer.IS2B.IntegrationTests.Fixtures.FichaDeCompensacaoTestFixture.Falha_Ao_Tentar_Efetuar_Pagamento_Com_Desconto_E_ValorBruto_Zerado(&quot;34191.09008 01477.013179 52407.240002 3 71860000015000&quot;,&quot;34193718600000150001090001477013175240724000&quot;,&quot;Ficha Compensacao&quot;,&quot;BANCO ITAU S.A.   &quot;,&quot;150,00  &quot;,&quot;10/06/2017 00:00&quot;)" methodname="Falha_Ao_Tentar_Efetuar_Pagamento_Com_Desconto_E_ValorBruto_Zerado" classname="Acesso.ServiceLayer.IS2B.IntegrationTests.Fixtures.FichaDeCompensacaoTestFixture" runstate="Runnable" seed="1322026536" result="Failed" start-time="2017-06-08 22:19:25Z" end-time="2017-06-08 22:19:25Z" duration="0.066899" asserts="1">
                    <failure>
                      <message><![CDATA[Valores divergentes: Valor ou desconto/acrescimo inconsistente]]></message>
                      <stack-trace><![CDATA[em Acesso.ServiceLayer.IS2B.IntegrationTests.Fixtures.FichaDeCompensacaoTestFixture.Falha_Ao_Tentar_Efetuar_Pagamento_Com_Desconto_E_ValorBruto_Zerado(String linhaDigitavel, String codigoDeBarras, String tipoDoServico, String cedente, String valor, String dataVencimento) na C:\Projetos\Acesso\Core\PRODUTOS.Acesso.Lineu2\AcessoCadun\Acesso.ServiceLayer.IS2B.IntegrationTests\Fixtures\FichaDeCompensacaoTestFixture.cs:linha 190
]]></stack-trace>
                    </failure>
                    <output><![CDATA[<Conta>
  <CpfCnpj>11161058702</CpfCnpj>
  <EnderecoIP>127.0.0.1</EnderecoIP>
  <NSU>0</NSU>
  <NSUExterno>1695885386</NSUExterno>
  <PontoAtendimento>
    <Login>teste</Login>
    <PosId>0</PosId>
    <Senha>teste</Senha>
  </PontoAtendimento>
  <SiteIntegracaoId>0</SiteIntegracaoId>
  <TerminalExterno>123</TerminalExterno>
  <TipoTransacao>RECEBERCONTA</TipoTransacao>
  <Token>0</Token>
  <Versao>2.0</Versao>
  <DadosPagamento p2:type="PagamentoDinheiro" xmlns:p2="http://www.w3.org/2001/XMLSchema-instance">
    <FormaPagamento>DINHEIRO</FormaPagamento>
    <QtdParcelas>0</QtdParcelas>
    <pontos>0</pontos>
    <valor>150</valor>
    <valorBruto>0</valorBruto>
    <valorDesconto>85.51</valorDesconto>
  </DadosPagamento>
  <CodBarras>
    <TipoServico>FichaCompensacao</TipoServico>
    <linhaDigitavel>34191090080147701317952407240002371860000015000</linhaDigitavel>
  </CodBarras>
  <DataVencimento>2017-06-10T00:00:00</DataVencimento>
</Conta>
------------------------------------------------------
CodigoErro: 999
MensagemErro: Valores divergentes: Valor ou desconto/acrescimo inconsistente
StatusTransacao: ERRODESCONHECIDO
------------------------------------------------------
<Resposta>
  <ExtensionData />
  <CodigoErro>999</CodigoErro>
  <MensagemErro>Valores divergentes: Valor ou desconto/acrescimo inconsistente</MensagemErro>
  <StatusTransacao>ERRODESCONHECIDO</StatusTransacao>
</Resposta>
]]></output>
                    <assertions>
                      <assertion result="Failed">
                        <message><![CDATA[Valores divergentes: Valor ou desconto/acrescimo inconsistente]]></message>
                        <stack-trace><![CDATA[em Acesso.ServiceLayer.IS2B.IntegrationTests.Fixtures.FichaDeCompensacaoTestFixture.Falha_Ao_Tentar_Efetuar_Pagamento_Com_Desconto_E_ValorBruto_Zerado(String linhaDigitavel, String codigoDeBarras, String tipoDoServico, String cedente, String valor, String dataVencimento) na C:\Projetos\Acesso\Core\PRODUTOS.Acesso.Lineu2\AcessoCadun\Acesso.ServiceLayer.IS2B.IntegrationTests\Fixtures\FichaDeCompensacaoTestFixture.cs:linha 190
]]></stack-trace>
                      </assertion>
                    </assertions>
                  </test-case>
                  <test-case id="0-1057" name="Falha_Ao_Tentar_Efetuar_Pagamento_Com_Desconto_E_ValorBruto_Zerado(&quot;00190.00009 01674.845001 00131.016172 2 71860000005500&quot;,&quot;00192718600000055000000001674845000013101617&quot;,&quot;Ficha Compensacao&quot;,&quot;BANCO DO BRASIL S.&quot;,&quot;55,00   &quot;,&quot;10/06/2017 00:00&quot;)" fullname="Acesso.ServiceLayer.IS2B.IntegrationTests.Fixtures.FichaDeCompensacaoTestFixture.Falha_Ao_Tentar_Efetuar_Pagamento_Com_Desconto_E_ValorBruto_Zerado(&quot;00190.00009 01674.845001 00131.016172 2 71860000005500&quot;,&quot;00192718600000055000000001674845000013101617&quot;,&quot;Ficha Compensacao&quot;,&quot;BANCO DO BRASIL S.&quot;,&quot;55,00   &quot;,&quot;10/06/2017 00:00&quot;)" methodname="Falha_Ao_Tentar_Efetuar_Pagamento_Com_Desconto_E_ValorBruto_Zerado" classname="Acesso.ServiceLayer.IS2B.IntegrationTests.Fixtures.FichaDeCompensacaoTestFixture" runstate="Runnable" seed="824152555" result="Failed" start-time="2017-06-08 22:19:25Z" end-time="2017-06-08 22:19:25Z" duration="0.059134" asserts="1">
                    <failure>
                      <message><![CDATA[Valores divergentes: Valor ou desconto/acrescimo inconsistente]]></message>
                      <stack-trace><![CDATA[em Acesso.ServiceLayer.IS2B.IntegrationTests.Fixtures.FichaDeCompensacaoTestFixture.Falha_Ao_Tentar_Efetuar_Pagamento_Com_Desconto_E_ValorBruto_Zerado(String linhaDigitavel, String codigoDeBarras, String tipoDoServico, String cedente, String valor, String dataVencimento) na C:\Projetos\Acesso\Core\PRODUTOS.Acesso.Lineu2\AcessoCadun\Acesso.ServiceLayer.IS2B.IntegrationTests\Fixtures\FichaDeCompensacaoTestFixture.cs:linha 190
]]></stack-trace>
                    </failure>
                    <output><![CDATA[<Conta>
  <CpfCnpj>11161058702</CpfCnpj>
  <EnderecoIP>127.0.0.1</EnderecoIP>
  <NSU>0</NSU>
  <NSUExterno>79597713</NSUExterno>
  <PontoAtendimento>
    <Login>teste</Login>
    <PosId>0</PosId>
    <Senha>teste</Senha>
  </PontoAtendimento>
  <SiteIntegracaoId>0</SiteIntegracaoId>
  <TerminalExterno>123</TerminalExterno>
  <TipoTransacao>RECEBERCONTA</TipoTransacao>
  <Token>0</Token>
  <Versao>2.0</Versao>
  <DadosPagamento p2:type="PagamentoDinheiro" xmlns:p2="http://www.w3.org/2001/XMLSchema-instance">
    <FormaPagamento>DINHEIRO</FormaPagamento>
    <QtdParcelas>0</QtdParcelas>
    <pontos>0</pontos>
    <valor>55</valor>
    <valorBruto>0</valorBruto>
    <valorDesconto>85.51</valorDesconto>
  </DadosPagamento>
  <CodBarras>
    <TipoServico>FichaCompensacao</TipoServico>
    <linhaDigitavel>00190000090167484500100131016172271860000005500</linhaDigitavel>
  </CodBarras>
  <DataVencimento>2017-06-10T00:00:00</DataVencimento>
</Conta>
------------------------------------------------------
CodigoErro: 999
MensagemErro: Valores divergentes: Valor ou desconto/acrescimo inconsistente
StatusTransacao: ERRODESCONHECIDO
------------------------------------------------------
<Resposta>
  <ExtensionData />
  <CodigoErro>999</CodigoErro>
  <MensagemErro>Valores divergentes: Valor ou desconto/acrescimo inconsistente</MensagemErro>
  <StatusTransacao>ERRODESCONHECIDO</StatusTransacao>
</Resposta>
]]></output>
                    <assertions>
                      <assertion result="Failed">
                        <message><![CDATA[Valores divergentes: Valor ou desconto/acrescimo inconsistente]]></message>
                        <stack-trace><![CDATA[em Acesso.ServiceLayer.IS2B.IntegrationTests.Fixtures.FichaDeCompensacaoTestFixture.Falha_Ao_Tentar_Efetuar_Pagamento_Com_Desconto_E_ValorBruto_Zerado(String linhaDigitavel, String codigoDeBarras, String tipoDoServico, String cedente, String valor, String dataVencimento) na C:\Projetos\Acesso\Core\PRODUTOS.Acesso.Lineu2\AcessoCadun\Acesso.ServiceLayer.IS2B.IntegrationTests\Fixtures\FichaDeCompensacaoTestFixture.cs:linha 190
]]></stack-trace>
                      </assertion>
                    </assertions>
                  </test-case>
                  <test-case id="0-1058" name="Falha_Ao_Tentar_Efetuar_Pagamento_Com_Desconto_E_ValorBruto_Zerado(&quot;03399.67093 96600.000002 08012.801018 6 71810000015000&quot;,&quot;03396718100000150009670996600000000801280101&quot;,&quot;Ficha Compensacao&quot;,&quot;BANCO DO ESTADO DE&quot;,&quot;135,00  &quot;,&quot;05/06/2017 00:00&quot;)" fullname="Acesso.ServiceLayer.IS2B.IntegrationTests.Fixtures.FichaDeCompensacaoTestFixture.Falha_Ao_Tentar_Efetuar_Pagamento_Com_Desconto_E_ValorBruto_Zerado(&quot;03399.67093 96600.000002 08012.801018 6 71810000015000&quot;,&quot;03396718100000150009670996600000000801280101&quot;,&quot;Ficha Compensacao&quot;,&quot;BANCO DO ESTADO DE&quot;,&quot;135,00  &quot;,&quot;05/06/2017 00:00&quot;)" methodname="Falha_Ao_Tentar_Efetuar_Pagamento_Com_Desconto_E_ValorBruto_Zerado" classname="Acesso.ServiceLayer.IS2B.IntegrationTests.Fixtures.FichaDeCompensacaoTestFixture" runstate="Runnable" seed="1198808874" result="Failed" start-time="2017-06-08 22:19:25Z" end-time="2017-06-08 22:19:25Z" duration="0.059762" asserts="1">
                    <failure>
                      <message><![CDATA[Valores divergentes: Valor ou desconto/acrescimo inconsistente]]></message>
                      <stack-trace><![CDATA[em Acesso.ServiceLayer.IS2B.IntegrationTests.Fixtures.FichaDeCompensacaoTestFixture.Falha_Ao_Tentar_Efetuar_Pagamento_Com_Desconto_E_ValorBruto_Zerado(String linhaDigitavel, String codigoDeBarras, String tipoDoServico, String cedente, String valor, String dataVencimento) na C:\Projetos\Acesso\Core\PRODUTOS.Acesso.Lineu2\AcessoCadun\Acesso.ServiceLayer.IS2B.IntegrationTests\Fixtures\FichaDeCompensacaoTestFixture.cs:linha 190
]]></stack-trace>
                    </failure>
                    <output><![CDATA[<Conta>
  <CpfCnpj>11161058702</CpfCnpj>
  <EnderecoIP>127.0.0.1</EnderecoIP>
  <NSU>0</NSU>
  <NSUExterno>1850250044</NSUExterno>
  <PontoAtendimento>
    <Login>teste</Login>
    <PosId>0</PosId>
    <Senha>teste</Senha>
  </PontoAtendimento>
  <SiteIntegracaoId>0</SiteIntegracaoId>
  <TerminalExterno>123</TerminalExterno>
  <TipoTransacao>RECEBERCONTA</TipoTransacao>
  <Token>0</Token>
  <Versao>2.0</Versao>
  <DadosPagamento p2:type="PagamentoDinheiro" xmlns:p2="http://www.w3.org/2001/XMLSchema-instance">
    <FormaPagamento>DINHEIRO</FormaPagamento>
    <QtdParcelas>0</QtdParcelas>
    <pontos>0</pontos>
    <valor>135</valor>
    <valorBruto>0</valorBruto>
    <valorDesconto>85.51</valorDesconto>
  </DadosPagamento>
  <CodBarras>
    <TipoServico>FichaCompensacao</TipoServico>
    <linhaDigitavel>03399670939660000000208012801018671810000015000</linhaDigitavel>
  </CodBarras>
  <DataVencimento>2017-06-05T00:00:00</DataVencimento>
</Conta>
------------------------------------------------------
CodigoErro: 999
MensagemErro: Valores divergentes: Valor ou desconto/acrescimo inconsistente
StatusTransacao: ERRODESCONHECIDO
------------------------------------------------------
<Resposta>
  <ExtensionData />
  <CodigoErro>999</CodigoErro>
  <MensagemErro>Valores divergentes: Valor ou desconto/acrescimo inconsistente</MensagemErro>
  <StatusTransacao>ERRODESCONHECIDO</StatusTransacao>
</Resposta>
]]></output>
                    <assertions>
                      <assertion result="Failed">
                        <message><![CDATA[Valores divergentes: Valor ou desconto/acrescimo inconsistente]]></message>
                        <stack-trace><![CDATA[em Acesso.ServiceLayer.IS2B.IntegrationTests.Fixtures.FichaDeCompensacaoTestFixture.Falha_Ao_Tentar_Efetuar_Pagamento_Com_Desconto_E_ValorBruto_Zerado(String linhaDigitavel, String codigoDeBarras, String tipoDoServico, String cedente, String valor, String dataVencimento) na C:\Projetos\Acesso\Core\PRODUTOS.Acesso.Lineu2\AcessoCadun\Acesso.ServiceLayer.IS2B.IntegrationTests\Fixtures\FichaDeCompensacaoTestFixture.cs:linha 190
]]></stack-trace>
                      </assertion>
                    </assertions>
                  </test-case>
                  <test-case id="0-1059" name="Falha_Ao_Tentar_Efetuar_Pagamento_Com_Desconto_E_ValorBruto_Zerado(&quot;34191.75439 24367.672524 50451.630003 1 00000000000000&quot;,&quot;34191000000000000001754324367672525045163000&quot;,&quot;Ficha Compensacao&quot;,&quot;BANCO ITAU S.A.   &quot;,&quot;637,30  &quot;,&quot;03/06/2017 00:00&quot;)" fullname="Acesso.ServiceLayer.IS2B.IntegrationTests.Fixtures.FichaDeCompensacaoTestFixture.Falha_Ao_Tentar_Efetuar_Pagamento_Com_Desconto_E_ValorBruto_Zerado(&quot;34191.75439 24367.672524 50451.630003 1 00000000000000&quot;,&quot;34191000000000000001754324367672525045163000&quot;,&quot;Ficha Compensacao&quot;,&quot;BANCO ITAU S.A.   &quot;,&quot;637,30  &quot;,&quot;03/06/2017 00:00&quot;)" methodname="Falha_Ao_Tentar_Efetuar_Pagamento_Com_Desconto_E_ValorBruto_Zerado" classname="Acesso.ServiceLayer.IS2B.IntegrationTests.Fixtures.FichaDeCompensacaoTestFixture" runstate="Runnable" seed="1781499577" result="Failed" start-time="2017-06-08 22:19:25Z" end-time="2017-06-08 22:19:25Z" duration="0.062668" asserts="1">
                    <failure>
                      <message><![CDATA[Valores divergentes: Valor ou desconto/acrescimo inconsistente]]></message>
                      <stack-trace><![CDATA[em Acesso.ServiceLayer.IS2B.IntegrationTests.Fixtures.FichaDeCompensacaoTestFixture.Falha_Ao_Tentar_Efetuar_Pagamento_Com_Desconto_E_ValorBruto_Zerado(String linhaDigitavel, String codigoDeBarras, String tipoDoServico, String cedente, String valor, String dataVencimento) na C:\Projetos\Acesso\Core\PRODUTOS.Acesso.Lineu2\AcessoCadun\Acesso.ServiceLayer.IS2B.IntegrationTests\Fixtures\FichaDeCompensacaoTestFixture.cs:linha 190
]]></stack-trace>
                    </failure>
                    <output><![CDATA[<Conta>
  <CpfCnpj>11161058702</CpfCnpj>
  <EnderecoIP>127.0.0.1</EnderecoIP>
  <NSU>0</NSU>
  <NSUExterno>1856783342</NSUExterno>
  <PontoAtendimento>
    <Login>teste</Login>
    <PosId>0</PosId>
    <Senha>teste</Senha>
  </PontoAtendimento>
  <SiteIntegracaoId>0</SiteIntegracaoId>
  <TerminalExterno>123</TerminalExterno>
  <TipoTransacao>RECEBERCONTA</TipoTransacao>
  <Token>0</Token>
  <Versao>2.0</Versao>
  <DadosPagamento p2:type="PagamentoDinheiro" xmlns:p2="http://www.w3.org/2001/XMLSchema-instance">
    <FormaPagamento>DINHEIRO</FormaPagamento>
    <QtdParcelas>0</QtdParcelas>
    <pontos>0</pontos>
    <valor>637.3</valor>
    <valorBruto>0</valorBruto>
    <valorDesconto>85.51</valorDesconto>
  </DadosPagamento>
  <CodBarras>
    <TipoServico>FichaCompensacao</TipoServico>
    <linhaDigitavel>34191754392436767252450451630003100000000000000</linhaDigitavel>
  </CodBarras>
  <DataVencimento>2017-06-03T00:00:00</DataVencimento>
</Conta>
------------------------------------------------------
CodigoErro: 999
MensagemErro: Valores divergentes: Valor ou desconto/acrescimo inconsistente
StatusTransacao: ERRODESCONHECIDO
------------------------------------------------------
<Resposta>
  <ExtensionData />
  <CodigoErro>999</CodigoErro>
  <MensagemErro>Valores divergentes: Valor ou desconto/acrescimo inconsistente</MensagemErro>
  <StatusTransacao>ERRODESCONHECIDO</StatusTransacao>
</Resposta>
]]></output>
                    <assertions>
                      <assertion result="Failed">
                        <message><![CDATA[Valores divergentes: Valor ou desconto/acrescimo inconsistente]]></message>
                        <stack-trace><![CDATA[em Acesso.ServiceLayer.IS2B.IntegrationTests.Fixtures.FichaDeCompensacaoTestFixture.Falha_Ao_Tentar_Efetuar_Pagamento_Com_Desconto_E_ValorBruto_Zerado(String linhaDigitavel, String codigoDeBarras, String tipoDoServico, String cedente, String valor, String dataVencimento) na C:\Projetos\Acesso\Core\PRODUTOS.Acesso.Lineu2\AcessoCadun\Acesso.ServiceLayer.IS2B.IntegrationTests\Fixtures\FichaDeCompensacaoTestFixture.cs:linha 190
]]></stack-trace>
                      </assertion>
                    </assertions>
                  </test-case>
                  <test-case id="0-1060" name="Falha_Ao_Tentar_Efetuar_Pagamento_Com_Desconto_E_ValorBruto_Zerado(&quot;00190.00009 02927.998027 85521.574179 9 71810000038000&quot;,&quot;00199718100000380000000002927998028552157417&quot;,&quot;Ficha Compensacao&quot;,&quot;BANCO DO BRASIL S.&quot;,&quot;380,00  &quot;,&quot;05/06/2017 00:00&quot;)" fullname="Acesso.ServiceLayer.IS2B.IntegrationTests.Fixtures.FichaDeCompensacaoTestFixture.Falha_Ao_Tentar_Efetuar_Pagamento_Com_Desconto_E_ValorBruto_Zerado(&quot;00190.00009 02927.998027 85521.574179 9 71810000038000&quot;,&quot;00199718100000380000000002927998028552157417&quot;,&quot;Ficha Compensacao&quot;,&quot;BANCO DO BRASIL S.&quot;,&quot;380,00  &quot;,&quot;05/06/2017 00:00&quot;)" methodname="Falha_Ao_Tentar_Efetuar_Pagamento_Com_Desconto_E_ValorBruto_Zerado" classname="Acesso.ServiceLayer.IS2B.IntegrationTests.Fixtures.FichaDeCompensacaoTestFixture" runstate="Runnable" seed="156525389" result="Failed" start-time="2017-06-08 22:19:25Z" end-time="2017-06-08 22:19:26Z" duration="0.057388" asserts="1">
                    <failure>
                      <message><![CDATA[Valores divergentes: Valor ou desconto/acrescimo inconsistente]]></message>
                      <stack-trace><![CDATA[em Acesso.ServiceLayer.IS2B.IntegrationTests.Fixtures.FichaDeCompensacaoTestFixture.Falha_Ao_Tentar_Efetuar_Pagamento_Com_Desconto_E_ValorBruto_Zerado(String linhaDigitavel, String codigoDeBarras, String tipoDoServico, String cedente, String valor, String dataVencimento) na C:\Projetos\Acesso\Core\PRODUTOS.Acesso.Lineu2\AcessoCadun\Acesso.ServiceLayer.IS2B.IntegrationTests\Fixtures\FichaDeCompensacaoTestFixture.cs:linha 190
]]></stack-trace>
                    </failure>
                    <output><![CDATA[<Conta>
  <CpfCnpj>11161058702</CpfCnpj>
  <EnderecoIP>127.0.0.1</EnderecoIP>
  <NSU>0</NSU>
  <NSUExterno>248133039</NSUExterno>
  <PontoAtendimento>
    <Login>teste</Login>
    <PosId>0</PosId>
    <Senha>teste</Senha>
  </PontoAtendimento>
  <SiteIntegracaoId>0</SiteIntegracaoId>
  <TerminalExterno>123</TerminalExterno>
  <TipoTransacao>RECEBERCONTA</TipoTransacao>
  <Token>0</Token>
  <Versao>2.0</Versao>
  <DadosPagamento p2:type="PagamentoDinheiro" xmlns:p2="http://www.w3.org/2001/XMLSchema-instance">
    <FormaPagamento>DINHEIRO</FormaPagamento>
    <QtdParcelas>0</QtdParcelas>
    <pontos>0</pontos>
    <valor>380</valor>
    <valorBruto>0</valorBruto>
    <valorDesconto>85.51</valorDesconto>
  </DadosPagamento>
  <CodBarras>
    <TipoServico>FichaCompensacao</TipoServico>
    <linhaDigitavel>00190000090292799802785521574179971810000038000</linhaDigitavel>
  </CodBarras>
  <DataVencimento>2017-06-05T00:00:00</DataVencimento>
</Conta>
------------------------------------------------------
CodigoErro: 999
MensagemErro: Valores divergentes: Valor ou desconto/acrescimo inconsistente
StatusTransacao: ERRODESCONHECIDO
------------------------------------------------------
<Resposta>
  <ExtensionData />
  <CodigoErro>999</CodigoErro>
  <MensagemErro>Valores divergentes: Valor ou desconto/acrescimo inconsistente</MensagemErro>
  <StatusTransacao>ERRODESCONHECIDO</StatusTransacao>
</Resposta>
]]></output>
                    <assertions>
                      <assertion result="Failed">
                        <message><![CDATA[Valores divergentes: Valor ou desconto/acrescimo inconsistente]]></message>
                        <stack-trace><![CDATA[em Acesso.ServiceLayer.IS2B.IntegrationTests.Fixtures.FichaDeCompensacaoTestFixture.Falha_Ao_Tentar_Efetuar_Pagamento_Com_Desconto_E_ValorBruto_Zerado(String linhaDigitavel, String codigoDeBarras, String tipoDoServico, String cedente, String valor, String dataVencimento) na C:\Projetos\Acesso\Core\PRODUTOS.Acesso.Lineu2\AcessoCadun\Acesso.ServiceLayer.IS2B.IntegrationTests\Fixtures\FichaDeCompensacaoTestFixture.cs:linha 190
]]></stack-trace>
                      </assertion>
                    </assertions>
                  </test-case>
                  <test-case id="0-1061" name="Falha_Ao_Tentar_Efetuar_Pagamento_Com_Desconto_E_ValorBruto_Zerado(&quot;75691.42933 01032.199000 34392.600010 2 71860000004000&quot;,&quot;75692718600000040001429301032199003439260001&quot;,&quot;Ficha Compensacao&quot;,&quot;BANCO COOPERATIVO &quot;,&quot;40,00   &quot;,&quot;10/06/2017 00:00&quot;)" fullname="Acesso.ServiceLayer.IS2B.IntegrationTests.Fixtures.FichaDeCompensacaoTestFixture.Falha_Ao_Tentar_Efetuar_Pagamento_Com_Desconto_E_ValorBruto_Zerado(&quot;75691.42933 01032.199000 34392.600010 2 71860000004000&quot;,&quot;75692718600000040001429301032199003439260001&quot;,&quot;Ficha Compensacao&quot;,&quot;BANCO COOPERATIVO &quot;,&quot;40,00   &quot;,&quot;10/06/2017 00:00&quot;)" methodname="Falha_Ao_Tentar_Efetuar_Pagamento_Com_Desconto_E_ValorBruto_Zerado" classname="Acesso.ServiceLayer.IS2B.IntegrationTests.Fixtures.FichaDeCompensacaoTestFixture" runstate="Runnable" seed="2087982784" result="Failed" start-time="2017-06-08 22:19:26Z" end-time="2017-06-08 22:19:26Z" duration="0.064555" asserts="1">
                    <failure>
                      <message><![CDATA[Valores divergentes: Valor ou desconto/acrescimo inconsistente]]></message>
                      <stack-trace><![CDATA[em Acesso.ServiceLayer.IS2B.IntegrationTests.Fixtures.FichaDeCompensacaoTestFixture.Falha_Ao_Tentar_Efetuar_Pagamento_Com_Desconto_E_ValorBruto_Zerado(String linhaDigitavel, String codigoDeBarras, String tipoDoServico, String cedente, String valor, String dataVencimento) na C:\Projetos\Acesso\Core\PRODUTOS.Acesso.Lineu2\AcessoCadun\Acesso.ServiceLayer.IS2B.IntegrationTests\Fixtures\FichaDeCompensacaoTestFixture.cs:linha 190
]]></stack-trace>
                    </failure>
                    <output><![CDATA[<Conta>
  <CpfCnpj>11161058702</CpfCnpj>
  <EnderecoIP>127.0.0.1</EnderecoIP>
  <NSU>0</NSU>
  <NSUExterno>784229152</NSUExterno>
  <PontoAtendimento>
    <Login>teste</Login>
    <PosId>0</PosId>
    <Senha>teste</Senha>
  </PontoAtendimento>
  <SiteIntegracaoId>0</SiteIntegracaoId>
  <TerminalExterno>123</TerminalExterno>
  <TipoTransacao>RECEBERCONTA</TipoTransacao>
  <Token>0</Token>
  <Versao>2.0</Versao>
  <DadosPagamento p2:type="PagamentoDinheiro" xmlns:p2="http://www.w3.org/2001/XMLSchema-instance">
    <FormaPagamento>DINHEIRO</FormaPagamento>
    <QtdParcelas>0</QtdParcelas>
    <pontos>0</pontos>
    <valor>40</valor>
    <valorBruto>0</valorBruto>
    <valorDesconto>85.51</valorDesconto>
  </DadosPagamento>
  <CodBarras>
    <TipoServico>FichaCompensacao</TipoServico>
    <linhaDigitavel>75691429330103219900034392600010271860000004000</linhaDigitavel>
  </CodBarras>
  <DataVencimento>2017-06-10T00:00:00</DataVencimento>
</Conta>
------------------------------------------------------
CodigoErro: 999
MensagemErro: Valores divergentes: Valor ou desconto/acrescimo inconsistente
StatusTransacao: ERRODESCONHECIDO
------------------------------------------------------
<Resposta>
  <ExtensionData />
  <CodigoErro>999</CodigoErro>
  <MensagemErro>Valores divergentes: Valor ou desconto/acrescimo inconsistente</MensagemErro>
  <StatusTransacao>ERRODESCONHECIDO</StatusTransacao>
</Resposta>
]]></output>
                    <assertions>
                      <assertion result="Failed">
                        <message><![CDATA[Valores divergentes: Valor ou desconto/acrescimo inconsistente]]></message>
                        <stack-trace><![CDATA[em Acesso.ServiceLayer.IS2B.IntegrationTests.Fixtures.FichaDeCompensacaoTestFixture.Falha_Ao_Tentar_Efetuar_Pagamento_Com_Desconto_E_ValorBruto_Zerado(String linhaDigitavel, String codigoDeBarras, String tipoDoServico, String cedente, String valor, String dataVencimento) na C:\Projetos\Acesso\Core\PRODUTOS.Acesso.Lineu2\AcessoCadun\Acesso.ServiceLayer.IS2B.IntegrationTests\Fixtures\FichaDeCompensacaoTestFixture.cs:linha 190
]]></stack-trace>
                      </assertion>
                    </assertions>
                  </test-case>
                  <test-case id="0-1062" name="Falha_Ao_Tentar_Efetuar_Pagamento_Com_Desconto_E_ValorBruto_Zerado(&quot;03399.45024 62000.000596 66181.001018 9 71910000012824&quot;,&quot;03399719100000128249450262000000596618100101&quot;,&quot;Ficha Compensacao&quot;,&quot;BANCO DO ESTADO DE&quot;,&quot;128,24  &quot;,&quot;15/06/2017 00:00&quot;)" fullname="Acesso.ServiceLayer.IS2B.IntegrationTests.Fixtures.FichaDeCompensacaoTestFixture.Falha_Ao_Tentar_Efetuar_Pagamento_Com_Desconto_E_ValorBruto_Zerado(&quot;03399.45024 62000.000596 66181.001018 9 71910000012824&quot;,&quot;03399719100000128249450262000000596618100101&quot;,&quot;Ficha Compensacao&quot;,&quot;BANCO DO ESTADO DE&quot;,&quot;128,24  &quot;,&quot;15/06/2017 00:00&quot;)" methodname="Falha_Ao_Tentar_Efetuar_Pagamento_Com_Desconto_E_ValorBruto_Zerado" classname="Acesso.ServiceLayer.IS2B.IntegrationTests.Fixtures.FichaDeCompensacaoTestFixture" runstate="Runnable" seed="1657047976" result="Failed" start-time="2017-06-08 22:19:26Z" end-time="2017-06-08 22:19:26Z" duration="0.064650" asserts="1">
                    <failure>
                      <message><![CDATA[Valores divergentes: Valor ou desconto/acrescimo inconsistente]]></message>
                      <stack-trace><![CDATA[em Acesso.ServiceLayer.IS2B.IntegrationTests.Fixtures.FichaDeCompensacaoTestFixture.Falha_Ao_Tentar_Efetuar_Pagamento_Com_Desconto_E_ValorBruto_Zerado(String linhaDigitavel, String codigoDeBarras, String tipoDoServico, String cedente, String valor, String dataVencimento) na C:\Projetos\Acesso\Core\PRODUTOS.Acesso.Lineu2\AcessoCadun\Acesso.ServiceLayer.IS2B.IntegrationTests\Fixtures\FichaDeCompensacaoTestFixture.cs:linha 190
]]></stack-trace>
                    </failure>
                    <output><![CDATA[<Conta>
  <CpfCnpj>11161058702</CpfCnpj>
  <EnderecoIP>127.0.0.1</EnderecoIP>
  <NSU>0</NSU>
  <NSUExterno>873904631</NSUExterno>
  <PontoAtendimento>
    <Login>teste</Login>
    <PosId>0</PosId>
    <Senha>teste</Senha>
  </PontoAtendimento>
  <SiteIntegracaoId>0</SiteIntegracaoId>
  <TerminalExterno>123</TerminalExterno>
  <TipoTransacao>RECEBERCONTA</TipoTransacao>
  <Token>0</Token>
  <Versao>2.0</Versao>
  <DadosPagamento p2:type="PagamentoDinheiro" xmlns:p2="http://www.w3.org/2001/XMLSchema-instance">
    <FormaPagamento>DINHEIRO</FormaPagamento>
    <QtdParcelas>0</QtdParcelas>
    <pontos>0</pontos>
    <valor>128.24</valor>
    <valorBruto>0</valorBruto>
    <valorDesconto>85.51</valorDesconto>
  </DadosPagamento>
  <CodBarras>
    <TipoServico>FichaCompensacao</TipoServico>
    <linhaDigitavel>03399450246200000059666181001018971910000012824</linhaDigitavel>
  </CodBarras>
  <DataVencimento>2017-06-15T00:00:00</DataVencimento>
</Conta>
------------------------------------------------------
CodigoErro: 999
MensagemErro: Valores divergentes: Valor ou desconto/acrescimo inconsistente
StatusTransacao: ERRODESCONHECIDO
------------------------------------------------------
<Resposta>
  <ExtensionData />
  <CodigoErro>999</CodigoErro>
  <MensagemErro>Valores divergentes: Valor ou desconto/acrescimo inconsistente</MensagemErro>
  <StatusTransacao>ERRODESCONHECIDO</StatusTransacao>
</Resposta>
]]></output>
                    <assertions>
                      <assertion result="Failed">
                        <message><![CDATA[Valores divergentes: Valor ou desconto/acrescimo inconsistente]]></message>
                        <stack-trace><![CDATA[em Acesso.ServiceLayer.IS2B.IntegrationTests.Fixtures.FichaDeCompensacaoTestFixture.Falha_Ao_Tentar_Efetuar_Pagamento_Com_Desconto_E_ValorBruto_Zerado(String linhaDigitavel, String codigoDeBarras, String tipoDoServico, String cedente, String valor, String dataVencimento) na C:\Projetos\Acesso\Core\PRODUTOS.Acesso.Lineu2\AcessoCadun\Acesso.ServiceLayer.IS2B.IntegrationTests\Fixtures\FichaDeCompensacaoTestFixture.cs:linha 190
]]></stack-trace>
                      </assertion>
                    </assertions>
                  </test-case>
                  <test-case id="0-1063" name="Falha_Ao_Tentar_Efetuar_Pagamento_Com_Desconto_E_ValorBruto_Zerado(&quot;00198.41592 90120.170007 00573.319217 6 71790000002794&quot;,&quot;00196717900000027948415990120170000057331921&quot;,&quot;Ficha Compensacao&quot;,&quot;BANCO DO BRASIL S.&quot;,&quot;27,94   &quot;,&quot;03/06/2017 00:00&quot;)" fullname="Acesso.ServiceLayer.IS2B.IntegrationTests.Fixtures.FichaDeCompensacaoTestFixture.Falha_Ao_Tentar_Efetuar_Pagamento_Com_Desconto_E_ValorBruto_Zerado(&quot;00198.41592 90120.170007 00573.319217 6 71790000002794&quot;,&quot;00196717900000027948415990120170000057331921&quot;,&quot;Ficha Compensacao&quot;,&quot;BANCO DO BRASIL S.&quot;,&quot;27,94   &quot;,&quot;03/06/2017 00:00&quot;)" methodname="Falha_Ao_Tentar_Efetuar_Pagamento_Com_Desconto_E_ValorBruto_Zerado" classname="Acesso.ServiceLayer.IS2B.IntegrationTests.Fixtures.FichaDeCompensacaoTestFixture" runstate="Runnable" seed="1404452290" result="Failed" start-time="2017-06-08 22:19:26Z" end-time="2017-06-08 22:19:26Z" duration="0.061191" asserts="1">
                    <failure>
                      <message><![CDATA[Valores divergentes: Valor ou desconto/acrescimo inconsistente]]></message>
                      <stack-trace><![CDATA[em Acesso.ServiceLayer.IS2B.IntegrationTests.Fixtures.FichaDeCompensacaoTestFixture.Falha_Ao_Tentar_Efetuar_Pagamento_Com_Desconto_E_ValorBruto_Zerado(String linhaDigitavel, String codigoDeBarras, String tipoDoServico, String cedente, String valor, String dataVencimento) na C:\Projetos\Acesso\Core\PRODUTOS.Acesso.Lineu2\AcessoCadun\Acesso.ServiceLayer.IS2B.IntegrationTests\Fixtures\FichaDeCompensacaoTestFixture.cs:linha 190
]]></stack-trace>
                    </failure>
                    <output><![CDATA[<Conta>
  <CpfCnpj>11161058702</CpfCnpj>
  <EnderecoIP>127.0.0.1</EnderecoIP>
  <NSU>0</NSU>
  <NSUExterno>670256886</NSUExterno>
  <PontoAtendimento>
    <Login>teste</Login>
    <PosId>0</PosId>
    <Senha>teste</Senha>
  </PontoAtendimento>
  <SiteIntegracaoId>0</SiteIntegracaoId>
  <TerminalExterno>123</TerminalExterno>
  <TipoTransacao>RECEBERCONTA</TipoTransacao>
  <Token>0</Token>
  <Versao>2.0</Versao>
  <DadosPagamento p2:type="PagamentoDinheiro" xmlns:p2="http://www.w3.org/2001/XMLSchema-instance">
    <FormaPagamento>DINHEIRO</FormaPagamento>
    <QtdParcelas>0</QtdParcelas>
    <pontos>0</pontos>
    <valor>27.94</valor>
    <valorBruto>0</valorBruto>
    <valorDesconto>85.51</valorDesconto>
  </DadosPagamento>
  <CodBarras>
    <TipoServico>FichaCompensacao</TipoServico>
    <linhaDigitavel>00198415929012017000700573319217671790000002794</linhaDigitavel>
  </CodBarras>
  <DataVencimento>2017-06-03T00:00:00</DataVencimento>
</Conta>
------------------------------------------------------
CodigoErro: 999
MensagemErro: Valores divergentes: Valor ou desconto/acrescimo inconsistente
StatusTransacao: ERRODESCONHECIDO
------------------------------------------------------
<Resposta>
  <ExtensionData />
  <CodigoErro>999</CodigoErro>
  <MensagemErro>Valores divergentes: Valor ou desconto/acrescimo inconsistente</MensagemErro>
  <StatusTransacao>ERRODESCONHECIDO</StatusTransacao>
</Resposta>
]]></output>
                    <assertions>
                      <assertion result="Failed">
                        <message><![CDATA[Valores divergentes: Valor ou desconto/acrescimo inconsistente]]></message>
                        <stack-trace><![CDATA[em Acesso.ServiceLayer.IS2B.IntegrationTests.Fixtures.FichaDeCompensacaoTestFixture.Falha_Ao_Tentar_Efetuar_Pagamento_Com_Desconto_E_ValorBruto_Zerado(String linhaDigitavel, String codigoDeBarras, String tipoDoServico, String cedente, String valor, String dataVencimento) na C:\Projetos\Acesso\Core\PRODUTOS.Acesso.Lineu2\AcessoCadun\Acesso.ServiceLayer.IS2B.IntegrationTests\Fixtures\FichaDeCompensacaoTestFixture.cs:linha 190
]]></stack-trace>
                      </assertion>
                    </assertions>
                  </test-case>
                  <test-case id="0-1064" name="Falha_Ao_Tentar_Efetuar_Pagamento_Com_Desconto_E_ValorBruto_Zerado(&quot;42297.04707 00000.888420 01130.050725 1 71810000227859&quot;,&quot;42291718100002278597047000000888420113005072&quot;,&quot;Ficha Compensacao&quot;,&quot;BANCO SAFRA S.A.  &quot;,&quot;2.278,59&quot;,&quot;05/06/2017 00:00&quot;)" fullname="Acesso.ServiceLayer.IS2B.IntegrationTests.Fixtures.FichaDeCompensacaoTestFixture.Falha_Ao_Tentar_Efetuar_Pagamento_Com_Desconto_E_ValorBruto_Zerado(&quot;42297.04707 00000.888420 01130.050725 1 71810000227859&quot;,&quot;42291718100002278597047000000888420113005072&quot;,&quot;Ficha Compensacao&quot;,&quot;BANCO SAFRA S.A.  &quot;,&quot;2.278,59&quot;,&quot;05/06/2017 00:00&quot;)" methodname="Falha_Ao_Tentar_Efetuar_Pagamento_Com_Desconto_E_ValorBruto_Zerado" classname="Acesso.ServiceLayer.IS2B.IntegrationTests.Fixtures.FichaDeCompensacaoTestFixture" runstate="Runnable" seed="1112121590" result="Failed" start-time="2017-06-08 22:19:26Z" end-time="2017-06-08 22:19:26Z" duration="0.057835" asserts="1">
                    <failure>
                      <message><![CDATA[Valores divergentes: Valor ou desconto/acrescimo inconsistente]]></message>
                      <stack-trace><![CDATA[em Acesso.ServiceLayer.IS2B.IntegrationTests.Fixtures.FichaDeCompensacaoTestFixture.Falha_Ao_Tentar_Efetuar_Pagamento_Com_Desconto_E_ValorBruto_Zerado(String linhaDigitavel, String codigoDeBarras, String tipoDoServico, String cedente, String valor, String dataVencimento) na C:\Projetos\Acesso\Core\PRODUTOS.Acesso.Lineu2\AcessoCadun\Acesso.ServiceLayer.IS2B.IntegrationTests\Fixtures\FichaDeCompensacaoTestFixture.cs:linha 190
]]></stack-trace>
                    </failure>
                    <output><![CDATA[<Conta>
  <CpfCnpj>11161058702</CpfCnpj>
  <EnderecoIP>127.0.0.1</EnderecoIP>
  <NSU>0</NSU>
  <NSUExterno>904257905</NSUExterno>
  <PontoAtendimento>
    <Login>teste</Login>
    <PosId>0</PosId>
    <Senha>teste</Senha>
  </PontoAtendimento>
  <SiteIntegracaoId>0</SiteIntegracaoId>
  <TerminalExterno>123</TerminalExterno>
  <TipoTransacao>RECEBERCONTA</TipoTransacao>
  <Token>0</Token>
  <Versao>2.0</Versao>
  <DadosPagamento p2:type="PagamentoDinheiro" xmlns:p2="http://www.w3.org/2001/XMLSchema-instance">
    <FormaPagamento>DINHEIRO</FormaPagamento>
    <QtdParcelas>0</QtdParcelas>
    <pontos>0</pontos>
    <valor>2278.59</valor>
    <valorBruto>0</valorBruto>
    <valorDesconto>85.51</valorDesconto>
  </DadosPagamento>
  <CodBarras>
    <TipoServico>FichaCompensacao</TipoServico>
    <linhaDigitavel>42297047070000088842001130050725171810000227859</linhaDigitavel>
  </CodBarras>
  <DataVencimento>2017-06-05T00:00:00</DataVencimento>
</Conta>
------------------------------------------------------
CodigoErro: 999
MensagemErro: Valores divergentes: Valor ou desconto/acrescimo inconsistente
StatusTransacao: ERRODESCONHECIDO
------------------------------------------------------
<Resposta>
  <ExtensionData />
  <CodigoErro>999</CodigoErro>
  <MensagemErro>Valores divergentes: Valor ou desconto/acrescimo inconsistente</MensagemErro>
  <StatusTransacao>ERRODESCONHECIDO</StatusTransacao>
</Resposta>
]]></output>
                    <assertions>
                      <assertion result="Failed">
                        <message><![CDATA[Valores divergentes: Valor ou desconto/acrescimo inconsistente]]></message>
                        <stack-trace><![CDATA[em Acesso.ServiceLayer.IS2B.IntegrationTests.Fixtures.FichaDeCompensacaoTestFixture.Falha_Ao_Tentar_Efetuar_Pagamento_Com_Desconto_E_ValorBruto_Zerado(String linhaDigitavel, String codigoDeBarras, String tipoDoServico, String cedente, String valor, String dataVencimento) na C:\Projetos\Acesso\Core\PRODUTOS.Acesso.Lineu2\AcessoCadun\Acesso.ServiceLayer.IS2B.IntegrationTests\Fixtures\FichaDeCompensacaoTestFixture.cs:linha 190
]]></stack-trace>
                      </assertion>
                    </assertions>
                  </test-case>
                  <test-case id="0-1065" name="Falha_Ao_Tentar_Efetuar_Pagamento_Com_Desconto_E_ValorBruto_Zerado(&quot;23792.37403 95010.810984 18008.790000 6 71840000032612&quot;,&quot;23796718400000326122374095010810981800879000&quot;,&quot;Ficha Compensacao&quot;,&quot;BANCO BRADESCO S.A&quot;,&quot;326,12  &quot;,&quot;08/06/2017 00:00&quot;)" fullname="Acesso.ServiceLayer.IS2B.IntegrationTests.Fixtures.FichaDeCompensacaoTestFixture.Falha_Ao_Tentar_Efetuar_Pagamento_Com_Desconto_E_ValorBruto_Zerado(&quot;23792.37403 95010.810984 18008.790000 6 71840000032612&quot;,&quot;23796718400000326122374095010810981800879000&quot;,&quot;Ficha Compensacao&quot;,&quot;BANCO BRADESCO S.A&quot;,&quot;326,12  &quot;,&quot;08/06/2017 00:00&quot;)" methodname="Falha_Ao_Tentar_Efetuar_Pagamento_Com_Desconto_E_ValorBruto_Zerado" classname="Acesso.ServiceLayer.IS2B.IntegrationTests.Fixtures.FichaDeCompensacaoTestFixture" runstate="Runnable" seed="1974386678" result="Failed" start-time="2017-06-08 22:19:26Z" end-time="2017-06-08 22:19:26Z" duration="0.065527" asserts="1">
                    <failure>
                      <message><![CDATA[Valores divergentes: Valor ou desconto/acrescimo inconsistente]]></message>
                      <stack-trace><![CDATA[em Acesso.ServiceLayer.IS2B.IntegrationTests.Fixtures.FichaDeCompensacaoTestFixture.Falha_Ao_Tentar_Efetuar_Pagamento_Com_Desconto_E_ValorBruto_Zerado(String linhaDigitavel, String codigoDeBarras, String tipoDoServico, String cedente, String valor, String dataVencimento) na C:\Projetos\Acesso\Core\PRODUTOS.Acesso.Lineu2\AcessoCadun\Acesso.ServiceLayer.IS2B.IntegrationTests\Fixtures\FichaDeCompensacaoTestFixture.cs:linha 190
]]></stack-trace>
                    </failure>
                    <output><![CDATA[<Conta>
  <CpfCnpj>11161058702</CpfCnpj>
  <EnderecoIP>127.0.0.1</EnderecoIP>
  <NSU>0</NSU>
  <NSUExterno>1651116330</NSUExterno>
  <PontoAtendimento>
    <Login>teste</Login>
    <PosId>0</PosId>
    <Senha>teste</Senha>
  </PontoAtendimento>
  <SiteIntegracaoId>0</SiteIntegracaoId>
  <TerminalExterno>123</TerminalExterno>
  <TipoTransacao>RECEBERCONTA</TipoTransacao>
  <Token>0</Token>
  <Versao>2.0</Versao>
  <DadosPagamento p2:type="PagamentoDinheiro" xmlns:p2="http://www.w3.org/2001/XMLSchema-instance">
    <FormaPagamento>DINHEIRO</FormaPagamento>
    <QtdParcelas>0</QtdParcelas>
    <pontos>0</pontos>
    <valor>326.12</valor>
    <valorBruto>0</valorBruto>
    <valorDesconto>85.51</valorDesconto>
  </DadosPagamento>
  <CodBarras>
    <TipoServico>FichaCompensacao</TipoServico>
    <linhaDigitavel>23792374039501081098418008790000671840000032612</linhaDigitavel>
  </CodBarras>
  <DataVencimento>2017-06-08T00:00:00</DataVencimento>
</Conta>
------------------------------------------------------
CodigoErro: 999
MensagemErro: Valores divergentes: Valor ou desconto/acrescimo inconsistente
StatusTransacao: ERRODESCONHECIDO
------------------------------------------------------
<Resposta>
  <ExtensionData />
  <CodigoErro>999</CodigoErro>
  <MensagemErro>Valores divergentes: Valor ou desconto/acrescimo inconsistente</MensagemErro>
  <StatusTransacao>ERRODESCONHECIDO</StatusTransacao>
</Resposta>
]]></output>
                    <assertions>
                      <assertion result="Failed">
                        <message><![CDATA[Valores divergentes: Valor ou desconto/acrescimo inconsistente]]></message>
                        <stack-trace><![CDATA[em Acesso.ServiceLayer.IS2B.IntegrationTests.Fixtures.FichaDeCompensacaoTestFixture.Falha_Ao_Tentar_Efetuar_Pagamento_Com_Desconto_E_ValorBruto_Zerado(String linhaDigitavel, String codigoDeBarras, String tipoDoServico, String cedente, String valor, String dataVencimento) na C:\Projetos\Acesso\Core\PRODUTOS.Acesso.Lineu2\AcessoCadun\Acesso.ServiceLayer.IS2B.IntegrationTests\Fixtures\FichaDeCompensacaoTestFixture.cs:linha 190
]]></stack-trace>
                      </assertion>
                    </assertions>
                  </test-case>
                </test-suite>
                <test-suite type="ParameterizedMethod" id="0-1110" name="Falhar_Ao_Tentar_Efetuar_Pagamento_Com_Desconto" fullname="Acesso.ServiceLayer.IS2B.IntegrationTests.Fixtures.FichaDeCompensacaoTestFixture.Falhar_Ao_Tentar_Efetuar_Pagamento_Com_Desconto" classname="Acesso.ServiceLayer.IS2B.IntegrationTests.Fixtures.FichaDeCompensacaoTestFixture" runstate="Runnable" testcasecount="21" result="Passed" start-time="2017-06-08 22:19:26Z" end-time="2017-06-08 22:19:27Z" duration="1.307688" total="21" passed="21" failed="0" warnings="0" inconclusive="0" skipped="0" asserts="126">
                  <test-case id="0-1089" name="Falhar_Ao_Tentar_Efetuar_Pagamento_Com_Desconto(&quot;10492.99116 52000.100041 00030.197800 3 71820000023575&quot;,&quot;10493718200000235752991152000100040003019780&quot;,&quot;Ficha Compensacao&quot;,&quot;Caixa Econ Federal&quot;,&quot;235,75&quot;,&quot;06/06/2017 00:00&quot;)" fullname="Acesso.ServiceLayer.IS2B.IntegrationTests.Fixtures.FichaDeCompensacaoTestFixture.Falhar_Ao_Tentar_Efetuar_Pagamento_Com_Desconto(&quot;10492.99116 52000.100041 00030.197800 3 71820000023575&quot;,&quot;10493718200000235752991152000100040003019780&quot;,&quot;Ficha Compensacao&quot;,&quot;Caixa Econ Federal&quot;,&quot;235,75&quot;,&quot;06/06/2017 00:00&quot;)" methodname="Falhar_Ao_Tentar_Efetuar_Pagamento_Com_Desconto" classname="Acesso.ServiceLayer.IS2B.IntegrationTests.Fixtures.FichaDeCompensacaoTestFixture" runstate="Runnable" seed="1665735763" result="Passed" start-time="2017-06-08 22:19:26Z" end-time="2017-06-08 22:19:26Z" duration="0.057313" asserts="6">
                    <output><![CDATA[<Conta>
  <CpfCnpj>11161058702</CpfCnpj>
  <EnderecoIP>127.0.0.1</EnderecoIP>
  <NSU>0</NSU>
  <NSUExterno>1961337608</NSUExterno>
  <PontoAtendimento>
    <Login>teste</Login>
    <PosId>0</PosId>
    <Senha>teste</Senha>
  </PontoAtendimento>
  <SiteIntegracaoId>0</SiteIntegracaoId>
  <TerminalExterno>123</TerminalExterno>
  <TipoTransacao>RECEBERCONTA</TipoTransacao>
  <Token>0</Token>
  <Versao>2.0</Versao>
  <DadosPagamento p2:type="PagamentoDinheiro" xmlns:p2="http://www.w3.org/2001/XMLSchema-instance">
    <FormaPagamento>DINHEIRO</FormaPagamento>
    <QtdParcelas>0</QtdParcelas>
    <pontos>0</pontos>
    <valor>235.75</valor>
    <valorBruto>0</valorBruto>
    <valorDesconto>1</valorDesconto>
  </DadosPagamento>
  <CodBarras>
    <TipoServico>FichaCompensacao</TipoServico>
    <linhaDigitavel>10492991165200010004100030197800371820000023575</linhaDigitavel>
  </CodBarras>
  <DataVencimento>2017-06-06T00:00:00</DataVencimento>
</Conta>
------------------------------------------------------
CodigoErro: 999
MensagemErro: Valores divergentes: Valor ou desconto/acrescimo inconsistente
StatusTransacao: ERRODESCONHECIDO
------------------------------------------------------
<Resposta>
  <ExtensionData />
  <CodigoErro>999</CodigoErro>
  <MensagemErro>Valores divergentes: Valor ou desconto/acrescimo inconsistente</MensagemErro>
  <StatusTransacao>ERRODESCONHECIDO</StatusTransacao>
</Resposta>
]]></output>
                  </test-case>
                  <test-case id="0-1090" name="Falhar_Ao_Tentar_Efetuar_Pagamento_Com_Desconto(&quot;75691.45936 01000.315802 07875.370012 1 71860000006990&quot;,&quot;75691718600000069901459301000315800787537001&quot;,&quot;Ficha Compensacao&quot;,&quot;BANCO COOPERATIVO&quot;,&quot;69,90&quot;,&quot;10/06/2017 00:00&quot;)" fullname="Acesso.ServiceLayer.IS2B.IntegrationTests.Fixtures.FichaDeCompensacaoTestFixture.Falhar_Ao_Tentar_Efetuar_Pagamento_Com_Desconto(&quot;75691.45936 01000.315802 07875.370012 1 71860000006990&quot;,&quot;75691718600000069901459301000315800787537001&quot;,&quot;Ficha Compensacao&quot;,&quot;BANCO COOPERATIVO&quot;,&quot;69,90&quot;,&quot;10/06/2017 00:00&quot;)" methodname="Falhar_Ao_Tentar_Efetuar_Pagamento_Com_Desconto" classname="Acesso.ServiceLayer.IS2B.IntegrationTests.Fixtures.FichaDeCompensacaoTestFixture" runstate="Runnable" seed="1443804843" result="Passed" start-time="2017-06-08 22:19:26Z" end-time="2017-06-08 22:19:26Z" duration="0.058486" asserts="6">
                    <output><![CDATA[<Conta>
  <CpfCnpj>11161058702</CpfCnpj>
  <EnderecoIP>127.0.0.1</EnderecoIP>
  <NSU>0</NSU>
  <NSUExterno>1415519802</NSUExterno>
  <PontoAtendimento>
    <Login>teste</Login>
    <PosId>0</PosId>
    <Senha>teste</Senha>
  </PontoAtendimento>
  <SiteIntegracaoId>0</SiteIntegracaoId>
  <TerminalExterno>123</TerminalExterno>
  <TipoTransacao>RECEBERCONTA</TipoTransacao>
  <Token>0</Token>
  <Versao>2.0</Versao>
  <DadosPagamento p2:type="PagamentoDinheiro" xmlns:p2="http://www.w3.org/2001/XMLSchema-instance">
    <FormaPagamento>DINHEIRO</FormaPagamento>
    <QtdParcelas>0</QtdParcelas>
    <pontos>0</pontos>
    <valor>69.9</valor>
    <valorBruto>0</valorBruto>
    <valorDesconto>1</valorDesconto>
  </DadosPagamento>
  <CodBarras>
    <TipoServico>FichaCompensacao</TipoServico>
    <linhaDigitavel>75691459360100031580207875370012171860000006990</linhaDigitavel>
  </CodBarras>
  <DataVencimento>2017-06-10T00:00:00</DataVencimento>
</Conta>
------------------------------------------------------
CodigoErro: 999
MensagemErro: Valores divergentes: Valor ou desconto/acrescimo inconsistente
StatusTransacao: ERRODESCONHECIDO
------------------------------------------------------
<Resposta>
  <ExtensionData />
  <CodigoErro>999</CodigoErro>
  <MensagemErro>Valores divergentes: Valor ou desconto/acrescimo inconsistente</MensagemErro>
  <StatusTransacao>ERRODESCONHECIDO</StatusTransacao>
</Resposta>
]]></output>
                  </test-case>
                  <test-case id="0-1091" name="Falhar_Ao_Tentar_Efetuar_Pagamento_Com_Desconto(&quot;03399.49281 36981.713708 20376.701023 1 00000000000000&quot;,&quot;03391000000000000009492836981713702037670102&quot;,&quot;Ficha Compensacao&quot;,&quot;BANCO DO ESTADO DE&quot;,&quot;346,53&quot;,&quot;28/06/2017 00:00&quot;)" fullname="Acesso.ServiceLayer.IS2B.IntegrationTests.Fixtures.FichaDeCompensacaoTestFixture.Falhar_Ao_Tentar_Efetuar_Pagamento_Com_Desconto(&quot;03399.49281 36981.713708 20376.701023 1 00000000000000&quot;,&quot;03391000000000000009492836981713702037670102&quot;,&quot;Ficha Compensacao&quot;,&quot;BANCO DO ESTADO DE&quot;,&quot;346,53&quot;,&quot;28/06/2017 00:00&quot;)" methodname="Falhar_Ao_Tentar_Efetuar_Pagamento_Com_Desconto" classname="Acesso.ServiceLayer.IS2B.IntegrationTests.Fixtures.FichaDeCompensacaoTestFixture" runstate="Runnable" seed="537610900" result="Passed" start-time="2017-06-08 22:19:26Z" end-time="2017-06-08 22:19:26Z" duration="0.057042" asserts="6">
                    <output><![CDATA[<Conta>
  <CpfCnpj>11161058702</CpfCnpj>
  <EnderecoIP>127.0.0.1</EnderecoIP>
  <NSU>0</NSU>
  <NSUExterno>2130815677</NSUExterno>
  <PontoAtendimento>
    <Login>teste</Login>
    <PosId>0</PosId>
    <Senha>teste</Senha>
  </PontoAtendimento>
  <SiteIntegracaoId>0</SiteIntegracaoId>
  <TerminalExterno>123</TerminalExterno>
  <TipoTransacao>RECEBERCONTA</TipoTransacao>
  <Token>0</Token>
  <Versao>2.0</Versao>
  <DadosPagamento p2:type="PagamentoDinheiro" xmlns:p2="http://www.w3.org/2001/XMLSchema-instance">
    <FormaPagamento>DINHEIRO</FormaPagamento>
    <QtdParcelas>0</QtdParcelas>
    <pontos>0</pontos>
    <valor>346.53</valor>
    <valorBruto>0</valorBruto>
    <valorDesconto>1</valorDesconto>
  </DadosPagamento>
  <CodBarras>
    <TipoServico>FichaCompensacao</TipoServico>
    <linhaDigitavel>03399492813698171370820376701023100000000000000</linhaDigitavel>
  </CodBarras>
  <DataVencimento>2017-06-28T00:00:00</DataVencimento>
</Conta>
------------------------------------------------------
CodigoErro: 999
MensagemErro: Valores divergentes: Valor ou desconto/acrescimo inconsistente
StatusTransacao: ERRODESCONHECIDO
------------------------------------------------------
<Resposta>
  <ExtensionData />
  <CodigoErro>999</CodigoErro>
  <MensagemErro>Valores divergentes: Valor ou desconto/acrescimo inconsistente</MensagemErro>
  <StatusTransacao>ERRODESCONHECIDO</StatusTransacao>
</Resposta>
]]></output>
                  </test-case>
                  <test-case id="0-1092" name="Falhar_Ao_Tentar_Efetuar_Pagamento_Com_Desconto(&quot;00190.00009 02978.334007 00000.038174 4 71810000004997&quot;,&quot;00194718100000049970000002978334000000003817&quot;,&quot;Ficha Compensacao&quot;,&quot;BANCO DO BRASIL S.&quot;,&quot;49,97   &quot;,&quot;05/06/2017 00:00&quot;)" fullname="Acesso.ServiceLayer.IS2B.IntegrationTests.Fixtures.FichaDeCompensacaoTestFixture.Falhar_Ao_Tentar_Efetuar_Pagamento_Com_Desconto(&quot;00190.00009 02978.334007 00000.038174 4 71810000004997&quot;,&quot;00194718100000049970000002978334000000003817&quot;,&quot;Ficha Compensacao&quot;,&quot;BANCO DO BRASIL S.&quot;,&quot;49,97   &quot;,&quot;05/06/2017 00:00&quot;)" methodname="Falhar_Ao_Tentar_Efetuar_Pagamento_Com_Desconto" classname="Acesso.ServiceLayer.IS2B.IntegrationTests.Fixtures.FichaDeCompensacaoTestFixture" runstate="Runnable" seed="1533503804" result="Passed" start-time="2017-06-08 22:19:26Z" end-time="2017-06-08 22:19:26Z" duration="0.055299" asserts="6">
                    <output><![CDATA[<Conta>
  <CpfCnpj>11161058702</CpfCnpj>
  <EnderecoIP>127.0.0.1</EnderecoIP>
  <NSU>0</NSU>
  <NSUExterno>1689923665</NSUExterno>
  <PontoAtendimento>
    <Login>teste</Login>
    <PosId>0</PosId>
    <Senha>teste</Senha>
  </PontoAtendimento>
  <SiteIntegracaoId>0</SiteIntegracaoId>
  <TerminalExterno>123</TerminalExterno>
  <TipoTransacao>RECEBERCONTA</TipoTransacao>
  <Token>0</Token>
  <Versao>2.0</Versao>
  <DadosPagamento p2:type="PagamentoDinheiro" xmlns:p2="http://www.w3.org/2001/XMLSchema-instance">
    <FormaPagamento>DINHEIRO</FormaPagamento>
    <QtdParcelas>0</QtdParcelas>
    <pontos>0</pontos>
    <valor>49.97</valor>
    <valorBruto>0</valorBruto>
    <valorDesconto>1</valorDesconto>
  </DadosPagamento>
  <CodBarras>
    <TipoServico>FichaCompensacao</TipoServico>
    <linhaDigitavel>00190000090297833400700000038174471810000004997</linhaDigitavel>
  </CodBarras>
  <DataVencimento>2017-06-05T00:00:00</DataVencimento>
</Conta>
------------------------------------------------------
CodigoErro: 999
MensagemErro: Valores divergentes: Valor ou desconto/acrescimo inconsistente
StatusTransacao: ERRODESCONHECIDO
------------------------------------------------------
<Resposta>
  <ExtensionData />
  <CodigoErro>999</CodigoErro>
  <MensagemErro>Valores divergentes: Valor ou desconto/acrescimo inconsistente</MensagemErro>
  <StatusTransacao>ERRODESCONHECIDO</StatusTransacao>
</Resposta>
]]></output>
                  </test-case>
                  <test-case id="0-1093" name="Falhar_Ao_Tentar_Efetuar_Pagamento_Com_Desconto(&quot;00491.89202 16249.870060 00000.000117 5 71840000040500&quot;,&quot;00495718400000405001892016249870060000000011&quot;,&quot;Ficha Compensacao&quot;,&quot;BANCO DO NORDESTE &quot;,&quot;405,00  &quot;,&quot;08/06/2017 00:00&quot;)" fullname="Acesso.ServiceLayer.IS2B.IntegrationTests.Fixtures.FichaDeCompensacaoTestFixture.Falhar_Ao_Tentar_Efetuar_Pagamento_Com_Desconto(&quot;00491.89202 16249.870060 00000.000117 5 71840000040500&quot;,&quot;00495718400000405001892016249870060000000011&quot;,&quot;Ficha Compensacao&quot;,&quot;BANCO DO NORDESTE &quot;,&quot;405,00  &quot;,&quot;08/06/2017 00:00&quot;)" methodname="Falhar_Ao_Tentar_Efetuar_Pagamento_Com_Desconto" classname="Acesso.ServiceLayer.IS2B.IntegrationTests.Fixtures.FichaDeCompensacaoTestFixture" runstate="Runnable" seed="1647504168" result="Passed" start-time="2017-06-08 22:19:26Z" end-time="2017-06-08 22:19:26Z" duration="0.058899" asserts="6">
                    <output><![CDATA[<Conta>
  <CpfCnpj>11161058702</CpfCnpj>
  <EnderecoIP>127.0.0.1</EnderecoIP>
  <NSU>0</NSU>
  <NSUExterno>1287008247</NSUExterno>
  <PontoAtendimento>
    <Login>teste</Login>
    <PosId>0</PosId>
    <Senha>teste</Senha>
  </PontoAtendimento>
  <SiteIntegracaoId>0</SiteIntegracaoId>
  <TerminalExterno>123</TerminalExterno>
  <TipoTransacao>RECEBERCONTA</TipoTransacao>
  <Token>0</Token>
  <Versao>2.0</Versao>
  <DadosPagamento p2:type="PagamentoDinheiro" xmlns:p2="http://www.w3.org/2001/XMLSchema-instance">
    <FormaPagamento>DINHEIRO</FormaPagamento>
    <QtdParcelas>0</QtdParcelas>
    <pontos>0</pontos>
    <valor>405</valor>
    <valorBruto>0</valorBruto>
    <valorDesconto>1</valorDesconto>
  </DadosPagamento>
  <CodBarras>
    <TipoServico>FichaCompensacao</TipoServico>
    <linhaDigitavel>00491892021624987006000000000117571840000040500</linhaDigitavel>
  </CodBarras>
  <DataVencimento>2017-06-08T00:00:00</DataVencimento>
</Conta>
------------------------------------------------------
CodigoErro: 999
MensagemErro: Valores divergentes: Valor ou desconto/acrescimo inconsistente
StatusTransacao: ERRODESCONHECIDO
------------------------------------------------------
<Resposta>
  <ExtensionData />
  <CodigoErro>999</CodigoErro>
  <MensagemErro>Valores divergentes: Valor ou desconto/acrescimo inconsistente</MensagemErro>
  <StatusTransacao>ERRODESCONHECIDO</StatusTransacao>
</Resposta>
]]></output>
                  </test-case>
                  <test-case id="0-1094" name="Falhar_Ao_Tentar_Efetuar_Pagamento_Com_Desconto(&quot;00190.00009 02790.799064 00008.794174 1 71910000002000&quot;,&quot;00191719100000020000000002790799060000879417&quot;,&quot;Ficha Compensacao&quot;,&quot;BANCO DO BRASIL S.&quot;,&quot;20,00   &quot;,&quot;15/06/2017 00:00&quot;)" fullname="Acesso.ServiceLayer.IS2B.IntegrationTests.Fixtures.FichaDeCompensacaoTestFixture.Falhar_Ao_Tentar_Efetuar_Pagamento_Com_Desconto(&quot;00190.00009 02790.799064 00008.794174 1 71910000002000&quot;,&quot;00191719100000020000000002790799060000879417&quot;,&quot;Ficha Compensacao&quot;,&quot;BANCO DO BRASIL S.&quot;,&quot;20,00   &quot;,&quot;15/06/2017 00:00&quot;)" methodname="Falhar_Ao_Tentar_Efetuar_Pagamento_Com_Desconto" classname="Acesso.ServiceLayer.IS2B.IntegrationTests.Fixtures.FichaDeCompensacaoTestFixture" runstate="Runnable" seed="1120356667" result="Passed" start-time="2017-06-08 22:19:26Z" end-time="2017-06-08 22:19:26Z" duration="0.055698" asserts="6">
                    <output><![CDATA[<Conta>
  <CpfCnpj>11161058702</CpfCnpj>
  <EnderecoIP>127.0.0.1</EnderecoIP>
  <NSU>0</NSU>
  <NSUExterno>859969115</NSUExterno>
  <PontoAtendimento>
    <Login>teste</Login>
    <PosId>0</PosId>
    <Senha>teste</Senha>
  </PontoAtendimento>
  <SiteIntegracaoId>0</SiteIntegracaoId>
  <TerminalExterno>123</TerminalExterno>
  <TipoTransacao>RECEBERCONTA</TipoTransacao>
  <Token>0</Token>
  <Versao>2.0</Versao>
  <DadosPagamento p2:type="PagamentoDinheiro" xmlns:p2="http://www.w3.org/2001/XMLSchema-instance">
    <FormaPagamento>DINHEIRO</FormaPagamento>
    <QtdParcelas>0</QtdParcelas>
    <pontos>0</pontos>
    <valor>20</valor>
    <valorBruto>0</valorBruto>
    <valorDesconto>1</valorDesconto>
  </DadosPagamento>
  <CodBarras>
    <TipoServico>FichaCompensacao</TipoServico>
    <linhaDigitavel>00190000090279079906400008794174171910000002000</linhaDigitavel>
  </CodBarras>
  <DataVencimento>2017-06-15T00:00:00</DataVencimento>
</Conta>
------------------------------------------------------
CodigoErro: 999
MensagemErro: Valores divergentes: Valor ou desconto/acrescimo inconsistente
StatusTransacao: ERRODESCONHECIDO
------------------------------------------------------
<Resposta>
  <ExtensionData />
  <CodigoErro>999</CodigoErro>
  <MensagemErro>Valores divergentes: Valor ou desconto/acrescimo inconsistente</MensagemErro>
  <StatusTransacao>ERRODESCONHECIDO</StatusTransacao>
</Resposta>
]]></output>
                  </test-case>
                  <test-case id="0-1095" name="Falhar_Ao_Tentar_Efetuar_Pagamento_Com_Desconto(&quot;03399.20159 51000.246440 99001.401027 5 71840000084891&quot;,&quot;03395718400000848919201551000246449900140102&quot;,&quot;Ficha Compensacao&quot;,&quot;BANCO DO ESTADO DE&quot;,&quot;848,91  &quot;,&quot;08/06/2017 00:00&quot;)" fullname="Acesso.ServiceLayer.IS2B.IntegrationTests.Fixtures.FichaDeCompensacaoTestFixture.Falhar_Ao_Tentar_Efetuar_Pagamento_Com_Desconto(&quot;03399.20159 51000.246440 99001.401027 5 71840000084891&quot;,&quot;03395718400000848919201551000246449900140102&quot;,&quot;Ficha Compensacao&quot;,&quot;BANCO DO ESTADO DE&quot;,&quot;848,91  &quot;,&quot;08/06/2017 00:00&quot;)" methodname="Falhar_Ao_Tentar_Efetuar_Pagamento_Com_Desconto" classname="Acesso.ServiceLayer.IS2B.IntegrationTests.Fixtures.FichaDeCompensacaoTestFixture" runstate="Runnable" seed="787734425" result="Passed" start-time="2017-06-08 22:19:26Z" end-time="2017-06-08 22:19:26Z" duration="0.065821" asserts="6">
                    <output><![CDATA[<Conta>
  <CpfCnpj>11161058702</CpfCnpj>
  <EnderecoIP>127.0.0.1</EnderecoIP>
  <NSU>0</NSU>
  <NSUExterno>1559789047</NSUExterno>
  <PontoAtendimento>
    <Login>teste</Login>
    <PosId>0</PosId>
    <Senha>teste</Senha>
  </PontoAtendimento>
  <SiteIntegracaoId>0</SiteIntegracaoId>
  <TerminalExterno>123</TerminalExterno>
  <TipoTransacao>RECEBERCONTA</TipoTransacao>
  <Token>0</Token>
  <Versao>2.0</Versao>
  <DadosPagamento p2:type="PagamentoDinheiro" xmlns:p2="http://www.w3.org/2001/XMLSchema-instance">
    <FormaPagamento>DINHEIRO</FormaPagamento>
    <QtdParcelas>0</QtdParcelas>
    <pontos>0</pontos>
    <valor>848.91</valor>
    <valorBruto>0</valorBruto>
    <valorDesconto>1</valorDesconto>
  </DadosPagamento>
  <CodBarras>
    <TipoServico>FichaCompensacao</TipoServico>
    <linhaDigitavel>03399201595100024644099001401027571840000084891</linhaDigitavel>
  </CodBarras>
  <DataVencimento>2017-06-08T00:00:00</DataVencimento>
</Conta>
------------------------------------------------------
CodigoErro: 999
MensagemErro: Valores divergentes: Valor ou desconto/acrescimo inconsistente
StatusTransacao: ERRODESCONHECIDO
------------------------------------------------------
<Resposta>
  <ExtensionData />
  <CodigoErro>999</CodigoErro>
  <MensagemErro>Valores divergentes: Valor ou desconto/acrescimo inconsistente</MensagemErro>
  <StatusTransacao>ERRODESCONHECIDO</StatusTransacao>
</Resposta>
]]></output>
                  </test-case>
                  <test-case id="0-1096" name="Falhar_Ao_Tentar_Efetuar_Pagamento_Com_Desconto(&quot;10492.33925 42000.200040 00099.366890 8 71960000006500&quot;,&quot;10498719600000065002339242000200040009936689&quot;,&quot;Ficha Compensacao&quot;,&quot;Caixa Econ Federal&quot;,&quot;60,00   &quot;,&quot;20/06/2017 00:00&quot;)" fullname="Acesso.ServiceLayer.IS2B.IntegrationTests.Fixtures.FichaDeCompensacaoTestFixture.Falhar_Ao_Tentar_Efetuar_Pagamento_Com_Desconto(&quot;10492.33925 42000.200040 00099.366890 8 71960000006500&quot;,&quot;10498719600000065002339242000200040009936689&quot;,&quot;Ficha Compensacao&quot;,&quot;Caixa Econ Federal&quot;,&quot;60,00   &quot;,&quot;20/06/2017 00:00&quot;)" methodname="Falhar_Ao_Tentar_Efetuar_Pagamento_Com_Desconto" classname="Acesso.ServiceLayer.IS2B.IntegrationTests.Fixtures.FichaDeCompensacaoTestFixture" runstate="Runnable" seed="573014688" result="Passed" start-time="2017-06-08 22:19:26Z" end-time="2017-06-08 22:19:26Z" duration="0.056227" asserts="6">
                    <output><![CDATA[<Conta>
  <CpfCnpj>11161058702</CpfCnpj>
  <EnderecoIP>127.0.0.1</EnderecoIP>
  <NSU>0</NSU>
  <NSUExterno>2134135298</NSUExterno>
  <PontoAtendimento>
    <Login>teste</Login>
    <PosId>0</PosId>
    <Senha>teste</Senha>
  </PontoAtendimento>
  <SiteIntegracaoId>0</SiteIntegracaoId>
  <TerminalExterno>123</TerminalExterno>
  <TipoTransacao>RECEBERCONTA</TipoTransacao>
  <Token>0</Token>
  <Versao>2.0</Versao>
  <DadosPagamento p2:type="PagamentoDinheiro" xmlns:p2="http://www.w3.org/2001/XMLSchema-instance">
    <FormaPagamento>DINHEIRO</FormaPagamento>
    <QtdParcelas>0</QtdParcelas>
    <pontos>0</pontos>
    <valor>60</valor>
    <valorBruto>0</valorBruto>
    <valorDesconto>1</valorDesconto>
  </DadosPagamento>
  <CodBarras>
    <TipoServico>FichaCompensacao</TipoServico>
    <linhaDigitavel>10492339254200020004000099366890871960000006500</linhaDigitavel>
  </CodBarras>
  <DataVencimento>2017-06-20T00:00:00</DataVencimento>
</Conta>
------------------------------------------------------
CodigoErro: 999
MensagemErro: Valores divergentes: Valor ou desconto/acrescimo inconsistente
StatusTransacao: ERRODESCONHECIDO
------------------------------------------------------
<Resposta>
  <ExtensionData />
  <CodigoErro>999</CodigoErro>
  <MensagemErro>Valores divergentes: Valor ou desconto/acrescimo inconsistente</MensagemErro>
  <StatusTransacao>ERRODESCONHECIDO</StatusTransacao>
</Resposta>
]]></output>
                  </test-case>
                  <test-case id="0-1097" name="Falhar_Ao_Tentar_Efetuar_Pagamento_Com_Desconto(&quot;03399.47624 73800.000009 00696.301043 7 71810000073552&quot;,&quot;03397718100000735529476273800000000069630104&quot;,&quot;Ficha Compensacao&quot;,&quot;BANCO DO ESTADO DE&quot;,&quot;735,52  &quot;,&quot;05/06/2017 00:00&quot;)" fullname="Acesso.ServiceLayer.IS2B.IntegrationTests.Fixtures.FichaDeCompensacaoTestFixture.Falhar_Ao_Tentar_Efetuar_Pagamento_Com_Desconto(&quot;03399.47624 73800.000009 00696.301043 7 71810000073552&quot;,&quot;03397718100000735529476273800000000069630104&quot;,&quot;Ficha Compensacao&quot;,&quot;BANCO DO ESTADO DE&quot;,&quot;735,52  &quot;,&quot;05/06/2017 00:00&quot;)" methodname="Falhar_Ao_Tentar_Efetuar_Pagamento_Com_Desconto" classname="Acesso.ServiceLayer.IS2B.IntegrationTests.Fixtures.FichaDeCompensacaoTestFixture" runstate="Runnable" seed="1362859458" result="Passed" start-time="2017-06-08 22:19:26Z" end-time="2017-06-08 22:19:26Z" duration="0.056911" asserts="6">
                    <output><![CDATA[<Conta>
  <CpfCnpj>11161058702</CpfCnpj>
  <EnderecoIP>127.0.0.1</EnderecoIP>
  <NSU>0</NSU>
  <NSUExterno>2043599142</NSUExterno>
  <PontoAtendimento>
    <Login>teste</Login>
    <PosId>0</PosId>
    <Senha>teste</Senha>
  </PontoAtendimento>
  <SiteIntegracaoId>0</SiteIntegracaoId>
  <TerminalExterno>123</TerminalExterno>
  <TipoTransacao>RECEBERCONTA</TipoTransacao>
  <Token>0</Token>
  <Versao>2.0</Versao>
  <DadosPagamento p2:type="PagamentoDinheiro" xmlns:p2="http://www.w3.org/2001/XMLSchema-instance">
    <FormaPagamento>DINHEIRO</FormaPagamento>
    <QtdParcelas>0</QtdParcelas>
    <pontos>0</pontos>
    <valor>735.52</valor>
    <valorBruto>0</valorBruto>
    <valorDesconto>1</valorDesconto>
  </DadosPagamento>
  <CodBarras>
    <TipoServico>FichaCompensacao</TipoServico>
    <linhaDigitavel>03399476247380000000900696301043771810000073552</linhaDigitavel>
  </CodBarras>
  <DataVencimento>2017-06-05T00:00:00</DataVencimento>
</Conta>
------------------------------------------------------
CodigoErro: 999
MensagemErro: Valores divergentes: Valor ou desconto/acrescimo inconsistente
StatusTransacao: ERRODESCONHECIDO
------------------------------------------------------
<Resposta>
  <ExtensionData />
  <CodigoErro>999</CodigoErro>
  <MensagemErro>Valores divergentes: Valor ou desconto/acrescimo inconsistente</MensagemErro>
  <StatusTransacao>ERRODESCONHECIDO</StatusTransacao>
</Resposta>
]]></output>
                  </test-case>
                  <test-case id="0-1098" name="Falhar_Ao_Tentar_Efetuar_Pagamento_Com_Desconto(&quot;23792.37205 68616.489644 05000.088608 1 71890000007750&quot;,&quot;23791718900000077502372068616489640500008860&quot;,&quot;Ficha Compensacao&quot;,&quot;HSBC FINANCE BRASI&quot;,&quot;77,50   &quot;,&quot;13/06/2017 00:00&quot;)" fullname="Acesso.ServiceLayer.IS2B.IntegrationTests.Fixtures.FichaDeCompensacaoTestFixture.Falhar_Ao_Tentar_Efetuar_Pagamento_Com_Desconto(&quot;23792.37205 68616.489644 05000.088608 1 71890000007750&quot;,&quot;23791718900000077502372068616489640500008860&quot;,&quot;Ficha Compensacao&quot;,&quot;HSBC FINANCE BRASI&quot;,&quot;77,50   &quot;,&quot;13/06/2017 00:00&quot;)" methodname="Falhar_Ao_Tentar_Efetuar_Pagamento_Com_Desconto" classname="Acesso.ServiceLayer.IS2B.IntegrationTests.Fixtures.FichaDeCompensacaoTestFixture" runstate="Runnable" seed="1729295148" result="Passed" start-time="2017-06-08 22:19:26Z" end-time="2017-06-08 22:19:26Z" duration="0.059159" asserts="6">
                    <output><![CDATA[<Conta>
  <CpfCnpj>11161058702</CpfCnpj>
  <EnderecoIP>127.0.0.1</EnderecoIP>
  <NSU>0</NSU>
  <NSUExterno>2087292492</NSUExterno>
  <PontoAtendimento>
    <Login>teste</Login>
    <PosId>0</PosId>
    <Senha>teste</Senha>
  </PontoAtendimento>
  <SiteIntegracaoId>0</SiteIntegracaoId>
  <TerminalExterno>123</TerminalExterno>
  <TipoTransacao>RECEBERCONTA</TipoTransacao>
  <Token>0</Token>
  <Versao>2.0</Versao>
  <DadosPagamento p2:type="PagamentoDinheiro" xmlns:p2="http://www.w3.org/2001/XMLSchema-instance">
    <FormaPagamento>DINHEIRO</FormaPagamento>
    <QtdParcelas>0</QtdParcelas>
    <pontos>0</pontos>
    <valor>77.5</valor>
    <valorBruto>0</valorBruto>
    <valorDesconto>1</valorDesconto>
  </DadosPagamento>
  <CodBarras>
    <TipoServico>FichaCompensacao</TipoServico>
    <linhaDigitavel>23792372056861648964405000088608171890000007750</linhaDigitavel>
  </CodBarras>
  <DataVencimento>2017-06-13T00:00:00</DataVencimento>
</Conta>
------------------------------------------------------
CodigoErro: 999
MensagemErro: Valores divergentes: Valor ou desconto/acrescimo inconsistente
StatusTransacao: ERRODESCONHECIDO
------------------------------------------------------
<Resposta>
  <ExtensionData />
  <CodigoErro>999</CodigoErro>
  <MensagemErro>Valores divergentes: Valor ou desconto/acrescimo inconsistente</MensagemErro>
  <StatusTransacao>ERRODESCONHECIDO</StatusTransacao>
</Resposta>
]]></output>
                  </test-case>
                  <test-case id="0-1099" name="Falhar_Ao_Tentar_Efetuar_Pagamento_Com_Desconto(&quot;10494.27766 51000.100043 00004.800314 1 71790000003500&quot;,&quot;10491717900000035004277651000100040000480031&quot;,&quot;Ficha Compensacao&quot;,&quot;Caixa Econ Federal&quot;,&quot;35,00   &quot;,&quot;03/06/2017 00:00&quot;)" fullname="Acesso.ServiceLayer.IS2B.IntegrationTests.Fixtures.FichaDeCompensacaoTestFixture.Falhar_Ao_Tentar_Efetuar_Pagamento_Com_Desconto(&quot;10494.27766 51000.100043 00004.800314 1 71790000003500&quot;,&quot;10491717900000035004277651000100040000480031&quot;,&quot;Ficha Compensacao&quot;,&quot;Caixa Econ Federal&quot;,&quot;35,00   &quot;,&quot;03/06/2017 00:00&quot;)" methodname="Falhar_Ao_Tentar_Efetuar_Pagamento_Com_Desconto" classname="Acesso.ServiceLayer.IS2B.IntegrationTests.Fixtures.FichaDeCompensacaoTestFixture" runstate="Runnable" seed="560054479" result="Passed" start-time="2017-06-08 22:19:26Z" end-time="2017-06-08 22:19:27Z" duration="0.064665" asserts="6">
                    <output><![CDATA[<Conta>
  <CpfCnpj>11161058702</CpfCnpj>
  <EnderecoIP>127.0.0.1</EnderecoIP>
  <NSU>0</NSU>
  <NSUExterno>1608338919</NSUExterno>
  <PontoAtendimento>
    <Login>teste</Login>
    <PosId>0</PosId>
    <Senha>teste</Senha>
  </PontoAtendimento>
  <SiteIntegracaoId>0</SiteIntegracaoId>
  <TerminalExterno>123</TerminalExterno>
  <TipoTransacao>RECEBERCONTA</TipoTransacao>
  <Token>0</Token>
  <Versao>2.0</Versao>
  <DadosPagamento p2:type="PagamentoDinheiro" xmlns:p2="http://www.w3.org/2001/XMLSchema-instance">
    <FormaPagamento>DINHEIRO</FormaPagamento>
    <QtdParcelas>0</QtdParcelas>
    <pontos>0</pontos>
    <valor>35</valor>
    <valorBruto>0</valorBruto>
    <valorDesconto>1</valorDesconto>
  </DadosPagamento>
  <CodBarras>
    <TipoServico>FichaCompensacao</TipoServico>
    <linhaDigitavel>10494277665100010004300004800314171790000003500</linhaDigitavel>
  </CodBarras>
  <DataVencimento>2017-06-03T00:00:00</DataVencimento>
</Conta>
------------------------------------------------------
CodigoErro: 999
MensagemErro: Valores divergentes: Valor ou desconto/acrescimo inconsistente
StatusTransacao: ERRODESCONHECIDO
------------------------------------------------------
<Resposta>
  <ExtensionData />
  <CodigoErro>999</CodigoErro>
  <MensagemErro>Valores divergentes: Valor ou desconto/acrescimo inconsistente</MensagemErro>
  <StatusTransacao>ERRODESCONHECIDO</StatusTransacao>
</Resposta>
]]></output>
                  </test-case>
                  <test-case id="0-1100" name="Falhar_Ao_Tentar_Efetuar_Pagamento_Com_Desconto(&quot;34191.09008 01477.013179 52407.240002 3 71860000015000&quot;,&quot;34193718600000150001090001477013175240724000&quot;,&quot;Ficha Compensacao&quot;,&quot;BANCO ITAU S.A.   &quot;,&quot;150,00  &quot;,&quot;10/06/2017 00:00&quot;)" fullname="Acesso.ServiceLayer.IS2B.IntegrationTests.Fixtures.FichaDeCompensacaoTestFixture.Falhar_Ao_Tentar_Efetuar_Pagamento_Com_Desconto(&quot;34191.09008 01477.013179 52407.240002 3 71860000015000&quot;,&quot;34193718600000150001090001477013175240724000&quot;,&quot;Ficha Compensacao&quot;,&quot;BANCO ITAU S.A.   &quot;,&quot;150,00  &quot;,&quot;10/06/2017 00:00&quot;)" methodname="Falhar_Ao_Tentar_Efetuar_Pagamento_Com_Desconto" classname="Acesso.ServiceLayer.IS2B.IntegrationTests.Fixtures.FichaDeCompensacaoTestFixture" runstate="Runnable" seed="734186742" result="Passed" start-time="2017-06-08 22:19:27Z" end-time="2017-06-08 22:19:27Z" duration="0.063681" asserts="6">
                    <output><![CDATA[<Conta>
  <CpfCnpj>11161058702</CpfCnpj>
  <EnderecoIP>127.0.0.1</EnderecoIP>
  <NSU>0</NSU>
  <NSUExterno>1695885386</NSUExterno>
  <PontoAtendimento>
    <Login>teste</Login>
    <PosId>0</PosId>
    <Senha>teste</Senha>
  </PontoAtendimento>
  <SiteIntegracaoId>0</SiteIntegracaoId>
  <TerminalExterno>123</TerminalExterno>
  <TipoTransacao>RECEBERCONTA</TipoTransacao>
  <Token>0</Token>
  <Versao>2.0</Versao>
  <DadosPagamento p2:type="PagamentoDinheiro" xmlns:p2="http://www.w3.org/2001/XMLSchema-instance">
    <FormaPagamento>DINHEIRO</FormaPagamento>
    <QtdParcelas>0</QtdParcelas>
    <pontos>0</pontos>
    <valor>150</valor>
    <valorBruto>0</valorBruto>
    <valorDesconto>1</valorDesconto>
  </DadosPagamento>
  <CodBarras>
    <TipoServico>FichaCompensacao</TipoServico>
    <linhaDigitavel>34191090080147701317952407240002371860000015000</linhaDigitavel>
  </CodBarras>
  <DataVencimento>2017-06-10T00:00:00</DataVencimento>
</Conta>
------------------------------------------------------
CodigoErro: 999
MensagemErro: Valores divergentes: Valor ou desconto/acrescimo inconsistente
StatusTransacao: ERRODESCONHECIDO
------------------------------------------------------
<Resposta>
  <ExtensionData />
  <CodigoErro>999</CodigoErro>
  <MensagemErro>Valores divergentes: Valor ou desconto/acrescimo inconsistente</MensagemErro>
  <StatusTransacao>ERRODESCONHECIDO</StatusTransacao>
</Resposta>
]]></output>
                  </test-case>
                  <test-case id="0-1101" name="Falhar_Ao_Tentar_Efetuar_Pagamento_Com_Desconto(&quot;00190.00009 01674.845001 00131.016172 2 71860000005500&quot;,&quot;00192718600000055000000001674845000013101617&quot;,&quot;Ficha Compensacao&quot;,&quot;BANCO DO BRASIL S.&quot;,&quot;55,00   &quot;,&quot;10/06/2017 00:00&quot;)" fullname="Acesso.ServiceLayer.IS2B.IntegrationTests.Fixtures.FichaDeCompensacaoTestFixture.Falhar_Ao_Tentar_Efetuar_Pagamento_Com_Desconto(&quot;00190.00009 01674.845001 00131.016172 2 71860000005500&quot;,&quot;00192718600000055000000001674845000013101617&quot;,&quot;Ficha Compensacao&quot;,&quot;BANCO DO BRASIL S.&quot;,&quot;55,00   &quot;,&quot;10/06/2017 00:00&quot;)" methodname="Falhar_Ao_Tentar_Efetuar_Pagamento_Com_Desconto" classname="Acesso.ServiceLayer.IS2B.IntegrationTests.Fixtures.FichaDeCompensacaoTestFixture" runstate="Runnable" seed="238347577" result="Passed" start-time="2017-06-08 22:19:27Z" end-time="2017-06-08 22:19:27Z" duration="0.064254" asserts="6">
                    <output><![CDATA[<Conta>
  <CpfCnpj>11161058702</CpfCnpj>
  <EnderecoIP>127.0.0.1</EnderecoIP>
  <NSU>0</NSU>
  <NSUExterno>79597713</NSUExterno>
  <PontoAtendimento>
    <Login>teste</Login>
    <PosId>0</PosId>
    <Senha>teste</Senha>
  </PontoAtendimento>
  <SiteIntegracaoId>0</SiteIntegracaoId>
  <TerminalExterno>123</TerminalExterno>
  <TipoTransacao>RECEBERCONTA</TipoTransacao>
  <Token>0</Token>
  <Versao>2.0</Versao>
  <DadosPagamento p2:type="PagamentoDinheiro" xmlns:p2="http://www.w3.org/2001/XMLSchema-instance">
    <FormaPagamento>DINHEIRO</FormaPagamento>
    <QtdParcelas>0</QtdParcelas>
    <pontos>0</pontos>
    <valor>55</valor>
    <valorBruto>0</valorBruto>
    <valorDesconto>1</valorDesconto>
  </DadosPagamento>
  <CodBarras>
    <TipoServico>FichaCompensacao</TipoServico>
    <linhaDigitavel>00190000090167484500100131016172271860000005500</linhaDigitavel>
  </CodBarras>
  <DataVencimento>2017-06-10T00:00:00</DataVencimento>
</Conta>
------------------------------------------------------
CodigoErro: 999
MensagemErro: Valores divergentes: Valor ou desconto/acrescimo inconsistente
StatusTransacao: ERRODESCONHECIDO
------------------------------------------------------
<Resposta>
  <ExtensionData />
  <CodigoErro>999</CodigoErro>
  <MensagemErro>Valores divergentes: Valor ou desconto/acrescimo inconsistente</MensagemErro>
  <StatusTransacao>ERRODESCONHECIDO</StatusTransacao>
</Resposta>
]]></output>
                  </test-case>
                  <test-case id="0-1102" name="Falhar_Ao_Tentar_Efetuar_Pagamento_Com_Desconto(&quot;03399.67093 96600.000002 08012.801018 6 71810000015000&quot;,&quot;03396718100000150009670996600000000801280101&quot;,&quot;Ficha Compensacao&quot;,&quot;BANCO DO ESTADO DE&quot;,&quot;135,00  &quot;,&quot;05/06/2017 00:00&quot;)" fullname="Acesso.ServiceLayer.IS2B.IntegrationTests.Fixtures.FichaDeCompensacaoTestFixture.Falhar_Ao_Tentar_Efetuar_Pagamento_Com_Desconto(&quot;03399.67093 96600.000002 08012.801018 6 71810000015000&quot;,&quot;03396718100000150009670996600000000801280101&quot;,&quot;Ficha Compensacao&quot;,&quot;BANCO DO ESTADO DE&quot;,&quot;135,00  &quot;,&quot;05/06/2017 00:00&quot;)" methodname="Falhar_Ao_Tentar_Efetuar_Pagamento_Com_Desconto" classname="Acesso.ServiceLayer.IS2B.IntegrationTests.Fixtures.FichaDeCompensacaoTestFixture" runstate="Runnable" seed="1940508848" result="Passed" start-time="2017-06-08 22:19:27Z" end-time="2017-06-08 22:19:27Z" duration="0.063399" asserts="6">
                    <output><![CDATA[<Conta>
  <CpfCnpj>11161058702</CpfCnpj>
  <EnderecoIP>127.0.0.1</EnderecoIP>
  <NSU>0</NSU>
  <NSUExterno>1850250044</NSUExterno>
  <PontoAtendimento>
    <Login>teste</Login>
    <PosId>0</PosId>
    <Senha>teste</Senha>
  </PontoAtendimento>
  <SiteIntegracaoId>0</SiteIntegracaoId>
  <TerminalExterno>123</TerminalExterno>
  <TipoTransacao>RECEBERCONTA</TipoTransacao>
  <Token>0</Token>
  <Versao>2.0</Versao>
  <DadosPagamento p2:type="PagamentoDinheiro" xmlns:p2="http://www.w3.org/2001/XMLSchema-instance">
    <FormaPagamento>DINHEIRO</FormaPagamento>
    <QtdParcelas>0</QtdParcelas>
    <pontos>0</pontos>
    <valor>135</valor>
    <valorBruto>0</valorBruto>
    <valorDesconto>1</valorDesconto>
  </DadosPagamento>
  <CodBarras>
    <TipoServico>FichaCompensacao</TipoServico>
    <linhaDigitavel>03399670939660000000208012801018671810000015000</linhaDigitavel>
  </CodBarras>
  <DataVencimento>2017-06-05T00:00:00</DataVencimento>
</Conta>
------------------------------------------------------
CodigoErro: 999
MensagemErro: Valores divergentes: Valor ou desconto/acrescimo inconsistente
StatusTransacao: ERRODESCONHECIDO
------------------------------------------------------
<Resposta>
  <ExtensionData />
  <CodigoErro>999</CodigoErro>
  <MensagemErro>Valores divergentes: Valor ou desconto/acrescimo inconsistente</MensagemErro>
  <StatusTransacao>ERRODESCONHECIDO</StatusTransacao>
</Resposta>
]]></output>
                  </test-case>
                  <test-case id="0-1103" name="Falhar_Ao_Tentar_Efetuar_Pagamento_Com_Desconto(&quot;34191.75439 24367.672524 50451.630003 1 00000000000000&quot;,&quot;34191000000000000001754324367672525045163000&quot;,&quot;Ficha Compensacao&quot;,&quot;BANCO ITAU S.A.   &quot;,&quot;637,30  &quot;,&quot;03/06/2017 00:00&quot;)" fullname="Acesso.ServiceLayer.IS2B.IntegrationTests.Fixtures.FichaDeCompensacaoTestFixture.Falhar_Ao_Tentar_Efetuar_Pagamento_Com_Desconto(&quot;34191.75439 24367.672524 50451.630003 1 00000000000000&quot;,&quot;34191000000000000001754324367672525045163000&quot;,&quot;Ficha Compensacao&quot;,&quot;BANCO ITAU S.A.   &quot;,&quot;637,30  &quot;,&quot;03/06/2017 00:00&quot;)" methodname="Falhar_Ao_Tentar_Efetuar_Pagamento_Com_Desconto" classname="Acesso.ServiceLayer.IS2B.IntegrationTests.Fixtures.FichaDeCompensacaoTestFixture" runstate="Runnable" seed="1363736338" result="Passed" start-time="2017-06-08 22:19:27Z" end-time="2017-06-08 22:19:27Z" duration="0.056596" asserts="6">
                    <output><![CDATA[<Conta>
  <CpfCnpj>11161058702</CpfCnpj>
  <EnderecoIP>127.0.0.1</EnderecoIP>
  <NSU>0</NSU>
  <NSUExterno>1856783342</NSUExterno>
  <PontoAtendimento>
    <Login>teste</Login>
    <PosId>0</PosId>
    <Senha>teste</Senha>
  </PontoAtendimento>
  <SiteIntegracaoId>0</SiteIntegracaoId>
  <TerminalExterno>123</TerminalExterno>
  <TipoTransacao>RECEBERCONTA</TipoTransacao>
  <Token>0</Token>
  <Versao>2.0</Versao>
  <DadosPagamento p2:type="PagamentoDinheiro" xmlns:p2="http://www.w3.org/2001/XMLSchema-instance">
    <FormaPagamento>DINHEIRO</FormaPagamento>
    <QtdParcelas>0</QtdParcelas>
    <pontos>0</pontos>
    <valor>637.3</valor>
    <valorBruto>0</valorBruto>
    <valorDesconto>1</valorDesconto>
  </DadosPagamento>
  <CodBarras>
    <TipoServico>FichaCompensacao</TipoServico>
    <linhaDigitavel>34191754392436767252450451630003100000000000000</linhaDigitavel>
  </CodBarras>
  <DataVencimento>2017-06-03T00:00:00</DataVencimento>
</Conta>
------------------------------------------------------
CodigoErro: 999
MensagemErro: Valores divergentes: Valor ou desconto/acrescimo inconsistente
StatusTransacao: ERRODESCONHECIDO
------------------------------------------------------
<Resposta>
  <ExtensionData />
  <CodigoErro>999</CodigoErro>
  <MensagemErro>Valores divergentes: Valor ou desconto/acrescimo inconsistente</MensagemErro>
  <StatusTransacao>ERRODESCONHECIDO</StatusTransacao>
</Resposta>
]]></output>
                  </test-case>
                  <test-case id="0-1104" name="Falhar_Ao_Tentar_Efetuar_Pagamento_Com_Desconto(&quot;00190.00009 02927.998027 85521.574179 9 71810000038000&quot;,&quot;00199718100000380000000002927998028552157417&quot;,&quot;Ficha Compensacao&quot;,&quot;BANCO DO BRASIL S.&quot;,&quot;380,00  &quot;,&quot;05/06/2017 00:00&quot;)" fullname="Acesso.ServiceLayer.IS2B.IntegrationTests.Fixtures.FichaDeCompensacaoTestFixture.Falhar_Ao_Tentar_Efetuar_Pagamento_Com_Desconto(&quot;00190.00009 02927.998027 85521.574179 9 71810000038000&quot;,&quot;00199718100000380000000002927998028552157417&quot;,&quot;Ficha Compensacao&quot;,&quot;BANCO DO BRASIL S.&quot;,&quot;380,00  &quot;,&quot;05/06/2017 00:00&quot;)" methodname="Falhar_Ao_Tentar_Efetuar_Pagamento_Com_Desconto" classname="Acesso.ServiceLayer.IS2B.IntegrationTests.Fixtures.FichaDeCompensacaoTestFixture" runstate="Runnable" seed="1305076625" result="Passed" start-time="2017-06-08 22:19:27Z" end-time="2017-06-08 22:19:27Z" duration="0.054932" asserts="6">
                    <output><![CDATA[<Conta>
  <CpfCnpj>11161058702</CpfCnpj>
  <EnderecoIP>127.0.0.1</EnderecoIP>
  <NSU>0</NSU>
  <NSUExterno>248133039</NSUExterno>
  <PontoAtendimento>
    <Login>teste</Login>
    <PosId>0</PosId>
    <Senha>teste</Senha>
  </PontoAtendimento>
  <SiteIntegracaoId>0</SiteIntegracaoId>
  <TerminalExterno>123</TerminalExterno>
  <TipoTransacao>RECEBERCONTA</TipoTransacao>
  <Token>0</Token>
  <Versao>2.0</Versao>
  <DadosPagamento p2:type="PagamentoDinheiro" xmlns:p2="http://www.w3.org/2001/XMLSchema-instance">
    <FormaPagamento>DINHEIRO</FormaPagamento>
    <QtdParcelas>0</QtdParcelas>
    <pontos>0</pontos>
    <valor>380</valor>
    <valorBruto>0</valorBruto>
    <valorDesconto>1</valorDesconto>
  </DadosPagamento>
  <CodBarras>
    <TipoServico>FichaCompensacao</TipoServico>
    <linhaDigitavel>00190000090292799802785521574179971810000038000</linhaDigitavel>
  </CodBarras>
  <DataVencimento>2017-06-05T00:00:00</DataVencimento>
</Conta>
------------------------------------------------------
CodigoErro: 999
MensagemErro: Valores divergentes: Valor ou desconto/acrescimo inconsistente
StatusTransacao: ERRODESCONHECIDO
------------------------------------------------------
<Resposta>
  <ExtensionData />
  <CodigoErro>999</CodigoErro>
  <MensagemErro>Valores divergentes: Valor ou desconto/acrescimo inconsistente</MensagemErro>
  <StatusTransacao>ERRODESCONHECIDO</StatusTransacao>
</Resposta>
]]></output>
                  </test-case>
                  <test-case id="0-1105" name="Falhar_Ao_Tentar_Efetuar_Pagamento_Com_Desconto(&quot;75691.42933 01032.199000 34392.600010 2 71860000004000&quot;,&quot;75692718600000040001429301032199003439260001&quot;,&quot;Ficha Compensacao&quot;,&quot;BANCO COOPERATIVO &quot;,&quot;40,00   &quot;,&quot;10/06/2017 00:00&quot;)" fullname="Acesso.ServiceLayer.IS2B.IntegrationTests.Fixtures.FichaDeCompensacaoTestFixture.Falhar_Ao_Tentar_Efetuar_Pagamento_Com_Desconto(&quot;75691.42933 01032.199000 34392.600010 2 71860000004000&quot;,&quot;75692718600000040001429301032199003439260001&quot;,&quot;Ficha Compensacao&quot;,&quot;BANCO COOPERATIVO &quot;,&quot;40,00   &quot;,&quot;10/06/2017 00:00&quot;)" methodname="Falhar_Ao_Tentar_Efetuar_Pagamento_Com_Desconto" classname="Acesso.ServiceLayer.IS2B.IntegrationTests.Fixtures.FichaDeCompensacaoTestFixture" runstate="Runnable" seed="824715412" result="Passed" start-time="2017-06-08 22:19:27Z" end-time="2017-06-08 22:19:27Z" duration="0.054505" asserts="6">
                    <output><![CDATA[<Conta>
  <CpfCnpj>11161058702</CpfCnpj>
  <EnderecoIP>127.0.0.1</EnderecoIP>
  <NSU>0</NSU>
  <NSUExterno>784229152</NSUExterno>
  <PontoAtendimento>
    <Login>teste</Login>
    <PosId>0</PosId>
    <Senha>teste</Senha>
  </PontoAtendimento>
  <SiteIntegracaoId>0</SiteIntegracaoId>
  <TerminalExterno>123</TerminalExterno>
  <TipoTransacao>RECEBERCONTA</TipoTransacao>
  <Token>0</Token>
  <Versao>2.0</Versao>
  <DadosPagamento p2:type="PagamentoDinheiro" xmlns:p2="http://www.w3.org/2001/XMLSchema-instance">
    <FormaPagamento>DINHEIRO</FormaPagamento>
    <QtdParcelas>0</QtdParcelas>
    <pontos>0</pontos>
    <valor>40</valor>
    <valorBruto>0</valorBruto>
    <valorDesconto>1</valorDesconto>
  </DadosPagamento>
  <CodBarras>
    <TipoServico>FichaCompensacao</TipoServico>
    <linhaDigitavel>75691429330103219900034392600010271860000004000</linhaDigitavel>
  </CodBarras>
  <DataVencimento>2017-06-10T00:00:00</DataVencimento>
</Conta>
------------------------------------------------------
CodigoErro: 999
MensagemErro: Valores divergentes: Valor ou desconto/acrescimo inconsistente
StatusTransacao: ERRODESCONHECIDO
------------------------------------------------------
<Resposta>
  <ExtensionData />
  <CodigoErro>999</CodigoErro>
  <MensagemErro>Valores divergentes: Valor ou desconto/acrescimo inconsistente</MensagemErro>
  <StatusTransacao>ERRODESCONHECIDO</StatusTransacao>
</Resposta>
]]></output>
                  </test-case>
                  <test-case id="0-1106" name="Falhar_Ao_Tentar_Efetuar_Pagamento_Com_Desconto(&quot;03399.45024 62000.000596 66181.001018 9 71910000012824&quot;,&quot;03399719100000128249450262000000596618100101&quot;,&quot;Ficha Compensacao&quot;,&quot;BANCO DO ESTADO DE&quot;,&quot;128,24  &quot;,&quot;15/06/2017 00:00&quot;)" fullname="Acesso.ServiceLayer.IS2B.IntegrationTests.Fixtures.FichaDeCompensacaoTestFixture.Falhar_Ao_Tentar_Efetuar_Pagamento_Com_Desconto(&quot;03399.45024 62000.000596 66181.001018 9 71910000012824&quot;,&quot;03399719100000128249450262000000596618100101&quot;,&quot;Ficha Compensacao&quot;,&quot;BANCO DO ESTADO DE&quot;,&quot;128,24  &quot;,&quot;15/06/2017 00:00&quot;)" methodname="Falhar_Ao_Tentar_Efetuar_Pagamento_Com_Desconto" classname="Acesso.ServiceLayer.IS2B.IntegrationTests.Fixtures.FichaDeCompensacaoTestFixture" runstate="Runnable" seed="1259818932" result="Passed" start-time="2017-06-08 22:19:27Z" end-time="2017-06-08 22:19:27Z" duration="0.056372" asserts="6">
                    <output><![CDATA[<Conta>
  <CpfCnpj>11161058702</CpfCnpj>
  <EnderecoIP>127.0.0.1</EnderecoIP>
  <NSU>0</NSU>
  <NSUExterno>873904631</NSUExterno>
  <PontoAtendimento>
    <Login>teste</Login>
    <PosId>0</PosId>
    <Senha>teste</Senha>
  </PontoAtendimento>
  <SiteIntegracaoId>0</SiteIntegracaoId>
  <TerminalExterno>123</TerminalExterno>
  <TipoTransacao>RECEBERCONTA</TipoTransacao>
  <Token>0</Token>
  <Versao>2.0</Versao>
  <DadosPagamento p2:type="PagamentoDinheiro" xmlns:p2="http://www.w3.org/2001/XMLSchema-instance">
    <FormaPagamento>DINHEIRO</FormaPagamento>
    <QtdParcelas>0</QtdParcelas>
    <pontos>0</pontos>
    <valor>128.24</valor>
    <valorBruto>0</valorBruto>
    <valorDesconto>1</valorDesconto>
  </DadosPagamento>
  <CodBarras>
    <TipoServico>FichaCompensacao</TipoServico>
    <linhaDigitavel>03399450246200000059666181001018971910000012824</linhaDigitavel>
  </CodBarras>
  <DataVencimento>2017-06-15T00:00:00</DataVencimento>
</Conta>
------------------------------------------------------
CodigoErro: 999
MensagemErro: Valores divergentes: Valor ou desconto/acrescimo inconsistente
StatusTransacao: ERRODESCONHECIDO
------------------------------------------------------
<Resposta>
  <ExtensionData />
  <CodigoErro>999</CodigoErro>
  <MensagemErro>Valores divergentes: Valor ou desconto/acrescimo inconsistente</MensagemErro>
  <StatusTransacao>ERRODESCONHECIDO</StatusTransacao>
</Resposta>
]]></output>
                  </test-case>
                  <test-case id="0-1107" name="Falhar_Ao_Tentar_Efetuar_Pagamento_Com_Desconto(&quot;00198.41592 90120.170007 00573.319217 6 71790000002794&quot;,&quot;00196717900000027948415990120170000057331921&quot;,&quot;Ficha Compensacao&quot;,&quot;BANCO DO BRASIL S.&quot;,&quot;27,94   &quot;,&quot;03/06/2017 00:00&quot;)" fullname="Acesso.ServiceLayer.IS2B.IntegrationTests.Fixtures.FichaDeCompensacaoTestFixture.Falhar_Ao_Tentar_Efetuar_Pagamento_Com_Desconto(&quot;00198.41592 90120.170007 00573.319217 6 71790000002794&quot;,&quot;00196717900000027948415990120170000057331921&quot;,&quot;Ficha Compensacao&quot;,&quot;BANCO DO BRASIL S.&quot;,&quot;27,94   &quot;,&quot;03/06/2017 00:00&quot;)" methodname="Falhar_Ao_Tentar_Efetuar_Pagamento_Com_Desconto" classname="Acesso.ServiceLayer.IS2B.IntegrationTests.Fixtures.FichaDeCompensacaoTestFixture" runstate="Runnable" seed="329432014" result="Passed" start-time="2017-06-08 22:19:27Z" end-time="2017-06-08 22:19:27Z" duration="0.062527" asserts="6">
                    <output><![CDATA[<Conta>
  <CpfCnpj>11161058702</CpfCnpj>
  <EnderecoIP>127.0.0.1</EnderecoIP>
  <NSU>0</NSU>
  <NSUExterno>670256886</NSUExterno>
  <PontoAtendimento>
    <Login>teste</Login>
    <PosId>0</PosId>
    <Senha>teste</Senha>
  </PontoAtendimento>
  <SiteIntegracaoId>0</SiteIntegracaoId>
  <TerminalExterno>123</TerminalExterno>
  <TipoTransacao>RECEBERCONTA</TipoTransacao>
  <Token>0</Token>
  <Versao>2.0</Versao>
  <DadosPagamento p2:type="PagamentoDinheiro" xmlns:p2="http://www.w3.org/2001/XMLSchema-instance">
    <FormaPagamento>DINHEIRO</FormaPagamento>
    <QtdParcelas>0</QtdParcelas>
    <pontos>0</pontos>
    <valor>27.94</valor>
    <valorBruto>0</valorBruto>
    <valorDesconto>1</valorDesconto>
  </DadosPagamento>
  <CodBarras>
    <TipoServico>FichaCompensacao</TipoServico>
    <linhaDigitavel>00198415929012017000700573319217671790000002794</linhaDigitavel>
  </CodBarras>
  <DataVencimento>2017-06-03T00:00:00</DataVencimento>
</Conta>
------------------------------------------------------
CodigoErro: 999
MensagemErro: Valores divergentes: Valor ou desconto/acrescimo inconsistente
StatusTransacao: ERRODESCONHECIDO
------------------------------------------------------
<Resposta>
  <ExtensionData />
  <CodigoErro>999</CodigoErro>
  <MensagemErro>Valores divergentes: Valor ou desconto/acrescimo inconsistente</MensagemErro>
  <StatusTransacao>ERRODESCONHECIDO</StatusTransacao>
</Resposta>
]]></output>
                  </test-case>
                  <test-case id="0-1108" name="Falhar_Ao_Tentar_Efetuar_Pagamento_Com_Desconto(&quot;42297.04707 00000.888420 01130.050725 1 71810000227859&quot;,&quot;42291718100002278597047000000888420113005072&quot;,&quot;Ficha Compensacao&quot;,&quot;BANCO SAFRA S.A.  &quot;,&quot;2.278,59&quot;,&quot;05/06/2017 00:00&quot;)" fullname="Acesso.ServiceLayer.IS2B.IntegrationTests.Fixtures.FichaDeCompensacaoTestFixture.Falhar_Ao_Tentar_Efetuar_Pagamento_Com_Desconto(&quot;42297.04707 00000.888420 01130.050725 1 71810000227859&quot;,&quot;42291718100002278597047000000888420113005072&quot;,&quot;Ficha Compensacao&quot;,&quot;BANCO SAFRA S.A.  &quot;,&quot;2.278,59&quot;,&quot;05/06/2017 00:00&quot;)" methodname="Falhar_Ao_Tentar_Efetuar_Pagamento_Com_Desconto" classname="Acesso.ServiceLayer.IS2B.IntegrationTests.Fixtures.FichaDeCompensacaoTestFixture" runstate="Runnable" seed="1474125887" result="Passed" start-time="2017-06-08 22:19:27Z" end-time="2017-06-08 22:19:27Z" duration="0.057497" asserts="6">
                    <output><![CDATA[<Conta>
  <CpfCnpj>11161058702</CpfCnpj>
  <EnderecoIP>127.0.0.1</EnderecoIP>
  <NSU>0</NSU>
  <NSUExterno>904257905</NSUExterno>
  <PontoAtendimento>
    <Login>teste</Login>
    <PosId>0</PosId>
    <Senha>teste</Senha>
  </PontoAtendimento>
  <SiteIntegracaoId>0</SiteIntegracaoId>
  <TerminalExterno>123</TerminalExterno>
  <TipoTransacao>RECEBERCONTA</TipoTransacao>
  <Token>0</Token>
  <Versao>2.0</Versao>
  <DadosPagamento p2:type="PagamentoDinheiro" xmlns:p2="http://www.w3.org/2001/XMLSchema-instance">
    <FormaPagamento>DINHEIRO</FormaPagamento>
    <QtdParcelas>0</QtdParcelas>
    <pontos>0</pontos>
    <valor>2278.59</valor>
    <valorBruto>0</valorBruto>
    <valorDesconto>1</valorDesconto>
  </DadosPagamento>
  <CodBarras>
    <TipoServico>FichaCompensacao</TipoServico>
    <linhaDigitavel>42297047070000088842001130050725171810000227859</linhaDigitavel>
  </CodBarras>
  <DataVencimento>2017-06-05T00:00:00</DataVencimento>
</Conta>
------------------------------------------------------
CodigoErro: 999
MensagemErro: Valores divergentes: Valor ou desconto/acrescimo inconsistente
StatusTransacao: ERRODESCONHECIDO
------------------------------------------------------
<Resposta>
  <ExtensionData />
  <CodigoErro>999</CodigoErro>
  <MensagemErro>Valores divergentes: Valor ou desconto/acrescimo inconsistente</MensagemErro>
  <StatusTransacao>ERRODESCONHECIDO</StatusTransacao>
</Resposta>
]]></output>
                  </test-case>
                  <test-case id="0-1109" name="Falhar_Ao_Tentar_Efetuar_Pagamento_Com_Desconto(&quot;23792.37403 95010.810984 18008.790000 6 71840000032612&quot;,&quot;23796718400000326122374095010810981800879000&quot;,&quot;Ficha Compensacao&quot;,&quot;BANCO BRADESCO S.A&quot;,&quot;326,12  &quot;,&quot;08/06/2017 00:00&quot;)" fullname="Acesso.ServiceLayer.IS2B.IntegrationTests.Fixtures.FichaDeCompensacaoTestFixture.Falhar_Ao_Tentar_Efetuar_Pagamento_Com_Desconto(&quot;23792.37403 95010.810984 18008.790000 6 71840000032612&quot;,&quot;23796718400000326122374095010810981800879000&quot;,&quot;Ficha Compensacao&quot;,&quot;BANCO BRADESCO S.A&quot;,&quot;326,12  &quot;,&quot;08/06/2017 00:00&quot;)" methodname="Falhar_Ao_Tentar_Efetuar_Pagamento_Com_Desconto" classname="Acesso.ServiceLayer.IS2B.IntegrationTests.Fixtures.FichaDeCompensacaoTestFixture" runstate="Runnable" seed="401828602" result="Passed" start-time="2017-06-08 22:19:27Z" end-time="2017-06-08 22:19:27Z" duration="0.056720" asserts="6">
                    <output><![CDATA[<Conta>
  <CpfCnpj>11161058702</CpfCnpj>
  <EnderecoIP>127.0.0.1</EnderecoIP>
  <NSU>0</NSU>
  <NSUExterno>1651116330</NSUExterno>
  <PontoAtendimento>
    <Login>teste</Login>
    <PosId>0</PosId>
    <Senha>teste</Senha>
  </PontoAtendimento>
  <SiteIntegracaoId>0</SiteIntegracaoId>
  <TerminalExterno>123</TerminalExterno>
  <TipoTransacao>RECEBERCONTA</TipoTransacao>
  <Token>0</Token>
  <Versao>2.0</Versao>
  <DadosPagamento p2:type="PagamentoDinheiro" xmlns:p2="http://www.w3.org/2001/XMLSchema-instance">
    <FormaPagamento>DINHEIRO</FormaPagamento>
    <QtdParcelas>0</QtdParcelas>
    <pontos>0</pontos>
    <valor>326.12</valor>
    <valorBruto>0</valorBruto>
    <valorDesconto>1</valorDesconto>
  </DadosPagamento>
  <CodBarras>
    <TipoServico>FichaCompensacao</TipoServico>
    <linhaDigitavel>23792374039501081098418008790000671840000032612</linhaDigitavel>
  </CodBarras>
  <DataVencimento>2017-06-08T00:00:00</DataVencimento>
</Conta>
------------------------------------------------------
CodigoErro: 999
MensagemErro: Valores divergentes: Valor ou desconto/acrescimo inconsistente
StatusTransacao: ERRODESCONHECIDO
------------------------------------------------------
<Resposta>
  <ExtensionData />
  <CodigoErro>999</CodigoErro>
  <MensagemErro>Valores divergentes: Valor ou desconto/acrescimo inconsistente</MensagemErro>
  <StatusTransacao>ERRODESCONHECIDO</StatusTransacao>
</Resposta>
]]></output>
                  </test-case>
                </test-suite>
                <test-suite type="ParameterizedMethod" id="0-1088" name="Falhar_Ao_Tentar_Efetuar_Pagamento_Com_Desconto_E_Com_ValorBruto_Incorreto" fullname="Acesso.ServiceLayer.IS2B.IntegrationTests.Fixtures.FichaDeCompensacaoTestFixture.Falhar_Ao_Tentar_Efetuar_Pagamento_Com_Desconto_E_Com_ValorBruto_Incorreto" classname="Acesso.ServiceLayer.IS2B.IntegrationTests.Fixtures.FichaDeCompensacaoTestFixture" runstate="Runnable" testcasecount="21" result="Passed" start-time="2017-06-08 22:19:27Z" end-time="2017-06-08 22:19:29Z" duration="1.347426" total="21" passed="21" failed="0" warnings="0" inconclusive="0" skipped="0" asserts="126">
                  <test-case id="0-1067" name="Falhar_Ao_Tentar_Efetuar_Pagamento_Com_Desconto_E_Com_ValorBruto_Incorreto(&quot;10492.99116 52000.100041 00030.197800 3 71820000023575&quot;,&quot;10493718200000235752991152000100040003019780&quot;,&quot;Ficha Compensacao&quot;,&quot;Caixa Econ Federal&quot;,&quot;235,75&quot;,&quot;06/06/2017 00:00&quot;)" fullname="Acesso.ServiceLayer.IS2B.IntegrationTests.Fixtures.FichaDeCompensacaoTestFixture.Falhar_Ao_Tentar_Efetuar_Pagamento_Com_Desconto_E_Com_ValorBruto_Incorreto(&quot;10492.99116 52000.100041 00030.197800 3 71820000023575&quot;,&quot;10493718200000235752991152000100040003019780&quot;,&quot;Ficha Compensacao&quot;,&quot;Caixa Econ Federal&quot;,&quot;235,75&quot;,&quot;06/06/2017 00:00&quot;)" methodname="Falhar_Ao_Tentar_Efetuar_Pagamento_Com_Desconto_E_Com_ValorBruto_Incorreto" classname="Acesso.ServiceLayer.IS2B.IntegrationTests.Fixtures.FichaDeCompensacaoTestFixture" runstate="Runnable" seed="1636731221" result="Passed" start-time="2017-06-08 22:19:27Z" end-time="2017-06-08 22:19:27Z" duration="0.067262" asserts="6">
                    <output><![CDATA[<Conta>
  <CpfCnpj>11161058702</CpfCnpj>
  <EnderecoIP>127.0.0.1</EnderecoIP>
  <NSU>0</NSU>
  <NSUExterno>1961337608</NSUExterno>
  <PontoAtendimento>
    <Login>teste</Login>
    <PosId>0</PosId>
    <Senha>teste</Senha>
  </PontoAtendimento>
  <SiteIntegracaoId>0</SiteIntegracaoId>
  <TerminalExterno>123</TerminalExterno>
  <TipoTransacao>RECEBERCONTA</TipoTransacao>
  <Token>0</Token>
  <Versao>2.0</Versao>
  <DadosPagamento p2:type="PagamentoDinheiro" xmlns:p2="http://www.w3.org/2001/XMLSchema-instance">
    <FormaPagamento>DINHEIRO</FormaPagamento>
    <QtdParcelas>0</QtdParcelas>
    <pontos>0</pontos>
    <valor>235.75</valor>
    <valorBruto>200</valorBruto>
    <valorDesconto>85.51</valorDesconto>
  </DadosPagamento>
  <CodBarras>
    <TipoServico>FichaCompensacao</TipoServico>
    <linhaDigitavel>10492991165200010004100030197800371820000023575</linhaDigitavel>
  </CodBarras>
  <DataVencimento>2017-06-06T00:00:00</DataVencimento>
</Conta>
------------------------------------------------------
CodigoErro: 999
MensagemErro: Valores divergentes: Valor ou desconto/acrescimo inconsistente
StatusTransacao: ERRODESCONHECIDO
------------------------------------------------------
<Resposta>
  <ExtensionData />
  <CodigoErro>999</CodigoErro>
  <MensagemErro>Valores divergentes: Valor ou desconto/acrescimo inconsistente</MensagemErro>
  <StatusTransacao>ERRODESCONHECIDO</StatusTransacao>
</Resposta>
]]></output>
                  </test-case>
                  <test-case id="0-1068" name="Falhar_Ao_Tentar_Efetuar_Pagamento_Com_Desconto_E_Com_ValorBruto_Incorreto(&quot;75691.45936 01000.315802 07875.370012 1 71860000006990&quot;,&quot;75691718600000069901459301000315800787537001&quot;,&quot;Ficha Compensacao&quot;,&quot;BANCO COOPERATIVO&quot;,&quot;69,90&quot;,&quot;10/06/2017 00:00&quot;)" fullname="Acesso.ServiceLayer.IS2B.IntegrationTests.Fixtures.FichaDeCompensacaoTestFixture.Falhar_Ao_Tentar_Efetuar_Pagamento_Com_Desconto_E_Com_ValorBruto_Incorreto(&quot;75691.45936 01000.315802 07875.370012 1 71860000006990&quot;,&quot;75691718600000069901459301000315800787537001&quot;,&quot;Ficha Compensacao&quot;,&quot;BANCO COOPERATIVO&quot;,&quot;69,90&quot;,&quot;10/06/2017 00:00&quot;)" methodname="Falhar_Ao_Tentar_Efetuar_Pagamento_Com_Desconto_E_Com_ValorBruto_Incorreto" classname="Acesso.ServiceLayer.IS2B.IntegrationTests.Fixtures.FichaDeCompensacaoTestFixture" runstate="Runnable" seed="1134705601" result="Passed" start-time="2017-06-08 22:19:27Z" end-time="2017-06-08 22:19:27Z" duration="0.059684" asserts="6">
                    <output><![CDATA[<Conta>
  <CpfCnpj>11161058702</CpfCnpj>
  <EnderecoIP>127.0.0.1</EnderecoIP>
  <NSU>0</NSU>
  <NSUExterno>1415519802</NSUExterno>
  <PontoAtendimento>
    <Login>teste</Login>
    <PosId>0</PosId>
    <Senha>teste</Senha>
  </PontoAtendimento>
  <SiteIntegracaoId>0</SiteIntegracaoId>
  <TerminalExterno>123</TerminalExterno>
  <TipoTransacao>RECEBERCONTA</TipoTransacao>
  <Token>0</Token>
  <Versao>2.0</Versao>
  <DadosPagamento p2:type="PagamentoDinheiro" xmlns:p2="http://www.w3.org/2001/XMLSchema-instance">
    <FormaPagamento>DINHEIRO</FormaPagamento>
    <QtdParcelas>0</QtdParcelas>
    <pontos>0</pontos>
    <valor>69.9</valor>
    <valorBruto>200</valorBruto>
    <valorDesconto>85.51</valorDesconto>
  </DadosPagamento>
  <CodBarras>
    <TipoServico>FichaCompensacao</TipoServico>
    <linhaDigitavel>75691459360100031580207875370012171860000006990</linhaDigitavel>
  </CodBarras>
  <DataVencimento>2017-06-10T00:00:00</DataVencimento>
</Conta>
------------------------------------------------------
CodigoErro: 999
MensagemErro: Valores divergentes: Valor ou desconto/acrescimo inconsistente
StatusTransacao: ERRODESCONHECIDO
------------------------------------------------------
<Resposta>
  <ExtensionData />
  <CodigoErro>999</CodigoErro>
  <MensagemErro>Valores divergentes: Valor ou desconto/acrescimo inconsistente</MensagemErro>
  <StatusTransacao>ERRODESCONHECIDO</StatusTransacao>
</Resposta>
]]></output>
                  </test-case>
                  <test-case id="0-1069" name="Falhar_Ao_Tentar_Efetuar_Pagamento_Com_Desconto_E_Com_ValorBruto_Incorreto(&quot;03399.49281 36981.713708 20376.701023 1 00000000000000&quot;,&quot;03391000000000000009492836981713702037670102&quot;,&quot;Ficha Compensacao&quot;,&quot;BANCO DO ESTADO DE&quot;,&quot;346,53&quot;,&quot;28/06/2017 00:00&quot;)" fullname="Acesso.ServiceLayer.IS2B.IntegrationTests.Fixtures.FichaDeCompensacaoTestFixture.Falhar_Ao_Tentar_Efetuar_Pagamento_Com_Desconto_E_Com_ValorBruto_Incorreto(&quot;03399.49281 36981.713708 20376.701023 1 00000000000000&quot;,&quot;03391000000000000009492836981713702037670102&quot;,&quot;Ficha Compensacao&quot;,&quot;BANCO DO ESTADO DE&quot;,&quot;346,53&quot;,&quot;28/06/2017 00:00&quot;)" methodname="Falhar_Ao_Tentar_Efetuar_Pagamento_Com_Desconto_E_Com_ValorBruto_Incorreto" classname="Acesso.ServiceLayer.IS2B.IntegrationTests.Fixtures.FichaDeCompensacaoTestFixture" runstate="Runnable" seed="611535944" result="Passed" start-time="2017-06-08 22:19:27Z" end-time="2017-06-08 22:19:27Z" duration="0.061317" asserts="6">
                    <output><![CDATA[<Conta>
  <CpfCnpj>11161058702</CpfCnpj>
  <EnderecoIP>127.0.0.1</EnderecoIP>
  <NSU>0</NSU>
  <NSUExterno>2130815677</NSUExterno>
  <PontoAtendimento>
    <Login>teste</Login>
    <PosId>0</PosId>
    <Senha>teste</Senha>
  </PontoAtendimento>
  <SiteIntegracaoId>0</SiteIntegracaoId>
  <TerminalExterno>123</TerminalExterno>
  <TipoTransacao>RECEBERCONTA</TipoTransacao>
  <Token>0</Token>
  <Versao>2.0</Versao>
  <DadosPagamento p2:type="PagamentoDinheiro" xmlns:p2="http://www.w3.org/2001/XMLSchema-instance">
    <FormaPagamento>DINHEIRO</FormaPagamento>
    <QtdParcelas>0</QtdParcelas>
    <pontos>0</pontos>
    <valor>346.53</valor>
    <valorBruto>200</valorBruto>
    <valorDesconto>85.51</valorDesconto>
  </DadosPagamento>
  <CodBarras>
    <TipoServico>FichaCompensacao</TipoServico>
    <linhaDigitavel>03399492813698171370820376701023100000000000000</linhaDigitavel>
  </CodBarras>
  <DataVencimento>2017-06-28T00:00:00</DataVencimento>
</Conta>
------------------------------------------------------
CodigoErro: 999
MensagemErro: Valores divergentes: Valor ou desconto/acrescimo inconsistente
StatusTransacao: ERRODESCONHECIDO
------------------------------------------------------
<Resposta>
  <ExtensionData />
  <CodigoErro>999</CodigoErro>
  <MensagemErro>Valores divergentes: Valor ou desconto/acrescimo inconsistente</MensagemErro>
  <StatusTransacao>ERRODESCONHECIDO</StatusTransacao>
</Resposta>
]]></output>
                  </test-case>
                  <test-case id="0-1070" name="Falhar_Ao_Tentar_Efetuar_Pagamento_Com_Desconto_E_Com_ValorBruto_Incorreto(&quot;00190.00009 02978.334007 00000.038174 4 71810000004997&quot;,&quot;00194718100000049970000002978334000000003817&quot;,&quot;Ficha Compensacao&quot;,&quot;BANCO DO BRASIL S.&quot;,&quot;49,97   &quot;,&quot;05/06/2017 00:00&quot;)" fullname="Acesso.ServiceLayer.IS2B.IntegrationTests.Fixtures.FichaDeCompensacaoTestFixture.Falhar_Ao_Tentar_Efetuar_Pagamento_Com_Desconto_E_Com_ValorBruto_Incorreto(&quot;00190.00009 02978.334007 00000.038174 4 71810000004997&quot;,&quot;00194718100000049970000002978334000000003817&quot;,&quot;Ficha Compensacao&quot;,&quot;BANCO DO BRASIL S.&quot;,&quot;49,97   &quot;,&quot;05/06/2017 00:00&quot;)" methodname="Falhar_Ao_Tentar_Efetuar_Pagamento_Com_Desconto_E_Com_ValorBruto_Incorreto" classname="Acesso.ServiceLayer.IS2B.IntegrationTests.Fixtures.FichaDeCompensacaoTestFixture" runstate="Runnable" seed="908105523" result="Passed" start-time="2017-06-08 22:19:27Z" end-time="2017-06-08 22:19:27Z" duration="0.071166" asserts="6">
                    <output><![CDATA[<Conta>
  <CpfCnpj>11161058702</CpfCnpj>
  <EnderecoIP>127.0.0.1</EnderecoIP>
  <NSU>0</NSU>
  <NSUExterno>1689923665</NSUExterno>
  <PontoAtendimento>
    <Login>teste</Login>
    <PosId>0</PosId>
    <Senha>teste</Senha>
  </PontoAtendimento>
  <SiteIntegracaoId>0</SiteIntegracaoId>
  <TerminalExterno>123</TerminalExterno>
  <TipoTransacao>RECEBERCONTA</TipoTransacao>
  <Token>0</Token>
  <Versao>2.0</Versao>
  <DadosPagamento p2:type="PagamentoDinheiro" xmlns:p2="http://www.w3.org/2001/XMLSchema-instance">
    <FormaPagamento>DINHEIRO</FormaPagamento>
    <QtdParcelas>0</QtdParcelas>
    <pontos>0</pontos>
    <valor>49.97</valor>
    <valorBruto>200</valorBruto>
    <valorDesconto>85.51</valorDesconto>
  </DadosPagamento>
  <CodBarras>
    <TipoServico>FichaCompensacao</TipoServico>
    <linhaDigitavel>00190000090297833400700000038174471810000004997</linhaDigitavel>
  </CodBarras>
  <DataVencimento>2017-06-05T00:00:00</DataVencimento>
</Conta>
------------------------------------------------------
CodigoErro: 999
MensagemErro: Valores divergentes: Valor ou desconto/acrescimo inconsistente
StatusTransacao: ERRODESCONHECIDO
------------------------------------------------------
<Resposta>
  <ExtensionData />
  <CodigoErro>999</CodigoErro>
  <MensagemErro>Valores divergentes: Valor ou desconto/acrescimo inconsistente</MensagemErro>
  <StatusTransacao>ERRODESCONHECIDO</StatusTransacao>
</Resposta>
]]></output>
                  </test-case>
                  <test-case id="0-1071" name="Falhar_Ao_Tentar_Efetuar_Pagamento_Com_Desconto_E_Com_ValorBruto_Incorreto(&quot;00491.89202 16249.870060 00000.000117 5 71840000040500&quot;,&quot;00495718400000405001892016249870060000000011&quot;,&quot;Ficha Compensacao&quot;,&quot;BANCO DO NORDESTE &quot;,&quot;405,00  &quot;,&quot;08/06/2017 00:00&quot;)" fullname="Acesso.ServiceLayer.IS2B.IntegrationTests.Fixtures.FichaDeCompensacaoTestFixture.Falhar_Ao_Tentar_Efetuar_Pagamento_Com_Desconto_E_Com_ValorBruto_Incorreto(&quot;00491.89202 16249.870060 00000.000117 5 71840000040500&quot;,&quot;00495718400000405001892016249870060000000011&quot;,&quot;Ficha Compensacao&quot;,&quot;BANCO DO NORDESTE &quot;,&quot;405,00  &quot;,&quot;08/06/2017 00:00&quot;)" methodname="Falhar_Ao_Tentar_Efetuar_Pagamento_Com_Desconto_E_Com_ValorBruto_Incorreto" classname="Acesso.ServiceLayer.IS2B.IntegrationTests.Fixtures.FichaDeCompensacaoTestFixture" runstate="Runnable" seed="2086125153" result="Passed" start-time="2017-06-08 22:19:27Z" end-time="2017-06-08 22:19:28Z" duration="0.061791" asserts="6">
                    <output><![CDATA[<Conta>
  <CpfCnpj>11161058702</CpfCnpj>
  <EnderecoIP>127.0.0.1</EnderecoIP>
  <NSU>0</NSU>
  <NSUExterno>1287008247</NSUExterno>
  <PontoAtendimento>
    <Login>teste</Login>
    <PosId>0</PosId>
    <Senha>teste</Senha>
  </PontoAtendimento>
  <SiteIntegracaoId>0</SiteIntegracaoId>
  <TerminalExterno>123</TerminalExterno>
  <TipoTransacao>RECEBERCONTA</TipoTransacao>
  <Token>0</Token>
  <Versao>2.0</Versao>
  <DadosPagamento p2:type="PagamentoDinheiro" xmlns:p2="http://www.w3.org/2001/XMLSchema-instance">
    <FormaPagamento>DINHEIRO</FormaPagamento>
    <QtdParcelas>0</QtdParcelas>
    <pontos>0</pontos>
    <valor>405</valor>
    <valorBruto>200</valorBruto>
    <valorDesconto>85.51</valorDesconto>
  </DadosPagamento>
  <CodBarras>
    <TipoServico>FichaCompensacao</TipoServico>
    <linhaDigitavel>00491892021624987006000000000117571840000040500</linhaDigitavel>
  </CodBarras>
  <DataVencimento>2017-06-08T00:00:00</DataVencimento>
</Conta>
------------------------------------------------------
CodigoErro: 999
MensagemErro: Valores divergentes: Valor ou desconto/acrescimo inconsistente
StatusTransacao: ERRODESCONHECIDO
------------------------------------------------------
<Resposta>
  <ExtensionData />
  <CodigoErro>999</CodigoErro>
  <MensagemErro>Valores divergentes: Valor ou desconto/acrescimo inconsistente</MensagemErro>
  <StatusTransacao>ERRODESCONHECIDO</StatusTransacao>
</Resposta>
]]></output>
                  </test-case>
                  <test-case id="0-1072" name="Falhar_Ao_Tentar_Efetuar_Pagamento_Com_Desconto_E_Com_ValorBruto_Incorreto(&quot;00190.00009 02790.799064 00008.794174 1 71910000002000&quot;,&quot;00191719100000020000000002790799060000879417&quot;,&quot;Ficha Compensacao&quot;,&quot;BANCO DO BRASIL S.&quot;,&quot;20,00   &quot;,&quot;15/06/2017 00:00&quot;)" fullname="Acesso.ServiceLayer.IS2B.IntegrationTests.Fixtures.FichaDeCompensacaoTestFixture.Falhar_Ao_Tentar_Efetuar_Pagamento_Com_Desconto_E_Com_ValorBruto_Incorreto(&quot;00190.00009 02790.799064 00008.794174 1 71910000002000&quot;,&quot;00191719100000020000000002790799060000879417&quot;,&quot;Ficha Compensacao&quot;,&quot;BANCO DO BRASIL S.&quot;,&quot;20,00   &quot;,&quot;15/06/2017 00:00&quot;)" methodname="Falhar_Ao_Tentar_Efetuar_Pagamento_Com_Desconto_E_Com_ValorBruto_Incorreto" classname="Acesso.ServiceLayer.IS2B.IntegrationTests.Fixtures.FichaDeCompensacaoTestFixture" runstate="Runnable" seed="945905192" result="Passed" start-time="2017-06-08 22:19:28Z" end-time="2017-06-08 22:19:28Z" duration="0.061594" asserts="6">
                    <output><![CDATA[<Conta>
  <CpfCnpj>11161058702</CpfCnpj>
  <EnderecoIP>127.0.0.1</EnderecoIP>
  <NSU>0</NSU>
  <NSUExterno>859969115</NSUExterno>
  <PontoAtendimento>
    <Login>teste</Login>
    <PosId>0</PosId>
    <Senha>teste</Senha>
  </PontoAtendimento>
  <SiteIntegracaoId>0</SiteIntegracaoId>
  <TerminalExterno>123</TerminalExterno>
  <TipoTransacao>RECEBERCONTA</TipoTransacao>
  <Token>0</Token>
  <Versao>2.0</Versao>
  <DadosPagamento p2:type="PagamentoDinheiro" xmlns:p2="http://www.w3.org/2001/XMLSchema-instance">
    <FormaPagamento>DINHEIRO</FormaPagamento>
    <QtdParcelas>0</QtdParcelas>
    <pontos>0</pontos>
    <valor>20</valor>
    <valorBruto>200</valorBruto>
    <valorDesconto>85.51</valorDesconto>
  </DadosPagamento>
  <CodBarras>
    <TipoServico>FichaCompensacao</TipoServico>
    <linhaDigitavel>00190000090279079906400008794174171910000002000</linhaDigitavel>
  </CodBarras>
  <DataVencimento>2017-06-15T00:00:00</DataVencimento>
</Conta>
------------------------------------------------------
CodigoErro: 999
MensagemErro: Valores divergentes: Valor ou desconto/acrescimo inconsistente
StatusTransacao: ERRODESCONHECIDO
------------------------------------------------------
<Resposta>
  <ExtensionData />
  <CodigoErro>999</CodigoErro>
  <MensagemErro>Valores divergentes: Valor ou desconto/acrescimo inconsistente</MensagemErro>
  <StatusTransacao>ERRODESCONHECIDO</StatusTransacao>
</Resposta>
]]></output>
                  </test-case>
                  <test-case id="0-1073" name="Falhar_Ao_Tentar_Efetuar_Pagamento_Com_Desconto_E_Com_ValorBruto_Incorreto(&quot;03399.20159 51000.246440 99001.401027 5 71840000084891&quot;,&quot;03395718400000848919201551000246449900140102&quot;,&quot;Ficha Compensacao&quot;,&quot;BANCO DO ESTADO DE&quot;,&quot;848,91  &quot;,&quot;08/06/2017 00:00&quot;)" fullname="Acesso.ServiceLayer.IS2B.IntegrationTests.Fixtures.FichaDeCompensacaoTestFixture.Falhar_Ao_Tentar_Efetuar_Pagamento_Com_Desconto_E_Com_ValorBruto_Incorreto(&quot;03399.20159 51000.246440 99001.401027 5 71840000084891&quot;,&quot;03395718400000848919201551000246449900140102&quot;,&quot;Ficha Compensacao&quot;,&quot;BANCO DO ESTADO DE&quot;,&quot;848,91  &quot;,&quot;08/06/2017 00:00&quot;)" methodname="Falhar_Ao_Tentar_Efetuar_Pagamento_Com_Desconto_E_Com_ValorBruto_Incorreto" classname="Acesso.ServiceLayer.IS2B.IntegrationTests.Fixtures.FichaDeCompensacaoTestFixture" runstate="Runnable" seed="671522305" result="Passed" start-time="2017-06-08 22:19:28Z" end-time="2017-06-08 22:19:28Z" duration="0.072360" asserts="6">
                    <output><![CDATA[<Conta>
  <CpfCnpj>11161058702</CpfCnpj>
  <EnderecoIP>127.0.0.1</EnderecoIP>
  <NSU>0</NSU>
  <NSUExterno>1559789047</NSUExterno>
  <PontoAtendimento>
    <Login>teste</Login>
    <PosId>0</PosId>
    <Senha>teste</Senha>
  </PontoAtendimento>
  <SiteIntegracaoId>0</SiteIntegracaoId>
  <TerminalExterno>123</TerminalExterno>
  <TipoTransacao>RECEBERCONTA</TipoTransacao>
  <Token>0</Token>
  <Versao>2.0</Versao>
  <DadosPagamento p2:type="PagamentoDinheiro" xmlns:p2="http://www.w3.org/2001/XMLSchema-instance">
    <FormaPagamento>DINHEIRO</FormaPagamento>
    <QtdParcelas>0</QtdParcelas>
    <pontos>0</pontos>
    <valor>848.91</valor>
    <valorBruto>200</valorBruto>
    <valorDesconto>85.51</valorDesconto>
  </DadosPagamento>
  <CodBarras>
    <TipoServico>FichaCompensacao</TipoServico>
    <linhaDigitavel>03399201595100024644099001401027571840000084891</linhaDigitavel>
  </CodBarras>
  <DataVencimento>2017-06-08T00:00:00</DataVencimento>
</Conta>
------------------------------------------------------
CodigoErro: 999
MensagemErro: Valores divergentes: Valor ou desconto/acrescimo inconsistente
StatusTransacao: ERRODESCONHECIDO
------------------------------------------------------
<Resposta>
  <ExtensionData />
  <CodigoErro>999</CodigoErro>
  <MensagemErro>Valores divergentes: Valor ou desconto/acrescimo inconsistente</MensagemErro>
  <StatusTransacao>ERRODESCONHECIDO</StatusTransacao>
</Resposta>
]]></output>
                  </test-case>
                  <test-case id="0-1074" name="Falhar_Ao_Tentar_Efetuar_Pagamento_Com_Desconto_E_Com_ValorBruto_Incorreto(&quot;10492.33925 42000.200040 00099.366890 8 71960000006500&quot;,&quot;10498719600000065002339242000200040009936689&quot;,&quot;Ficha Compensacao&quot;,&quot;Caixa Econ Federal&quot;,&quot;60,00   &quot;,&quot;20/06/2017 00:00&quot;)" fullname="Acesso.ServiceLayer.IS2B.IntegrationTests.Fixtures.FichaDeCompensacaoTestFixture.Falhar_Ao_Tentar_Efetuar_Pagamento_Com_Desconto_E_Com_ValorBruto_Incorreto(&quot;10492.33925 42000.200040 00099.366890 8 71960000006500&quot;,&quot;10498719600000065002339242000200040009936689&quot;,&quot;Ficha Compensacao&quot;,&quot;Caixa Econ Federal&quot;,&quot;60,00   &quot;,&quot;20/06/2017 00:00&quot;)" methodname="Falhar_Ao_Tentar_Efetuar_Pagamento_Com_Desconto_E_Com_ValorBruto_Incorreto" classname="Acesso.ServiceLayer.IS2B.IntegrationTests.Fixtures.FichaDeCompensacaoTestFixture" runstate="Runnable" seed="604873714" result="Passed" start-time="2017-06-08 22:19:28Z" end-time="2017-06-08 22:19:28Z" duration="0.060826" asserts="6">
                    <output><![CDATA[<Conta>
  <CpfCnpj>11161058702</CpfCnpj>
  <EnderecoIP>127.0.0.1</EnderecoIP>
  <NSU>0</NSU>
  <NSUExterno>2134135298</NSUExterno>
  <PontoAtendimento>
    <Login>teste</Login>
    <PosId>0</PosId>
    <Senha>teste</Senha>
  </PontoAtendimento>
  <SiteIntegracaoId>0</SiteIntegracaoId>
  <TerminalExterno>123</TerminalExterno>
  <TipoTransacao>RECEBERCONTA</TipoTransacao>
  <Token>0</Token>
  <Versao>2.0</Versao>
  <DadosPagamento p2:type="PagamentoDinheiro" xmlns:p2="http://www.w3.org/2001/XMLSchema-instance">
    <FormaPagamento>DINHEIRO</FormaPagamento>
    <QtdParcelas>0</QtdParcelas>
    <pontos>0</pontos>
    <valor>60</valor>
    <valorBruto>200</valorBruto>
    <valorDesconto>85.51</valorDesconto>
  </DadosPagamento>
  <CodBarras>
    <TipoServico>FichaCompensacao</TipoServico>
    <linhaDigitavel>10492339254200020004000099366890871960000006500</linhaDigitavel>
  </CodBarras>
  <DataVencimento>2017-06-20T00:00:00</DataVencimento>
</Conta>
------------------------------------------------------
CodigoErro: 999
MensagemErro: Valores divergentes: Valor ou desconto/acrescimo inconsistente
StatusTransacao: ERRODESCONHECIDO
------------------------------------------------------
<Resposta>
  <ExtensionData />
  <CodigoErro>999</CodigoErro>
  <MensagemErro>Valores divergentes: Valor ou desconto/acrescimo inconsistente</MensagemErro>
  <StatusTransacao>ERRODESCONHECIDO</StatusTransacao>
</Resposta>
]]></output>
                  </test-case>
                  <test-case id="0-1075" name="Falhar_Ao_Tentar_Efetuar_Pagamento_Com_Desconto_E_Com_ValorBruto_Incorreto(&quot;03399.47624 73800.000009 00696.301043 7 71810000073552&quot;,&quot;03397718100000735529476273800000000069630104&quot;,&quot;Ficha Compensacao&quot;,&quot;BANCO DO ESTADO DE&quot;,&quot;735,52  &quot;,&quot;05/06/2017 00:00&quot;)" fullname="Acesso.ServiceLayer.IS2B.IntegrationTests.Fixtures.FichaDeCompensacaoTestFixture.Falhar_Ao_Tentar_Efetuar_Pagamento_Com_Desconto_E_Com_ValorBruto_Incorreto(&quot;03399.47624 73800.000009 00696.301043 7 71810000073552&quot;,&quot;03397718100000735529476273800000000069630104&quot;,&quot;Ficha Compensacao&quot;,&quot;BANCO DO ESTADO DE&quot;,&quot;735,52  &quot;,&quot;05/06/2017 00:00&quot;)" methodname="Falhar_Ao_Tentar_Efetuar_Pagamento_Com_Desconto_E_Com_ValorBruto_Incorreto" classname="Acesso.ServiceLayer.IS2B.IntegrationTests.Fixtures.FichaDeCompensacaoTestFixture" runstate="Runnable" seed="1665082638" result="Passed" start-time="2017-06-08 22:19:28Z" end-time="2017-06-08 22:19:28Z" duration="0.056725" asserts="6">
                    <output><![CDATA[<Conta>
  <CpfCnpj>11161058702</CpfCnpj>
  <EnderecoIP>127.0.0.1</EnderecoIP>
  <NSU>0</NSU>
  <NSUExterno>2043599142</NSUExterno>
  <PontoAtendimento>
    <Login>teste</Login>
    <PosId>0</PosId>
    <Senha>teste</Senha>
  </PontoAtendimento>
  <SiteIntegracaoId>0</SiteIntegracaoId>
  <TerminalExterno>123</TerminalExterno>
  <TipoTransacao>RECEBERCONTA</TipoTransacao>
  <Token>0</Token>
  <Versao>2.0</Versao>
  <DadosPagamento p2:type="PagamentoDinheiro" xmlns:p2="http://www.w3.org/2001/XMLSchema-instance">
    <FormaPagamento>DINHEIRO</FormaPagamento>
    <QtdParcelas>0</QtdParcelas>
    <pontos>0</pontos>
    <valor>735.52</valor>
    <valorBruto>200</valorBruto>
    <valorDesconto>85.51</valorDesconto>
  </DadosPagamento>
  <CodBarras>
    <TipoServico>FichaCompensacao</TipoServico>
    <linhaDigitavel>03399476247380000000900696301043771810000073552</linhaDigitavel>
  </CodBarras>
  <DataVencimento>2017-06-05T00:00:00</DataVencimento>
</Conta>
------------------------------------------------------
CodigoErro: 999
MensagemErro: Valores divergentes: Valor ou desconto/acrescimo inconsistente
StatusTransacao: ERRODESCONHECIDO
------------------------------------------------------
<Resposta>
  <ExtensionData />
  <CodigoErro>999</CodigoErro>
  <MensagemErro>Valores divergentes: Valor ou desconto/acrescimo inconsistente</MensagemErro>
  <StatusTransacao>ERRODESCONHECIDO</StatusTransacao>
</Resposta>
]]></output>
                  </test-case>
                  <test-case id="0-1076" name="Falhar_Ao_Tentar_Efetuar_Pagamento_Com_Desconto_E_Com_ValorBruto_Incorreto(&quot;23792.37205 68616.489644 05000.088608 1 71890000007750&quot;,&quot;23791718900000077502372068616489640500008860&quot;,&quot;Ficha Compensacao&quot;,&quot;HSBC FINANCE BRASI&quot;,&quot;77,50   &quot;,&quot;13/06/2017 00:00&quot;)" fullname="Acesso.ServiceLayer.IS2B.IntegrationTests.Fixtures.FichaDeCompensacaoTestFixture.Falhar_Ao_Tentar_Efetuar_Pagamento_Com_Desconto_E_Com_ValorBruto_Incorreto(&quot;23792.37205 68616.489644 05000.088608 1 71890000007750&quot;,&quot;23791718900000077502372068616489640500008860&quot;,&quot;Ficha Compensacao&quot;,&quot;HSBC FINANCE BRASI&quot;,&quot;77,50   &quot;,&quot;13/06/2017 00:00&quot;)" methodname="Falhar_Ao_Tentar_Efetuar_Pagamento_Com_Desconto_E_Com_ValorBruto_Incorreto" classname="Acesso.ServiceLayer.IS2B.IntegrationTests.Fixtures.FichaDeCompensacaoTestFixture" runstate="Runnable" seed="1689366938" result="Passed" start-time="2017-06-08 22:19:28Z" end-time="2017-06-08 22:19:28Z" duration="0.059535" asserts="6">
                    <output><![CDATA[<Conta>
  <CpfCnpj>11161058702</CpfCnpj>
  <EnderecoIP>127.0.0.1</EnderecoIP>
  <NSU>0</NSU>
  <NSUExterno>2087292492</NSUExterno>
  <PontoAtendimento>
    <Login>teste</Login>
    <PosId>0</PosId>
    <Senha>teste</Senha>
  </PontoAtendimento>
  <SiteIntegracaoId>0</SiteIntegracaoId>
  <TerminalExterno>123</TerminalExterno>
  <TipoTransacao>RECEBERCONTA</TipoTransacao>
  <Token>0</Token>
  <Versao>2.0</Versao>
  <DadosPagamento p2:type="PagamentoDinheiro" xmlns:p2="http://www.w3.org/2001/XMLSchema-instance">
    <FormaPagamento>DINHEIRO</FormaPagamento>
    <QtdParcelas>0</QtdParcelas>
    <pontos>0</pontos>
    <valor>77.5</valor>
    <valorBruto>200</valorBruto>
    <valorDesconto>85.51</valorDesconto>
  </DadosPagamento>
  <CodBarras>
    <TipoServico>FichaCompensacao</TipoServico>
    <linhaDigitavel>23792372056861648964405000088608171890000007750</linhaDigitavel>
  </CodBarras>
  <DataVencimento>2017-06-13T00:00:00</DataVencimento>
</Conta>
------------------------------------------------------
CodigoErro: 999
MensagemErro: Valores divergentes: Valor ou desconto/acrescimo inconsistente
StatusTransacao: ERRODESCONHECIDO
------------------------------------------------------
<Resposta>
  <ExtensionData />
  <CodigoErro>999</CodigoErro>
  <MensagemErro>Valores divergentes: Valor ou desconto/acrescimo inconsistente</MensagemErro>
  <StatusTransacao>ERRODESCONHECIDO</StatusTransacao>
</Resposta>
]]></output>
                  </test-case>
                  <test-case id="0-1077" name="Falhar_Ao_Tentar_Efetuar_Pagamento_Com_Desconto_E_Com_ValorBruto_Incorreto(&quot;10494.27766 51000.100043 00004.800314 1 71790000003500&quot;,&quot;10491717900000035004277651000100040000480031&quot;,&quot;Ficha Compensacao&quot;,&quot;Caixa Econ Federal&quot;,&quot;35,00   &quot;,&quot;03/06/2017 00:00&quot;)" fullname="Acesso.ServiceLayer.IS2B.IntegrationTests.Fixtures.FichaDeCompensacaoTestFixture.Falhar_Ao_Tentar_Efetuar_Pagamento_Com_Desconto_E_Com_ValorBruto_Incorreto(&quot;10494.27766 51000.100043 00004.800314 1 71790000003500&quot;,&quot;10491717900000035004277651000100040000480031&quot;,&quot;Ficha Compensacao&quot;,&quot;Caixa Econ Federal&quot;,&quot;35,00   &quot;,&quot;03/06/2017 00:00&quot;)" methodname="Falhar_Ao_Tentar_Efetuar_Pagamento_Com_Desconto_E_Com_ValorBruto_Incorreto" classname="Acesso.ServiceLayer.IS2B.IntegrationTests.Fixtures.FichaDeCompensacaoTestFixture" runstate="Runnable" seed="1444854143" result="Passed" start-time="2017-06-08 22:19:28Z" end-time="2017-06-08 22:19:28Z" duration="0.055969" asserts="6">
                    <output><![CDATA[<Conta>
  <CpfCnpj>11161058702</CpfCnpj>
  <EnderecoIP>127.0.0.1</EnderecoIP>
  <NSU>0</NSU>
  <NSUExterno>1608338919</NSUExterno>
  <PontoAtendimento>
    <Login>teste</Login>
    <PosId>0</PosId>
    <Senha>teste</Senha>
  </PontoAtendimento>
  <SiteIntegracaoId>0</SiteIntegracaoId>
  <TerminalExterno>123</TerminalExterno>
  <TipoTransacao>RECEBERCONTA</TipoTransacao>
  <Token>0</Token>
  <Versao>2.0</Versao>
  <DadosPagamento p2:type="PagamentoDinheiro" xmlns:p2="http://www.w3.org/2001/XMLSchema-instance">
    <FormaPagamento>DINHEIRO</FormaPagamento>
    <QtdParcelas>0</QtdParcelas>
    <pontos>0</pontos>
    <valor>35</valor>
    <valorBruto>200</valorBruto>
    <valorDesconto>85.51</valorDesconto>
  </DadosPagamento>
  <CodBarras>
    <TipoServico>FichaCompensacao</TipoServico>
    <linhaDigitavel>10494277665100010004300004800314171790000003500</linhaDigitavel>
  </CodBarras>
  <DataVencimento>2017-06-03T00:00:00</DataVencimento>
</Conta>
------------------------------------------------------
CodigoErro: 999
MensagemErro: Valores divergentes: Valor ou desconto/acrescimo inconsistente
StatusTransacao: ERRODESCONHECIDO
------------------------------------------------------
<Resposta>
  <ExtensionData />
  <CodigoErro>999</CodigoErro>
  <MensagemErro>Valores divergentes: Valor ou desconto/acrescimo inconsistente</MensagemErro>
  <StatusTransacao>ERRODESCONHECIDO</StatusTransacao>
</Resposta>
]]></output>
                  </test-case>
                  <test-case id="0-1078" name="Falhar_Ao_Tentar_Efetuar_Pagamento_Com_Desconto_E_Com_ValorBruto_Incorreto(&quot;34191.09008 01477.013179 52407.240002 3 71860000015000&quot;,&quot;34193718600000150001090001477013175240724000&quot;,&quot;Ficha Compensacao&quot;,&quot;BANCO ITAU S.A.   &quot;,&quot;150,00  &quot;,&quot;10/06/2017 00:00&quot;)" fullname="Acesso.ServiceLayer.IS2B.IntegrationTests.Fixtures.FichaDeCompensacaoTestFixture.Falhar_Ao_Tentar_Efetuar_Pagamento_Com_Desconto_E_Com_ValorBruto_Incorreto(&quot;34191.09008 01477.013179 52407.240002 3 71860000015000&quot;,&quot;34193718600000150001090001477013175240724000&quot;,&quot;Ficha Compensacao&quot;,&quot;BANCO ITAU S.A.   &quot;,&quot;150,00  &quot;,&quot;10/06/2017 00:00&quot;)" methodname="Falhar_Ao_Tentar_Efetuar_Pagamento_Com_Desconto_E_Com_ValorBruto_Incorreto" classname="Acesso.ServiceLayer.IS2B.IntegrationTests.Fixtures.FichaDeCompensacaoTestFixture" runstate="Runnable" seed="893211831" result="Passed" start-time="2017-06-08 22:19:28Z" end-time="2017-06-08 22:19:28Z" duration="0.061528" asserts="6">
                    <output><![CDATA[<Conta>
  <CpfCnpj>11161058702</CpfCnpj>
  <EnderecoIP>127.0.0.1</EnderecoIP>
  <NSU>0</NSU>
  <NSUExterno>1695885386</NSUExterno>
  <PontoAtendimento>
    <Login>teste</Login>
    <PosId>0</PosId>
    <Senha>teste</Senha>
  </PontoAtendimento>
  <SiteIntegracaoId>0</SiteIntegracaoId>
  <TerminalExterno>123</TerminalExterno>
  <TipoTransacao>RECEBERCONTA</TipoTransacao>
  <Token>0</Token>
  <Versao>2.0</Versao>
  <DadosPagamento p2:type="PagamentoDinheiro" xmlns:p2="http://www.w3.org/2001/XMLSchema-instance">
    <FormaPagamento>DINHEIRO</FormaPagamento>
    <QtdParcelas>0</QtdParcelas>
    <pontos>0</pontos>
    <valor>150</valor>
    <valorBruto>200</valorBruto>
    <valorDesconto>85.51</valorDesconto>
  </DadosPagamento>
  <CodBarras>
    <TipoServico>FichaCompensacao</TipoServico>
    <linhaDigitavel>34191090080147701317952407240002371860000015000</linhaDigitavel>
  </CodBarras>
  <DataVencimento>2017-06-10T00:00:00</DataVencimento>
</Conta>
------------------------------------------------------
CodigoErro: 999
MensagemErro: Valores divergentes: Valor ou desconto/acrescimo inconsistente
StatusTransacao: ERRODESCONHECIDO
------------------------------------------------------
<Resposta>
  <ExtensionData />
  <CodigoErro>999</CodigoErro>
  <MensagemErro>Valores divergentes: Valor ou desconto/acrescimo inconsistente</MensagemErro>
  <StatusTransacao>ERRODESCONHECIDO</StatusTransacao>
</Resposta>
]]></output>
                  </test-case>
                  <test-case id="0-1079" name="Falhar_Ao_Tentar_Efetuar_Pagamento_Com_Desconto_E_Com_ValorBruto_Incorreto(&quot;00190.00009 01674.845001 00131.016172 2 71860000005500&quot;,&quot;00192718600000055000000001674845000013101617&quot;,&quot;Ficha Compensacao&quot;,&quot;BANCO DO BRASIL S.&quot;,&quot;55,00   &quot;,&quot;10/06/2017 00:00&quot;)" fullname="Acesso.ServiceLayer.IS2B.IntegrationTests.Fixtures.FichaDeCompensacaoTestFixture.Falhar_Ao_Tentar_Efetuar_Pagamento_Com_Desconto_E_Com_ValorBruto_Incorreto(&quot;00190.00009 01674.845001 00131.016172 2 71860000005500&quot;,&quot;00192718600000055000000001674845000013101617&quot;,&quot;Ficha Compensacao&quot;,&quot;BANCO DO BRASIL S.&quot;,&quot;55,00   &quot;,&quot;10/06/2017 00:00&quot;)" methodname="Falhar_Ao_Tentar_Efetuar_Pagamento_Com_Desconto_E_Com_ValorBruto_Incorreto" classname="Acesso.ServiceLayer.IS2B.IntegrationTests.Fixtures.FichaDeCompensacaoTestFixture" runstate="Runnable" seed="752889083" result="Passed" start-time="2017-06-08 22:19:28Z" end-time="2017-06-08 22:19:28Z" duration="0.060062" asserts="6">
                    <output><![CDATA[<Conta>
  <CpfCnpj>11161058702</CpfCnpj>
  <EnderecoIP>127.0.0.1</EnderecoIP>
  <NSU>0</NSU>
  <NSUExterno>79597713</NSUExterno>
  <PontoAtendimento>
    <Login>teste</Login>
    <PosId>0</PosId>
    <Senha>teste</Senha>
  </PontoAtendimento>
  <SiteIntegracaoId>0</SiteIntegracaoId>
  <TerminalExterno>123</TerminalExterno>
  <TipoTransacao>RECEBERCONTA</TipoTransacao>
  <Token>0</Token>
  <Versao>2.0</Versao>
  <DadosPagamento p2:type="PagamentoDinheiro" xmlns:p2="http://www.w3.org/2001/XMLSchema-instance">
    <FormaPagamento>DINHEIRO</FormaPagamento>
    <QtdParcelas>0</QtdParcelas>
    <pontos>0</pontos>
    <valor>55</valor>
    <valorBruto>200</valorBruto>
    <valorDesconto>85.51</valorDesconto>
  </DadosPagamento>
  <CodBarras>
    <TipoServico>FichaCompensacao</TipoServico>
    <linhaDigitavel>00190000090167484500100131016172271860000005500</linhaDigitavel>
  </CodBarras>
  <DataVencimento>2017-06-10T00:00:00</DataVencimento>
</Conta>
------------------------------------------------------
CodigoErro: 999
MensagemErro: Valores divergentes: Valor ou desconto/acrescimo inconsistente
StatusTransacao: ERRODESCONHECIDO
------------------------------------------------------
<Resposta>
  <ExtensionData />
  <CodigoErro>999</CodigoErro>
  <MensagemErro>Valores divergentes: Valor ou desconto/acrescimo inconsistente</MensagemErro>
  <StatusTransacao>ERRODESCONHECIDO</StatusTransacao>
</Resposta>
]]></output>
                  </test-case>
                  <test-case id="0-1080" name="Falhar_Ao_Tentar_Efetuar_Pagamento_Com_Desconto_E_Com_ValorBruto_Incorreto(&quot;03399.67093 96600.000002 08012.801018 6 71810000015000&quot;,&quot;03396718100000150009670996600000000801280101&quot;,&quot;Ficha Compensacao&quot;,&quot;BANCO DO ESTADO DE&quot;,&quot;135,00  &quot;,&quot;05/06/2017 00:00&quot;)" fullname="Acesso.ServiceLayer.IS2B.IntegrationTests.Fixtures.FichaDeCompensacaoTestFixture.Falhar_Ao_Tentar_Efetuar_Pagamento_Com_Desconto_E_Com_ValorBruto_Incorreto(&quot;03399.67093 96600.000002 08012.801018 6 71810000015000&quot;,&quot;03396718100000150009670996600000000801280101&quot;,&quot;Ficha Compensacao&quot;,&quot;BANCO DO ESTADO DE&quot;,&quot;135,00  &quot;,&quot;05/06/2017 00:00&quot;)" methodname="Falhar_Ao_Tentar_Efetuar_Pagamento_Com_Desconto_E_Com_ValorBruto_Incorreto" classname="Acesso.ServiceLayer.IS2B.IntegrationTests.Fixtures.FichaDeCompensacaoTestFixture" runstate="Runnable" seed="1350171821" result="Passed" start-time="2017-06-08 22:19:28Z" end-time="2017-06-08 22:19:28Z" duration="0.059293" asserts="6">
                    <output><![CDATA[<Conta>
  <CpfCnpj>11161058702</CpfCnpj>
  <EnderecoIP>127.0.0.1</EnderecoIP>
  <NSU>0</NSU>
  <NSUExterno>1850250044</NSUExterno>
  <PontoAtendimento>
    <Login>teste</Login>
    <PosId>0</PosId>
    <Senha>teste</Senha>
  </PontoAtendimento>
  <SiteIntegracaoId>0</SiteIntegracaoId>
  <TerminalExterno>123</TerminalExterno>
  <TipoTransacao>RECEBERCONTA</TipoTransacao>
  <Token>0</Token>
  <Versao>2.0</Versao>
  <DadosPagamento p2:type="PagamentoDinheiro" xmlns:p2="http://www.w3.org/2001/XMLSchema-instance">
    <FormaPagamento>DINHEIRO</FormaPagamento>
    <QtdParcelas>0</QtdParcelas>
    <pontos>0</pontos>
    <valor>135</valor>
    <valorBruto>200</valorBruto>
    <valorDesconto>85.51</valorDesconto>
  </DadosPagamento>
  <CodBarras>
    <TipoServico>FichaCompensacao</TipoServico>
    <linhaDigitavel>03399670939660000000208012801018671810000015000</linhaDigitavel>
  </CodBarras>
  <DataVencimento>2017-06-05T00:00:00</DataVencimento>
</Conta>
------------------------------------------------------
CodigoErro: 999
MensagemErro: Valores divergentes: Valor ou desconto/acrescimo inconsistente
StatusTransacao: ERRODESCONHECIDO
------------------------------------------------------
<Resposta>
  <ExtensionData />
  <CodigoErro>999</CodigoErro>
  <MensagemErro>Valores divergentes: Valor ou desconto/acrescimo inconsistente</MensagemErro>
  <StatusTransacao>ERRODESCONHECIDO</StatusTransacao>
</Resposta>
]]></output>
                  </test-case>
                  <test-case id="0-1081" name="Falhar_Ao_Tentar_Efetuar_Pagamento_Com_Desconto_E_Com_ValorBruto_Incorreto(&quot;34191.75439 24367.672524 50451.630003 1 00000000000000&quot;,&quot;34191000000000000001754324367672525045163000&quot;,&quot;Ficha Compensacao&quot;,&quot;BANCO ITAU S.A.   &quot;,&quot;637,30  &quot;,&quot;03/06/2017 00:00&quot;)" fullname="Acesso.ServiceLayer.IS2B.IntegrationTests.Fixtures.FichaDeCompensacaoTestFixture.Falhar_Ao_Tentar_Efetuar_Pagamento_Com_Desconto_E_Com_ValorBruto_Incorreto(&quot;34191.75439 24367.672524 50451.630003 1 00000000000000&quot;,&quot;34191000000000000001754324367672525045163000&quot;,&quot;Ficha Compensacao&quot;,&quot;BANCO ITAU S.A.   &quot;,&quot;637,30  &quot;,&quot;03/06/2017 00:00&quot;)" methodname="Falhar_Ao_Tentar_Efetuar_Pagamento_Com_Desconto_E_Com_ValorBruto_Incorreto" classname="Acesso.ServiceLayer.IS2B.IntegrationTests.Fixtures.FichaDeCompensacaoTestFixture" runstate="Runnable" seed="2012577197" result="Passed" start-time="2017-06-08 22:19:28Z" end-time="2017-06-08 22:19:28Z" duration="0.054410" asserts="6">
                    <output><![CDATA[<Conta>
  <CpfCnpj>11161058702</CpfCnpj>
  <EnderecoIP>127.0.0.1</EnderecoIP>
  <NSU>0</NSU>
  <NSUExterno>1856783342</NSUExterno>
  <PontoAtendimento>
    <Login>teste</Login>
    <PosId>0</PosId>
    <Senha>teste</Senha>
  </PontoAtendimento>
  <SiteIntegracaoId>0</SiteIntegracaoId>
  <TerminalExterno>123</TerminalExterno>
  <TipoTransacao>RECEBERCONTA</TipoTransacao>
  <Token>0</Token>
  <Versao>2.0</Versao>
  <DadosPagamento p2:type="PagamentoDinheiro" xmlns:p2="http://www.w3.org/2001/XMLSchema-instance">
    <FormaPagamento>DINHEIRO</FormaPagamento>
    <QtdParcelas>0</QtdParcelas>
    <pontos>0</pontos>
    <valor>637.3</valor>
    <valorBruto>200</valorBruto>
    <valorDesconto>85.51</valorDesconto>
  </DadosPagamento>
  <CodBarras>
    <TipoServico>FichaCompensacao</TipoServico>
    <linhaDigitavel>34191754392436767252450451630003100000000000000</linhaDigitavel>
  </CodBarras>
  <DataVencimento>2017-06-03T00:00:00</DataVencimento>
</Conta>
------------------------------------------------------
CodigoErro: 999
MensagemErro: Valores divergentes: Valor ou desconto/acrescimo inconsistente
StatusTransacao: ERRODESCONHECIDO
------------------------------------------------------
<Resposta>
  <ExtensionData />
  <CodigoErro>999</CodigoErro>
  <MensagemErro>Valores divergentes: Valor ou desconto/acrescimo inconsistente</MensagemErro>
  <StatusTransacao>ERRODESCONHECIDO</StatusTransacao>
</Resposta>
]]></output>
                  </test-case>
                  <test-case id="0-1082" name="Falhar_Ao_Tentar_Efetuar_Pagamento_Com_Desconto_E_Com_ValorBruto_Incorreto(&quot;00190.00009 02927.998027 85521.574179 9 71810000038000&quot;,&quot;00199718100000380000000002927998028552157417&quot;,&quot;Ficha Compensacao&quot;,&quot;BANCO DO BRASIL S.&quot;,&quot;380,00  &quot;,&quot;05/06/2017 00:00&quot;)" fullname="Acesso.ServiceLayer.IS2B.IntegrationTests.Fixtures.FichaDeCompensacaoTestFixture.Falhar_Ao_Tentar_Efetuar_Pagamento_Com_Desconto_E_Com_ValorBruto_Incorreto(&quot;00190.00009 02927.998027 85521.574179 9 71810000038000&quot;,&quot;00199718100000380000000002927998028552157417&quot;,&quot;Ficha Compensacao&quot;,&quot;BANCO DO BRASIL S.&quot;,&quot;380,00  &quot;,&quot;05/06/2017 00:00&quot;)" methodname="Falhar_Ao_Tentar_Efetuar_Pagamento_Com_Desconto_E_Com_ValorBruto_Incorreto" classname="Acesso.ServiceLayer.IS2B.IntegrationTests.Fixtures.FichaDeCompensacaoTestFixture" runstate="Runnable" seed="959590069" result="Passed" start-time="2017-06-08 22:19:28Z" end-time="2017-06-08 22:19:28Z" duration="0.057410" asserts="6">
                    <output><![CDATA[<Conta>
  <CpfCnpj>11161058702</CpfCnpj>
  <EnderecoIP>127.0.0.1</EnderecoIP>
  <NSU>0</NSU>
  <NSUExterno>248133039</NSUExterno>
  <PontoAtendimento>
    <Login>teste</Login>
    <PosId>0</PosId>
    <Senha>teste</Senha>
  </PontoAtendimento>
  <SiteIntegracaoId>0</SiteIntegracaoId>
  <TerminalExterno>123</TerminalExterno>
  <TipoTransacao>RECEBERCONTA</TipoTransacao>
  <Token>0</Token>
  <Versao>2.0</Versao>
  <DadosPagamento p2:type="PagamentoDinheiro" xmlns:p2="http://www.w3.org/2001/XMLSchema-instance">
    <FormaPagamento>DINHEIRO</FormaPagamento>
    <QtdParcelas>0</QtdParcelas>
    <pontos>0</pontos>
    <valor>380</valor>
    <valorBruto>200</valorBruto>
    <valorDesconto>85.51</valorDesconto>
  </DadosPagamento>
  <CodBarras>
    <TipoServico>FichaCompensacao</TipoServico>
    <linhaDigitavel>00190000090292799802785521574179971810000038000</linhaDigitavel>
  </CodBarras>
  <DataVencimento>2017-06-05T00:00:00</DataVencimento>
</Conta>
------------------------------------------------------
CodigoErro: 999
MensagemErro: Valores divergentes: Valor ou desconto/acrescimo inconsistente
StatusTransacao: ERRODESCONHECIDO
------------------------------------------------------
<Resposta>
  <ExtensionData />
  <CodigoErro>999</CodigoErro>
  <MensagemErro>Valores divergentes: Valor ou desconto/acrescimo inconsistente</MensagemErro>
  <StatusTransacao>ERRODESCONHECIDO</StatusTransacao>
</Resposta>
]]></output>
                  </test-case>
                  <test-case id="0-1083" name="Falhar_Ao_Tentar_Efetuar_Pagamento_Com_Desconto_E_Com_ValorBruto_Incorreto(&quot;75691.42933 01032.199000 34392.600010 2 71860000004000&quot;,&quot;75692718600000040001429301032199003439260001&quot;,&quot;Ficha Compensacao&quot;,&quot;BANCO COOPERATIVO &quot;,&quot;40,00   &quot;,&quot;10/06/2017 00:00&quot;)" fullname="Acesso.ServiceLayer.IS2B.IntegrationTests.Fixtures.FichaDeCompensacaoTestFixture.Falhar_Ao_Tentar_Efetuar_Pagamento_Com_Desconto_E_Com_ValorBruto_Incorreto(&quot;75691.42933 01032.199000 34392.600010 2 71860000004000&quot;,&quot;75692718600000040001429301032199003439260001&quot;,&quot;Ficha Compensacao&quot;,&quot;BANCO COOPERATIVO &quot;,&quot;40,00   &quot;,&quot;10/06/2017 00:00&quot;)" methodname="Falhar_Ao_Tentar_Efetuar_Pagamento_Com_Desconto_E_Com_ValorBruto_Incorreto" classname="Acesso.ServiceLayer.IS2B.IntegrationTests.Fixtures.FichaDeCompensacaoTestFixture" runstate="Runnable" seed="281955430" result="Passed" start-time="2017-06-08 22:19:28Z" end-time="2017-06-08 22:19:28Z" duration="0.059208" asserts="6">
                    <output><![CDATA[<Conta>
  <CpfCnpj>11161058702</CpfCnpj>
  <EnderecoIP>127.0.0.1</EnderecoIP>
  <NSU>0</NSU>
  <NSUExterno>784229152</NSUExterno>
  <PontoAtendimento>
    <Login>teste</Login>
    <PosId>0</PosId>
    <Senha>teste</Senha>
  </PontoAtendimento>
  <SiteIntegracaoId>0</SiteIntegracaoId>
  <TerminalExterno>123</TerminalExterno>
  <TipoTransacao>RECEBERCONTA</TipoTransacao>
  <Token>0</Token>
  <Versao>2.0</Versao>
  <DadosPagamento p2:type="PagamentoDinheiro" xmlns:p2="http://www.w3.org/2001/XMLSchema-instance">
    <FormaPagamento>DINHEIRO</FormaPagamento>
    <QtdParcelas>0</QtdParcelas>
    <pontos>0</pontos>
    <valor>40</valor>
    <valorBruto>200</valorBruto>
    <valorDesconto>85.51</valorDesconto>
  </DadosPagamento>
  <CodBarras>
    <TipoServico>FichaCompensacao</TipoServico>
    <linhaDigitavel>75691429330103219900034392600010271860000004000</linhaDigitavel>
  </CodBarras>
  <DataVencimento>2017-06-10T00:00:00</DataVencimento>
</Conta>
------------------------------------------------------
CodigoErro: 999
MensagemErro: Valores divergentes: Valor ou desconto/acrescimo inconsistente
StatusTransacao: ERRODESCONHECIDO
------------------------------------------------------
<Resposta>
  <ExtensionData />
  <CodigoErro>999</CodigoErro>
  <MensagemErro>Valores divergentes: Valor ou desconto/acrescimo inconsistente</MensagemErro>
  <StatusTransacao>ERRODESCONHECIDO</StatusTransacao>
</Resposta>
]]></output>
                  </test-case>
                  <test-case id="0-1084" name="Falhar_Ao_Tentar_Efetuar_Pagamento_Com_Desconto_E_Com_ValorBruto_Incorreto(&quot;03399.45024 62000.000596 66181.001018 9 71910000012824&quot;,&quot;03399719100000128249450262000000596618100101&quot;,&quot;Ficha Compensacao&quot;,&quot;BANCO DO ESTADO DE&quot;,&quot;128,24  &quot;,&quot;15/06/2017 00:00&quot;)" fullname="Acesso.ServiceLayer.IS2B.IntegrationTests.Fixtures.FichaDeCompensacaoTestFixture.Falhar_Ao_Tentar_Efetuar_Pagamento_Com_Desconto_E_Com_ValorBruto_Incorreto(&quot;03399.45024 62000.000596 66181.001018 9 71910000012824&quot;,&quot;03399719100000128249450262000000596618100101&quot;,&quot;Ficha Compensacao&quot;,&quot;BANCO DO ESTADO DE&quot;,&quot;128,24  &quot;,&quot;15/06/2017 00:00&quot;)" methodname="Falhar_Ao_Tentar_Efetuar_Pagamento_Com_Desconto_E_Com_ValorBruto_Incorreto" classname="Acesso.ServiceLayer.IS2B.IntegrationTests.Fixtures.FichaDeCompensacaoTestFixture" runstate="Runnable" seed="204236619" result="Passed" start-time="2017-06-08 22:19:28Z" end-time="2017-06-08 22:19:28Z" duration="0.061136" asserts="6">
                    <output><![CDATA[<Conta>
  <CpfCnpj>11161058702</CpfCnpj>
  <EnderecoIP>127.0.0.1</EnderecoIP>
  <NSU>0</NSU>
  <NSUExterno>873904631</NSUExterno>
  <PontoAtendimento>
    <Login>teste</Login>
    <PosId>0</PosId>
    <Senha>teste</Senha>
  </PontoAtendimento>
  <SiteIntegracaoId>0</SiteIntegracaoId>
  <TerminalExterno>123</TerminalExterno>
  <TipoTransacao>RECEBERCONTA</TipoTransacao>
  <Token>0</Token>
  <Versao>2.0</Versao>
  <DadosPagamento p2:type="PagamentoDinheiro" xmlns:p2="http://www.w3.org/2001/XMLSchema-instance">
    <FormaPagamento>DINHEIRO</FormaPagamento>
    <QtdParcelas>0</QtdParcelas>
    <pontos>0</pontos>
    <valor>128.24</valor>
    <valorBruto>200</valorBruto>
    <valorDesconto>85.51</valorDesconto>
  </DadosPagamento>
  <CodBarras>
    <TipoServico>FichaCompensacao</TipoServico>
    <linhaDigitavel>03399450246200000059666181001018971910000012824</linhaDigitavel>
  </CodBarras>
  <DataVencimento>2017-06-15T00:00:00</DataVencimento>
</Conta>
------------------------------------------------------
CodigoErro: 999
MensagemErro: Valores divergentes: Valor ou desconto/acrescimo inconsistente
StatusTransacao: ERRODESCONHECIDO
------------------------------------------------------
<Resposta>
  <ExtensionData />
  <CodigoErro>999</CodigoErro>
  <MensagemErro>Valores divergentes: Valor ou desconto/acrescimo inconsistente</MensagemErro>
  <StatusTransacao>ERRODESCONHECIDO</StatusTransacao>
</Resposta>
]]></output>
                  </test-case>
                  <test-case id="0-1085" name="Falhar_Ao_Tentar_Efetuar_Pagamento_Com_Desconto_E_Com_ValorBruto_Incorreto(&quot;00198.41592 90120.170007 00573.319217 6 71790000002794&quot;,&quot;00196717900000027948415990120170000057331921&quot;,&quot;Ficha Compensacao&quot;,&quot;BANCO DO BRASIL S.&quot;,&quot;27,94   &quot;,&quot;03/06/2017 00:00&quot;)" fullname="Acesso.ServiceLayer.IS2B.IntegrationTests.Fixtures.FichaDeCompensacaoTestFixture.Falhar_Ao_Tentar_Efetuar_Pagamento_Com_Desconto_E_Com_ValorBruto_Incorreto(&quot;00198.41592 90120.170007 00573.319217 6 71790000002794&quot;,&quot;00196717900000027948415990120170000057331921&quot;,&quot;Ficha Compensacao&quot;,&quot;BANCO DO BRASIL S.&quot;,&quot;27,94   &quot;,&quot;03/06/2017 00:00&quot;)" methodname="Falhar_Ao_Tentar_Efetuar_Pagamento_Com_Desconto_E_Com_ValorBruto_Incorreto" classname="Acesso.ServiceLayer.IS2B.IntegrationTests.Fixtures.FichaDeCompensacaoTestFixture" runstate="Runnable" seed="676733228" result="Passed" start-time="2017-06-08 22:19:28Z" end-time="2017-06-08 22:19:28Z" duration="0.056308" asserts="6">
                    <output><![CDATA[<Conta>
  <CpfCnpj>11161058702</CpfCnpj>
  <EnderecoIP>127.0.0.1</EnderecoIP>
  <NSU>0</NSU>
  <NSUExterno>670256886</NSUExterno>
  <PontoAtendimento>
    <Login>teste</Login>
    <PosId>0</PosId>
    <Senha>teste</Senha>
  </PontoAtendimento>
  <SiteIntegracaoId>0</SiteIntegracaoId>
  <TerminalExterno>123</TerminalExterno>
  <TipoTransacao>RECEBERCONTA</TipoTransacao>
  <Token>0</Token>
  <Versao>2.0</Versao>
  <DadosPagamento p2:type="PagamentoDinheiro" xmlns:p2="http://www.w3.org/2001/XMLSchema-instance">
    <FormaPagamento>DINHEIRO</FormaPagamento>
    <QtdParcelas>0</QtdParcelas>
    <pontos>0</pontos>
    <valor>27.94</valor>
    <valorBruto>200</valorBruto>
    <valorDesconto>85.51</valorDesconto>
  </DadosPagamento>
  <CodBarras>
    <TipoServico>FichaCompensacao</TipoServico>
    <linhaDigitavel>00198415929012017000700573319217671790000002794</linhaDigitavel>
  </CodBarras>
  <DataVencimento>2017-06-03T00:00:00</DataVencimento>
</Conta>
------------------------------------------------------
CodigoErro: 999
MensagemErro: Valores divergentes: Valor ou desconto/acrescimo inconsistente
StatusTransacao: ERRODESCONHECIDO
------------------------------------------------------
<Resposta>
  <ExtensionData />
  <CodigoErro>999</CodigoErro>
  <MensagemErro>Valores divergentes: Valor ou desconto/acrescimo inconsistente</MensagemErro>
  <StatusTransacao>ERRODESCONHECIDO</StatusTransacao>
</Resposta>
]]></output>
                  </test-case>
                  <test-case id="0-1086" name="Falhar_Ao_Tentar_Efetuar_Pagamento_Com_Desconto_E_Com_ValorBruto_Incorreto(&quot;42297.04707 00000.888420 01130.050725 1 71810000227859&quot;,&quot;42291718100002278597047000000888420113005072&quot;,&quot;Ficha Compensacao&quot;,&quot;BANCO SAFRA S.A.  &quot;,&quot;2.278,59&quot;,&quot;05/06/2017 00:00&quot;)" fullname="Acesso.ServiceLayer.IS2B.IntegrationTests.Fixtures.FichaDeCompensacaoTestFixture.Falhar_Ao_Tentar_Efetuar_Pagamento_Com_Desconto_E_Com_ValorBruto_Incorreto(&quot;42297.04707 00000.888420 01130.050725 1 71810000227859&quot;,&quot;42291718100002278597047000000888420113005072&quot;,&quot;Ficha Compensacao&quot;,&quot;BANCO SAFRA S.A.  &quot;,&quot;2.278,59&quot;,&quot;05/06/2017 00:00&quot;)" methodname="Falhar_Ao_Tentar_Efetuar_Pagamento_Com_Desconto_E_Com_ValorBruto_Incorreto" classname="Acesso.ServiceLayer.IS2B.IntegrationTests.Fixtures.FichaDeCompensacaoTestFixture" runstate="Runnable" seed="1010808229" result="Passed" start-time="2017-06-08 22:19:28Z" end-time="2017-06-08 22:19:28Z" duration="0.058377" asserts="6">
                    <output><![CDATA[<Conta>
  <CpfCnpj>11161058702</CpfCnpj>
  <EnderecoIP>127.0.0.1</EnderecoIP>
  <NSU>0</NSU>
  <NSUExterno>904257905</NSUExterno>
  <PontoAtendimento>
    <Login>teste</Login>
    <PosId>0</PosId>
    <Senha>teste</Senha>
  </PontoAtendimento>
  <SiteIntegracaoId>0</SiteIntegracaoId>
  <TerminalExterno>123</TerminalExterno>
  <TipoTransacao>RECEBERCONTA</TipoTransacao>
  <Token>0</Token>
  <Versao>2.0</Versao>
  <DadosPagamento p2:type="PagamentoDinheiro" xmlns:p2="http://www.w3.org/2001/XMLSchema-instance">
    <FormaPagamento>DINHEIRO</FormaPagamento>
    <QtdParcelas>0</QtdParcelas>
    <pontos>0</pontos>
    <valor>2278.59</valor>
    <valorBruto>200</valorBruto>
    <valorDesconto>85.51</valorDesconto>
  </DadosPagamento>
  <CodBarras>
    <TipoServico>FichaCompensacao</TipoServico>
    <linhaDigitavel>42297047070000088842001130050725171810000227859</linhaDigitavel>
  </CodBarras>
  <DataVencimento>2017-06-05T00:00:00</DataVencimento>
</Conta>
------------------------------------------------------
CodigoErro: 999
MensagemErro: Valores divergentes: Valor ou desconto/acrescimo inconsistente
StatusTransacao: ERRODESCONHECIDO
------------------------------------------------------
<Resposta>
  <ExtensionData />
  <CodigoErro>999</CodigoErro>
  <MensagemErro>Valores divergentes: Valor ou desconto/acrescimo inconsistente</MensagemErro>
  <StatusTransacao>ERRODESCONHECIDO</StatusTransacao>
</Resposta>
]]></output>
                  </test-case>
                  <test-case id="0-1087" name="Falhar_Ao_Tentar_Efetuar_Pagamento_Com_Desconto_E_Com_ValorBruto_Incorreto(&quot;23792.37403 95010.810984 18008.790000 6 71840000032612&quot;,&quot;23796718400000326122374095010810981800879000&quot;,&quot;Ficha Compensacao&quot;,&quot;BANCO BRADESCO S.A&quot;,&quot;326,12  &quot;,&quot;08/06/2017 00:00&quot;)" fullname="Acesso.ServiceLayer.IS2B.IntegrationTests.Fixtures.FichaDeCompensacaoTestFixture.Falhar_Ao_Tentar_Efetuar_Pagamento_Com_Desconto_E_Com_ValorBruto_Incorreto(&quot;23792.37403 95010.810984 18008.790000 6 71840000032612&quot;,&quot;23796718400000326122374095010810981800879000&quot;,&quot;Ficha Compensacao&quot;,&quot;BANCO BRADESCO S.A&quot;,&quot;326,12  &quot;,&quot;08/06/2017 00:00&quot;)" methodname="Falhar_Ao_Tentar_Efetuar_Pagamento_Com_Desconto_E_Com_ValorBruto_Incorreto" classname="Acesso.ServiceLayer.IS2B.IntegrationTests.Fixtures.FichaDeCompensacaoTestFixture" runstate="Runnable" seed="1813154866" result="Passed" start-time="2017-06-08 22:19:28Z" end-time="2017-06-08 22:19:29Z" duration="0.056425" asserts="6">
                    <output><![CDATA[<Conta>
  <CpfCnpj>11161058702</CpfCnpj>
  <EnderecoIP>127.0.0.1</EnderecoIP>
  <NSU>0</NSU>
  <NSUExterno>1651116330</NSUExterno>
  <PontoAtendimento>
    <Login>teste</Login>
    <PosId>0</PosId>
    <Senha>teste</Senha>
  </PontoAtendimento>
  <SiteIntegracaoId>0</SiteIntegracaoId>
  <TerminalExterno>123</TerminalExterno>
  <TipoTransacao>RECEBERCONTA</TipoTransacao>
  <Token>0</Token>
  <Versao>2.0</Versao>
  <DadosPagamento p2:type="PagamentoDinheiro" xmlns:p2="http://www.w3.org/2001/XMLSchema-instance">
    <FormaPagamento>DINHEIRO</FormaPagamento>
    <QtdParcelas>0</QtdParcelas>
    <pontos>0</pontos>
    <valor>326.12</valor>
    <valorBruto>200</valorBruto>
    <valorDesconto>85.51</valorDesconto>
  </DadosPagamento>
  <CodBarras>
    <TipoServico>FichaCompensacao</TipoServico>
    <linhaDigitavel>23792374039501081098418008790000671840000032612</linhaDigitavel>
  </CodBarras>
  <DataVencimento>2017-06-08T00:00:00</DataVencimento>
</Conta>
------------------------------------------------------
CodigoErro: 999
MensagemErro: Valores divergentes: Valor ou desconto/acrescimo inconsistente
StatusTransacao: ERRODESCONHECIDO
------------------------------------------------------
<Resposta>
  <ExtensionData />
  <CodigoErro>999</CodigoErro>
  <MensagemErro>Valores divergentes: Valor ou desconto/acrescimo inconsistente</MensagemErro>
  <StatusTransacao>ERRODESCONHECIDO</StatusTransacao>
</Resposta>
]]></output>
                  </test-case>
                </test-suite>
              </test-suite>
            </test-suite>
          </test-suite>
        </test-suite>
      </test-suite>
    </test-suite>
  </test-suite>
</test-run>